[1] "Downloading batch from 201 to 400"
[1] "https://ftp.ncbi.nlm.nih.gov/geo/samples/GSM5099nnn/GSM5099153/suppl/GSM5099153_204500250044_R07C01_noid_Grn.idat.gz"
[1] "Data downloaded successfuly"
[1] "https://ftp.ncbi.nlm.nih.gov/geo/samples/GSM5099nnn/GSM5099153/suppl/GSM5099153_204500250044_R07C01_noid_Red.idat.gz"
[1] "Data downloaded successfuly"
[1] "https://ftp.ncbi.nlm.nih.gov/geo/samples/GSM5099nnn/GSM5099154/suppl/GSM5099154_204500250044_R08C01_noid_Grn.idat.gz"
[1] "Data downloaded successfuly"
[1] "https://ftp.ncbi.nlm.nih.gov/geo/samples/GSM5099nnn/GSM5099154/suppl/GSM5099154_204500250044_R08C01_noid_Red.idat.gz"
[1] "Data downloaded successfuly"
[1] "https://ftp.ncbi.nlm.nih.gov/geo/samples/GSM5099nnn/GSM5099155/suppl/GSM5099155_204500250045_R01C01_noid_Grn.idat.gz"
[1] "Data downloaded successfuly"
[1] "https://ftp.ncbi.nlm.nih.gov/geo/samples/GSM5099nnn/GSM5099155/suppl/GSM5099155_204500250045_R01C01_noid_Red.idat.gz"
[1] "Data downloaded successfuly"
[1] "https://ftp.ncbi.nlm.nih.gov/geo/samples/GSM5099nnn/GSM5099156/suppl/GSM5099156_204500250045_R02C01_noid_Grn.idat.gz"
[1] "Data downloaded successfuly"
[1] "https://ftp.ncbi.nlm.nih.gov/geo/samples/GSM5099nnn/GSM5099156/suppl/GSM5099156_204500250045_R02C01_noid_Red.idat.gz"
[1] "Data downloaded successfuly"
[1] "https://ftp.ncbi.nlm.nih.gov/geo/samples/GSM5099nnn/GSM5099157/suppl/GSM5099157_204500250045_R03C01_noid_Grn.idat.gz"
[1] "Data downloaded successfuly"
[1] "https://ftp.ncbi.nlm.nih.gov/geo/samples/GSM5099nnn/GSM5099157/suppl/GSM5099157_204500250045_R03C01_noid_Red.idat.gz"
[1] "Data downloaded successfuly"
[1] "https://ftp.ncbi.nlm.nih.gov/geo/samples/GSM5099nnn/GSM5099158/suppl/GSM5099158_204500250045_R04C01_noid_Grn.idat.gz"
[1] "Data downloaded successfuly"
[1] "https://ftp.ncbi.nlm.nih.gov/geo/samples/GSM5099nnn/GSM5099158/suppl/GSM5099158_204500250045_R04C01_noid_Red.idat.gz"
[1] "Data downloaded successfuly"
[1] "https://ftp.ncbi.nlm.nih.gov/geo/samples/GSM5099nnn/GSM5099159/suppl/GSM5099159_204500250045_R07C01_noid_Grn.idat.gz"
[1] "Data downloaded successfuly"
[1] "https://ftp.ncbi.nlm.nih.gov/geo/samples/GSM5099nnn/GSM5099159/suppl/GSM5099159_204500250045_R07C01_noid_Red.idat.gz"
[1] "Data downloaded successfuly"
[1] "https://ftp.ncbi.nlm.nih.gov/geo/samples/GSM5099nnn/GSM5099160/suppl/GSM5099160_204500250046_R01C01_noid_Grn.idat.gz"
[1] "Data downloaded successfuly"
[1] "https://ftp.ncbi.nlm.nih.gov/geo/samples/GSM5099nnn/GSM5099160/suppl/GSM5099160_204500250046_R01C01_noid_Red.idat.gz"
[1] "Data downloaded successfuly"
[1] "https://ftp.ncbi.nlm.nih.gov/geo/samples/GSM5099nnn/GSM5099161/suppl/GSM5099161_204500250046_R02C01_noid_Grn.idat.gz"
[1] "Data downloaded successfuly"
[1] "https://ftp.ncbi.nlm.nih.gov/geo/samples/GSM5099nnn/GSM5099161/suppl/GSM5099161_204500250046_R02C01_noid_Red.idat.gz"
[1] "Data downloaded successfuly"
[1] "https://ftp.ncbi.nlm.nih.gov/geo/samples/GSM5099nnn/GSM5099162/suppl/GSM5099162_204500250046_R04C01_noid_Grn.idat.gz"
[1] "Data downloaded successfuly"
[1] "https://ftp.ncbi.nlm.nih.gov/geo/samples/GSM5099nnn/GSM5099162/suppl/GSM5099162_204500250046_R04C01_noid_Red.idat.gz"
[1] "Data downloaded successfuly"
[1] "https://ftp.ncbi.nlm.nih.gov/geo/samples/GSM5099nnn/GSM5099163/suppl/GSM5099163_204500250046_R06C01_noid_Grn.idat.gz"
[1] "Data downloaded successfuly"
[1] "https://ftp.ncbi.nlm.nih.gov/geo/samples/GSM5099nnn/GSM5099163/suppl/GSM5099163_204500250046_R06C01_noid_Red.idat.gz"
[1] "Data downloaded successfuly"
[1] "https://ftp.ncbi.nlm.nih.gov/geo/samples/GSM5099nnn/GSM5099164/suppl/GSM5099164_204500250046_R07C01_noid_Grn.idat.gz"
[1] "Data downloaded successfuly"
[1] "https://ftp.ncbi.nlm.nih.gov/geo/samples/GSM5099nnn/GSM5099164/suppl/GSM5099164_204500250046_R07C01_noid_Red.idat.gz"
[1] "Data downloaded successfuly"
[1] "https://ftp.ncbi.nlm.nih.gov/geo/samples/GSM5099nnn/GSM5099165/suppl/GSM5099165_204500250046_R08C01_noid_Grn.idat.gz"
[1] "Data downloaded successfuly"
[1] "https://ftp.ncbi.nlm.nih.gov/geo/samples/GSM5099nnn/GSM5099165/suppl/GSM5099165_204500250046_R08C01_noid_Red.idat.gz"
[1] "Data downloaded successfuly"
[1] "https://ftp.ncbi.nlm.nih.gov/geo/samples/GSM5099nnn/GSM5099166/suppl/GSM5099166_204500250047_R01C01_noid_Grn.idat.gz"
[1] "Data downloaded successfuly"
[1] "https://ftp.ncbi.nlm.nih.gov/geo/samples/GSM5099nnn/GSM5099166/suppl/GSM5099166_204500250047_R01C01_noid_Red.idat.gz"
[1] "Data downloaded successfuly"
[1] "https://ftp.ncbi.nlm.nih.gov/geo/samples/GSM5099nnn/GSM5099167/suppl/GSM5099167_204500250047_R02C01_noid_Grn.idat.gz"
[1] "Data downloaded successfuly"
[1] "https://ftp.ncbi.nlm.nih.gov/geo/samples/GSM5099nnn/GSM5099167/suppl/GSM5099167_204500250047_R02C01_noid_Red.idat.gz"
[1] "Data downloaded successfuly"
[1] "https://ftp.ncbi.nlm.nih.gov/geo/samples/GSM5099nnn/GSM5099168/suppl/GSM5099168_204500250047_R03C01_noid_Grn.idat.gz"
[1] "Data downloaded successfuly"
[1] "https://ftp.ncbi.nlm.nih.gov/geo/samples/GSM5099nnn/GSM5099168/suppl/GSM5099168_204500250047_R03C01_noid_Red.idat.gz"
[1] "Data downloaded successfuly"
[1] "https://ftp.ncbi.nlm.nih.gov/geo/samples/GSM5099nnn/GSM5099169/suppl/GSM5099169_204500250047_R04C01_noid_Grn.idat.gz"
[1] "Data downloaded successfuly"
[1] "https://ftp.ncbi.nlm.nih.gov/geo/samples/GSM5099nnn/GSM5099169/suppl/GSM5099169_204500250047_R04C01_noid_Red.idat.gz"
[1] "Data downloaded successfuly"
[1] "https://ftp.ncbi.nlm.nih.gov/geo/samples/GSM5099nnn/GSM5099170/suppl/GSM5099170_204500250047_R05C01_noid_Grn.idat.gz"
[1] "Data downloaded successfuly"
[1] "https://ftp.ncbi.nlm.nih.gov/geo/samples/GSM5099nnn/GSM5099170/suppl/GSM5099170_204500250047_R05C01_noid_Red.idat.gz"
[1] "Data downloaded successfuly"
[1] "https://ftp.ncbi.nlm.nih.gov/geo/samples/GSM5099nnn/GSM5099171/suppl/GSM5099171_204500250047_R06C01_noid_Grn.idat.gz"
[1] "Data downloaded successfuly"
[1] "https://ftp.ncbi.nlm.nih.gov/geo/samples/GSM5099nnn/GSM5099171/suppl/GSM5099171_204500250047_R06C01_noid_Red.idat.gz"
[1] "Data downloaded successfuly"
[1] "https://ftp.ncbi.nlm.nih.gov/geo/samples/GSM5099nnn/GSM5099172/suppl/GSM5099172_204500250047_R07C01_noid_Grn.idat.gz"
[1] "Data downloaded successfuly"
[1] "https://ftp.ncbi.nlm.nih.gov/geo/samples/GSM5099nnn/GSM5099172/suppl/GSM5099172_204500250047_R07C01_noid_Red.idat.gz"
[1] "Data downloaded successfuly"
[1] "https://ftp.ncbi.nlm.nih.gov/geo/samples/GSM5099nnn/GSM5099173/suppl/GSM5099173_204500250047_R08C01_noid_Grn.idat.gz"
[1] "Data downloaded successfuly"
[1] "https://ftp.ncbi.nlm.nih.gov/geo/samples/GSM5099nnn/GSM5099173/suppl/GSM5099173_204500250047_R08C01_noid_Red.idat.gz"
[1] "Data downloaded successfuly"
[1] "https://ftp.ncbi.nlm.nih.gov/geo/samples/GSM5099nnn/GSM5099174/suppl/GSM5099174_204500250048_R01C01_noid_Grn.idat.gz"
[1] "Data downloaded successfuly"
[1] "https://ftp.ncbi.nlm.nih.gov/geo/samples/GSM5099nnn/GSM5099174/suppl/GSM5099174_204500250048_R01C01_noid_Red.idat.gz"
[1] "Data downloaded successfuly"
[1] "https://ftp.ncbi.nlm.nih.gov/geo/samples/GSM5099nnn/GSM5099175/suppl/GSM5099175_204500250048_R02C01_noid_Grn.idat.gz"
[1] "Data downloaded successfuly"
[1] "https://ftp.ncbi.nlm.nih.gov/geo/samples/GSM5099nnn/GSM5099175/suppl/GSM5099175_204500250048_R02C01_noid_Red.idat.gz"
[1] "Data downloaded successfuly"
[1] "https://ftp.ncbi.nlm.nih.gov/geo/samples/GSM5099nnn/GSM5099176/suppl/GSM5099176_204500250048_R03C01_noid_Grn.idat.gz"
[1] "Data downloaded successfuly"
[1] "https://ftp.ncbi.nlm.nih.gov/geo/samples/GSM5099nnn/GSM5099176/suppl/GSM5099176_204500250048_R03C01_noid_Red.idat.gz"
[1] "Data downloaded successfuly"
[1] "https://ftp.ncbi.nlm.nih.gov/geo/samples/GSM5099nnn/GSM5099177/suppl/GSM5099177_204500250048_R04C01_noid_Grn.idat.gz"
[1] "Data downloaded successfuly"
[1] "https://ftp.ncbi.nlm.nih.gov/geo/samples/GSM5099nnn/GSM5099177/suppl/GSM5099177_204500250048_R04C01_noid_Red.idat.gz"
[1] "Data downloaded successfuly"
[1] "https://ftp.ncbi.nlm.nih.gov/geo/samples/GSM5099nnn/GSM5099178/suppl/GSM5099178_204500250048_R05C01_noid_Grn.idat.gz"
[1] "Data downloaded successfuly"
[1] "https://ftp.ncbi.nlm.nih.gov/geo/samples/GSM5099nnn/GSM5099178/suppl/GSM5099178_204500250048_R05C01_noid_Red.idat.gz"
[1] "Data downloaded successfuly"
[1] "https://ftp.ncbi.nlm.nih.gov/geo/samples/GSM5099nnn/GSM5099179/suppl/GSM5099179_204500250048_R07C01_noid_Grn.idat.gz"
[1] "Data downloaded successfuly"
[1] "https://ftp.ncbi.nlm.nih.gov/geo/samples/GSM5099nnn/GSM5099179/suppl/GSM5099179_204500250048_R07C01_noid_Red.idat.gz"
[1] "Data downloaded successfuly"
[1] "https://ftp.ncbi.nlm.nih.gov/geo/samples/GSM5099nnn/GSM5099180/suppl/GSM5099180_204500250048_R08C01_noid_Grn.idat.gz"
[1] "Data downloaded successfuly"
[1] "https://ftp.ncbi.nlm.nih.gov/geo/samples/GSM5099nnn/GSM5099180/suppl/GSM5099180_204500250048_R08C01_noid_Red.idat.gz"
[1] "Data downloaded successfuly"
[1] "https://ftp.ncbi.nlm.nih.gov/geo/samples/GSM5099nnn/GSM5099181/suppl/GSM5099181_204500250049_R01C01_noid_Grn.idat.gz"
[1] "Data downloaded successfuly"
[1] "https://ftp.ncbi.nlm.nih.gov/geo/samples/GSM5099nnn/GSM5099181/suppl/GSM5099181_204500250049_R01C01_noid_Red.idat.gz"
[1] "Data downloaded successfuly"
[1] "https://ftp.ncbi.nlm.nih.gov/geo/samples/GSM5099nnn/GSM5099182/suppl/GSM5099182_204500250049_R02C01_noid_Grn.idat.gz"
[1] "Data downloaded successfuly"
[1] "https://ftp.ncbi.nlm.nih.gov/geo/samples/GSM5099nnn/GSM5099182/suppl/GSM5099182_204500250049_R02C01_noid_Red.idat.gz"
[1] "Data downloaded successfuly"
[1] "https://ftp.ncbi.nlm.nih.gov/geo/samples/GSM5099nnn/GSM5099183/suppl/GSM5099183_204500250049_R03C01_noid_Grn.idat.gz"
[1] "Data downloaded successfuly"
[1] "https://ftp.ncbi.nlm.nih.gov/geo/samples/GSM5099nnn/GSM5099183/suppl/GSM5099183_204500250049_R03C01_noid_Red.idat.gz"
[1] "Data downloaded successfuly"
[1] "https://ftp.ncbi.nlm.nih.gov/geo/samples/GSM5099nnn/GSM5099184/suppl/GSM5099184_204500250049_R05C01_noid_Grn.idat.gz"
[1] "Data downloaded successfuly"
[1] "https://ftp.ncbi.nlm.nih.gov/geo/samples/GSM5099nnn/GSM5099184/suppl/GSM5099184_204500250049_R05C01_noid_Red.idat.gz"
[1] "Data downloaded successfuly"
[1] "https://ftp.ncbi.nlm.nih.gov/geo/samples/GSM5099nnn/GSM5099185/suppl/GSM5099185_204500250049_R07C01_noid_Grn.idat.gz"
[1] "Data downloaded successfuly"
[1] "https://ftp.ncbi.nlm.nih.gov/geo/samples/GSM5099nnn/GSM5099185/suppl/GSM5099185_204500250049_R07C01_noid_Red.idat.gz"
[1] "Data downloaded successfuly"
[1] "https://ftp.ncbi.nlm.nih.gov/geo/samples/GSM5099nnn/GSM5099186/suppl/GSM5099186_204500250049_R08C01_noid_Grn.idat.gz"
[1] "Data downloaded successfuly"
[1] "https://ftp.ncbi.nlm.nih.gov/geo/samples/GSM5099nnn/GSM5099186/suppl/GSM5099186_204500250049_R08C01_noid_Red.idat.gz"
[1] "Data downloaded successfuly"
[1] "https://ftp.ncbi.nlm.nih.gov/geo/samples/GSM5099nnn/GSM5099187/suppl/GSM5099187_204500250050_R01C01_noid_Grn.idat.gz"
[1] "Data downloaded successfuly"
[1] "https://ftp.ncbi.nlm.nih.gov/geo/samples/GSM5099nnn/GSM5099187/suppl/GSM5099187_204500250050_R01C01_noid_Red.idat.gz"
[1] "Data downloaded successfuly"
[1] "https://ftp.ncbi.nlm.nih.gov/geo/samples/GSM5099nnn/GSM5099188/suppl/GSM5099188_204500250050_R02C01_noid_Grn.idat.gz"
[1] "Data downloaded successfuly"
[1] "https://ftp.ncbi.nlm.nih.gov/geo/samples/GSM5099nnn/GSM5099188/suppl/GSM5099188_204500250050_R02C01_noid_Red.idat.gz"
[1] "Data downloaded successfuly"
[1] "https://ftp.ncbi.nlm.nih.gov/geo/samples/GSM5099nnn/GSM5099189/suppl/GSM5099189_204500250050_R04C01_noid_Grn.idat.gz"
[1] "Data downloaded successfuly"
[1] "https://ftp.ncbi.nlm.nih.gov/geo/samples/GSM5099nnn/GSM5099189/suppl/GSM5099189_204500250050_R04C01_noid_Red.idat.gz"
[1] "Data downloaded successfuly"
[1] "https://ftp.ncbi.nlm.nih.gov/geo/samples/GSM5099nnn/GSM5099190/suppl/GSM5099190_204500250050_R05C01_noid_Grn.idat.gz"
[1] "Data downloaded successfuly"
[1] "https://ftp.ncbi.nlm.nih.gov/geo/samples/GSM5099nnn/GSM5099190/suppl/GSM5099190_204500250050_R05C01_noid_Red.idat.gz"
[1] "Data downloaded successfuly"
[1] "https://ftp.ncbi.nlm.nih.gov/geo/samples/GSM5099nnn/GSM5099191/suppl/GSM5099191_204500250050_R06C01_noid_Grn.idat.gz"
[1] "Data downloaded successfuly"
[1] "https://ftp.ncbi.nlm.nih.gov/geo/samples/GSM5099nnn/GSM5099191/suppl/GSM5099191_204500250050_R06C01_noid_Red.idat.gz"
[1] "Data downloaded successfuly"
[1] "https://ftp.ncbi.nlm.nih.gov/geo/samples/GSM5099nnn/GSM5099192/suppl/GSM5099192_204500250050_R07C01_noid_Grn.idat.gz"
[1] "Data downloaded successfuly"
[1] "https://ftp.ncbi.nlm.nih.gov/geo/samples/GSM5099nnn/GSM5099192/suppl/GSM5099192_204500250050_R07C01_noid_Red.idat.gz"
[1] "Data downloaded successfuly"
[1] "https://ftp.ncbi.nlm.nih.gov/geo/samples/GSM5099nnn/GSM5099193/suppl/GSM5099193_204500250050_R08C01_noid_Grn.idat.gz"
[1] "Data downloaded successfuly"
[1] "https://ftp.ncbi.nlm.nih.gov/geo/samples/GSM5099nnn/GSM5099193/suppl/GSM5099193_204500250050_R08C01_noid_Red.idat.gz"
[1] "Data downloaded successfuly"
[1] "https://ftp.ncbi.nlm.nih.gov/geo/samples/GSM5099nnn/GSM5099194/suppl/GSM5099194_204500250051_R01C01_noid_Grn.idat.gz"
[1] "Data downloaded successfuly"
[1] "https://ftp.ncbi.nlm.nih.gov/geo/samples/GSM5099nnn/GSM5099194/suppl/GSM5099194_204500250051_R01C01_noid_Red.idat.gz"
[1] "Data downloaded successfuly"
[1] "https://ftp.ncbi.nlm.nih.gov/geo/samples/GSM5099nnn/GSM5099195/suppl/GSM5099195_204500250051_R02C01_noid_Grn.idat.gz"
[1] "Data downloaded successfuly"
[1] "https://ftp.ncbi.nlm.nih.gov/geo/samples/GSM5099nnn/GSM5099195/suppl/GSM5099195_204500250051_R02C01_noid_Red.idat.gz"
[1] "Data downloaded successfuly"
[1] "https://ftp.ncbi.nlm.nih.gov/geo/samples/GSM5099nnn/GSM5099196/suppl/GSM5099196_204500250051_R03C01_noid_Grn.idat.gz"
[1] "Data downloaded successfuly"
[1] "https://ftp.ncbi.nlm.nih.gov/geo/samples/GSM5099nnn/GSM5099196/suppl/GSM5099196_204500250051_R03C01_noid_Red.idat.gz"
[1] "Data downloaded successfuly"
[1] "https://ftp.ncbi.nlm.nih.gov/geo/samples/GSM5099nnn/GSM5099197/suppl/GSM5099197_204500250051_R04C01_noid_Grn.idat.gz"
[1] "Data downloaded successfuly"
[1] "https://ftp.ncbi.nlm.nih.gov/geo/samples/GSM5099nnn/GSM5099197/suppl/GSM5099197_204500250051_R04C01_noid_Red.idat.gz"
[1] "Data downloaded successfuly"
[1] "https://ftp.ncbi.nlm.nih.gov/geo/samples/GSM5099nnn/GSM5099198/suppl/GSM5099198_204500250051_R05C01_noid_Grn.idat.gz"
[1] "Data downloaded successfuly"
[1] "https://ftp.ncbi.nlm.nih.gov/geo/samples/GSM5099nnn/GSM5099198/suppl/GSM5099198_204500250051_R05C01_noid_Red.idat.gz"
[1] "Data downloaded successfuly"
[1] "https://ftp.ncbi.nlm.nih.gov/geo/samples/GSM5099nnn/GSM5099199/suppl/GSM5099199_204500250051_R06C01_noid_Grn.idat.gz"
[1] "Data downloaded successfuly"
[1] "https://ftp.ncbi.nlm.nih.gov/geo/samples/GSM5099nnn/GSM5099199/suppl/GSM5099199_204500250051_R06C01_noid_Red.idat.gz"
[1] "Data downloaded successfuly"
[1] "https://ftp.ncbi.nlm.nih.gov/geo/samples/GSM5099nnn/GSM5099200/suppl/GSM5099200_204500250051_R07C01_noid_Grn.idat.gz"
[1] "Data downloaded successfuly"
[1] "https://ftp.ncbi.nlm.nih.gov/geo/samples/GSM5099nnn/GSM5099200/suppl/GSM5099200_204500250051_R07C01_noid_Red.idat.gz"
[1] "Data downloaded successfuly"
[1] "https://ftp.ncbi.nlm.nih.gov/geo/samples/GSM5099nnn/GSM5099201/suppl/GSM5099201_204500250051_R08C01_noid_Grn.idat.gz"
[1] "Data downloaded successfuly"
[1] "https://ftp.ncbi.nlm.nih.gov/geo/samples/GSM5099nnn/GSM5099201/suppl/GSM5099201_204500250051_R08C01_noid_Red.idat.gz"
[1] "Data downloaded successfuly"
[1] "https://ftp.ncbi.nlm.nih.gov/geo/samples/GSM5099nnn/GSM5099202/suppl/GSM5099202_204500250052_R01C01_noid_Grn.idat.gz"
[1] "Data downloaded successfuly"
[1] "https://ftp.ncbi.nlm.nih.gov/geo/samples/GSM5099nnn/GSM5099202/suppl/GSM5099202_204500250052_R01C01_noid_Red.idat.gz"
[1] "Data downloaded successfuly"
[1] "https://ftp.ncbi.nlm.nih.gov/geo/samples/GSM5099nnn/GSM5099203/suppl/GSM5099203_204500250052_R02C01_noid_Grn.idat.gz"
[1] "Data downloaded successfuly"
[1] "https://ftp.ncbi.nlm.nih.gov/geo/samples/GSM5099nnn/GSM5099203/suppl/GSM5099203_204500250052_R02C01_noid_Red.idat.gz"
[1] "Data downloaded successfuly"
[1] "https://ftp.ncbi.nlm.nih.gov/geo/samples/GSM5099nnn/GSM5099204/suppl/GSM5099204_204500250052_R03C01_noid_Grn.idat.gz"
[1] "Data downloaded successfuly"
[1] "https://ftp.ncbi.nlm.nih.gov/geo/samples/GSM5099nnn/GSM5099204/suppl/GSM5099204_204500250052_R03C01_noid_Red.idat.gz"
[1] "Data downloaded successfuly"
[1] "https://ftp.ncbi.nlm.nih.gov/geo/samples/GSM5099nnn/GSM5099205/suppl/GSM5099205_204500250052_R07C01_noid_Grn.idat.gz"
[1] "Data downloaded successfuly"
[1] "https://ftp.ncbi.nlm.nih.gov/geo/samples/GSM5099nnn/GSM5099205/suppl/GSM5099205_204500250052_R07C01_noid_Red.idat.gz"
[1] "Data downloaded successfuly"
[1] "https://ftp.ncbi.nlm.nih.gov/geo/samples/GSM5099nnn/GSM5099206/suppl/GSM5099206_204500250052_R08C01_noid_Grn.idat.gz"
[1] "Data downloaded successfuly"
[1] "https://ftp.ncbi.nlm.nih.gov/geo/samples/GSM5099nnn/GSM5099206/suppl/GSM5099206_204500250052_R08C01_noid_Red.idat.gz"
[1] "Data downloaded successfuly"
[1] "https://ftp.ncbi.nlm.nih.gov/geo/samples/GSM5099nnn/GSM5099207/suppl/GSM5099207_204500250054_R01C01_noid_Grn.idat.gz"
[1] "Data downloaded successfuly"
[1] "https://ftp.ncbi.nlm.nih.gov/geo/samples/GSM5099nnn/GSM5099207/suppl/GSM5099207_204500250054_R01C01_noid_Red.idat.gz"
[1] "Data downloaded successfuly"
[1] "https://ftp.ncbi.nlm.nih.gov/geo/samples/GSM5099nnn/GSM5099208/suppl/GSM5099208_204500250054_R02C01_noid_Grn.idat.gz"
[1] "Data downloaded successfuly"
[1] "https://ftp.ncbi.nlm.nih.gov/geo/samples/GSM5099nnn/GSM5099208/suppl/GSM5099208_204500250054_R02C01_noid_Red.idat.gz"
[1] "Data downloaded successfuly"
[1] "https://ftp.ncbi.nlm.nih.gov/geo/samples/GSM5099nnn/GSM5099209/suppl/GSM5099209_204500250054_R04C01_noid_Grn.idat.gz"
[1] "Data downloaded successfuly"
[1] "https://ftp.ncbi.nlm.nih.gov/geo/samples/GSM5099nnn/GSM5099209/suppl/GSM5099209_204500250054_R04C01_noid_Red.idat.gz"
[1] "Data downloaded successfuly"
[1] "https://ftp.ncbi.nlm.nih.gov/geo/samples/GSM5099nnn/GSM5099210/suppl/GSM5099210_204500250054_R07C01_noid_Grn.idat.gz"
[1] "Data downloaded successfuly"
[1] "https://ftp.ncbi.nlm.nih.gov/geo/samples/GSM5099nnn/GSM5099210/suppl/GSM5099210_204500250054_R07C01_noid_Red.idat.gz"
[1] "Data downloaded successfuly"
[1] "https://ftp.ncbi.nlm.nih.gov/geo/samples/GSM5099nnn/GSM5099211/suppl/GSM5099211_204500250054_R08C01_noid_Grn.idat.gz"
[1] "Data downloaded successfuly"
[1] "https://ftp.ncbi.nlm.nih.gov/geo/samples/GSM5099nnn/GSM5099211/suppl/GSM5099211_204500250054_R08C01_noid_Red.idat.gz"
[1] "Data downloaded successfuly"
[1] "https://ftp.ncbi.nlm.nih.gov/geo/samples/GSM5099nnn/GSM5099212/suppl/GSM5099212_204500250055_R01C01_noid_Grn.idat.gz"
[1] "Data downloaded successfuly"
[1] "https://ftp.ncbi.nlm.nih.gov/geo/samples/GSM5099nnn/GSM5099212/suppl/GSM5099212_204500250055_R01C01_noid_Red.idat.gz"
[1] "Data downloaded successfuly"
[1] "https://ftp.ncbi.nlm.nih.gov/geo/samples/GSM5099nnn/GSM5099213/suppl/GSM5099213_204500250055_R03C01_noid_Grn.idat.gz"
[1] "Data downloaded successfuly"
[1] "https://ftp.ncbi.nlm.nih.gov/geo/samples/GSM5099nnn/GSM5099213/suppl/GSM5099213_204500250055_R03C01_noid_Red.idat.gz"
[1] "Data downloaded successfuly"
[1] "https://ftp.ncbi.nlm.nih.gov/geo/samples/GSM5099nnn/GSM5099214/suppl/GSM5099214_204500250055_R05C01_noid_Grn.idat.gz"
[1] "Data downloaded successfuly"
[1] "https://ftp.ncbi.nlm.nih.gov/geo/samples/GSM5099nnn/GSM5099214/suppl/GSM5099214_204500250055_R05C01_noid_Red.idat.gz"
[1] "Data downloaded successfuly"
[1] "https://ftp.ncbi.nlm.nih.gov/geo/samples/GSM5099nnn/GSM5099215/suppl/GSM5099215_204500250055_R06C01_noid_Grn.idat.gz"
[1] "Data downloaded successfuly"
[1] "https://ftp.ncbi.nlm.nih.gov/geo/samples/GSM5099nnn/GSM5099215/suppl/GSM5099215_204500250055_R06C01_noid_Red.idat.gz"
[1] "Data downloaded successfuly"
[1] "https://ftp.ncbi.nlm.nih.gov/geo/samples/GSM5099nnn/GSM5099216/suppl/GSM5099216_204500250055_R07C01_noid_Grn.idat.gz"
[1] "Data downloaded successfuly"
[1] "https://ftp.ncbi.nlm.nih.gov/geo/samples/GSM5099nnn/GSM5099216/suppl/GSM5099216_204500250055_R07C01_noid_Red.idat.gz"
[1] "Data downloaded successfuly"
[1] "https://ftp.ncbi.nlm.nih.gov/geo/samples/GSM5099nnn/GSM5099217/suppl/GSM5099217_204500250055_R08C01_noid_Grn.idat.gz"
[1] "Data downloaded successfuly"
[1] "https://ftp.ncbi.nlm.nih.gov/geo/samples/GSM5099nnn/GSM5099217/suppl/GSM5099217_204500250055_R08C01_noid_Red.idat.gz"
[1] "Data downloaded successfuly"
[1] "https://ftp.ncbi.nlm.nih.gov/geo/samples/GSM5099nnn/GSM5099218/suppl/GSM5099218_204500250056_R01C01_noid_Grn.idat.gz"
[1] "Data downloaded successfuly"
[1] "https://ftp.ncbi.nlm.nih.gov/geo/samples/GSM5099nnn/GSM5099218/suppl/GSM5099218_204500250056_R01C01_noid_Red.idat.gz"
[1] "Data downloaded successfuly"
[1] "https://ftp.ncbi.nlm.nih.gov/geo/samples/GSM5099nnn/GSM5099219/suppl/GSM5099219_204500250056_R03C01_noid_Grn.idat.gz"
[1] "Data downloaded successfuly"
[1] "https://ftp.ncbi.nlm.nih.gov/geo/samples/GSM5099nnn/GSM5099219/suppl/GSM5099219_204500250056_R03C01_noid_Red.idat.gz"
[1] "Data downloaded successfuly"
[1] "https://ftp.ncbi.nlm.nih.gov/geo/samples/GSM5099nnn/GSM5099220/suppl/GSM5099220_204500250056_R05C01_noid_Grn.idat.gz"
[1] "Data downloaded successfuly"
[1] "https://ftp.ncbi.nlm.nih.gov/geo/samples/GSM5099nnn/GSM5099220/suppl/GSM5099220_204500250056_R05C01_noid_Red.idat.gz"
[1] "Data downloaded successfuly"
[1] "https://ftp.ncbi.nlm.nih.gov/geo/samples/GSM5099nnn/GSM5099221/suppl/GSM5099221_204500250056_R06C01_noid_Grn.idat.gz"
[1] "Data downloaded successfuly"
[1] "https://ftp.ncbi.nlm.nih.gov/geo/samples/GSM5099nnn/GSM5099221/suppl/GSM5099221_204500250056_R06C01_noid_Red.idat.gz"
[1] "Data downloaded successfuly"
[1] "https://ftp.ncbi.nlm.nih.gov/geo/samples/GSM5099nnn/GSM5099222/suppl/GSM5099222_204500250056_R07C01_noid_Grn.idat.gz"
[1] "Data downloaded successfuly"
[1] "https://ftp.ncbi.nlm.nih.gov/geo/samples/GSM5099nnn/GSM5099222/suppl/GSM5099222_204500250056_R07C01_noid_Red.idat.gz"
[1] "Data downloaded successfuly"
[1] "https://ftp.ncbi.nlm.nih.gov/geo/samples/GSM5099nnn/GSM5099223/suppl/GSM5099223_204500250056_R08C01_noid_Grn.idat.gz"
[1] "Data downloaded successfuly"
[1] "https://ftp.ncbi.nlm.nih.gov/geo/samples/GSM5099nnn/GSM5099223/suppl/GSM5099223_204500250056_R08C01_noid_Red.idat.gz"
[1] "Data downloaded successfuly"
[1] "https://ftp.ncbi.nlm.nih.gov/geo/samples/GSM5099nnn/GSM5099224/suppl/GSM5099224_204500250057_R06C01_noid_Grn.idat.gz"
[1] "Data downloaded successfuly"
[1] "https://ftp.ncbi.nlm.nih.gov/geo/samples/GSM5099nnn/GSM5099224/suppl/GSM5099224_204500250057_R06C01_noid_Red.idat.gz"
[1] "Data downloaded successfuly"
[1] "https://ftp.ncbi.nlm.nih.gov/geo/samples/GSM5099nnn/GSM5099225/suppl/GSM5099225_204500250059_R01C01_noid_Grn.idat.gz"
[1] "Data downloaded successfuly"
[1] "https://ftp.ncbi.nlm.nih.gov/geo/samples/GSM5099nnn/GSM5099225/suppl/GSM5099225_204500250059_R01C01_noid_Red.idat.gz"
[1] "Data downloaded successfuly"
[1] "https://ftp.ncbi.nlm.nih.gov/geo/samples/GSM5099nnn/GSM5099226/suppl/GSM5099226_204500250059_R02C01_noid_Grn.idat.gz"
[1] "Data downloaded successfuly"
[1] "https://ftp.ncbi.nlm.nih.gov/geo/samples/GSM5099nnn/GSM5099226/suppl/GSM5099226_204500250059_R02C01_noid_Red.idat.gz"
[1] "Data downloaded successfuly"
[1] "https://ftp.ncbi.nlm.nih.gov/geo/samples/GSM5099nnn/GSM5099227/suppl/GSM5099227_204500250059_R04C01_noid_Grn.idat.gz"
[1] "Data downloaded successfuly"
[1] "https://ftp.ncbi.nlm.nih.gov/geo/samples/GSM5099nnn/GSM5099227/suppl/GSM5099227_204500250059_R04C01_noid_Red.idat.gz"
[1] "Data downloaded successfuly"
[1] "https://ftp.ncbi.nlm.nih.gov/geo/samples/GSM5099nnn/GSM5099228/suppl/GSM5099228_204500250059_R06C01_noid_Grn.idat.gz"
[1] "Data downloaded successfuly"
[1] "https://ftp.ncbi.nlm.nih.gov/geo/samples/GSM5099nnn/GSM5099228/suppl/GSM5099228_204500250059_R06C01_noid_Red.idat.gz"
[1] "Data downloaded successfuly"
[1] "https://ftp.ncbi.nlm.nih.gov/geo/samples/GSM5099nnn/GSM5099229/suppl/GSM5099229_204500250059_R07C01_noid_Grn.idat.gz"
[1] "Data downloaded successfuly"
[1] "https://ftp.ncbi.nlm.nih.gov/geo/samples/GSM5099nnn/GSM5099229/suppl/GSM5099229_204500250059_R07C01_noid_Red.idat.gz"
[1] "Data downloaded successfuly"
[1] "https://ftp.ncbi.nlm.nih.gov/geo/samples/GSM5099nnn/GSM5099230/suppl/GSM5099230_204500250059_R08C01_noid_Grn.idat.gz"
[1] "Data downloaded successfuly"
[1] "https://ftp.ncbi.nlm.nih.gov/geo/samples/GSM5099nnn/GSM5099230/suppl/GSM5099230_204500250059_R08C01_noid_Red.idat.gz"
[1] "Data downloaded successfuly"
[1] "https://ftp.ncbi.nlm.nih.gov/geo/samples/GSM5099nnn/GSM5099231/suppl/GSM5099231_204500250060_R05C01_noid_Grn.idat.gz"
[1] "Data downloaded successfuly"
[1] "https://ftp.ncbi.nlm.nih.gov/geo/samples/GSM5099nnn/GSM5099231/suppl/GSM5099231_204500250060_R05C01_noid_Red.idat.gz"
[1] "Data downloaded successfuly"
[1] "https://ftp.ncbi.nlm.nih.gov/geo/samples/GSM5099nnn/GSM5099232/suppl/GSM5099232_204500250060_R08C01_noid_Grn.idat.gz"
[1] "Data downloaded successfuly"
[1] "https://ftp.ncbi.nlm.nih.gov/geo/samples/GSM5099nnn/GSM5099232/suppl/GSM5099232_204500250060_R08C01_noid_Red.idat.gz"
[1] "Data downloaded successfuly"
[1] "https://ftp.ncbi.nlm.nih.gov/geo/samples/GSM5099nnn/GSM5099233/suppl/GSM5099233_204658390001_R01C01_noid_Grn.idat.gz"
[1] "Data downloaded successfuly"
[1] "https://ftp.ncbi.nlm.nih.gov/geo/samples/GSM5099nnn/GSM5099233/suppl/GSM5099233_204658390001_R01C01_noid_Red.idat.gz"
[1] "Data downloaded successfuly"
[1] "https://ftp.ncbi.nlm.nih.gov/geo/samples/GSM5099nnn/GSM5099234/suppl/GSM5099234_204658390001_R02C01_noid_Grn.idat.gz"
[1] "Data downloaded successfuly"
[1] "https://ftp.ncbi.nlm.nih.gov/geo/samples/GSM5099nnn/GSM5099234/suppl/GSM5099234_204658390001_R02C01_noid_Red.idat.gz"
[1] "Data downloaded successfuly"
[1] "https://ftp.ncbi.nlm.nih.gov/geo/samples/GSM5099nnn/GSM5099235/suppl/GSM5099235_204658390001_R03C01_noid_Grn.idat.gz"
[1] "Data downloaded successfuly"
[1] "https://ftp.ncbi.nlm.nih.gov/geo/samples/GSM5099nnn/GSM5099235/suppl/GSM5099235_204658390001_R03C01_noid_Red.idat.gz"
[1] "Data downloaded successfuly"
[1] "https://ftp.ncbi.nlm.nih.gov/geo/samples/GSM5099nnn/GSM5099236/suppl/GSM5099236_204658390001_R04C01_noid_Grn.idat.gz"
[1] "Data downloaded successfuly"
[1] "https://ftp.ncbi.nlm.nih.gov/geo/samples/GSM5099nnn/GSM5099236/suppl/GSM5099236_204658390001_R04C01_noid_Red.idat.gz"
[1] "Data downloaded successfuly"
[1] "https://ftp.ncbi.nlm.nih.gov/geo/samples/GSM5099nnn/GSM5099237/suppl/GSM5099237_204658390001_R05C01_noid_Grn.idat.gz"
[1] "Data downloaded successfuly"
[1] "https://ftp.ncbi.nlm.nih.gov/geo/samples/GSM5099nnn/GSM5099237/suppl/GSM5099237_204658390001_R05C01_noid_Red.idat.gz"
[1] "Data downloaded successfuly"
[1] "https://ftp.ncbi.nlm.nih.gov/geo/samples/GSM5099nnn/GSM5099238/suppl/GSM5099238_204658390001_R06C01_noid_Grn.idat.gz"
[1] "Data downloaded successfuly"
[1] "https://ftp.ncbi.nlm.nih.gov/geo/samples/GSM5099nnn/GSM5099238/suppl/GSM5099238_204658390001_R06C01_noid_Red.idat.gz"
[1] "Data downloaded successfuly"
[1] "https://ftp.ncbi.nlm.nih.gov/geo/samples/GSM5099nnn/GSM5099239/suppl/GSM5099239_204658390001_R07C01_noid_Grn.idat.gz"
[1] "Data downloaded successfuly"
[1] "https://ftp.ncbi.nlm.nih.gov/geo/samples/GSM5099nnn/GSM5099239/suppl/GSM5099239_204658390001_R07C01_noid_Red.idat.gz"
[1] "Data downloaded successfuly"
[1] "https://ftp.ncbi.nlm.nih.gov/geo/samples/GSM5099nnn/GSM5099240/suppl/GSM5099240_204658390001_R08C01_noid_Grn.idat.gz"
[1] "Data downloaded successfuly"
[1] "https://ftp.ncbi.nlm.nih.gov/geo/samples/GSM5099nnn/GSM5099240/suppl/GSM5099240_204658390001_R08C01_noid_Red.idat.gz"
[1] "Data downloaded successfuly"
[1] "https://ftp.ncbi.nlm.nih.gov/geo/samples/GSM5099nnn/GSM5099241/suppl/GSM5099241_204658390002_R01C01_noid_Grn.idat.gz"
[1] "Data downloaded successfuly"
[1] "https://ftp.ncbi.nlm.nih.gov/geo/samples/GSM5099nnn/GSM5099241/suppl/GSM5099241_204658390002_R01C01_noid_Red.idat.gz"
[1] "Data downloaded successfuly"
[1] "https://ftp.ncbi.nlm.nih.gov/geo/samples/GSM5099nnn/GSM5099242/suppl/GSM5099242_204658390002_R02C01_noid_Grn.idat.gz"
[1] "Data downloaded successfuly"
[1] "https://ftp.ncbi.nlm.nih.gov/geo/samples/GSM5099nnn/GSM5099242/suppl/GSM5099242_204658390002_R02C01_noid_Red.idat.gz"
[1] "Data downloaded successfuly"
[1] "https://ftp.ncbi.nlm.nih.gov/geo/samples/GSM5099nnn/GSM5099243/suppl/GSM5099243_204658390002_R03C01_noid_Grn.idat.gz"
[1] "Data downloaded successfuly"
[1] "https://ftp.ncbi.nlm.nih.gov/geo/samples/GSM5099nnn/GSM5099243/suppl/GSM5099243_204658390002_R03C01_noid_Red.idat.gz"
[1] "Data downloaded successfuly"
[1] "https://ftp.ncbi.nlm.nih.gov/geo/samples/GSM5099nnn/GSM5099244/suppl/GSM5099244_204658390002_R04C01_noid_Grn.idat.gz"
[1] "Data downloaded successfuly"
[1] "https://ftp.ncbi.nlm.nih.gov/geo/samples/GSM5099nnn/GSM5099244/suppl/GSM5099244_204658390002_R04C01_noid_Red.idat.gz"
[1] "Data downloaded successfuly"
[1] "https://ftp.ncbi.nlm.nih.gov/geo/samples/GSM5099nnn/GSM5099245/suppl/GSM5099245_204658390002_R06C01_noid_Grn.idat.gz"
[1] "Data downloaded successfuly"
[1] "https://ftp.ncbi.nlm.nih.gov/geo/samples/GSM5099nnn/GSM5099245/suppl/GSM5099245_204658390002_R06C01_noid_Red.idat.gz"
[1] "Data downloaded successfuly"
[1] "https://ftp.ncbi.nlm.nih.gov/geo/samples/GSM5099nnn/GSM5099246/suppl/GSM5099246_204658390002_R07C01_noid_Grn.idat.gz"
[1] "Data downloaded successfuly"
[1] "https://ftp.ncbi.nlm.nih.gov/geo/samples/GSM5099nnn/GSM5099246/suppl/GSM5099246_204658390002_R07C01_noid_Red.idat.gz"
[1] "Data downloaded successfuly"
[1] "https://ftp.ncbi.nlm.nih.gov/geo/samples/GSM5099nnn/GSM5099247/suppl/GSM5099247_204658390002_R08C01_noid_Grn.idat.gz"
[1] "Data downloaded successfuly"
[1] "https://ftp.ncbi.nlm.nih.gov/geo/samples/GSM5099nnn/GSM5099247/suppl/GSM5099247_204658390002_R08C01_noid_Red.idat.gz"
[1] "Data downloaded successfuly"
[1] "https://ftp.ncbi.nlm.nih.gov/geo/samples/GSM5099nnn/GSM5099248/suppl/GSM5099248_204658390003_R01C01_noid_Grn.idat.gz"
[1] "Data downloaded successfuly"
[1] "https://ftp.ncbi.nlm.nih.gov/geo/samples/GSM5099nnn/GSM5099248/suppl/GSM5099248_204658390003_R01C01_noid_Red.idat.gz"
[1] "Data downloaded successfuly"
[1] "https://ftp.ncbi.nlm.nih.gov/geo/samples/GSM5099nnn/GSM5099249/suppl/GSM5099249_204658390003_R02C01_noid_Grn.idat.gz"
[1] "Data downloaded successfuly"
[1] "https://ftp.ncbi.nlm.nih.gov/geo/samples/GSM5099nnn/GSM5099249/suppl/GSM5099249_204658390003_R02C01_noid_Red.idat.gz"
[1] "Data downloaded successfuly"
[1] "https://ftp.ncbi.nlm.nih.gov/geo/samples/GSM5099nnn/GSM5099250/suppl/GSM5099250_204658390003_R03C01_noid_Grn.idat.gz"
[1] "Data downloaded successfuly"
[1] "https://ftp.ncbi.nlm.nih.gov/geo/samples/GSM5099nnn/GSM5099250/suppl/GSM5099250_204658390003_R03C01_noid_Red.idat.gz"
[1] "Data downloaded successfuly"
[1] "https://ftp.ncbi.nlm.nih.gov/geo/samples/GSM5099nnn/GSM5099251/suppl/GSM5099251_204658390003_R04C01_noid_Grn.idat.gz"
[1] "Data downloaded successfuly"
[1] "https://ftp.ncbi.nlm.nih.gov/geo/samples/GSM5099nnn/GSM5099251/suppl/GSM5099251_204658390003_R04C01_noid_Red.idat.gz"
[1] "Data downloaded successfuly"
[1] "https://ftp.ncbi.nlm.nih.gov/geo/samples/GSM5099nnn/GSM5099252/suppl/GSM5099252_204658390003_R05C01_noid_Grn.idat.gz"
[1] "Data downloaded successfuly"
[1] "https://ftp.ncbi.nlm.nih.gov/geo/samples/GSM5099nnn/GSM5099252/suppl/GSM5099252_204658390003_R05C01_noid_Red.idat.gz"
[1] "Data downloaded successfuly"
[1] "https://ftp.ncbi.nlm.nih.gov/geo/samples/GSM5099nnn/GSM5099253/suppl/GSM5099253_204658390003_R06C01_noid_Grn.idat.gz"
[1] "Data downloaded successfuly"
[1] "https://ftp.ncbi.nlm.nih.gov/geo/samples/GSM5099nnn/GSM5099253/suppl/GSM5099253_204658390003_R06C01_noid_Red.idat.gz"
[1] "Data downloaded successfuly"
[1] "https://ftp.ncbi.nlm.nih.gov/geo/samples/GSM5099nnn/GSM5099254/suppl/GSM5099254_204658390003_R07C01_noid_Grn.idat.gz"
[1] "Data downloaded successfuly"
[1] "https://ftp.ncbi.nlm.nih.gov/geo/samples/GSM5099nnn/GSM5099254/suppl/GSM5099254_204658390003_R07C01_noid_Red.idat.gz"
[1] "Data downloaded successfuly"
[1] "https://ftp.ncbi.nlm.nih.gov/geo/samples/GSM5099nnn/GSM5099255/suppl/GSM5099255_204658390003_R08C01_noid_Grn.idat.gz"
[1] "Data downloaded successfuly"
[1] "https://ftp.ncbi.nlm.nih.gov/geo/samples/GSM5099nnn/GSM5099255/suppl/GSM5099255_204658390003_R08C01_noid_Red.idat.gz"
[1] "Data downloaded successfuly"
[1] "https://ftp.ncbi.nlm.nih.gov/geo/samples/GSM5099nnn/GSM5099256/suppl/GSM5099256_204658390008_R01C01_noid_Grn.idat.gz"
[1] "Data downloaded successfuly"
[1] "https://ftp.ncbi.nlm.nih.gov/geo/samples/GSM5099nnn/GSM5099256/suppl/GSM5099256_204658390008_R01C01_noid_Red.idat.gz"
[1] "Data downloaded successfuly"
[1] "https://ftp.ncbi.nlm.nih.gov/geo/samples/GSM5099nnn/GSM5099257/suppl/GSM5099257_204658390008_R03C01_noid_Grn.idat.gz"
[1] "Data downloaded successfuly"
[1] "https://ftp.ncbi.nlm.nih.gov/geo/samples/GSM5099nnn/GSM5099257/suppl/GSM5099257_204658390008_R03C01_noid_Red.idat.gz"
[1] "Data downloaded successfuly"
[1] "https://ftp.ncbi.nlm.nih.gov/geo/samples/GSM5099nnn/GSM5099258/suppl/GSM5099258_204658390008_R04C01_noid_Grn.idat.gz"
[1] "Data downloaded successfuly"
[1] "https://ftp.ncbi.nlm.nih.gov/geo/samples/GSM5099nnn/GSM5099258/suppl/GSM5099258_204658390008_R04C01_noid_Red.idat.gz"
[1] "Data downloaded successfuly"
[1] "https://ftp.ncbi.nlm.nih.gov/geo/samples/GSM5099nnn/GSM5099259/suppl/GSM5099259_204658390008_R05C01_noid_Grn.idat.gz"
[1] "Data downloaded successfuly"
[1] "https://ftp.ncbi.nlm.nih.gov/geo/samples/GSM5099nnn/GSM5099259/suppl/GSM5099259_204658390008_R05C01_noid_Red.idat.gz"
[1] "Data downloaded successfuly"
[1] "https://ftp.ncbi.nlm.nih.gov/geo/samples/GSM5099nnn/GSM5099260/suppl/GSM5099260_204658390008_R07C01_noid_Grn.idat.gz"
[1] "Data downloaded successfuly"
[1] "https://ftp.ncbi.nlm.nih.gov/geo/samples/GSM5099nnn/GSM5099260/suppl/GSM5099260_204658390008_R07C01_noid_Red.idat.gz"
[1] "Data downloaded successfuly"
[1] "https://ftp.ncbi.nlm.nih.gov/geo/samples/GSM5099nnn/GSM5099261/suppl/GSM5099261_204658390009_R01C01_noid_Grn.idat.gz"
[1] "Data downloaded successfuly"
[1] "https://ftp.ncbi.nlm.nih.gov/geo/samples/GSM5099nnn/GSM5099261/suppl/GSM5099261_204658390009_R01C01_noid_Red.idat.gz"
[1] "Data downloaded successfuly"
[1] "https://ftp.ncbi.nlm.nih.gov/geo/samples/GSM5099nnn/GSM5099262/suppl/GSM5099262_204658390009_R02C01_noid_Grn.idat.gz"
[1] "Data downloaded successfuly"
[1] "https://ftp.ncbi.nlm.nih.gov/geo/samples/GSM5099nnn/GSM5099262/suppl/GSM5099262_204658390009_R02C01_noid_Red.idat.gz"
[1] "Data downloaded successfuly"
[1] "https://ftp.ncbi.nlm.nih.gov/geo/samples/GSM5099nnn/GSM5099263/suppl/GSM5099263_204658390009_R03C01_noid_Grn.idat.gz"
[1] "Data downloaded successfuly"
[1] "https://ftp.ncbi.nlm.nih.gov/geo/samples/GSM5099nnn/GSM5099263/suppl/GSM5099263_204658390009_R03C01_noid_Red.idat.gz"
[1] "Data downloaded successfuly"
[1] "https://ftp.ncbi.nlm.nih.gov/geo/samples/GSM5099nnn/GSM5099264/suppl/GSM5099264_204658390009_R04C01_noid_Grn.idat.gz"
[1] "Data downloaded successfuly"
[1] "https://ftp.ncbi.nlm.nih.gov/geo/samples/GSM5099nnn/GSM5099264/suppl/GSM5099264_204658390009_R04C01_noid_Red.idat.gz"
[1] "Data downloaded successfuly"
[1] "https://ftp.ncbi.nlm.nih.gov/geo/samples/GSM5099nnn/GSM5099265/suppl/GSM5099265_204658390009_R05C01_noid_Grn.idat.gz"
[1] "Data downloaded successfuly"
[1] "https://ftp.ncbi.nlm.nih.gov/geo/samples/GSM5099nnn/GSM5099265/suppl/GSM5099265_204658390009_R05C01_noid_Red.idat.gz"
[1] "Data downloaded successfuly"
[1] "https://ftp.ncbi.nlm.nih.gov/geo/samples/GSM5099nnn/GSM5099266/suppl/GSM5099266_204658390009_R06C01_noid_Grn.idat.gz"
[1] "Data downloaded successfuly"
[1] "https://ftp.ncbi.nlm.nih.gov/geo/samples/GSM5099nnn/GSM5099266/suppl/GSM5099266_204658390009_R06C01_noid_Red.idat.gz"
[1] "Data downloaded successfuly"
[1] "https://ftp.ncbi.nlm.nih.gov/geo/samples/GSM5099nnn/GSM5099267/suppl/GSM5099267_204658390009_R07C01_noid_Grn.idat.gz"
[1] "Data downloaded successfuly"
[1] "https://ftp.ncbi.nlm.nih.gov/geo/samples/GSM5099nnn/GSM5099267/suppl/GSM5099267_204658390009_R07C01_noid_Red.idat.gz"
[1] "Data downloaded successfuly"
[1] "https://ftp.ncbi.nlm.nih.gov/geo/samples/GSM5099nnn/GSM5099268/suppl/GSM5099268_204658390009_R08C01_noid_Grn.idat.gz"
[1] "Data downloaded successfuly"
[1] "https://ftp.ncbi.nlm.nih.gov/geo/samples/GSM5099nnn/GSM5099268/suppl/GSM5099268_204658390009_R08C01_noid_Red.idat.gz"
[1] "Data downloaded successfuly"
[1] "https://ftp.ncbi.nlm.nih.gov/geo/samples/GSM5099nnn/GSM5099269/suppl/GSM5099269_204658390010_R01C01_noid_Grn.idat.gz"
[1] "Data downloaded successfuly"
[1] "https://ftp.ncbi.nlm.nih.gov/geo/samples/GSM5099nnn/GSM5099269/suppl/GSM5099269_204658390010_R01C01_noid_Red.idat.gz"
[1] "Data downloaded successfuly"
[1] "https://ftp.ncbi.nlm.nih.gov/geo/samples/GSM5099nnn/GSM5099270/suppl/GSM5099270_204658390010_R02C01_noid_Grn.idat.gz"
[1] "Data downloaded successfuly"
[1] "https://ftp.ncbi.nlm.nih.gov/geo/samples/GSM5099nnn/GSM5099270/suppl/GSM5099270_204658390010_R02C01_noid_Red.idat.gz"
[1] "Data downloaded successfuly"
[1] "https://ftp.ncbi.nlm.nih.gov/geo/samples/GSM5099nnn/GSM5099271/suppl/GSM5099271_204658390010_R03C01_noid_Grn.idat.gz"
[1] "Data downloaded successfuly"
[1] "https://ftp.ncbi.nlm.nih.gov/geo/samples/GSM5099nnn/GSM5099271/suppl/GSM5099271_204658390010_R03C01_noid_Red.idat.gz"
[1] "Data downloaded successfuly"
[1] "https://ftp.ncbi.nlm.nih.gov/geo/samples/GSM5099nnn/GSM5099272/suppl/GSM5099272_204658390010_R05C01_noid_Grn.idat.gz"
[1] "Data downloaded successfuly"
[1] "https://ftp.ncbi.nlm.nih.gov/geo/samples/GSM5099nnn/GSM5099272/suppl/GSM5099272_204658390010_R05C01_noid_Red.idat.gz"
[1] "Data downloaded successfuly"
[1] "https://ftp.ncbi.nlm.nih.gov/geo/samples/GSM5099nnn/GSM5099273/suppl/GSM5099273_204658390010_R06C01_noid_Grn.idat.gz"
[1] "Data downloaded successfuly"
[1] "https://ftp.ncbi.nlm.nih.gov/geo/samples/GSM5099nnn/GSM5099273/suppl/GSM5099273_204658390010_R06C01_noid_Red.idat.gz"
[1] "Data downloaded successfuly"
[1] "https://ftp.ncbi.nlm.nih.gov/geo/samples/GSM5099nnn/GSM5099274/suppl/GSM5099274_204658390010_R07C01_noid_Grn.idat.gz"
[1] "Data downloaded successfuly"
[1] "https://ftp.ncbi.nlm.nih.gov/geo/samples/GSM5099nnn/GSM5099274/suppl/GSM5099274_204658390010_R07C01_noid_Red.idat.gz"
[1] "Data downloaded successfuly"
[1] "https://ftp.ncbi.nlm.nih.gov/geo/samples/GSM5099nnn/GSM5099275/suppl/GSM5099275_204658390010_R08C01_noid_Grn.idat.gz"
[1] "Data downloaded successfuly"
[1] "https://ftp.ncbi.nlm.nih.gov/geo/samples/GSM5099nnn/GSM5099275/suppl/GSM5099275_204658390010_R08C01_noid_Red.idat.gz"
[1] "Data downloaded successfuly"
[1] "https://ftp.ncbi.nlm.nih.gov/geo/samples/GSM5099nnn/GSM5099276/suppl/GSM5099276_204658390011_R01C01_noid_Grn.idat.gz"
[1] "Data downloaded successfuly"
[1] "https://ftp.ncbi.nlm.nih.gov/geo/samples/GSM5099nnn/GSM5099276/suppl/GSM5099276_204658390011_R01C01_noid_Red.idat.gz"
[1] "Data downloaded successfuly"
[1] "https://ftp.ncbi.nlm.nih.gov/geo/samples/GSM5099nnn/GSM5099277/suppl/GSM5099277_204658390011_R02C01_noid_Grn.idat.gz"
[1] "Data downloaded successfuly"
[1] "https://ftp.ncbi.nlm.nih.gov/geo/samples/GSM5099nnn/GSM5099277/suppl/GSM5099277_204658390011_R02C01_noid_Red.idat.gz"
[1] "Data downloaded successfuly"
[1] "https://ftp.ncbi.nlm.nih.gov/geo/samples/GSM5099nnn/GSM5099278/suppl/GSM5099278_204658390011_R03C01_noid_Grn.idat.gz"
[1] "Data downloaded successfuly"
[1] "https://ftp.ncbi.nlm.nih.gov/geo/samples/GSM5099nnn/GSM5099278/suppl/GSM5099278_204658390011_R03C01_noid_Red.idat.gz"
[1] "Data downloaded successfuly"
[1] "https://ftp.ncbi.nlm.nih.gov/geo/samples/GSM5099nnn/GSM5099279/suppl/GSM5099279_204658390011_R05C01_noid_Grn.idat.gz"
[1] "Data downloaded successfuly"
[1] "https://ftp.ncbi.nlm.nih.gov/geo/samples/GSM5099nnn/GSM5099279/suppl/GSM5099279_204658390011_R05C01_noid_Red.idat.gz"
[1] "Data downloaded successfuly"
[1] "https://ftp.ncbi.nlm.nih.gov/geo/samples/GSM5099nnn/GSM5099280/suppl/GSM5099280_204658390011_R06C01_noid_Grn.idat.gz"
[1] "Data downloaded successfuly"
[1] "https://ftp.ncbi.nlm.nih.gov/geo/samples/GSM5099nnn/GSM5099280/suppl/GSM5099280_204658390011_R06C01_noid_Red.idat.gz"
[1] "Data downloaded successfuly"
[1] "https://ftp.ncbi.nlm.nih.gov/geo/samples/GSM5099nnn/GSM5099281/suppl/GSM5099281_204658390011_R07C01_noid_Grn.idat.gz"
[1] "Data downloaded successfuly"
[1] "https://ftp.ncbi.nlm.nih.gov/geo/samples/GSM5099nnn/GSM5099281/suppl/GSM5099281_204658390011_R07C01_noid_Red.idat.gz"
[1] "Data downloaded successfuly"
[1] "https://ftp.ncbi.nlm.nih.gov/geo/samples/GSM5099nnn/GSM5099282/suppl/GSM5099282_204658390011_R08C01_noid_Grn.idat.gz"
[1] "Data downloaded successfuly"
[1] "https://ftp.ncbi.nlm.nih.gov/geo/samples/GSM5099nnn/GSM5099282/suppl/GSM5099282_204658390011_R08C01_noid_Red.idat.gz"
[1] "Data downloaded successfuly"
[1] "https://ftp.ncbi.nlm.nih.gov/geo/samples/GSM5099nnn/GSM5099283/suppl/GSM5099283_204658390012_R01C01_noid_Grn.idat.gz"
[1] "Data downloaded successfuly"
[1] "https://ftp.ncbi.nlm.nih.gov/geo/samples/GSM5099nnn/GSM5099283/suppl/GSM5099283_204658390012_R01C01_noid_Red.idat.gz"
[1] "Data downloaded successfuly"
[1] "https://ftp.ncbi.nlm.nih.gov/geo/samples/GSM5099nnn/GSM5099284/suppl/GSM5099284_204658390012_R02C01_noid_Grn.idat.gz"
[1] "Data downloaded successfuly"
[1] "https://ftp.ncbi.nlm.nih.gov/geo/samples/GSM5099nnn/GSM5099284/suppl/GSM5099284_204658390012_R02C01_noid_Red.idat.gz"
[1] "Data downloaded successfuly"
[1] "https://ftp.ncbi.nlm.nih.gov/geo/samples/GSM5099nnn/GSM5099285/suppl/GSM5099285_204658390012_R03C01_noid_Grn.idat.gz"
[1] "Data downloaded successfuly"
[1] "https://ftp.ncbi.nlm.nih.gov/geo/samples/GSM5099nnn/GSM5099285/suppl/GSM5099285_204658390012_R03C01_noid_Red.idat.gz"
[1] "Data downloaded successfuly"
[1] "https://ftp.ncbi.nlm.nih.gov/geo/samples/GSM5099nnn/GSM5099286/suppl/GSM5099286_204658390012_R04C01_noid_Grn.idat.gz"
[1] "Data downloaded successfuly"
[1] "https://ftp.ncbi.nlm.nih.gov/geo/samples/GSM5099nnn/GSM5099286/suppl/GSM5099286_204658390012_R04C01_noid_Red.idat.gz"
[1] "Data downloaded successfuly"
[1] "https://ftp.ncbi.nlm.nih.gov/geo/samples/GSM5099nnn/GSM5099287/suppl/GSM5099287_204658390012_R05C01_noid_Grn.idat.gz"
[1] "Data downloaded successfuly"
[1] "https://ftp.ncbi.nlm.nih.gov/geo/samples/GSM5099nnn/GSM5099287/suppl/GSM5099287_204658390012_R05C01_noid_Red.idat.gz"
[1] "Data downloaded successfuly"
[1] "https://ftp.ncbi.nlm.nih.gov/geo/samples/GSM5099nnn/GSM5099288/suppl/GSM5099288_204658390012_R06C01_noid_Grn.idat.gz"
[1] "Data downloaded successfuly"
[1] "https://ftp.ncbi.nlm.nih.gov/geo/samples/GSM5099nnn/GSM5099288/suppl/GSM5099288_204658390012_R06C01_noid_Red.idat.gz"
[1] "Data downloaded successfuly"
[1] "https://ftp.ncbi.nlm.nih.gov/geo/samples/GSM5099nnn/GSM5099289/suppl/GSM5099289_204658390012_R07C01_noid_Grn.idat.gz"
[1] "Data downloaded successfuly"
[1] "https://ftp.ncbi.nlm.nih.gov/geo/samples/GSM5099nnn/GSM5099289/suppl/GSM5099289_204658390012_R07C01_noid_Red.idat.gz"
[1] "Data downloaded successfuly"
[1] "https://ftp.ncbi.nlm.nih.gov/geo/samples/GSM5099nnn/GSM5099290/suppl/GSM5099290_204658390012_R08C01_noid_Grn.idat.gz"
[1] "Data downloaded successfuly"
[1] "https://ftp.ncbi.nlm.nih.gov/geo/samples/GSM5099nnn/GSM5099290/suppl/GSM5099290_204658390012_R08C01_noid_Red.idat.gz"
[1] "Data downloaded successfuly"
[1] "https://ftp.ncbi.nlm.nih.gov/geo/samples/GSM5099nnn/GSM5099291/suppl/GSM5099291_204658390013_R02C01_noid_Grn.idat.gz"
[1] "Data downloaded successfuly"
[1] "https://ftp.ncbi.nlm.nih.gov/geo/samples/GSM5099nnn/GSM5099291/suppl/GSM5099291_204658390013_R02C01_noid_Red.idat.gz"
[1] "Data downloaded successfuly"
[1] "https://ftp.ncbi.nlm.nih.gov/geo/samples/GSM5099nnn/GSM5099292/suppl/GSM5099292_204658390013_R03C01_noid_Grn.idat.gz"
[1] "Data downloaded successfuly"
[1] "https://ftp.ncbi.nlm.nih.gov/geo/samples/GSM5099nnn/GSM5099292/suppl/GSM5099292_204658390013_R03C01_noid_Red.idat.gz"
[1] "Data downloaded successfuly"
[1] "https://ftp.ncbi.nlm.nih.gov/geo/samples/GSM5099nnn/GSM5099293/suppl/GSM5099293_204658390013_R04C01_noid_Grn.idat.gz"
[1] "Data downloaded successfuly"
[1] "https://ftp.ncbi.nlm.nih.gov/geo/samples/GSM5099nnn/GSM5099293/suppl/GSM5099293_204658390013_R04C01_noid_Red.idat.gz"
[1] "Data downloaded successfuly"
[1] "https://ftp.ncbi.nlm.nih.gov/geo/samples/GSM5099nnn/GSM5099294/suppl/GSM5099294_204658390013_R05C01_noid_Grn.idat.gz"
[1] "Data downloaded successfuly"
[1] "https://ftp.ncbi.nlm.nih.gov/geo/samples/GSM5099nnn/GSM5099294/suppl/GSM5099294_204658390013_R05C01_noid_Red.idat.gz"
[1] "Data downloaded successfuly"
[1] "https://ftp.ncbi.nlm.nih.gov/geo/samples/GSM5099nnn/GSM5099295/suppl/GSM5099295_204658390013_R06C01_noid_Grn.idat.gz"
[1] "Data downloaded successfuly"
[1] "https://ftp.ncbi.nlm.nih.gov/geo/samples/GSM5099nnn/GSM5099295/suppl/GSM5099295_204658390013_R06C01_noid_Red.idat.gz"
[1] "Data downloaded successfuly"
[1] "https://ftp.ncbi.nlm.nih.gov/geo/samples/GSM5099nnn/GSM5099296/suppl/GSM5099296_204658390013_R07C01_noid_Grn.idat.gz"
[1] "Data downloaded successfuly"
[1] "https://ftp.ncbi.nlm.nih.gov/geo/samples/GSM5099nnn/GSM5099296/suppl/GSM5099296_204658390013_R07C01_noid_Red.idat.gz"
[1] "Data downloaded successfuly"
[1] "https://ftp.ncbi.nlm.nih.gov/geo/samples/GSM5099nnn/GSM5099297/suppl/GSM5099297_204658390014_R01C01_noid_Grn.idat.gz"
[1] "Data downloaded successfuly"
[1] "https://ftp.ncbi.nlm.nih.gov/geo/samples/GSM5099nnn/GSM5099297/suppl/GSM5099297_204658390014_R01C01_noid_Red.idat.gz"
[1] "Data downloaded successfuly"
[1] "https://ftp.ncbi.nlm.nih.gov/geo/samples/GSM5099nnn/GSM5099298/suppl/GSM5099298_204658390014_R02C01_noid_Grn.idat.gz"
[1] "Data downloaded successfuly"
[1] "https://ftp.ncbi.nlm.nih.gov/geo/samples/GSM5099nnn/GSM5099298/suppl/GSM5099298_204658390014_R02C01_noid_Red.idat.gz"
[1] "Data downloaded successfuly"
[1] "https://ftp.ncbi.nlm.nih.gov/geo/samples/GSM5099nnn/GSM5099299/suppl/GSM5099299_204658390014_R04C01_noid_Grn.idat.gz"
[1] "Data downloaded successfuly"
[1] "https://ftp.ncbi.nlm.nih.gov/geo/samples/GSM5099nnn/GSM5099299/suppl/GSM5099299_204658390014_R04C01_noid_Red.idat.gz"
[1] "Data downloaded successfuly"
[1] "https://ftp.ncbi.nlm.nih.gov/geo/samples/GSM5099nnn/GSM5099300/suppl/GSM5099300_204658390014_R05C01_noid_Grn.idat.gz"
[1] "Data downloaded successfuly"
[1] "https://ftp.ncbi.nlm.nih.gov/geo/samples/GSM5099nnn/GSM5099300/suppl/GSM5099300_204658390014_R05C01_noid_Red.idat.gz"
[1] "Data downloaded successfuly"
[1] "https://ftp.ncbi.nlm.nih.gov/geo/samples/GSM5099nnn/GSM5099301/suppl/GSM5099301_204658390014_R06C01_noid_Grn.idat.gz"
[1] "Data downloaded successfuly"
[1] "https://ftp.ncbi.nlm.nih.gov/geo/samples/GSM5099nnn/GSM5099301/suppl/GSM5099301_204658390014_R06C01_noid_Red.idat.gz"
[1] "Data downloaded successfuly"
[1] "https://ftp.ncbi.nlm.nih.gov/geo/samples/GSM5099nnn/GSM5099302/suppl/GSM5099302_204658390014_R07C01_noid_Grn.idat.gz"
[1] "Data downloaded successfuly"
[1] "https://ftp.ncbi.nlm.nih.gov/geo/samples/GSM5099nnn/GSM5099302/suppl/GSM5099302_204658390014_R07C01_noid_Red.idat.gz"
[1] "Data downloaded successfuly"
[1] "https://ftp.ncbi.nlm.nih.gov/geo/samples/GSM5099nnn/GSM5099303/suppl/GSM5099303_204658390014_R08C01_noid_Grn.idat.gz"
[1] "Data downloaded successfuly"
[1] "https://ftp.ncbi.nlm.nih.gov/geo/samples/GSM5099nnn/GSM5099303/suppl/GSM5099303_204658390014_R08C01_noid_Red.idat.gz"
[1] "Data downloaded successfuly"
[1] "https://ftp.ncbi.nlm.nih.gov/geo/samples/GSM5099nnn/GSM5099304/suppl/GSM5099304_204658390015_R01C01_noid_Grn.idat.gz"
[1] "Data downloaded successfuly"
[1] "https://ftp.ncbi.nlm.nih.gov/geo/samples/GSM5099nnn/GSM5099304/suppl/GSM5099304_204658390015_R01C01_noid_Red.idat.gz"
[1] "Data downloaded successfuly"
[1] "https://ftp.ncbi.nlm.nih.gov/geo/samples/GSM5099nnn/GSM5099305/suppl/GSM5099305_204658390015_R03C01_noid_Grn.idat.gz"
[1] "Data downloaded successfuly"
[1] "https://ftp.ncbi.nlm.nih.gov/geo/samples/GSM5099nnn/GSM5099305/suppl/GSM5099305_204658390015_R03C01_noid_Red.idat.gz"
[1] "Data downloaded successfuly"
[1] "https://ftp.ncbi.nlm.nih.gov/geo/samples/GSM5099nnn/GSM5099306/suppl/GSM5099306_204658390015_R04C01_noid_Grn.idat.gz"
[1] "Data downloaded successfuly"
[1] "https://ftp.ncbi.nlm.nih.gov/geo/samples/GSM5099nnn/GSM5099306/suppl/GSM5099306_204658390015_R04C01_noid_Red.idat.gz"
[1] "Data downloaded successfuly"
[1] "https://ftp.ncbi.nlm.nih.gov/geo/samples/GSM5099nnn/GSM5099307/suppl/GSM5099307_204658390015_R05C01_noid_Grn.idat.gz"
[1] "Data downloaded successfuly"
[1] "https://ftp.ncbi.nlm.nih.gov/geo/samples/GSM5099nnn/GSM5099307/suppl/GSM5099307_204658390015_R05C01_noid_Red.idat.gz"
[1] "Data downloaded successfuly"
[1] "https://ftp.ncbi.nlm.nih.gov/geo/samples/GSM5099nnn/GSM5099308/suppl/GSM5099308_204658390015_R06C01_noid_Grn.idat.gz"
[1] "Data downloaded successfuly"
[1] "https://ftp.ncbi.nlm.nih.gov/geo/samples/GSM5099nnn/GSM5099308/suppl/GSM5099308_204658390015_R06C01_noid_Red.idat.gz"
[1] "Data downloaded successfuly"
[1] "https://ftp.ncbi.nlm.nih.gov/geo/samples/GSM5099nnn/GSM5099309/suppl/GSM5099309_204658390015_R07C01_noid_Grn.idat.gz"
[1] "Data downloaded successfuly"
[1] "https://ftp.ncbi.nlm.nih.gov/geo/samples/GSM5099nnn/GSM5099309/suppl/GSM5099309_204658390015_R07C01_noid_Red.idat.gz"
[1] "Data downloaded successfuly"
[1] "https://ftp.ncbi.nlm.nih.gov/geo/samples/GSM5099nnn/GSM5099310/suppl/GSM5099310_204658390015_R08C01_noid_Grn.idat.gz"
[1] "Data downloaded successfuly"
[1] "https://ftp.ncbi.nlm.nih.gov/geo/samples/GSM5099nnn/GSM5099310/suppl/GSM5099310_204658390015_R08C01_noid_Red.idat.gz"
[1] "Data downloaded successfuly"
[1] "https://ftp.ncbi.nlm.nih.gov/geo/samples/GSM5099nnn/GSM5099311/suppl/GSM5099311_204658390016_R01C01_noid_Grn.idat.gz"
[1] "Data downloaded successfuly"
[1] "https://ftp.ncbi.nlm.nih.gov/geo/samples/GSM5099nnn/GSM5099311/suppl/GSM5099311_204658390016_R01C01_noid_Red.idat.gz"
[1] "Data downloaded successfuly"
[1] "https://ftp.ncbi.nlm.nih.gov/geo/samples/GSM5099nnn/GSM5099312/suppl/GSM5099312_204658390016_R03C01_noid_Grn.idat.gz"
[1] "Data downloaded successfuly"
[1] "https://ftp.ncbi.nlm.nih.gov/geo/samples/GSM5099nnn/GSM5099312/suppl/GSM5099312_204658390016_R03C01_noid_Red.idat.gz"
[1] "Data downloaded successfuly"
[1] "https://ftp.ncbi.nlm.nih.gov/geo/samples/GSM5099nnn/GSM5099313/suppl/GSM5099313_204658390016_R04C01_noid_Grn.idat.gz"
[1] "Data downloaded successfuly"
[1] "https://ftp.ncbi.nlm.nih.gov/geo/samples/GSM5099nnn/GSM5099313/suppl/GSM5099313_204658390016_R04C01_noid_Red.idat.gz"
[1] "Data downloaded successfuly"
[1] "https://ftp.ncbi.nlm.nih.gov/geo/samples/GSM5099nnn/GSM5099314/suppl/GSM5099314_204658390016_R05C01_noid_Grn.idat.gz"
[1] "Data downloaded successfuly"
[1] "https://ftp.ncbi.nlm.nih.gov/geo/samples/GSM5099nnn/GSM5099314/suppl/GSM5099314_204658390016_R05C01_noid_Red.idat.gz"
[1] "Data downloaded successfuly"
[1] "https://ftp.ncbi.nlm.nih.gov/geo/samples/GSM5099nnn/GSM5099315/suppl/GSM5099315_204658390016_R06C01_noid_Grn.idat.gz"
[1] "Data downloaded successfuly"
[1] "https://ftp.ncbi.nlm.nih.gov/geo/samples/GSM5099nnn/GSM5099315/suppl/GSM5099315_204658390016_R06C01_noid_Red.idat.gz"
[1] "Data downloaded successfuly"
[1] "https://ftp.ncbi.nlm.nih.gov/geo/samples/GSM5099nnn/GSM5099316/suppl/GSM5099316_204658390016_R07C01_noid_Grn.idat.gz"
[1] "Data downloaded successfuly"
[1] "https://ftp.ncbi.nlm.nih.gov/geo/samples/GSM5099nnn/GSM5099316/suppl/GSM5099316_204658390016_R07C01_noid_Red.idat.gz"
[1] "Data downloaded successfuly"
[1] "https://ftp.ncbi.nlm.nih.gov/geo/samples/GSM5099nnn/GSM5099317/suppl/GSM5099317_204658390017_R01C01_noid_Grn.idat.gz"
[1] "Data downloaded successfuly"
[1] "https://ftp.ncbi.nlm.nih.gov/geo/samples/GSM5099nnn/GSM5099317/suppl/GSM5099317_204658390017_R01C01_noid_Red.idat.gz"
[1] "Data downloaded successfuly"
[1] "https://ftp.ncbi.nlm.nih.gov/geo/samples/GSM5099nnn/GSM5099318/suppl/GSM5099318_204658390017_R02C01_noid_Grn.idat.gz"
[1] "Data downloaded successfuly"
[1] "https://ftp.ncbi.nlm.nih.gov/geo/samples/GSM5099nnn/GSM5099318/suppl/GSM5099318_204658390017_R02C01_noid_Red.idat.gz"
[1] "Data downloaded successfuly"
[1] "https://ftp.ncbi.nlm.nih.gov/geo/samples/GSM5099nnn/GSM5099319/suppl/GSM5099319_204658390017_R03C01_noid_Grn.idat.gz"
[1] "Data downloaded successfuly"
[1] "https://ftp.ncbi.nlm.nih.gov/geo/samples/GSM5099nnn/GSM5099319/suppl/GSM5099319_204658390017_R03C01_noid_Red.idat.gz"
[1] "Data downloaded successfuly"
[1] "https://ftp.ncbi.nlm.nih.gov/geo/samples/GSM5099nnn/GSM5099320/suppl/GSM5099320_204658390017_R04C01_noid_Grn.idat.gz"
[1] "Data downloaded successfuly"
[1] "https://ftp.ncbi.nlm.nih.gov/geo/samples/GSM5099nnn/GSM5099320/suppl/GSM5099320_204658390017_R04C01_noid_Red.idat.gz"
[1] "Data downloaded successfuly"
[1] "https://ftp.ncbi.nlm.nih.gov/geo/samples/GSM5099nnn/GSM5099321/suppl/GSM5099321_204658390017_R05C01_noid_Grn.idat.gz"
[1] "Data downloaded successfuly"
[1] "https://ftp.ncbi.nlm.nih.gov/geo/samples/GSM5099nnn/GSM5099321/suppl/GSM5099321_204658390017_R05C01_noid_Red.idat.gz"
[1] "Data downloaded successfuly"
[1] "https://ftp.ncbi.nlm.nih.gov/geo/samples/GSM5099nnn/GSM5099322/suppl/GSM5099322_204658390017_R07C01_noid_Grn.idat.gz"
[1] "Data downloaded successfuly"
[1] "https://ftp.ncbi.nlm.nih.gov/geo/samples/GSM5099nnn/GSM5099322/suppl/GSM5099322_204658390017_R07C01_noid_Red.idat.gz"
[1] "Data downloaded successfuly"
[1] "https://ftp.ncbi.nlm.nih.gov/geo/samples/GSM5099nnn/GSM5099323/suppl/GSM5099323_204658390017_R08C01_noid_Grn.idat.gz"
[1] "Data downloaded successfuly"
[1] "https://ftp.ncbi.nlm.nih.gov/geo/samples/GSM5099nnn/GSM5099323/suppl/GSM5099323_204658390017_R08C01_noid_Red.idat.gz"
[1] "Data downloaded successfuly"
[1] "https://ftp.ncbi.nlm.nih.gov/geo/samples/GSM5099nnn/GSM5099324/suppl/GSM5099324_204658390018_R01C01_noid_Grn.idat.gz"
[1] "Data downloaded successfuly"
[1] "https://ftp.ncbi.nlm.nih.gov/geo/samples/GSM5099nnn/GSM5099324/suppl/GSM5099324_204658390018_R01C01_noid_Red.idat.gz"
[1] "Data downloaded successfuly"
[1] "https://ftp.ncbi.nlm.nih.gov/geo/samples/GSM5099nnn/GSM5099325/suppl/GSM5099325_204658390018_R02C01_noid_Grn.idat.gz"
[1] "Data downloaded successfuly"
[1] "https://ftp.ncbi.nlm.nih.gov/geo/samples/GSM5099nnn/GSM5099325/suppl/GSM5099325_204658390018_R02C01_noid_Red.idat.gz"
[1] "Data downloaded successfuly"
[1] "https://ftp.ncbi.nlm.nih.gov/geo/samples/GSM5099nnn/GSM5099326/suppl/GSM5099326_204658390018_R03C01_noid_Grn.idat.gz"
[1] "Data downloaded successfuly"
[1] "https://ftp.ncbi.nlm.nih.gov/geo/samples/GSM5099nnn/GSM5099326/suppl/GSM5099326_204658390018_R03C01_noid_Red.idat.gz"
[1] "Data downloaded successfuly"
[1] "https://ftp.ncbi.nlm.nih.gov/geo/samples/GSM5099nnn/GSM5099327/suppl/GSM5099327_204658390018_R04C01_noid_Grn.idat.gz"
[1] "Data downloaded successfuly"
[1] "https://ftp.ncbi.nlm.nih.gov/geo/samples/GSM5099nnn/GSM5099327/suppl/GSM5099327_204658390018_R04C01_noid_Red.idat.gz"
[1] "Data downloaded successfuly"
[1] "https://ftp.ncbi.nlm.nih.gov/geo/samples/GSM5099nnn/GSM5099328/suppl/GSM5099328_204658390018_R05C01_noid_Grn.idat.gz"
[1] "Data downloaded successfuly"
[1] "https://ftp.ncbi.nlm.nih.gov/geo/samples/GSM5099nnn/GSM5099328/suppl/GSM5099328_204658390018_R05C01_noid_Red.idat.gz"
[1] "Data downloaded successfuly"
[1] "https://ftp.ncbi.nlm.nih.gov/geo/samples/GSM5099nnn/GSM5099329/suppl/GSM5099329_204658390018_R06C01_noid_Grn.idat.gz"
[1] "Data downloaded successfuly"
[1] "https://ftp.ncbi.nlm.nih.gov/geo/samples/GSM5099nnn/GSM5099329/suppl/GSM5099329_204658390018_R06C01_noid_Red.idat.gz"
[1] "Data downloaded successfuly"
[1] "https://ftp.ncbi.nlm.nih.gov/geo/samples/GSM5099nnn/GSM5099330/suppl/GSM5099330_204658390018_R07C01_noid_Grn.idat.gz"
[1] "Data downloaded successfuly"
[1] "https://ftp.ncbi.nlm.nih.gov/geo/samples/GSM5099nnn/GSM5099330/suppl/GSM5099330_204658390018_R07C01_noid_Red.idat.gz"
[1] "Data downloaded successfuly"
[1] "https://ftp.ncbi.nlm.nih.gov/geo/samples/GSM5099nnn/GSM5099331/suppl/GSM5099331_204658390018_R08C01_noid_Grn.idat.gz"
[1] "Data downloaded successfuly"
[1] "https://ftp.ncbi.nlm.nih.gov/geo/samples/GSM5099nnn/GSM5099331/suppl/GSM5099331_204658390018_R08C01_noid_Red.idat.gz"
[1] "Data downloaded successfuly"
[1] "https://ftp.ncbi.nlm.nih.gov/geo/samples/GSM5099nnn/GSM5099332/suppl/GSM5099332_204658390019_R01C01_noid_Grn.idat.gz"
[1] "Data downloaded successfuly"
[1] "https://ftp.ncbi.nlm.nih.gov/geo/samples/GSM5099nnn/GSM5099332/suppl/GSM5099332_204658390019_R01C01_noid_Red.idat.gz"
[1] "Data downloaded successfuly"
[1] "https://ftp.ncbi.nlm.nih.gov/geo/samples/GSM5099nnn/GSM5099333/suppl/GSM5099333_204658390019_R02C01_noid_Grn.idat.gz"
[1] "Data downloaded successfuly"
[1] "https://ftp.ncbi.nlm.nih.gov/geo/samples/GSM5099nnn/GSM5099333/suppl/GSM5099333_204658390019_R02C01_noid_Red.idat.gz"
[1] "Data downloaded successfuly"
[1] "https://ftp.ncbi.nlm.nih.gov/geo/samples/GSM5099nnn/GSM5099334/suppl/GSM5099334_204658390019_R03C01_noid_Grn.idat.gz"
[1] "Data downloaded successfuly"
[1] "https://ftp.ncbi.nlm.nih.gov/geo/samples/GSM5099nnn/GSM5099334/suppl/GSM5099334_204658390019_R03C01_noid_Red.idat.gz"
[1] "Data downloaded successfuly"
[1] "https://ftp.ncbi.nlm.nih.gov/geo/samples/GSM5099nnn/GSM5099335/suppl/GSM5099335_204658390019_R04C01_noid_Grn.idat.gz"
[1] "Data downloaded successfuly"
[1] "https://ftp.ncbi.nlm.nih.gov/geo/samples/GSM5099nnn/GSM5099335/suppl/GSM5099335_204658390019_R04C01_noid_Red.idat.gz"
[1] "Data downloaded successfuly"
[1] "https://ftp.ncbi.nlm.nih.gov/geo/samples/GSM5099nnn/GSM5099336/suppl/GSM5099336_204658390019_R06C01_noid_Grn.idat.gz"
[1] "Data downloaded successfuly"
[1] "https://ftp.ncbi.nlm.nih.gov/geo/samples/GSM5099nnn/GSM5099336/suppl/GSM5099336_204658390019_R06C01_noid_Red.idat.gz"
[1] "Data downloaded successfuly"
[1] "https://ftp.ncbi.nlm.nih.gov/geo/samples/GSM5099nnn/GSM5099337/suppl/GSM5099337_204658390019_R07C01_noid_Grn.idat.gz"
[1] "Data downloaded successfuly"
[1] "https://ftp.ncbi.nlm.nih.gov/geo/samples/GSM5099nnn/GSM5099337/suppl/GSM5099337_204658390019_R07C01_noid_Red.idat.gz"
[1] "Data downloaded successfuly"
[1] "https://ftp.ncbi.nlm.nih.gov/geo/samples/GSM5099nnn/GSM5099338/suppl/GSM5099338_204658390019_R08C01_noid_Grn.idat.gz"
[1] "Data downloaded successfuly"
[1] "https://ftp.ncbi.nlm.nih.gov/geo/samples/GSM5099nnn/GSM5099338/suppl/GSM5099338_204658390019_R08C01_noid_Red.idat.gz"
[1] "Data downloaded successfuly"
[1] "https://ftp.ncbi.nlm.nih.gov/geo/samples/GSM5099nnn/GSM5099339/suppl/GSM5099339_204658390020_R01C01_noid_Grn.idat.gz"
[1] "Data downloaded successfuly"
[1] "https://ftp.ncbi.nlm.nih.gov/geo/samples/GSM5099nnn/GSM5099339/suppl/GSM5099339_204658390020_R01C01_noid_Red.idat.gz"
[1] "Data downloaded successfuly"
[1] "https://ftp.ncbi.nlm.nih.gov/geo/samples/GSM5099nnn/GSM5099340/suppl/GSM5099340_204658390020_R02C01_noid_Grn.idat.gz"
[1] "Data downloaded successfuly"
[1] "https://ftp.ncbi.nlm.nih.gov/geo/samples/GSM5099nnn/GSM5099340/suppl/GSM5099340_204658390020_R02C01_noid_Red.idat.gz"
[1] "Data downloaded successfuly"
[1] "https://ftp.ncbi.nlm.nih.gov/geo/samples/GSM5099nnn/GSM5099341/suppl/GSM5099341_204658390020_R03C01_noid_Grn.idat.gz"
[1] "Data downloaded successfuly"
[1] "https://ftp.ncbi.nlm.nih.gov/geo/samples/GSM5099nnn/GSM5099341/suppl/GSM5099341_204658390020_R03C01_noid_Red.idat.gz"
[1] "Data downloaded successfuly"
[1] "https://ftp.ncbi.nlm.nih.gov/geo/samples/GSM5099nnn/GSM5099342/suppl/GSM5099342_204658390020_R04C01_noid_Grn.idat.gz"
[1] "Data downloaded successfuly"
[1] "https://ftp.ncbi.nlm.nih.gov/geo/samples/GSM5099nnn/GSM5099342/suppl/GSM5099342_204658390020_R04C01_noid_Red.idat.gz"
[1] "Data downloaded successfuly"
[1] "https://ftp.ncbi.nlm.nih.gov/geo/samples/GSM5099nnn/GSM5099343/suppl/GSM5099343_204658390020_R05C01_noid_Grn.idat.gz"
[1] "Data downloaded successfuly"
[1] "https://ftp.ncbi.nlm.nih.gov/geo/samples/GSM5099nnn/GSM5099343/suppl/GSM5099343_204658390020_R05C01_noid_Red.idat.gz"
[1] "Data downloaded successfuly"
[1] "https://ftp.ncbi.nlm.nih.gov/geo/samples/GSM5099nnn/GSM5099344/suppl/GSM5099344_204658390020_R06C01_noid_Grn.idat.gz"
[1] "Data downloaded successfuly"
[1] "https://ftp.ncbi.nlm.nih.gov/geo/samples/GSM5099nnn/GSM5099344/suppl/GSM5099344_204658390020_R06C01_noid_Red.idat.gz"
[1] "Data downloaded successfuly"
[1] "https://ftp.ncbi.nlm.nih.gov/geo/samples/GSM5099nnn/GSM5099345/suppl/GSM5099345_204658390020_R07C01_noid_Grn.idat.gz"
[1] "Data downloaded successfuly"
[1] "https://ftp.ncbi.nlm.nih.gov/geo/samples/GSM5099nnn/GSM5099345/suppl/GSM5099345_204658390020_R07C01_noid_Red.idat.gz"
[1] "Data downloaded successfuly"
[1] "https://ftp.ncbi.nlm.nih.gov/geo/samples/GSM5099nnn/GSM5099346/suppl/GSM5099346_204658390020_R08C01_noid_Grn.idat.gz"
[1] "Data downloaded successfuly"
[1] "https://ftp.ncbi.nlm.nih.gov/geo/samples/GSM5099nnn/GSM5099346/suppl/GSM5099346_204658390020_R08C01_noid_Red.idat.gz"
[1] "Data downloaded successfuly"
[1] "https://ftp.ncbi.nlm.nih.gov/geo/samples/GSM5099nnn/GSM5099347/suppl/GSM5099347_204658390022_R01C01_noid_Grn.idat.gz"
[1] "Data downloaded successfuly"
[1] "https://ftp.ncbi.nlm.nih.gov/geo/samples/GSM5099nnn/GSM5099347/suppl/GSM5099347_204658390022_R01C01_noid_Red.idat.gz"
[1] "Data downloaded successfuly"
[1] "https://ftp.ncbi.nlm.nih.gov/geo/samples/GSM5099nnn/GSM5099348/suppl/GSM5099348_204658390022_R02C01_noid_Grn.idat.gz"
[1] "Data downloaded successfuly"
[1] "https://ftp.ncbi.nlm.nih.gov/geo/samples/GSM5099nnn/GSM5099348/suppl/GSM5099348_204658390022_R02C01_noid_Red.idat.gz"
[1] "Data downloaded successfuly"
[1] "https://ftp.ncbi.nlm.nih.gov/geo/samples/GSM5099nnn/GSM5099349/suppl/GSM5099349_204658390022_R03C01_noid_Grn.idat.gz"
[1] "Data downloaded successfuly"
[1] "https://ftp.ncbi.nlm.nih.gov/geo/samples/GSM5099nnn/GSM5099349/suppl/GSM5099349_204658390022_R03C01_noid_Red.idat.gz"
[1] "Data downloaded successfuly"
[1] "https://ftp.ncbi.nlm.nih.gov/geo/samples/GSM5099nnn/GSM5099350/suppl/GSM5099350_204658390022_R04C01_noid_Grn.idat.gz"
[1] "Data downloaded successfuly"
[1] "https://ftp.ncbi.nlm.nih.gov/geo/samples/GSM5099nnn/GSM5099350/suppl/GSM5099350_204658390022_R04C01_noid_Red.idat.gz"
[1] "Data downloaded successfuly"
[1] "https://ftp.ncbi.nlm.nih.gov/geo/samples/GSM5099nnn/GSM5099351/suppl/GSM5099351_204658390022_R05C01_noid_Grn.idat.gz"
[1] "Data downloaded successfuly"
[1] "https://ftp.ncbi.nlm.nih.gov/geo/samples/GSM5099nnn/GSM5099351/suppl/GSM5099351_204658390022_R05C01_noid_Red.idat.gz"
[1] "Data downloaded successfuly"
[1] "https://ftp.ncbi.nlm.nih.gov/geo/samples/GSM5099nnn/GSM5099352/suppl/GSM5099352_204658390022_R06C01_noid_Grn.idat.gz"
[1] "Data downloaded successfuly"
[1] "https://ftp.ncbi.nlm.nih.gov/geo/samples/GSM5099nnn/GSM5099352/suppl/GSM5099352_204658390022_R06C01_noid_Red.idat.gz"
[1] "Data downloaded successfuly"
