[1] "Downloading batch from 401 to 600"
[1] "https://ftp.ncbi.nlm.nih.gov/geo/samples/GSM5414nnn/GSM5414678/suppl/GSM5414678_204379160084_R02C01_Grn.idat.gz"
[1] "Data downloaded successfuly"
[1] "https://ftp.ncbi.nlm.nih.gov/geo/samples/GSM5414nnn/GSM5414678/suppl/GSM5414678_204379160084_R02C01_Red.idat.gz"
[1] "Data downloaded successfuly"
[1] "https://ftp.ncbi.nlm.nih.gov/geo/samples/GSM5414nnn/GSM5414679/suppl/GSM5414679_204361730085_R01C01_Grn.idat.gz"
[1] "Data downloaded successfuly"
[1] "https://ftp.ncbi.nlm.nih.gov/geo/samples/GSM5414nnn/GSM5414679/suppl/GSM5414679_204361730085_R01C01_Red.idat.gz"
[1] "Data downloaded successfuly"
[1] "https://ftp.ncbi.nlm.nih.gov/geo/samples/GSM5414nnn/GSM5414680/suppl/GSM5414680_204384720046_R08C01_Grn.idat.gz"
[1] "Data downloaded successfuly"
[1] "https://ftp.ncbi.nlm.nih.gov/geo/samples/GSM5414nnn/GSM5414680/suppl/GSM5414680_204384720046_R08C01_Red.idat.gz"
[1] "Data downloaded successfuly"
[1] "https://ftp.ncbi.nlm.nih.gov/geo/samples/GSM5414nnn/GSM5414681/suppl/GSM5414681_204379110014_R04C01_Grn.idat.gz"
[1] "Data downloaded successfuly"
[1] "https://ftp.ncbi.nlm.nih.gov/geo/samples/GSM5414nnn/GSM5414681/suppl/GSM5414681_204379110014_R04C01_Red.idat.gz"
[1] "Data downloaded successfuly"
[1] "https://ftp.ncbi.nlm.nih.gov/geo/samples/GSM5414nnn/GSM5414682/suppl/GSM5414682_204375490112_R02C01_Grn.idat.gz"
[1] "Data downloaded successfuly"
[1] "https://ftp.ncbi.nlm.nih.gov/geo/samples/GSM5414nnn/GSM5414682/suppl/GSM5414682_204375490112_R02C01_Red.idat.gz"
[1] "Data downloaded successfuly"
[1] "https://ftp.ncbi.nlm.nih.gov/geo/samples/GSM5414nnn/GSM5414683/suppl/GSM5414683_204361730065_R03C01_Grn.idat.gz"
[1] "Data downloaded successfuly"
[1] "https://ftp.ncbi.nlm.nih.gov/geo/samples/GSM5414nnn/GSM5414683/suppl/GSM5414683_204361730065_R03C01_Red.idat.gz"
[1] "Data downloaded successfuly"
[1] "https://ftp.ncbi.nlm.nih.gov/geo/samples/GSM5414nnn/GSM5414684/suppl/GSM5414684_204361730124_R03C01_Grn.idat.gz"
[1] "Data downloaded successfuly"
[1] "https://ftp.ncbi.nlm.nih.gov/geo/samples/GSM5414nnn/GSM5414684/suppl/GSM5414684_204361730124_R03C01_Red.idat.gz"
[1] "Data downloaded successfuly"
[1] "https://ftp.ncbi.nlm.nih.gov/geo/samples/GSM5414nnn/GSM5414685/suppl/GSM5414685_204361730127_R02C01_Grn.idat.gz"
[1] "Data downloaded successfuly"
[1] "https://ftp.ncbi.nlm.nih.gov/geo/samples/GSM5414nnn/GSM5414685/suppl/GSM5414685_204361730127_R02C01_Red.idat.gz"
[1] "Data downloaded successfuly"
[1] "https://ftp.ncbi.nlm.nih.gov/geo/samples/GSM5414nnn/GSM5414686/suppl/GSM5414686_204379110013_R06C01_Grn.idat.gz"
[1] "Data downloaded successfuly"
[1] "https://ftp.ncbi.nlm.nih.gov/geo/samples/GSM5414nnn/GSM5414686/suppl/GSM5414686_204379110013_R06C01_Red.idat.gz"
[1] "Data downloaded successfuly"
[1] "https://ftp.ncbi.nlm.nih.gov/geo/samples/GSM5414nnn/GSM5414687/suppl/GSM5414687_204361730127_R04C01_Grn.idat.gz"
[1] "Data downloaded successfuly"
[1] "https://ftp.ncbi.nlm.nih.gov/geo/samples/GSM5414nnn/GSM5414687/suppl/GSM5414687_204361730127_R04C01_Red.idat.gz"
[1] "Data downloaded successfuly"
[1] "https://ftp.ncbi.nlm.nih.gov/geo/samples/GSM5414nnn/GSM5414688/suppl/GSM5414688_204390590100_R01C01_Grn.idat.gz"
[1] "Data downloaded successfuly"
[1] "https://ftp.ncbi.nlm.nih.gov/geo/samples/GSM5414nnn/GSM5414688/suppl/GSM5414688_204390590100_R01C01_Red.idat.gz"
[1] "Data downloaded successfuly"
[1] "https://ftp.ncbi.nlm.nih.gov/geo/samples/GSM5414nnn/GSM5414689/suppl/GSM5414689_204390590051_R01C01_Grn.idat.gz"
[1] "Data downloaded successfuly"
[1] "https://ftp.ncbi.nlm.nih.gov/geo/samples/GSM5414nnn/GSM5414689/suppl/GSM5414689_204390590051_R01C01_Red.idat.gz"
[1] "Data downloaded successfuly"
[1] "https://ftp.ncbi.nlm.nih.gov/geo/samples/GSM5414nnn/GSM5414690/suppl/GSM5414690_204390590111_R07C01_Grn.idat.gz"
[1] "Data downloaded successfuly"
[1] "https://ftp.ncbi.nlm.nih.gov/geo/samples/GSM5414nnn/GSM5414690/suppl/GSM5414690_204390590111_R07C01_Red.idat.gz"
[1] "Data downloaded successfuly"
[1] "https://ftp.ncbi.nlm.nih.gov/geo/samples/GSM5414nnn/GSM5414691/suppl/GSM5414691_204390590159_R07C01_Grn.idat.gz"
[1] "Data downloaded successfuly"
[1] "https://ftp.ncbi.nlm.nih.gov/geo/samples/GSM5414nnn/GSM5414691/suppl/GSM5414691_204390590159_R07C01_Red.idat.gz"
[1] "Data downloaded successfuly"
[1] "https://ftp.ncbi.nlm.nih.gov/geo/samples/GSM5414nnn/GSM5414692/suppl/GSM5414692_204379110026_R07C01_Grn.idat.gz"
[1] "Data downloaded successfuly"
[1] "https://ftp.ncbi.nlm.nih.gov/geo/samples/GSM5414nnn/GSM5414692/suppl/GSM5414692_204379110026_R07C01_Red.idat.gz"
[1] "Data downloaded successfuly"
[1] "https://ftp.ncbi.nlm.nih.gov/geo/samples/GSM5414nnn/GSM5414693/suppl/GSM5414693_204390590100_R03C01_Grn.idat.gz"
[1] "Data downloaded successfuly"
[1] "https://ftp.ncbi.nlm.nih.gov/geo/samples/GSM5414nnn/GSM5414693/suppl/GSM5414693_204390590100_R03C01_Red.idat.gz"
[1] "Data downloaded successfuly"
[1] "https://ftp.ncbi.nlm.nih.gov/geo/samples/GSM5414nnn/GSM5414694/suppl/GSM5414694_204390590031_R05C01_Grn.idat.gz"
[1] "Data downloaded successfuly"
[1] "https://ftp.ncbi.nlm.nih.gov/geo/samples/GSM5414nnn/GSM5414694/suppl/GSM5414694_204390590031_R05C01_Red.idat.gz"
[1] "Data downloaded successfuly"
[1] "https://ftp.ncbi.nlm.nih.gov/geo/samples/GSM5414nnn/GSM5414695/suppl/GSM5414695_204379110026_R08C01_Grn.idat.gz"
[1] "Data downloaded successfuly"
[1] "https://ftp.ncbi.nlm.nih.gov/geo/samples/GSM5414nnn/GSM5414695/suppl/GSM5414695_204379110026_R08C01_Red.idat.gz"
[1] "Data downloaded successfuly"
[1] "https://ftp.ncbi.nlm.nih.gov/geo/samples/GSM5414nnn/GSM5414696/suppl/GSM5414696_204390590110_R07C01_Grn.idat.gz"
[1] "Data downloaded successfuly"
[1] "https://ftp.ncbi.nlm.nih.gov/geo/samples/GSM5414nnn/GSM5414696/suppl/GSM5414696_204390590110_R07C01_Red.idat.gz"
[1] "Data downloaded successfuly"
[1] "https://ftp.ncbi.nlm.nih.gov/geo/samples/GSM5414nnn/GSM5414697/suppl/GSM5414697_204379110032_R08C01_Grn.idat.gz"
[1] "Data downloaded successfuly"
[1] "https://ftp.ncbi.nlm.nih.gov/geo/samples/GSM5414nnn/GSM5414697/suppl/GSM5414697_204379110032_R08C01_Red.idat.gz"
[1] "Data downloaded successfuly"
[1] "https://ftp.ncbi.nlm.nih.gov/geo/samples/GSM5414nnn/GSM5414698/suppl/GSM5414698_204390590111_R08C01_Grn.idat.gz"
[1] "Data downloaded successfuly"
[1] "https://ftp.ncbi.nlm.nih.gov/geo/samples/GSM5414nnn/GSM5414698/suppl/GSM5414698_204390590111_R08C01_Red.idat.gz"
[1] "Data downloaded successfuly"
[1] "https://ftp.ncbi.nlm.nih.gov/geo/samples/GSM5414nnn/GSM5414699/suppl/GSM5414699_204379110026_R06C01_Grn.idat.gz"
[1] "Data downloaded successfuly"
[1] "https://ftp.ncbi.nlm.nih.gov/geo/samples/GSM5414nnn/GSM5414699/suppl/GSM5414699_204379110026_R06C01_Red.idat.gz"
[1] "Data downloaded successfuly"
[1] "https://ftp.ncbi.nlm.nih.gov/geo/samples/GSM5414nnn/GSM5414700/suppl/GSM5414700_204379110014_R06C01_Grn.idat.gz"
[1] "Data downloaded successfuly"
[1] "https://ftp.ncbi.nlm.nih.gov/geo/samples/GSM5414nnn/GSM5414700/suppl/GSM5414700_204379110014_R06C01_Red.idat.gz"
[1] "Data downloaded successfuly"
[1] "https://ftp.ncbi.nlm.nih.gov/geo/samples/GSM5414nnn/GSM5414701/suppl/GSM5414701_204390590079_R01C01_Grn.idat.gz"
[1] "Data downloaded successfuly"
[1] "https://ftp.ncbi.nlm.nih.gov/geo/samples/GSM5414nnn/GSM5414701/suppl/GSM5414701_204390590079_R01C01_Red.idat.gz"
[1] "Data downloaded successfuly"
[1] "https://ftp.ncbi.nlm.nih.gov/geo/samples/GSM5414nnn/GSM5414702/suppl/GSM5414702_204375490112_R08C01_Grn.idat.gz"
[1] "Data downloaded successfuly"
[1] "https://ftp.ncbi.nlm.nih.gov/geo/samples/GSM5414nnn/GSM5414702/suppl/GSM5414702_204375490112_R08C01_Red.idat.gz"
[1] "Data downloaded successfuly"
[1] "https://ftp.ncbi.nlm.nih.gov/geo/samples/GSM5414nnn/GSM5414703/suppl/GSM5414703_204390590110_R06C01_Grn.idat.gz"
[1] "Data downloaded successfuly"
[1] "https://ftp.ncbi.nlm.nih.gov/geo/samples/GSM5414nnn/GSM5414703/suppl/GSM5414703_204390590110_R06C01_Red.idat.gz"
[1] "Data downloaded successfuly"
[1] "https://ftp.ncbi.nlm.nih.gov/geo/samples/GSM5414nnn/GSM5414704/suppl/GSM5414704_204361730068_R02C01_Grn.idat.gz"
[1] "Data downloaded successfuly"
[1] "https://ftp.ncbi.nlm.nih.gov/geo/samples/GSM5414nnn/GSM5414704/suppl/GSM5414704_204361730068_R02C01_Red.idat.gz"
[1] "Data downloaded successfuly"
[1] "https://ftp.ncbi.nlm.nih.gov/geo/samples/GSM5414nnn/GSM5414705/suppl/GSM5414705_204379060024_R02C01_Grn.idat.gz"
[1] "Data downloaded successfuly"
[1] "https://ftp.ncbi.nlm.nih.gov/geo/samples/GSM5414nnn/GSM5414705/suppl/GSM5414705_204379060024_R02C01_Red.idat.gz"
[1] "Data downloaded successfuly"
[1] "https://ftp.ncbi.nlm.nih.gov/geo/samples/GSM5414nnn/GSM5414706/suppl/GSM5414706_204390590131_R08C01_Grn.idat.gz"
[1] "Data downloaded successfuly"
[1] "https://ftp.ncbi.nlm.nih.gov/geo/samples/GSM5414nnn/GSM5414706/suppl/GSM5414706_204390590131_R08C01_Red.idat.gz"
[1] "Data downloaded successfuly"
[1] "https://ftp.ncbi.nlm.nih.gov/geo/samples/GSM5414nnn/GSM5414707/suppl/GSM5414707_204390590025_R07C01_Grn.idat.gz"
[1] "Data downloaded successfuly"
[1] "https://ftp.ncbi.nlm.nih.gov/geo/samples/GSM5414nnn/GSM5414707/suppl/GSM5414707_204390590025_R07C01_Red.idat.gz"
[1] "Data downloaded successfuly"
[1] "https://ftp.ncbi.nlm.nih.gov/geo/samples/GSM5414nnn/GSM5414708/suppl/GSM5414708_204390590079_R03C01_Grn.idat.gz"
[1] "Data downloaded successfuly"
[1] "https://ftp.ncbi.nlm.nih.gov/geo/samples/GSM5414nnn/GSM5414708/suppl/GSM5414708_204390590079_R03C01_Red.idat.gz"
[1] "Data downloaded successfuly"
[1] "https://ftp.ncbi.nlm.nih.gov/geo/samples/GSM5414nnn/GSM5414709/suppl/GSM5414709_204375490080_R05C01_Grn.idat.gz"
[1] "Data downloaded successfuly"
[1] "https://ftp.ncbi.nlm.nih.gov/geo/samples/GSM5414nnn/GSM5414709/suppl/GSM5414709_204375490080_R05C01_Red.idat.gz"
[1] "Data downloaded successfuly"
[1] "https://ftp.ncbi.nlm.nih.gov/geo/samples/GSM5414nnn/GSM5414710/suppl/GSM5414710_204379160013_R02C01_Grn.idat.gz"
[1] "Data downloaded successfuly"
[1] "https://ftp.ncbi.nlm.nih.gov/geo/samples/GSM5414nnn/GSM5414710/suppl/GSM5414710_204379160013_R02C01_Red.idat.gz"
[1] "Data downloaded successfuly"
[1] "https://ftp.ncbi.nlm.nih.gov/geo/samples/GSM5414nnn/GSM5414711/suppl/GSM5414711_204390590097_R02C01_Grn.idat.gz"
[1] "Data downloaded successfuly"
[1] "https://ftp.ncbi.nlm.nih.gov/geo/samples/GSM5414nnn/GSM5414711/suppl/GSM5414711_204390590097_R02C01_Red.idat.gz"
[1] "Data downloaded successfuly"
[1] "https://ftp.ncbi.nlm.nih.gov/geo/samples/GSM5414nnn/GSM5414712/suppl/GSM5414712_204390590094_R05C01_Grn.idat.gz"
[1] "Data downloaded successfuly"
[1] "https://ftp.ncbi.nlm.nih.gov/geo/samples/GSM5414nnn/GSM5414712/suppl/GSM5414712_204390590094_R05C01_Red.idat.gz"
[1] "Data downloaded successfuly"
[1] "https://ftp.ncbi.nlm.nih.gov/geo/samples/GSM5414nnn/GSM5414713/suppl/GSM5414713_204674440054_R05C01_Grn.idat.gz"
[1] "Data downloaded successfuly"
[1] "https://ftp.ncbi.nlm.nih.gov/geo/samples/GSM5414nnn/GSM5414713/suppl/GSM5414713_204674440054_R05C01_Red.idat.gz"
[1] "Data downloaded successfuly"
[1] "https://ftp.ncbi.nlm.nih.gov/geo/samples/GSM5414nnn/GSM5414714/suppl/GSM5414714_204361730104_R01C01_Grn.idat.gz"
[1] "Data downloaded successfuly"
[1] "https://ftp.ncbi.nlm.nih.gov/geo/samples/GSM5414nnn/GSM5414714/suppl/GSM5414714_204361730104_R01C01_Red.idat.gz"
[1] "Data downloaded successfuly"
[1] "https://ftp.ncbi.nlm.nih.gov/geo/samples/GSM5414nnn/GSM5414715/suppl/GSM5414715_204390590094_R06C01_Grn.idat.gz"
[1] "Data downloaded successfuly"
[1] "https://ftp.ncbi.nlm.nih.gov/geo/samples/GSM5414nnn/GSM5414715/suppl/GSM5414715_204390590094_R06C01_Red.idat.gz"
[1] "Data downloaded successfuly"
[1] "https://ftp.ncbi.nlm.nih.gov/geo/samples/GSM5414nnn/GSM5414716/suppl/GSM5414716_204390590110_R04C01_Grn.idat.gz"
[1] "Data downloaded successfuly"
[1] "https://ftp.ncbi.nlm.nih.gov/geo/samples/GSM5414nnn/GSM5414716/suppl/GSM5414716_204390590110_R04C01_Red.idat.gz"
[1] "Data downloaded successfuly"
[1] "https://ftp.ncbi.nlm.nih.gov/geo/samples/GSM5414nnn/GSM5414717/suppl/GSM5414717_204390590027_R08C01_Grn.idat.gz"
[1] "Data downloaded successfuly"
[1] "https://ftp.ncbi.nlm.nih.gov/geo/samples/GSM5414nnn/GSM5414717/suppl/GSM5414717_204390590027_R08C01_Red.idat.gz"
[1] "Data downloaded successfuly"
[1] "https://ftp.ncbi.nlm.nih.gov/geo/samples/GSM5414nnn/GSM5414718/suppl/GSM5414718_204390590156_R02C01_Grn.idat.gz"
[1] "Data downloaded successfuly"
[1] "https://ftp.ncbi.nlm.nih.gov/geo/samples/GSM5414nnn/GSM5414718/suppl/GSM5414718_204390590156_R02C01_Red.idat.gz"
[1] "Data downloaded successfuly"
[1] "https://ftp.ncbi.nlm.nih.gov/geo/samples/GSM5414nnn/GSM5414719/suppl/GSM5414719_204361730124_R01C01_Grn.idat.gz"
[1] "Data downloaded successfuly"
[1] "https://ftp.ncbi.nlm.nih.gov/geo/samples/GSM5414nnn/GSM5414719/suppl/GSM5414719_204361730124_R01C01_Red.idat.gz"
[1] "Data downloaded successfuly"
[1] "https://ftp.ncbi.nlm.nih.gov/geo/samples/GSM5414nnn/GSM5414720/suppl/GSM5414720_204390590074_R07C01_Grn.idat.gz"
[1] "Data downloaded successfuly"
[1] "https://ftp.ncbi.nlm.nih.gov/geo/samples/GSM5414nnn/GSM5414720/suppl/GSM5414720_204390590074_R07C01_Red.idat.gz"
[1] "Data downloaded successfuly"
[1] "https://ftp.ncbi.nlm.nih.gov/geo/samples/GSM5414nnn/GSM5414721/suppl/GSM5414721_204361730067_R08C01_Grn.idat.gz"
[1] "Data downloaded successfuly"
[1] "https://ftp.ncbi.nlm.nih.gov/geo/samples/GSM5414nnn/GSM5414721/suppl/GSM5414721_204361730067_R08C01_Red.idat.gz"
[1] "Data downloaded successfuly"
[1] "https://ftp.ncbi.nlm.nih.gov/geo/samples/GSM5414nnn/GSM5414722/suppl/GSM5414722_204384720062_R02C01_Grn.idat.gz"
[1] "Data downloaded successfuly"
[1] "https://ftp.ncbi.nlm.nih.gov/geo/samples/GSM5414nnn/GSM5414722/suppl/GSM5414722_204384720062_R02C01_Red.idat.gz"
[1] "Data downloaded successfuly"
[1] "https://ftp.ncbi.nlm.nih.gov/geo/samples/GSM5414nnn/GSM5414723/suppl/GSM5414723_204674430021_R02C01_Grn.idat.gz"
[1] "Data downloaded successfuly"
[1] "https://ftp.ncbi.nlm.nih.gov/geo/samples/GSM5414nnn/GSM5414723/suppl/GSM5414723_204674430021_R02C01_Red.idat.gz"
[1] "Data downloaded successfuly"
[1] "https://ftp.ncbi.nlm.nih.gov/geo/samples/GSM5414nnn/GSM5414724/suppl/GSM5414724_204390590051_R05C01_Grn.idat.gz"
[1] "Data downloaded successfuly"
[1] "https://ftp.ncbi.nlm.nih.gov/geo/samples/GSM5414nnn/GSM5414724/suppl/GSM5414724_204390590051_R05C01_Red.idat.gz"
[1] "Data downloaded successfuly"
[1] "https://ftp.ncbi.nlm.nih.gov/geo/samples/GSM5414nnn/GSM5414725/suppl/GSM5414725_204390590025_R08C01_Grn.idat.gz"
[1] "Data downloaded successfuly"
[1] "https://ftp.ncbi.nlm.nih.gov/geo/samples/GSM5414nnn/GSM5414725/suppl/GSM5414725_204390590025_R08C01_Red.idat.gz"
[1] "Data downloaded successfuly"
[1] "https://ftp.ncbi.nlm.nih.gov/geo/samples/GSM5414nnn/GSM5414726/suppl/GSM5414726_204390590110_R05C01_Grn.idat.gz"
[1] "Data downloaded successfuly"
[1] "https://ftp.ncbi.nlm.nih.gov/geo/samples/GSM5414nnn/GSM5414726/suppl/GSM5414726_204390590110_R05C01_Red.idat.gz"
[1] "Data downloaded successfuly"
[1] "https://ftp.ncbi.nlm.nih.gov/geo/samples/GSM5414nnn/GSM5414727/suppl/GSM5414727_204361730140_R08C01_Grn.idat.gz"
[1] "Data downloaded successfuly"
[1] "https://ftp.ncbi.nlm.nih.gov/geo/samples/GSM5414nnn/GSM5414727/suppl/GSM5414727_204361730140_R08C01_Red.idat.gz"
[1] "Data downloaded successfuly"
[1] "https://ftp.ncbi.nlm.nih.gov/geo/samples/GSM5414nnn/GSM5414728/suppl/GSM5414728_204379110020_R02C01_Grn.idat.gz"
[1] "Data downloaded successfuly"
[1] "https://ftp.ncbi.nlm.nih.gov/geo/samples/GSM5414nnn/GSM5414728/suppl/GSM5414728_204379110020_R02C01_Red.idat.gz"
[1] "Data downloaded successfuly"
[1] "https://ftp.ncbi.nlm.nih.gov/geo/samples/GSM5414nnn/GSM5414729/suppl/GSM5414729_204674440021_R04C01_Grn.idat.gz"
[1] "Data downloaded successfuly"
[1] "https://ftp.ncbi.nlm.nih.gov/geo/samples/GSM5414nnn/GSM5414729/suppl/GSM5414729_204674440021_R04C01_Red.idat.gz"
[1] "Data downloaded successfuly"
[1] "https://ftp.ncbi.nlm.nih.gov/geo/samples/GSM5414nnn/GSM5414730/suppl/GSM5414730_204390590137_R01C01_Grn.idat.gz"
[1] "Data downloaded successfuly"
[1] "https://ftp.ncbi.nlm.nih.gov/geo/samples/GSM5414nnn/GSM5414730/suppl/GSM5414730_204390590137_R01C01_Red.idat.gz"
[1] "Data downloaded successfuly"
[1] "https://ftp.ncbi.nlm.nih.gov/geo/samples/GSM5414nnn/GSM5414731/suppl/GSM5414731_204390590097_R07C01_Grn.idat.gz"
[1] "Data downloaded successfuly"
[1] "https://ftp.ncbi.nlm.nih.gov/geo/samples/GSM5414nnn/GSM5414731/suppl/GSM5414731_204390590097_R07C01_Red.idat.gz"
[1] "Data downloaded successfuly"
[1] "https://ftp.ncbi.nlm.nih.gov/geo/samples/GSM5414nnn/GSM5414732/suppl/GSM5414732_204674430109_R06C01_Grn.idat.gz"
[1] "Data downloaded successfuly"
[1] "https://ftp.ncbi.nlm.nih.gov/geo/samples/GSM5414nnn/GSM5414732/suppl/GSM5414732_204674430109_R06C01_Red.idat.gz"
[1] "Data downloaded successfuly"
[1] "https://ftp.ncbi.nlm.nih.gov/geo/samples/GSM5414nnn/GSM5414733/suppl/GSM5414733_204379060035_R03C01_Grn.idat.gz"
[1] "Data downloaded successfuly"
[1] "https://ftp.ncbi.nlm.nih.gov/geo/samples/GSM5414nnn/GSM5414733/suppl/GSM5414733_204379060035_R03C01_Red.idat.gz"
[1] "Data downloaded successfuly"
[1] "https://ftp.ncbi.nlm.nih.gov/geo/samples/GSM5414nnn/GSM5414734/suppl/GSM5414734_204674440103_R01C01_Grn.idat.gz"
[1] "Data downloaded successfuly"
[1] "https://ftp.ncbi.nlm.nih.gov/geo/samples/GSM5414nnn/GSM5414734/suppl/GSM5414734_204674440103_R01C01_Red.idat.gz"
[1] "Data downloaded successfuly"
[1] "https://ftp.ncbi.nlm.nih.gov/geo/samples/GSM5414nnn/GSM5414735/suppl/GSM5414735_204390590162_R07C01_Grn.idat.gz"
[1] "Data downloaded successfuly"
[1] "https://ftp.ncbi.nlm.nih.gov/geo/samples/GSM5414nnn/GSM5414735/suppl/GSM5414735_204390590162_R07C01_Red.idat.gz"
[1] "Data downloaded successfuly"
[1] "https://ftp.ncbi.nlm.nih.gov/geo/samples/GSM5414nnn/GSM5414736/suppl/GSM5414736_204379110014_R05C01_Grn.idat.gz"
[1] "Data downloaded successfuly"
[1] "https://ftp.ncbi.nlm.nih.gov/geo/samples/GSM5414nnn/GSM5414736/suppl/GSM5414736_204379110014_R05C01_Red.idat.gz"
[1] "Data downloaded successfuly"
[1] "https://ftp.ncbi.nlm.nih.gov/geo/samples/GSM5414nnn/GSM5414737/suppl/GSM5414737_204390590028_R04C01_Grn.idat.gz"
[1] "Data downloaded successfuly"
[1] "https://ftp.ncbi.nlm.nih.gov/geo/samples/GSM5414nnn/GSM5414737/suppl/GSM5414737_204390590028_R04C01_Red.idat.gz"
[1] "Data downloaded successfuly"
[1] "https://ftp.ncbi.nlm.nih.gov/geo/samples/GSM5414nnn/GSM5414738/suppl/GSM5414738_204379060019_R06C01_Grn.idat.gz"
[1] "Data downloaded successfuly"
[1] "https://ftp.ncbi.nlm.nih.gov/geo/samples/GSM5414nnn/GSM5414738/suppl/GSM5414738_204379060019_R06C01_Red.idat.gz"
[1] "Data downloaded successfuly"
[1] "https://ftp.ncbi.nlm.nih.gov/geo/samples/GSM5414nnn/GSM5414739/suppl/GSM5414739_204674440103_R02C01_Grn.idat.gz"
[1] "Data downloaded successfuly"
[1] "https://ftp.ncbi.nlm.nih.gov/geo/samples/GSM5414nnn/GSM5414739/suppl/GSM5414739_204674440103_R02C01_Red.idat.gz"
[1] "Data downloaded successfuly"
[1] "https://ftp.ncbi.nlm.nih.gov/geo/samples/GSM5414nnn/GSM5414740/suppl/GSM5414740_204674440080_R02C01_Grn.idat.gz"
[1] "Data downloaded successfuly"
[1] "https://ftp.ncbi.nlm.nih.gov/geo/samples/GSM5414nnn/GSM5414740/suppl/GSM5414740_204674440080_R02C01_Red.idat.gz"
[1] "Data downloaded successfuly"
[1] "https://ftp.ncbi.nlm.nih.gov/geo/samples/GSM5414nnn/GSM5414741/suppl/GSM5414741_204674430003_R08C01_Grn.idat.gz"
[1] "Data downloaded successfuly"
[1] "https://ftp.ncbi.nlm.nih.gov/geo/samples/GSM5414nnn/GSM5414741/suppl/GSM5414741_204674430003_R08C01_Red.idat.gz"
[1] "Data downloaded successfuly"
[1] "https://ftp.ncbi.nlm.nih.gov/geo/samples/GSM5414nnn/GSM5414742/suppl/GSM5414742_204674440017_R01C01_Grn.idat.gz"
[1] "Data downloaded successfuly"
[1] "https://ftp.ncbi.nlm.nih.gov/geo/samples/GSM5414nnn/GSM5414742/suppl/GSM5414742_204674440017_R01C01_Red.idat.gz"
[1] "Data downloaded successfuly"
[1] "https://ftp.ncbi.nlm.nih.gov/geo/samples/GSM5414nnn/GSM5414743/suppl/GSM5414743_204674440026_R08C01_Grn.idat.gz"
[1] "Data downloaded successfuly"
[1] "https://ftp.ncbi.nlm.nih.gov/geo/samples/GSM5414nnn/GSM5414743/suppl/GSM5414743_204674440026_R08C01_Red.idat.gz"
[1] "Data downloaded successfuly"
[1] "https://ftp.ncbi.nlm.nih.gov/geo/samples/GSM5414nnn/GSM5414744/suppl/GSM5414744_204674430066_R06C01_Grn.idat.gz"
[1] "Data downloaded successfuly"
[1] "https://ftp.ncbi.nlm.nih.gov/geo/samples/GSM5414nnn/GSM5414744/suppl/GSM5414744_204674430066_R06C01_Red.idat.gz"
[1] "Data downloaded successfuly"
[1] "https://ftp.ncbi.nlm.nih.gov/geo/samples/GSM5414nnn/GSM5414745/suppl/GSM5414745_204674440026_R01C01_Grn.idat.gz"
[1] "Data downloaded successfuly"
[1] "https://ftp.ncbi.nlm.nih.gov/geo/samples/GSM5414nnn/GSM5414745/suppl/GSM5414745_204674440026_R01C01_Red.idat.gz"
[1] "Data downloaded successfuly"
[1] "https://ftp.ncbi.nlm.nih.gov/geo/samples/GSM5414nnn/GSM5414746/suppl/GSM5414746_204674440104_R06C01_Grn.idat.gz"
[1] "Data downloaded successfuly"
[1] "https://ftp.ncbi.nlm.nih.gov/geo/samples/GSM5414nnn/GSM5414746/suppl/GSM5414746_204674440104_R06C01_Red.idat.gz"
[1] "Data downloaded successfuly"
[1] "https://ftp.ncbi.nlm.nih.gov/geo/samples/GSM5414nnn/GSM5414747/suppl/GSM5414747_204674440060_R03C01_Grn.idat.gz"
[1] "Data downloaded successfuly"
[1] "https://ftp.ncbi.nlm.nih.gov/geo/samples/GSM5414nnn/GSM5414747/suppl/GSM5414747_204674440060_R03C01_Red.idat.gz"
[1] "Data downloaded successfuly"
[1] "https://ftp.ncbi.nlm.nih.gov/geo/samples/GSM5414nnn/GSM5414748/suppl/GSM5414748_204674440054_R03C01_Grn.idat.gz"
[1] "Data downloaded successfuly"
[1] "https://ftp.ncbi.nlm.nih.gov/geo/samples/GSM5414nnn/GSM5414748/suppl/GSM5414748_204674440054_R03C01_Red.idat.gz"
[1] "Data downloaded successfuly"
[1] "https://ftp.ncbi.nlm.nih.gov/geo/samples/GSM5414nnn/GSM5414749/suppl/GSM5414749_204674430003_R06C01_Grn.idat.gz"
[1] "Data downloaded successfuly"
[1] "https://ftp.ncbi.nlm.nih.gov/geo/samples/GSM5414nnn/GSM5414749/suppl/GSM5414749_204674430003_R06C01_Red.idat.gz"
[1] "Data downloaded successfuly"
[1] "https://ftp.ncbi.nlm.nih.gov/geo/samples/GSM5414nnn/GSM5414750/suppl/GSM5414750_204674430066_R01C01_Grn.idat.gz"
[1] "Data downloaded successfuly"
[1] "https://ftp.ncbi.nlm.nih.gov/geo/samples/GSM5414nnn/GSM5414750/suppl/GSM5414750_204674430066_R01C01_Red.idat.gz"
[1] "Data downloaded successfuly"
[1] "https://ftp.ncbi.nlm.nih.gov/geo/samples/GSM5414nnn/GSM5414751/suppl/GSM5414751_204674430109_R01C01_Grn.idat.gz"
[1] "Data downloaded successfuly"
[1] "https://ftp.ncbi.nlm.nih.gov/geo/samples/GSM5414nnn/GSM5414751/suppl/GSM5414751_204674430109_R01C01_Red.idat.gz"
[1] "Data downloaded successfuly"
[1] "https://ftp.ncbi.nlm.nih.gov/geo/samples/GSM5414nnn/GSM5414752/suppl/GSM5414752_204674440038_R01C01_Grn.idat.gz"
[1] "Data downloaded successfuly"
[1] "https://ftp.ncbi.nlm.nih.gov/geo/samples/GSM5414nnn/GSM5414752/suppl/GSM5414752_204674440038_R01C01_Red.idat.gz"
[1] "Data downloaded successfuly"
[1] "https://ftp.ncbi.nlm.nih.gov/geo/samples/GSM5414nnn/GSM5414753/suppl/GSM5414753_204674440038_R07C01_Grn.idat.gz"
[1] "Data downloaded successfuly"
[1] "https://ftp.ncbi.nlm.nih.gov/geo/samples/GSM5414nnn/GSM5414753/suppl/GSM5414753_204674440038_R07C01_Red.idat.gz"
[1] "Data downloaded successfuly"
[1] "https://ftp.ncbi.nlm.nih.gov/geo/samples/GSM5414nnn/GSM5414754/suppl/GSM5414754_204667550001_R06C01_Grn.idat.gz"
[1] "Data downloaded successfuly"
[1] "https://ftp.ncbi.nlm.nih.gov/geo/samples/GSM5414nnn/GSM5414754/suppl/GSM5414754_204667550001_R06C01_Red.idat.gz"
[1] "Data downloaded successfuly"
[1] "https://ftp.ncbi.nlm.nih.gov/geo/samples/GSM5414nnn/GSM5414755/suppl/GSM5414755_204674440114_R01C01_Grn.idat.gz"
[1] "Data downloaded successfuly"
[1] "https://ftp.ncbi.nlm.nih.gov/geo/samples/GSM5414nnn/GSM5414755/suppl/GSM5414755_204674440114_R01C01_Red.idat.gz"
[1] "Data downloaded successfuly"
[1] "https://ftp.ncbi.nlm.nih.gov/geo/samples/GSM5414nnn/GSM5414756/suppl/GSM5414756_204674440104_R05C01_Grn.idat.gz"
[1] "Data downloaded successfuly"
[1] "https://ftp.ncbi.nlm.nih.gov/geo/samples/GSM5414nnn/GSM5414756/suppl/GSM5414756_204674440104_R05C01_Red.idat.gz"
[1] "Data downloaded successfuly"
[1] "https://ftp.ncbi.nlm.nih.gov/geo/samples/GSM5414nnn/GSM5414757/suppl/GSM5414757_204674430032_R03C01_Grn.idat.gz"
[1] "Data downloaded successfuly"
[1] "https://ftp.ncbi.nlm.nih.gov/geo/samples/GSM5414nnn/GSM5414757/suppl/GSM5414757_204674430032_R03C01_Red.idat.gz"
[1] "Data downloaded successfuly"
[1] "https://ftp.ncbi.nlm.nih.gov/geo/samples/GSM5414nnn/GSM5414758/suppl/GSM5414758_204674430066_R05C01_Grn.idat.gz"
[1] "Data downloaded successfuly"
[1] "https://ftp.ncbi.nlm.nih.gov/geo/samples/GSM5414nnn/GSM5414758/suppl/GSM5414758_204674430066_R05C01_Red.idat.gz"
[1] "Data downloaded successfuly"
[1] "https://ftp.ncbi.nlm.nih.gov/geo/samples/GSM5414nnn/GSM5414759/suppl/GSM5414759_204674440104_R02C01_Grn.idat.gz"
[1] "Data downloaded successfuly"
[1] "https://ftp.ncbi.nlm.nih.gov/geo/samples/GSM5414nnn/GSM5414759/suppl/GSM5414759_204674440104_R02C01_Red.idat.gz"
[1] "Data downloaded successfuly"
[1] "https://ftp.ncbi.nlm.nih.gov/geo/samples/GSM5414nnn/GSM5414760/suppl/GSM5414760_204667550003_R08C01_Grn.idat.gz"
[1] "Data downloaded successfuly"
[1] "https://ftp.ncbi.nlm.nih.gov/geo/samples/GSM5414nnn/GSM5414760/suppl/GSM5414760_204667550003_R08C01_Red.idat.gz"
[1] "Data downloaded successfuly"
[1] "https://ftp.ncbi.nlm.nih.gov/geo/samples/GSM5414nnn/GSM5414761/suppl/GSM5414761_204667550036_R08C01_Grn.idat.gz"
[1] "Data downloaded successfuly"
[1] "https://ftp.ncbi.nlm.nih.gov/geo/samples/GSM5414nnn/GSM5414761/suppl/GSM5414761_204667550036_R08C01_Red.idat.gz"
[1] "Data downloaded successfuly"
[1] "https://ftp.ncbi.nlm.nih.gov/geo/samples/GSM5414nnn/GSM5414762/suppl/GSM5414762_204667550089_R04C01_Grn.idat.gz"
[1] "Data downloaded successfuly"
[1] "https://ftp.ncbi.nlm.nih.gov/geo/samples/GSM5414nnn/GSM5414762/suppl/GSM5414762_204667550089_R04C01_Red.idat.gz"
[1] "Data downloaded successfuly"
[1] "https://ftp.ncbi.nlm.nih.gov/geo/samples/GSM5414nnn/GSM5414763/suppl/GSM5414763_204674440115_R03C01_Grn.idat.gz"
[1] "Data downloaded successfuly"
[1] "https://ftp.ncbi.nlm.nih.gov/geo/samples/GSM5414nnn/GSM5414763/suppl/GSM5414763_204674440115_R03C01_Red.idat.gz"
[1] "Data downloaded successfuly"
[1] "https://ftp.ncbi.nlm.nih.gov/geo/samples/GSM5414nnn/GSM5414764/suppl/GSM5414764_204674430109_R04C01_Grn.idat.gz"
[1] "Data downloaded successfuly"
[1] "https://ftp.ncbi.nlm.nih.gov/geo/samples/GSM5414nnn/GSM5414764/suppl/GSM5414764_204674430109_R04C01_Red.idat.gz"
[1] "Data downloaded successfuly"
[1] "https://ftp.ncbi.nlm.nih.gov/geo/samples/GSM5414nnn/GSM5414765/suppl/GSM5414765_204667550003_R04C01_Grn.idat.gz"
[1] "Data downloaded successfuly"
[1] "https://ftp.ncbi.nlm.nih.gov/geo/samples/GSM5414nnn/GSM5414765/suppl/GSM5414765_204667550003_R04C01_Red.idat.gz"
[1] "Data downloaded successfuly"
[1] "https://ftp.ncbi.nlm.nih.gov/geo/samples/GSM5414nnn/GSM5414766/suppl/GSM5414766_204674440054_R04C01_Grn.idat.gz"
[1] "Data downloaded successfuly"
[1] "https://ftp.ncbi.nlm.nih.gov/geo/samples/GSM5414nnn/GSM5414766/suppl/GSM5414766_204674440054_R04C01_Red.idat.gz"
[1] "Data downloaded successfuly"
[1] "https://ftp.ncbi.nlm.nih.gov/geo/samples/GSM5414nnn/GSM5414767/suppl/GSM5414767_204674440060_R01C01_Grn.idat.gz"
[1] "Data downloaded successfuly"
[1] "https://ftp.ncbi.nlm.nih.gov/geo/samples/GSM5414nnn/GSM5414767/suppl/GSM5414767_204674440060_R01C01_Red.idat.gz"
[1] "Data downloaded successfuly"
[1] "https://ftp.ncbi.nlm.nih.gov/geo/samples/GSM5414nnn/GSM5414768/suppl/GSM5414768_204674430021_R03C01_Grn.idat.gz"
[1] "Data downloaded successfuly"
[1] "https://ftp.ncbi.nlm.nih.gov/geo/samples/GSM5414nnn/GSM5414768/suppl/GSM5414768_204674430021_R03C01_Red.idat.gz"
[1] "Data downloaded successfuly"
[1] "https://ftp.ncbi.nlm.nih.gov/geo/samples/GSM5414nnn/GSM5414769/suppl/GSM5414769_204674430032_R08C01_Grn.idat.gz"
[1] "Data downloaded successfuly"
[1] "https://ftp.ncbi.nlm.nih.gov/geo/samples/GSM5414nnn/GSM5414769/suppl/GSM5414769_204674430032_R08C01_Red.idat.gz"
[1] "Data downloaded successfuly"
[1] "https://ftp.ncbi.nlm.nih.gov/geo/samples/GSM5414nnn/GSM5414770/suppl/GSM5414770_204667550036_R03C01_Grn.idat.gz"
[1] "Data downloaded successfuly"
[1] "https://ftp.ncbi.nlm.nih.gov/geo/samples/GSM5414nnn/GSM5414770/suppl/GSM5414770_204667550036_R03C01_Red.idat.gz"
[1] "Data downloaded successfuly"
[1] "https://ftp.ncbi.nlm.nih.gov/geo/samples/GSM5414nnn/GSM5414771/suppl/GSM5414771_204674440104_R04C01_Grn.idat.gz"
[1] "Data downloaded successfuly"
[1] "https://ftp.ncbi.nlm.nih.gov/geo/samples/GSM5414nnn/GSM5414771/suppl/GSM5414771_204674440104_R04C01_Red.idat.gz"
[1] "Data downloaded successfuly"
[1] "https://ftp.ncbi.nlm.nih.gov/geo/samples/GSM5414nnn/GSM5414772/suppl/GSM5414772_204674430032_R06C01_Grn.idat.gz"
[1] "Data downloaded successfuly"
[1] "https://ftp.ncbi.nlm.nih.gov/geo/samples/GSM5414nnn/GSM5414772/suppl/GSM5414772_204674430032_R06C01_Red.idat.gz"
[1] "Data downloaded successfuly"
[1] "https://ftp.ncbi.nlm.nih.gov/geo/samples/GSM5414nnn/GSM5414773/suppl/GSM5414773_204674440026_R03C01_Grn.idat.gz"
[1] "Data downloaded successfuly"
[1] "https://ftp.ncbi.nlm.nih.gov/geo/samples/GSM5414nnn/GSM5414773/suppl/GSM5414773_204674440026_R03C01_Red.idat.gz"
[1] "Data downloaded successfuly"
[1] "https://ftp.ncbi.nlm.nih.gov/geo/samples/GSM5414nnn/GSM5414774/suppl/GSM5414774_204667550001_R05C01_Grn.idat.gz"
[1] "Data downloaded successfuly"
[1] "https://ftp.ncbi.nlm.nih.gov/geo/samples/GSM5414nnn/GSM5414774/suppl/GSM5414774_204667550001_R05C01_Red.idat.gz"
[1] "Data downloaded successfuly"
[1] "https://ftp.ncbi.nlm.nih.gov/geo/samples/GSM5414nnn/GSM5414775/suppl/GSM5414775_204674440080_R05C01_Grn.idat.gz"
[1] "Data downloaded successfuly"
[1] "https://ftp.ncbi.nlm.nih.gov/geo/samples/GSM5414nnn/GSM5414775/suppl/GSM5414775_204674440080_R05C01_Red.idat.gz"
[1] "Data downloaded successfuly"
[1] "https://ftp.ncbi.nlm.nih.gov/geo/samples/GSM5414nnn/GSM5414776/suppl/GSM5414776_204674430032_R07C01_Grn.idat.gz"
[1] "Data downloaded successfuly"
[1] "https://ftp.ncbi.nlm.nih.gov/geo/samples/GSM5414nnn/GSM5414776/suppl/GSM5414776_204674430032_R07C01_Red.idat.gz"
[1] "Data downloaded successfuly"
[1] "https://ftp.ncbi.nlm.nih.gov/geo/samples/GSM5414nnn/GSM5414777/suppl/GSM5414777_204667550036_R04C01_Grn.idat.gz"
[1] "Data downloaded successfuly"
[1] "https://ftp.ncbi.nlm.nih.gov/geo/samples/GSM5414nnn/GSM5414777/suppl/GSM5414777_204667550036_R04C01_Red.idat.gz"
[1] "Data downloaded successfuly"
[1] "https://ftp.ncbi.nlm.nih.gov/geo/samples/GSM5414nnn/GSM5414778/suppl/GSM5414778_204674430003_R04C01_Grn.idat.gz"
[1] "Data downloaded successfuly"
[1] "https://ftp.ncbi.nlm.nih.gov/geo/samples/GSM5414nnn/GSM5414778/suppl/GSM5414778_204674430003_R04C01_Red.idat.gz"
[1] "Data downloaded successfuly"
[1] "https://ftp.ncbi.nlm.nih.gov/geo/samples/GSM5414nnn/GSM5414779/suppl/GSM5414779_204674440017_R05C01_Grn.idat.gz"
[1] "Data downloaded successfuly"
[1] "https://ftp.ncbi.nlm.nih.gov/geo/samples/GSM5414nnn/GSM5414779/suppl/GSM5414779_204674440017_R05C01_Red.idat.gz"
[1] "Data downloaded successfuly"
[1] "https://ftp.ncbi.nlm.nih.gov/geo/samples/GSM5414nnn/GSM5414780/suppl/GSM5414780_204674440060_R07C01_Grn.idat.gz"
[1] "Data downloaded successfuly"
[1] "https://ftp.ncbi.nlm.nih.gov/geo/samples/GSM5414nnn/GSM5414780/suppl/GSM5414780_204674440060_R07C01_Red.idat.gz"
[1] "Data downloaded successfuly"
[1] "https://ftp.ncbi.nlm.nih.gov/geo/samples/GSM5414nnn/GSM5414781/suppl/GSM5414781_204667550036_R05C01_Grn.idat.gz"
[1] "Data downloaded successfuly"
[1] "https://ftp.ncbi.nlm.nih.gov/geo/samples/GSM5414nnn/GSM5414781/suppl/GSM5414781_204667550036_R05C01_Red.idat.gz"
[1] "Data downloaded successfuly"
[1] "https://ftp.ncbi.nlm.nih.gov/geo/samples/GSM5414nnn/GSM5414782/suppl/GSM5414782_204674440054_R01C01_Grn.idat.gz"
[1] "Data downloaded successfuly"
[1] "https://ftp.ncbi.nlm.nih.gov/geo/samples/GSM5414nnn/GSM5414782/suppl/GSM5414782_204674440054_R01C01_Red.idat.gz"
[1] "Data downloaded successfuly"
[1] "https://ftp.ncbi.nlm.nih.gov/geo/samples/GSM5414nnn/GSM5414783/suppl/GSM5414783_204667550001_R03C01_Grn.idat.gz"
[1] "Data downloaded successfuly"
[1] "https://ftp.ncbi.nlm.nih.gov/geo/samples/GSM5414nnn/GSM5414783/suppl/GSM5414783_204667550001_R03C01_Red.idat.gz"
[1] "Data downloaded successfuly"
[1] "https://ftp.ncbi.nlm.nih.gov/geo/samples/GSM5414nnn/GSM5414784/suppl/GSM5414784_204674440021_R01C01_Grn.idat.gz"
[1] "Data downloaded successfuly"
[1] "https://ftp.ncbi.nlm.nih.gov/geo/samples/GSM5414nnn/GSM5414784/suppl/GSM5414784_204674440021_R01C01_Red.idat.gz"
[1] "Data downloaded successfuly"
[1] "https://ftp.ncbi.nlm.nih.gov/geo/samples/GSM5414nnn/GSM5414785/suppl/GSM5414785_204674440114_R08C01_Grn.idat.gz"
[1] "Data downloaded successfuly"
[1] "https://ftp.ncbi.nlm.nih.gov/geo/samples/GSM5414nnn/GSM5414785/suppl/GSM5414785_204674440114_R08C01_Red.idat.gz"
[1] "Data downloaded successfuly"
[1] "https://ftp.ncbi.nlm.nih.gov/geo/samples/GSM5414nnn/GSM5414786/suppl/GSM5414786_204674430066_R03C01_Grn.idat.gz"
[1] "Data downloaded successfuly"
[1] "https://ftp.ncbi.nlm.nih.gov/geo/samples/GSM5414nnn/GSM5414786/suppl/GSM5414786_204674430066_R03C01_Red.idat.gz"
[1] "Data downloaded successfuly"
[1] "https://ftp.ncbi.nlm.nih.gov/geo/samples/GSM5414nnn/GSM5414787/suppl/GSM5414787_204674440080_R08C01_Grn.idat.gz"
[1] "Data downloaded successfuly"
[1] "https://ftp.ncbi.nlm.nih.gov/geo/samples/GSM5414nnn/GSM5414787/suppl/GSM5414787_204674440080_R08C01_Red.idat.gz"
[1] "Data downloaded successfuly"
[1] "https://ftp.ncbi.nlm.nih.gov/geo/samples/GSM5414nnn/GSM5414788/suppl/GSM5414788_204674430003_R07C01_Grn.idat.gz"
[1] "Data downloaded successfuly"
[1] "https://ftp.ncbi.nlm.nih.gov/geo/samples/GSM5414nnn/GSM5414788/suppl/GSM5414788_204674430003_R07C01_Red.idat.gz"
[1] "Data downloaded successfuly"
[1] "https://ftp.ncbi.nlm.nih.gov/geo/samples/GSM5414nnn/GSM5414789/suppl/GSM5414789_204674440080_R07C01_Grn.idat.gz"
[1] "Data downloaded successfuly"
[1] "https://ftp.ncbi.nlm.nih.gov/geo/samples/GSM5414nnn/GSM5414789/suppl/GSM5414789_204674440080_R07C01_Red.idat.gz"
[1] "Data downloaded successfuly"
[1] "https://ftp.ncbi.nlm.nih.gov/geo/samples/GSM5414nnn/GSM5414790/suppl/GSM5414790_204674440021_R06C01_Grn.idat.gz"
[1] "Data downloaded successfuly"
[1] "https://ftp.ncbi.nlm.nih.gov/geo/samples/GSM5414nnn/GSM5414790/suppl/GSM5414790_204674440021_R06C01_Red.idat.gz"
[1] "Data downloaded successfuly"
[1] "https://ftp.ncbi.nlm.nih.gov/geo/samples/GSM5414nnn/GSM5414791/suppl/GSM5414791_204674440026_R07C01_Grn.idat.gz"
[1] "Data downloaded successfuly"
[1] "https://ftp.ncbi.nlm.nih.gov/geo/samples/GSM5414nnn/GSM5414791/suppl/GSM5414791_204674440026_R07C01_Red.idat.gz"
[1] "Data downloaded successfuly"
[1] "https://ftp.ncbi.nlm.nih.gov/geo/samples/GSM5414nnn/GSM5414792/suppl/GSM5414792_204674440026_R02C01_Grn.idat.gz"
[1] "Data downloaded successfuly"
[1] "https://ftp.ncbi.nlm.nih.gov/geo/samples/GSM5414nnn/GSM5414792/suppl/GSM5414792_204674440026_R02C01_Red.idat.gz"
[1] "Data downloaded successfuly"
[1] "https://ftp.ncbi.nlm.nih.gov/geo/samples/GSM5414nnn/GSM5414793/suppl/GSM5414793_204674440080_R01C01_Grn.idat.gz"
[1] "Data downloaded successfuly"
[1] "https://ftp.ncbi.nlm.nih.gov/geo/samples/GSM5414nnn/GSM5414793/suppl/GSM5414793_204674440080_R01C01_Red.idat.gz"
[1] "Data downloaded successfuly"
[1] "https://ftp.ncbi.nlm.nih.gov/geo/samples/GSM5414nnn/GSM5414794/suppl/GSM5414794_204667550089_R07C01_Grn.idat.gz"
[1] "Data downloaded successfuly"
[1] "https://ftp.ncbi.nlm.nih.gov/geo/samples/GSM5414nnn/GSM5414794/suppl/GSM5414794_204667550089_R07C01_Red.idat.gz"
[1] "Data downloaded successfuly"
[1] "https://ftp.ncbi.nlm.nih.gov/geo/samples/GSM5414nnn/GSM5414795/suppl/GSM5414795_204667550089_R06C01_Grn.idat.gz"
[1] "Data downloaded successfuly"
[1] "https://ftp.ncbi.nlm.nih.gov/geo/samples/GSM5414nnn/GSM5414795/suppl/GSM5414795_204667550089_R06C01_Red.idat.gz"
[1] "Data downloaded successfuly"
[1] "https://ftp.ncbi.nlm.nih.gov/geo/samples/GSM5414nnn/GSM5414796/suppl/GSM5414796_204674440060_R02C01_Grn.idat.gz"
[1] "Data downloaded successfuly"
[1] "https://ftp.ncbi.nlm.nih.gov/geo/samples/GSM5414nnn/GSM5414796/suppl/GSM5414796_204674440060_R02C01_Red.idat.gz"
[1] "Data downloaded successfuly"
[1] "https://ftp.ncbi.nlm.nih.gov/geo/samples/GSM5414nnn/GSM5414797/suppl/GSM5414797_204667550089_R05C01_Grn.idat.gz"
[1] "Data downloaded successfuly"
[1] "https://ftp.ncbi.nlm.nih.gov/geo/samples/GSM5414nnn/GSM5414797/suppl/GSM5414797_204667550089_R05C01_Red.idat.gz"
[1] "Data downloaded successfuly"
[1] "https://ftp.ncbi.nlm.nih.gov/geo/samples/GSM5414nnn/GSM5414798/suppl/GSM5414798_204674440021_R03C01_Grn.idat.gz"
[1] "Data downloaded successfuly"
[1] "https://ftp.ncbi.nlm.nih.gov/geo/samples/GSM5414nnn/GSM5414798/suppl/GSM5414798_204674440021_R03C01_Red.idat.gz"
[1] "Data downloaded successfuly"
[1] "https://ftp.ncbi.nlm.nih.gov/geo/samples/GSM5414nnn/GSM5414799/suppl/GSM5414799_204667550001_R04C01_Grn.idat.gz"
[1] "Data downloaded successfuly"
[1] "https://ftp.ncbi.nlm.nih.gov/geo/samples/GSM5414nnn/GSM5414799/suppl/GSM5414799_204667550001_R04C01_Red.idat.gz"
[1] "Data downloaded successfuly"
[1] "https://ftp.ncbi.nlm.nih.gov/geo/samples/GSM5414nnn/GSM5414800/suppl/GSM5414800_204674440026_R05C01_Grn.idat.gz"
[1] "Data downloaded successfuly"
[1] "https://ftp.ncbi.nlm.nih.gov/geo/samples/GSM5414nnn/GSM5414800/suppl/GSM5414800_204674440026_R05C01_Red.idat.gz"
[1] "Data downloaded successfuly"
[1] "https://ftp.ncbi.nlm.nih.gov/geo/samples/GSM5414nnn/GSM5414801/suppl/GSM5414801_204667550089_R03C01_Grn.idat.gz"
[1] "Data downloaded successfuly"
[1] "https://ftp.ncbi.nlm.nih.gov/geo/samples/GSM5414nnn/GSM5414801/suppl/GSM5414801_204667550089_R03C01_Red.idat.gz"
[1] "Data downloaded successfuly"
[1] "https://ftp.ncbi.nlm.nih.gov/geo/samples/GSM5414nnn/GSM5414802/suppl/GSM5414802_204674440115_R08C01_Grn.idat.gz"
[1] "Data downloaded successfuly"
[1] "https://ftp.ncbi.nlm.nih.gov/geo/samples/GSM5414nnn/GSM5414802/suppl/GSM5414802_204674440115_R08C01_Red.idat.gz"
[1] "Data downloaded successfuly"
[1] "https://ftp.ncbi.nlm.nih.gov/geo/samples/GSM5414nnn/GSM5414803/suppl/GSM5414803_204674440080_R06C01_Grn.idat.gz"
[1] "Data downloaded successfuly"
[1] "https://ftp.ncbi.nlm.nih.gov/geo/samples/GSM5414nnn/GSM5414803/suppl/GSM5414803_204674440080_R06C01_Red.idat.gz"
[1] "Data downloaded successfuly"
[1] "https://ftp.ncbi.nlm.nih.gov/geo/samples/GSM5414nnn/GSM5414804/suppl/GSM5414804_204674430032_R01C01_Grn.idat.gz"
[1] "Data downloaded successfuly"
[1] "https://ftp.ncbi.nlm.nih.gov/geo/samples/GSM5414nnn/GSM5414804/suppl/GSM5414804_204674430032_R01C01_Red.idat.gz"
[1] "Data downloaded successfuly"
[1] "https://ftp.ncbi.nlm.nih.gov/geo/samples/GSM5414nnn/GSM5414805/suppl/GSM5414805_204674430109_R02C01_Grn.idat.gz"
[1] "Data downloaded successfuly"
[1] "https://ftp.ncbi.nlm.nih.gov/geo/samples/GSM5414nnn/GSM5414805/suppl/GSM5414805_204674430109_R02C01_Red.idat.gz"
[1] "Data downloaded successfuly"
[1] "https://ftp.ncbi.nlm.nih.gov/geo/samples/GSM5414nnn/GSM5414806/suppl/GSM5414806_204674440054_R06C01_Grn.idat.gz"
[1] "Data downloaded successfuly"
[1] "https://ftp.ncbi.nlm.nih.gov/geo/samples/GSM5414nnn/GSM5414806/suppl/GSM5414806_204674440054_R06C01_Red.idat.gz"
[1] "Data downloaded successfuly"
[1] "https://ftp.ncbi.nlm.nih.gov/geo/samples/GSM5414nnn/GSM5414807/suppl/GSM5414807_204674440115_R05C01_Grn.idat.gz"
[1] "Data downloaded successfuly"
[1] "https://ftp.ncbi.nlm.nih.gov/geo/samples/GSM5414nnn/GSM5414807/suppl/GSM5414807_204674440115_R05C01_Red.idat.gz"
[1] "Data downloaded successfuly"
[1] "https://ftp.ncbi.nlm.nih.gov/geo/samples/GSM5414nnn/GSM5414808/suppl/GSM5414808_204674440114_R02C01_Grn.idat.gz"
[1] "Data downloaded successfuly"
[1] "https://ftp.ncbi.nlm.nih.gov/geo/samples/GSM5414nnn/GSM5414808/suppl/GSM5414808_204674440114_R02C01_Red.idat.gz"
[1] "Data downloaded successfuly"
[1] "https://ftp.ncbi.nlm.nih.gov/geo/samples/GSM5414nnn/GSM5414809/suppl/GSM5414809_204674440115_R07C01_Grn.idat.gz"
[1] "Data downloaded successfuly"
[1] "https://ftp.ncbi.nlm.nih.gov/geo/samples/GSM5414nnn/GSM5414809/suppl/GSM5414809_204674440115_R07C01_Red.idat.gz"
[1] "Data downloaded successfuly"
[1] "https://ftp.ncbi.nlm.nih.gov/geo/samples/GSM5414nnn/GSM5414810/suppl/GSM5414810_204674430066_R02C01_Grn.idat.gz"
[1] "Data downloaded successfuly"
[1] "https://ftp.ncbi.nlm.nih.gov/geo/samples/GSM5414nnn/GSM5414810/suppl/GSM5414810_204674430066_R02C01_Red.idat.gz"
[1] "Data downloaded successfuly"
[1] "https://ftp.ncbi.nlm.nih.gov/geo/samples/GSM5414nnn/GSM5414811/suppl/GSM5414811_204674440104_R01C01_Grn.idat.gz"
[1] "Data downloaded successfuly"
[1] "https://ftp.ncbi.nlm.nih.gov/geo/samples/GSM5414nnn/GSM5414811/suppl/GSM5414811_204674440104_R01C01_Red.idat.gz"
[1] "Data downloaded successfuly"
[1] "https://ftp.ncbi.nlm.nih.gov/geo/samples/GSM5414nnn/GSM5414812/suppl/GSM5414812_204667550089_R01C01_Grn.idat.gz"
[1] "Data downloaded successfuly"
[1] "https://ftp.ncbi.nlm.nih.gov/geo/samples/GSM5414nnn/GSM5414812/suppl/GSM5414812_204667550089_R01C01_Red.idat.gz"
[1] "Data downloaded successfuly"
[1] "https://ftp.ncbi.nlm.nih.gov/geo/samples/GSM5414nnn/GSM5414813/suppl/GSM5414813_204674440017_R03C01_Grn.idat.gz"
[1] "Data downloaded successfuly"
[1] "https://ftp.ncbi.nlm.nih.gov/geo/samples/GSM5414nnn/GSM5414813/suppl/GSM5414813_204674440017_R03C01_Red.idat.gz"
[1] "Data downloaded successfuly"
[1] "https://ftp.ncbi.nlm.nih.gov/geo/samples/GSM5414nnn/GSM5414814/suppl/GSM5414814_204674430109_R05C01_Grn.idat.gz"
[1] "Data downloaded successfuly"
[1] "https://ftp.ncbi.nlm.nih.gov/geo/samples/GSM5414nnn/GSM5414814/suppl/GSM5414814_204674430109_R05C01_Red.idat.gz"
[1] "Data downloaded successfuly"
[1] "https://ftp.ncbi.nlm.nih.gov/geo/samples/GSM5414nnn/GSM5414815/suppl/GSM5414815_204674430032_R04C01_Grn.idat.gz"
[1] "Data downloaded successfuly"
[1] "https://ftp.ncbi.nlm.nih.gov/geo/samples/GSM5414nnn/GSM5414815/suppl/GSM5414815_204674430032_R04C01_Red.idat.gz"
[1] "Data downloaded successfuly"
[1] "https://ftp.ncbi.nlm.nih.gov/geo/samples/GSM5414nnn/GSM5414816/suppl/GSM5414816_204674430021_R06C01_Grn.idat.gz"
[1] "Data downloaded successfuly"
[1] "https://ftp.ncbi.nlm.nih.gov/geo/samples/GSM5414nnn/GSM5414816/suppl/GSM5414816_204674430021_R06C01_Red.idat.gz"
[1] "Data downloaded successfuly"
[1] "https://ftp.ncbi.nlm.nih.gov/geo/samples/GSM5414nnn/GSM5414817/suppl/GSM5414817_204674440093_R06C01_Grn.idat.gz"
[1] "Data downloaded successfuly"
[1] "https://ftp.ncbi.nlm.nih.gov/geo/samples/GSM5414nnn/GSM5414817/suppl/GSM5414817_204674440093_R06C01_Red.idat.gz"
[1] "Data downloaded successfuly"
[1] "https://ftp.ncbi.nlm.nih.gov/geo/samples/GSM5414nnn/GSM5414818/suppl/GSM5414818_204674430003_R05C01_Grn.idat.gz"
[1] "Data downloaded successfuly"
[1] "https://ftp.ncbi.nlm.nih.gov/geo/samples/GSM5414nnn/GSM5414818/suppl/GSM5414818_204674430003_R05C01_Red.idat.gz"
[1] "Data downloaded successfuly"
[1] "https://ftp.ncbi.nlm.nih.gov/geo/samples/GSM5414nnn/GSM5414819/suppl/GSM5414819_204674440093_R08C01_Grn.idat.gz"
[1] "Data downloaded successfuly"
[1] "https://ftp.ncbi.nlm.nih.gov/geo/samples/GSM5414nnn/GSM5414819/suppl/GSM5414819_204674440093_R08C01_Red.idat.gz"
[1] "Data downloaded successfuly"
[1] "https://ftp.ncbi.nlm.nih.gov/geo/samples/GSM5414nnn/GSM5414820/suppl/GSM5414820_204674430021_R01C01_Grn.idat.gz"
[1] "Data downloaded successfuly"
[1] "https://ftp.ncbi.nlm.nih.gov/geo/samples/GSM5414nnn/GSM5414820/suppl/GSM5414820_204674430021_R01C01_Red.idat.gz"
[1] "Data downloaded successfuly"
[1] "https://ftp.ncbi.nlm.nih.gov/geo/samples/GSM5414nnn/GSM5414821/suppl/GSM5414821_204674440038_R02C01_Grn.idat.gz"
[1] "Data downloaded successfuly"
[1] "https://ftp.ncbi.nlm.nih.gov/geo/samples/GSM5414nnn/GSM5414821/suppl/GSM5414821_204674440038_R02C01_Red.idat.gz"
[1] "Data downloaded successfuly"
[1] "https://ftp.ncbi.nlm.nih.gov/geo/samples/GSM5414nnn/GSM5414822/suppl/GSM5414822_204667550036_R02C01_Grn.idat.gz"
[1] "Data downloaded successfuly"
[1] "https://ftp.ncbi.nlm.nih.gov/geo/samples/GSM5414nnn/GSM5414822/suppl/GSM5414822_204667550036_R02C01_Red.idat.gz"
[1] "Data downloaded successfuly"
[1] "https://ftp.ncbi.nlm.nih.gov/geo/samples/GSM5414nnn/GSM5414823/suppl/GSM5414823_204674430021_R07C01_Grn.idat.gz"
[1] "Data downloaded successfuly"
[1] "https://ftp.ncbi.nlm.nih.gov/geo/samples/GSM5414nnn/GSM5414823/suppl/GSM5414823_204674430021_R07C01_Red.idat.gz"
[1] "Data downloaded successfuly"
[1] "https://ftp.ncbi.nlm.nih.gov/geo/samples/GSM5414nnn/GSM5414824/suppl/GSM5414824_204674440114_R03C01_Grn.idat.gz"
[1] "Data downloaded successfuly"
[1] "https://ftp.ncbi.nlm.nih.gov/geo/samples/GSM5414nnn/GSM5414824/suppl/GSM5414824_204674440114_R03C01_Red.idat.gz"
[1] "Data downloaded successfuly"
[1] "https://ftp.ncbi.nlm.nih.gov/geo/samples/GSM5414nnn/GSM5414825/suppl/GSM5414825_204674440093_R01C01_Grn.idat.gz"
[1] "Data downloaded successfuly"
[1] "https://ftp.ncbi.nlm.nih.gov/geo/samples/GSM5414nnn/GSM5414825/suppl/GSM5414825_204674440093_R01C01_Red.idat.gz"
[1] "Data downloaded successfuly"
[1] "https://ftp.ncbi.nlm.nih.gov/geo/samples/GSM5414nnn/GSM5414826/suppl/GSM5414826_204674440104_R03C01_Grn.idat.gz"
[1] "Data downloaded successfuly"
[1] "https://ftp.ncbi.nlm.nih.gov/geo/samples/GSM5414nnn/GSM5414826/suppl/GSM5414826_204674440104_R03C01_Red.idat.gz"
[1] "Data downloaded successfuly"
[1] "https://ftp.ncbi.nlm.nih.gov/geo/samples/GSM5414nnn/GSM5414827/suppl/GSM5414827_204674440060_R08C01_Grn.idat.gz"
[1] "Data downloaded successfuly"
[1] "https://ftp.ncbi.nlm.nih.gov/geo/samples/GSM5414nnn/GSM5414827/suppl/GSM5414827_204674440060_R08C01_Red.idat.gz"
[1] "Data downloaded successfuly"
[1] "https://ftp.ncbi.nlm.nih.gov/geo/samples/GSM5414nnn/GSM5414828/suppl/GSM5414828_204674440021_R02C01_Grn.idat.gz"
[1] "Data downloaded successfuly"
[1] "https://ftp.ncbi.nlm.nih.gov/geo/samples/GSM5414nnn/GSM5414828/suppl/GSM5414828_204674440021_R02C01_Red.idat.gz"
[1] "Data downloaded successfuly"
[1] "https://ftp.ncbi.nlm.nih.gov/geo/samples/GSM5414nnn/GSM5414829/suppl/GSM5414829_204674430109_R08C01_Grn.idat.gz"
[1] "Data downloaded successfuly"
[1] "https://ftp.ncbi.nlm.nih.gov/geo/samples/GSM5414nnn/GSM5414829/suppl/GSM5414829_204674430109_R08C01_Red.idat.gz"
[1] "Data downloaded successfuly"
[1] "https://ftp.ncbi.nlm.nih.gov/geo/samples/GSM5414nnn/GSM5414830/suppl/GSM5414830_204674440038_R05C01_Grn.idat.gz"
[1] "Data downloaded successfuly"
[1] "https://ftp.ncbi.nlm.nih.gov/geo/samples/GSM5414nnn/GSM5414830/suppl/GSM5414830_204674440038_R05C01_Red.idat.gz"
[1] "Data downloaded successfuly"
[1] "https://ftp.ncbi.nlm.nih.gov/geo/samples/GSM5414nnn/GSM5414831/suppl/GSM5414831_204674440080_R04C01_Grn.idat.gz"
[1] "Data downloaded successfuly"
[1] "https://ftp.ncbi.nlm.nih.gov/geo/samples/GSM5414nnn/GSM5414831/suppl/GSM5414831_204674440080_R04C01_Red.idat.gz"
[1] "Data downloaded successfuly"
[1] "https://ftp.ncbi.nlm.nih.gov/geo/samples/GSM5414nnn/GSM5414832/suppl/GSM5414832_204674440038_R03C01_Grn.idat.gz"
[1] "Data downloaded successfuly"
[1] "https://ftp.ncbi.nlm.nih.gov/geo/samples/GSM5414nnn/GSM5414832/suppl/GSM5414832_204674440038_R03C01_Red.idat.gz"
[1] "Data downloaded successfuly"
[1] "https://ftp.ncbi.nlm.nih.gov/geo/samples/GSM5414nnn/GSM5414833/suppl/GSM5414833_204674430003_R02C01_Grn.idat.gz"
[1] "Data downloaded successfuly"
[1] "https://ftp.ncbi.nlm.nih.gov/geo/samples/GSM5414nnn/GSM5414833/suppl/GSM5414833_204674430003_R02C01_Red.idat.gz"
[1] "Data downloaded successfuly"
[1] "https://ftp.ncbi.nlm.nih.gov/geo/samples/GSM5414nnn/GSM5414834/suppl/GSM5414834_204674440054_R08C01_Grn.idat.gz"
[1] "Data downloaded successfuly"
[1] "https://ftp.ncbi.nlm.nih.gov/geo/samples/GSM5414nnn/GSM5414834/suppl/GSM5414834_204674440054_R08C01_Red.idat.gz"
[1] "Data downloaded successfuly"
[1] "https://ftp.ncbi.nlm.nih.gov/geo/samples/GSM5414nnn/GSM5414835/suppl/GSM5414835_204674440093_R05C01_Grn.idat.gz"
[1] "Data downloaded successfuly"
[1] "https://ftp.ncbi.nlm.nih.gov/geo/samples/GSM5414nnn/GSM5414835/suppl/GSM5414835_204674440093_R05C01_Red.idat.gz"
[1] "Data downloaded successfuly"
[1] "https://ftp.ncbi.nlm.nih.gov/geo/samples/GSM5414nnn/GSM5414836/suppl/GSM5414836_204674440021_R07C01_Grn.idat.gz"
[1] "Data downloaded successfuly"
[1] "https://ftp.ncbi.nlm.nih.gov/geo/samples/GSM5414nnn/GSM5414836/suppl/GSM5414836_204674440021_R07C01_Red.idat.gz"
[1] "Data downloaded successfuly"
[1] "https://ftp.ncbi.nlm.nih.gov/geo/samples/GSM5414nnn/GSM5414837/suppl/GSM5414837_204667550003_R03C01_Grn.idat.gz"
[1] "Data downloaded successfuly"
[1] "https://ftp.ncbi.nlm.nih.gov/geo/samples/GSM5414nnn/GSM5414837/suppl/GSM5414837_204667550003_R03C01_Red.idat.gz"
[1] "Data downloaded successfuly"
[1] "https://ftp.ncbi.nlm.nih.gov/geo/samples/GSM5414nnn/GSM5414838/suppl/GSM5414838_204674440080_R03C01_Grn.idat.gz"
[1] "Data downloaded successfuly"
[1] "https://ftp.ncbi.nlm.nih.gov/geo/samples/GSM5414nnn/GSM5414838/suppl/GSM5414838_204674440080_R03C01_Red.idat.gz"
[1] "Data downloaded successfuly"
[1] "https://ftp.ncbi.nlm.nih.gov/geo/samples/GSM5414nnn/GSM5414839/suppl/GSM5414839_204674440114_R07C01_Grn.idat.gz"
[1] "Data downloaded successfuly"
[1] "https://ftp.ncbi.nlm.nih.gov/geo/samples/GSM5414nnn/GSM5414839/suppl/GSM5414839_204674440114_R07C01_Red.idat.gz"
[1] "Data downloaded successfuly"
[1] "https://ftp.ncbi.nlm.nih.gov/geo/samples/GSM5414nnn/GSM5414840/suppl/GSM5414840_204667550036_R07C01_Grn.idat.gz"
[1] "Data downloaded successfuly"
[1] "https://ftp.ncbi.nlm.nih.gov/geo/samples/GSM5414nnn/GSM5414840/suppl/GSM5414840_204667550036_R07C01_Red.idat.gz"
[1] "Data downloaded successfuly"
[1] "https://ftp.ncbi.nlm.nih.gov/geo/samples/GSM5414nnn/GSM5414841/suppl/GSM5414841_204674440017_R07C01_Grn.idat.gz"
[1] "Data downloaded successfuly"
[1] "https://ftp.ncbi.nlm.nih.gov/geo/samples/GSM5414nnn/GSM5414841/suppl/GSM5414841_204674440017_R07C01_Red.idat.gz"
[1] "Data downloaded successfuly"
[1] "https://ftp.ncbi.nlm.nih.gov/geo/samples/GSM5414nnn/GSM5414842/suppl/GSM5414842_204667550003_R02C01_Grn.idat.gz"
[1] "Data downloaded successfuly"
[1] "https://ftp.ncbi.nlm.nih.gov/geo/samples/GSM5414nnn/GSM5414842/suppl/GSM5414842_204667550003_R02C01_Red.idat.gz"
[1] "Data downloaded successfuly"
[1] "https://ftp.ncbi.nlm.nih.gov/geo/samples/GSM5414nnn/GSM5414843/suppl/GSM5414843_204674440104_R07C01_Grn.idat.gz"
[1] "Data downloaded successfuly"
[1] "https://ftp.ncbi.nlm.nih.gov/geo/samples/GSM5414nnn/GSM5414843/suppl/GSM5414843_204674440104_R07C01_Red.idat.gz"
[1] "Data downloaded successfuly"
[1] "https://ftp.ncbi.nlm.nih.gov/geo/samples/GSM5414nnn/GSM5414844/suppl/GSM5414844_204667550036_R01C01_Grn.idat.gz"
[1] "Data downloaded successfuly"
[1] "https://ftp.ncbi.nlm.nih.gov/geo/samples/GSM5414nnn/GSM5414844/suppl/GSM5414844_204667550036_R01C01_Red.idat.gz"
[1] "Data downloaded successfuly"
[1] "https://ftp.ncbi.nlm.nih.gov/geo/samples/GSM5414nnn/GSM5414845/suppl/GSM5414845_204674440103_R04C01_Grn.idat.gz"
[1] "Data downloaded successfuly"
[1] "https://ftp.ncbi.nlm.nih.gov/geo/samples/GSM5414nnn/GSM5414845/suppl/GSM5414845_204674440103_R04C01_Red.idat.gz"
[1] "Data downloaded successfuly"
[1] "https://ftp.ncbi.nlm.nih.gov/geo/samples/GSM5414nnn/GSM5414846/suppl/GSM5414846_204674440103_R03C01_Grn.idat.gz"
[1] "Data downloaded successfuly"
[1] "https://ftp.ncbi.nlm.nih.gov/geo/samples/GSM5414nnn/GSM5414846/suppl/GSM5414846_204674440103_R03C01_Red.idat.gz"
[1] "Data downloaded successfuly"
[1] "https://ftp.ncbi.nlm.nih.gov/geo/samples/GSM5414nnn/GSM5414847/suppl/GSM5414847_204674440060_R06C01_Grn.idat.gz"
[1] "Data downloaded successfuly"
[1] "https://ftp.ncbi.nlm.nih.gov/geo/samples/GSM5414nnn/GSM5414847/suppl/GSM5414847_204674440060_R06C01_Red.idat.gz"
[1] "Data downloaded successfuly"
[1] "https://ftp.ncbi.nlm.nih.gov/geo/samples/GSM5414nnn/GSM5414848/suppl/GSM5414848_204674430066_R07C01_Grn.idat.gz"
[1] "Data downloaded successfuly"
[1] "https://ftp.ncbi.nlm.nih.gov/geo/samples/GSM5414nnn/GSM5414848/suppl/GSM5414848_204674430066_R07C01_Red.idat.gz"
[1] "Data downloaded successfuly"
[1] "https://ftp.ncbi.nlm.nih.gov/geo/samples/GSM5414nnn/GSM5414849/suppl/GSM5414849_204674440017_R04C01_Grn.idat.gz"
[1] "Data downloaded successfuly"
[1] "https://ftp.ncbi.nlm.nih.gov/geo/samples/GSM5414nnn/GSM5414849/suppl/GSM5414849_204674440017_R04C01_Red.idat.gz"
[1] "Data downloaded successfuly"
[1] "https://ftp.ncbi.nlm.nih.gov/geo/samples/GSM5414nnn/GSM5414850/suppl/GSM5414850_204674440114_R04C01_Grn.idat.gz"
[1] "Data downloaded successfuly"
[1] "https://ftp.ncbi.nlm.nih.gov/geo/samples/GSM5414nnn/GSM5414850/suppl/GSM5414850_204674440114_R04C01_Red.idat.gz"
[1] "Data downloaded successfuly"
[1] "https://ftp.ncbi.nlm.nih.gov/geo/samples/GSM5414nnn/GSM5414851/suppl/GSM5414851_204667550003_R05C01_Grn.idat.gz"
[1] "Data downloaded successfuly"
[1] "https://ftp.ncbi.nlm.nih.gov/geo/samples/GSM5414nnn/GSM5414851/suppl/GSM5414851_204667550003_R05C01_Red.idat.gz"
[1] "Data downloaded successfuly"
