[1] "Downloading batch from 1 to 200"
[1] "https://ftp.ncbi.nlm.nih.gov/geo/samples/GSM5098nnn/GSM5098953/suppl/GSM5098953_204491920001_R07C01_noid_Grn.idat.gz"
[1] "Data downloaded successfuly"
[1] "https://ftp.ncbi.nlm.nih.gov/geo/samples/GSM5098nnn/GSM5098953/suppl/GSM5098953_204491920001_R07C01_noid_Red.idat.gz"
[1] "Data downloaded successfuly"
[1] "https://ftp.ncbi.nlm.nih.gov/geo/samples/GSM5098nnn/GSM5098954/suppl/GSM5098954_204491920003_R03C01_noid_Grn.idat.gz"
[1] "Data downloaded successfuly"
[1] "https://ftp.ncbi.nlm.nih.gov/geo/samples/GSM5098nnn/GSM5098954/suppl/GSM5098954_204491920003_R03C01_noid_Red.idat.gz"
[1] "Data downloaded successfuly"
[1] "https://ftp.ncbi.nlm.nih.gov/geo/samples/GSM5098nnn/GSM5098955/suppl/GSM5098955_204491920005_R01C01_noid_Grn.idat.gz"
[1] "Data downloaded successfuly"
[1] "https://ftp.ncbi.nlm.nih.gov/geo/samples/GSM5098nnn/GSM5098955/suppl/GSM5098955_204491920005_R01C01_noid_Red.idat.gz"
[1] "Data downloaded successfuly"
[1] "https://ftp.ncbi.nlm.nih.gov/geo/samples/GSM5098nnn/GSM5098956/suppl/GSM5098956_204491920005_R02C01_noid_Grn.idat.gz"
[1] "Data downloaded successfuly"
[1] "https://ftp.ncbi.nlm.nih.gov/geo/samples/GSM5098nnn/GSM5098956/suppl/GSM5098956_204491920005_R02C01_noid_Red.idat.gz"
[1] "Data downloaded successfuly"
[1] "https://ftp.ncbi.nlm.nih.gov/geo/samples/GSM5098nnn/GSM5098957/suppl/GSM5098957_204491920005_R03C01_noid_Grn.idat.gz"
[1] "Data downloaded successfuly"
[1] "https://ftp.ncbi.nlm.nih.gov/geo/samples/GSM5098nnn/GSM5098957/suppl/GSM5098957_204491920005_R03C01_noid_Red.idat.gz"
[1] "Data downloaded successfuly"
[1] "https://ftp.ncbi.nlm.nih.gov/geo/samples/GSM5098nnn/GSM5098958/suppl/GSM5098958_204491920005_R04C01_noid_Grn.idat.gz"
[1] "Data downloaded successfuly"
[1] "https://ftp.ncbi.nlm.nih.gov/geo/samples/GSM5098nnn/GSM5098958/suppl/GSM5098958_204491920005_R04C01_noid_Red.idat.gz"
[1] "Data downloaded successfuly"
[1] "https://ftp.ncbi.nlm.nih.gov/geo/samples/GSM5098nnn/GSM5098959/suppl/GSM5098959_204491920005_R05C01_noid_Grn.idat.gz"
[1] "Data downloaded successfuly"
[1] "https://ftp.ncbi.nlm.nih.gov/geo/samples/GSM5098nnn/GSM5098959/suppl/GSM5098959_204491920005_R05C01_noid_Red.idat.gz"
[1] "Data downloaded successfuly"
[1] "https://ftp.ncbi.nlm.nih.gov/geo/samples/GSM5098nnn/GSM5098960/suppl/GSM5098960_204491920005_R07C01_noid_Grn.idat.gz"
[1] "Data downloaded successfuly"
[1] "https://ftp.ncbi.nlm.nih.gov/geo/samples/GSM5098nnn/GSM5098960/suppl/GSM5098960_204491920005_R07C01_noid_Red.idat.gz"
[1] "Data downloaded successfuly"
[1] "https://ftp.ncbi.nlm.nih.gov/geo/samples/GSM5098nnn/GSM5098961/suppl/GSM5098961_204491920006_R02C01_noid_Grn.idat.gz"
[1] "Data downloaded successfuly"
[1] "https://ftp.ncbi.nlm.nih.gov/geo/samples/GSM5098nnn/GSM5098961/suppl/GSM5098961_204491920006_R02C01_noid_Red.idat.gz"
[1] "Data downloaded successfuly"
[1] "https://ftp.ncbi.nlm.nih.gov/geo/samples/GSM5098nnn/GSM5098962/suppl/GSM5098962_204491920007_R01C01_noid_Grn.idat.gz"
[1] "Data downloaded successfuly"
[1] "https://ftp.ncbi.nlm.nih.gov/geo/samples/GSM5098nnn/GSM5098962/suppl/GSM5098962_204491920007_R01C01_noid_Red.idat.gz"
[1] "Data downloaded successfuly"
[1] "https://ftp.ncbi.nlm.nih.gov/geo/samples/GSM5098nnn/GSM5098963/suppl/GSM5098963_204491920007_R02C01_noid_Grn.idat.gz"
[1] "Data downloaded successfuly"
[1] "https://ftp.ncbi.nlm.nih.gov/geo/samples/GSM5098nnn/GSM5098963/suppl/GSM5098963_204491920007_R02C01_noid_Red.idat.gz"
[1] "Data downloaded successfuly"
[1] "https://ftp.ncbi.nlm.nih.gov/geo/samples/GSM5098nnn/GSM5098964/suppl/GSM5098964_204491920007_R04C01_noid_Grn.idat.gz"
[1] "Data downloaded successfuly"
[1] "https://ftp.ncbi.nlm.nih.gov/geo/samples/GSM5098nnn/GSM5098964/suppl/GSM5098964_204491920007_R04C01_noid_Red.idat.gz"
[1] "Data downloaded successfuly"
[1] "https://ftp.ncbi.nlm.nih.gov/geo/samples/GSM5098nnn/GSM5098965/suppl/GSM5098965_204491920007_R05C01_noid_Grn.idat.gz"
[1] "Data downloaded successfuly"
[1] "https://ftp.ncbi.nlm.nih.gov/geo/samples/GSM5098nnn/GSM5098965/suppl/GSM5098965_204491920007_R05C01_noid_Red.idat.gz"
[1] "Data downloaded successfuly"
[1] "https://ftp.ncbi.nlm.nih.gov/geo/samples/GSM5098nnn/GSM5098966/suppl/GSM5098966_204491920007_R06C01_noid_Grn.idat.gz"
[1] "Data downloaded successfuly"
[1] "https://ftp.ncbi.nlm.nih.gov/geo/samples/GSM5098nnn/GSM5098966/suppl/GSM5098966_204491920007_R06C01_noid_Red.idat.gz"
[1] "Data downloaded successfuly"
[1] "https://ftp.ncbi.nlm.nih.gov/geo/samples/GSM5098nnn/GSM5098967/suppl/GSM5098967_204491920007_R08C01_noid_Grn.idat.gz"
[1] "Data downloaded successfuly"
[1] "https://ftp.ncbi.nlm.nih.gov/geo/samples/GSM5098nnn/GSM5098967/suppl/GSM5098967_204491920007_R08C01_noid_Red.idat.gz"
[1] "Data downloaded successfuly"
[1] "https://ftp.ncbi.nlm.nih.gov/geo/samples/GSM5098nnn/GSM5098968/suppl/GSM5098968_204491920010_R01C01_noid_Grn.idat.gz"
[1] "Data downloaded successfuly"
[1] "https://ftp.ncbi.nlm.nih.gov/geo/samples/GSM5098nnn/GSM5098968/suppl/GSM5098968_204491920010_R01C01_noid_Red.idat.gz"
[1] "Data downloaded successfuly"
[1] "https://ftp.ncbi.nlm.nih.gov/geo/samples/GSM5098nnn/GSM5098969/suppl/GSM5098969_204491920010_R02C01_noid_Grn.idat.gz"
[1] "Data downloaded successfuly"
[1] "https://ftp.ncbi.nlm.nih.gov/geo/samples/GSM5098nnn/GSM5098969/suppl/GSM5098969_204491920010_R02C01_noid_Red.idat.gz"
[1] "Data downloaded successfuly"
[1] "https://ftp.ncbi.nlm.nih.gov/geo/samples/GSM5098nnn/GSM5098970/suppl/GSM5098970_204491920010_R03C01_noid_Grn.idat.gz"
[1] "Data downloaded successfuly"
[1] "https://ftp.ncbi.nlm.nih.gov/geo/samples/GSM5098nnn/GSM5098970/suppl/GSM5098970_204491920010_R03C01_noid_Red.idat.gz"
[1] "Data downloaded successfuly"
[1] "https://ftp.ncbi.nlm.nih.gov/geo/samples/GSM5098nnn/GSM5098971/suppl/GSM5098971_204491920010_R04C01_noid_Grn.idat.gz"
[1] "Data downloaded successfuly"
[1] "https://ftp.ncbi.nlm.nih.gov/geo/samples/GSM5098nnn/GSM5098971/suppl/GSM5098971_204491920010_R04C01_noid_Red.idat.gz"
[1] "Data downloaded successfuly"
[1] "https://ftp.ncbi.nlm.nih.gov/geo/samples/GSM5098nnn/GSM5098972/suppl/GSM5098972_204491920010_R05C01_noid_Grn.idat.gz"
[1] "Data downloaded successfuly"
[1] "https://ftp.ncbi.nlm.nih.gov/geo/samples/GSM5098nnn/GSM5098972/suppl/GSM5098972_204491920010_R05C01_noid_Red.idat.gz"
[1] "Data downloaded successfuly"
[1] "https://ftp.ncbi.nlm.nih.gov/geo/samples/GSM5098nnn/GSM5098973/suppl/GSM5098973_204491920010_R06C01_noid_Grn.idat.gz"
[1] "Data downloaded successfuly"
[1] "https://ftp.ncbi.nlm.nih.gov/geo/samples/GSM5098nnn/GSM5098973/suppl/GSM5098973_204491920010_R06C01_noid_Red.idat.gz"
[1] "Data downloaded successfuly"
[1] "https://ftp.ncbi.nlm.nih.gov/geo/samples/GSM5098nnn/GSM5098974/suppl/GSM5098974_204491920010_R07C01_noid_Grn.idat.gz"
[1] "Data downloaded successfuly"
[1] "https://ftp.ncbi.nlm.nih.gov/geo/samples/GSM5098nnn/GSM5098974/suppl/GSM5098974_204491920010_R07C01_noid_Red.idat.gz"
[1] "Data downloaded successfuly"
[1] "https://ftp.ncbi.nlm.nih.gov/geo/samples/GSM5098nnn/GSM5098975/suppl/GSM5098975_204491920010_R08C01_noid_Grn.idat.gz"
[1] "Data downloaded successfuly"
[1] "https://ftp.ncbi.nlm.nih.gov/geo/samples/GSM5098nnn/GSM5098975/suppl/GSM5098975_204491920010_R08C01_noid_Red.idat.gz"
[1] "Data downloaded successfuly"
[1] "https://ftp.ncbi.nlm.nih.gov/geo/samples/GSM5098nnn/GSM5098976/suppl/GSM5098976_204491920011_R03C01_noid_Grn.idat.gz"
[1] "Data downloaded successfuly"
[1] "https://ftp.ncbi.nlm.nih.gov/geo/samples/GSM5098nnn/GSM5098976/suppl/GSM5098976_204491920011_R03C01_noid_Red.idat.gz"
[1] "Data downloaded successfuly"
[1] "https://ftp.ncbi.nlm.nih.gov/geo/samples/GSM5098nnn/GSM5098977/suppl/GSM5098977_204491920011_R06C01_noid_Grn.idat.gz"
[1] "Data downloaded successfuly"
[1] "https://ftp.ncbi.nlm.nih.gov/geo/samples/GSM5098nnn/GSM5098977/suppl/GSM5098977_204491920011_R06C01_noid_Red.idat.gz"
[1] "Data downloaded successfuly"
[1] "https://ftp.ncbi.nlm.nih.gov/geo/samples/GSM5098nnn/GSM5098978/suppl/GSM5098978_204491920012_R06C01_noid_Grn.idat.gz"
[1] "Data downloaded successfuly"
[1] "https://ftp.ncbi.nlm.nih.gov/geo/samples/GSM5098nnn/GSM5098978/suppl/GSM5098978_204491920012_R06C01_noid_Red.idat.gz"
[1] "Data downloaded successfuly"
[1] "https://ftp.ncbi.nlm.nih.gov/geo/samples/GSM5098nnn/GSM5098979/suppl/GSM5098979_204491920013_R01C01_noid_Grn.idat.gz"
[1] "Data downloaded successfuly"
[1] "https://ftp.ncbi.nlm.nih.gov/geo/samples/GSM5098nnn/GSM5098979/suppl/GSM5098979_204491920013_R01C01_noid_Red.idat.gz"
[1] "Data downloaded successfuly"
[1] "https://ftp.ncbi.nlm.nih.gov/geo/samples/GSM5098nnn/GSM5098980/suppl/GSM5098980_204491920016_R01C01_noid_Grn.idat.gz"
[1] "Data downloaded successfuly"
[1] "https://ftp.ncbi.nlm.nih.gov/geo/samples/GSM5098nnn/GSM5098980/suppl/GSM5098980_204491920016_R01C01_noid_Red.idat.gz"
[1] "Data downloaded successfuly"
[1] "https://ftp.ncbi.nlm.nih.gov/geo/samples/GSM5098nnn/GSM5098981/suppl/GSM5098981_204491920016_R03C01_noid_Grn.idat.gz"
[1] "Data downloaded successfuly"
[1] "https://ftp.ncbi.nlm.nih.gov/geo/samples/GSM5098nnn/GSM5098981/suppl/GSM5098981_204491920016_R03C01_noid_Red.idat.gz"
[1] "Data downloaded successfuly"
[1] "https://ftp.ncbi.nlm.nih.gov/geo/samples/GSM5098nnn/GSM5098982/suppl/GSM5098982_204491920016_R08C01_noid_Grn.idat.gz"
[1] "Data downloaded successfuly"
[1] "https://ftp.ncbi.nlm.nih.gov/geo/samples/GSM5098nnn/GSM5098982/suppl/GSM5098982_204491920016_R08C01_noid_Red.idat.gz"
[1] "Data downloaded successfuly"
[1] "https://ftp.ncbi.nlm.nih.gov/geo/samples/GSM5098nnn/GSM5098983/suppl/GSM5098983_204491920017_R01C01_noid_Grn.idat.gz"
[1] "Data downloaded successfuly"
[1] "https://ftp.ncbi.nlm.nih.gov/geo/samples/GSM5098nnn/GSM5098983/suppl/GSM5098983_204491920017_R01C01_noid_Red.idat.gz"
[1] "Data downloaded successfuly"
[1] "https://ftp.ncbi.nlm.nih.gov/geo/samples/GSM5098nnn/GSM5098984/suppl/GSM5098984_204491920017_R03C01_noid_Grn.idat.gz"
[1] "Data downloaded successfuly"
[1] "https://ftp.ncbi.nlm.nih.gov/geo/samples/GSM5098nnn/GSM5098984/suppl/GSM5098984_204491920017_R03C01_noid_Red.idat.gz"
[1] "Data downloaded successfuly"
[1] "https://ftp.ncbi.nlm.nih.gov/geo/samples/GSM5098nnn/GSM5098985/suppl/GSM5098985_204491920017_R04C01_noid_Grn.idat.gz"
[1] "Data downloaded successfuly"
[1] "https://ftp.ncbi.nlm.nih.gov/geo/samples/GSM5098nnn/GSM5098985/suppl/GSM5098985_204491920017_R04C01_noid_Red.idat.gz"
[1] "Data downloaded successfuly"
[1] "https://ftp.ncbi.nlm.nih.gov/geo/samples/GSM5098nnn/GSM5098986/suppl/GSM5098986_204491920017_R05C01_noid_Grn.idat.gz"
[1] "Data downloaded successfuly"
[1] "https://ftp.ncbi.nlm.nih.gov/geo/samples/GSM5098nnn/GSM5098986/suppl/GSM5098986_204491920017_R05C01_noid_Red.idat.gz"
[1] "Data downloaded successfuly"
[1] "https://ftp.ncbi.nlm.nih.gov/geo/samples/GSM5098nnn/GSM5098987/suppl/GSM5098987_204491920017_R07C01_noid_Grn.idat.gz"
[1] "Data downloaded successfuly"
[1] "https://ftp.ncbi.nlm.nih.gov/geo/samples/GSM5098nnn/GSM5098987/suppl/GSM5098987_204491920017_R07C01_noid_Red.idat.gz"
[1] "Data downloaded successfuly"
[1] "https://ftp.ncbi.nlm.nih.gov/geo/samples/GSM5098nnn/GSM5098988/suppl/GSM5098988_204491920017_R08C01_noid_Grn.idat.gz"
[1] "Data downloaded successfuly"
[1] "https://ftp.ncbi.nlm.nih.gov/geo/samples/GSM5098nnn/GSM5098988/suppl/GSM5098988_204491920017_R08C01_noid_Red.idat.gz"
[1] "Data downloaded successfuly"
[1] "https://ftp.ncbi.nlm.nih.gov/geo/samples/GSM5098nnn/GSM5098989/suppl/GSM5098989_204491920018_R01C01_noid_Grn.idat.gz"
[1] "Data downloaded successfuly"
[1] "https://ftp.ncbi.nlm.nih.gov/geo/samples/GSM5098nnn/GSM5098989/suppl/GSM5098989_204491920018_R01C01_noid_Red.idat.gz"
[1] "Data downloaded successfuly"
[1] "https://ftp.ncbi.nlm.nih.gov/geo/samples/GSM5098nnn/GSM5098990/suppl/GSM5098990_204491920018_R02C01_noid_Grn.idat.gz"
[1] "Data downloaded successfuly"
[1] "https://ftp.ncbi.nlm.nih.gov/geo/samples/GSM5098nnn/GSM5098990/suppl/GSM5098990_204491920018_R02C01_noid_Red.idat.gz"
[1] "Data downloaded successfuly"
[1] "https://ftp.ncbi.nlm.nih.gov/geo/samples/GSM5098nnn/GSM5098991/suppl/GSM5098991_204491920018_R03C01_noid_Grn.idat.gz"
[1] "Data downloaded successfuly"
[1] "https://ftp.ncbi.nlm.nih.gov/geo/samples/GSM5098nnn/GSM5098991/suppl/GSM5098991_204491920018_R03C01_noid_Red.idat.gz"
[1] "Data downloaded successfuly"
[1] "https://ftp.ncbi.nlm.nih.gov/geo/samples/GSM5098nnn/GSM5098992/suppl/GSM5098992_204491920018_R04C01_noid_Grn.idat.gz"
[1] "Data downloaded successfuly"
[1] "https://ftp.ncbi.nlm.nih.gov/geo/samples/GSM5098nnn/GSM5098992/suppl/GSM5098992_204491920018_R04C01_noid_Red.idat.gz"
[1] "Data downloaded successfuly"
[1] "https://ftp.ncbi.nlm.nih.gov/geo/samples/GSM5098nnn/GSM5098993/suppl/GSM5098993_204491920018_R05C01_noid_Grn.idat.gz"
[1] "Data downloaded successfuly"
[1] "https://ftp.ncbi.nlm.nih.gov/geo/samples/GSM5098nnn/GSM5098993/suppl/GSM5098993_204491920018_R05C01_noid_Red.idat.gz"
[1] "Data downloaded successfuly"
[1] "https://ftp.ncbi.nlm.nih.gov/geo/samples/GSM5098nnn/GSM5098994/suppl/GSM5098994_204491920018_R06C01_noid_Grn.idat.gz"
[1] "Data downloaded successfuly"
[1] "https://ftp.ncbi.nlm.nih.gov/geo/samples/GSM5098nnn/GSM5098994/suppl/GSM5098994_204491920018_R06C01_noid_Red.idat.gz"
[1] "Data downloaded successfuly"
[1] "https://ftp.ncbi.nlm.nih.gov/geo/samples/GSM5098nnn/GSM5098995/suppl/GSM5098995_204491920018_R08C01_noid_Grn.idat.gz"
[1] "Data downloaded successfuly"
[1] "https://ftp.ncbi.nlm.nih.gov/geo/samples/GSM5098nnn/GSM5098995/suppl/GSM5098995_204491920018_R08C01_noid_Red.idat.gz"
[1] "Data downloaded successfuly"
[1] "https://ftp.ncbi.nlm.nih.gov/geo/samples/GSM5098nnn/GSM5098996/suppl/GSM5098996_204491920021_R02C01_noid_Grn.idat.gz"
[1] "Data downloaded successfuly"
[1] "https://ftp.ncbi.nlm.nih.gov/geo/samples/GSM5098nnn/GSM5098996/suppl/GSM5098996_204491920021_R02C01_noid_Red.idat.gz"
[1] "Data downloaded successfuly"
[1] "https://ftp.ncbi.nlm.nih.gov/geo/samples/GSM5098nnn/GSM5098997/suppl/GSM5098997_204491920021_R03C01_noid_Grn.idat.gz"
[1] "Data downloaded successfuly"
[1] "https://ftp.ncbi.nlm.nih.gov/geo/samples/GSM5098nnn/GSM5098997/suppl/GSM5098997_204491920021_R03C01_noid_Red.idat.gz"
[1] "Data downloaded successfuly"
[1] "https://ftp.ncbi.nlm.nih.gov/geo/samples/GSM5098nnn/GSM5098998/suppl/GSM5098998_204491920021_R04C01_noid_Grn.idat.gz"
[1] "Data downloaded successfuly"
[1] "https://ftp.ncbi.nlm.nih.gov/geo/samples/GSM5098nnn/GSM5098998/suppl/GSM5098998_204491920021_R04C01_noid_Red.idat.gz"
[1] "Data downloaded successfuly"
[1] "https://ftp.ncbi.nlm.nih.gov/geo/samples/GSM5098nnn/GSM5098999/suppl/GSM5098999_204491920021_R07C01_noid_Grn.idat.gz"
[1] "Data downloaded successfuly"
[1] "https://ftp.ncbi.nlm.nih.gov/geo/samples/GSM5098nnn/GSM5098999/suppl/GSM5098999_204491920021_R07C01_noid_Red.idat.gz"
[1] "Data downloaded successfuly"
[1] "https://ftp.ncbi.nlm.nih.gov/geo/samples/GSM5099nnn/GSM5099000/suppl/GSM5099000_204491920021_R08C01_noid_Grn.idat.gz"
[1] "Data downloaded successfuly"
[1] "https://ftp.ncbi.nlm.nih.gov/geo/samples/GSM5099nnn/GSM5099000/suppl/GSM5099000_204491920021_R08C01_noid_Red.idat.gz"
[1] "Data downloaded successfuly"
[1] "https://ftp.ncbi.nlm.nih.gov/geo/samples/GSM5099nnn/GSM5099001/suppl/GSM5099001_204500250001_R04C01_noid_Grn.idat.gz"
[1] "Data downloaded successfuly"
[1] "https://ftp.ncbi.nlm.nih.gov/geo/samples/GSM5099nnn/GSM5099001/suppl/GSM5099001_204500250001_R04C01_noid_Red.idat.gz"
[1] "Data downloaded successfuly"
[1] "https://ftp.ncbi.nlm.nih.gov/geo/samples/GSM5099nnn/GSM5099002/suppl/GSM5099002_204500250002_R08C01_noid_Grn.idat.gz"
[1] "Data downloaded successfuly"
[1] "https://ftp.ncbi.nlm.nih.gov/geo/samples/GSM5099nnn/GSM5099002/suppl/GSM5099002_204500250002_R08C01_noid_Red.idat.gz"
[1] "Data downloaded successfuly"
[1] "https://ftp.ncbi.nlm.nih.gov/geo/samples/GSM5099nnn/GSM5099003/suppl/GSM5099003_204500250004_R01C01_noid_Grn.idat.gz"
[1] "Data downloaded successfuly"
[1] "https://ftp.ncbi.nlm.nih.gov/geo/samples/GSM5099nnn/GSM5099003/suppl/GSM5099003_204500250004_R01C01_noid_Red.idat.gz"
[1] "Data downloaded successfuly"
[1] "https://ftp.ncbi.nlm.nih.gov/geo/samples/GSM5099nnn/GSM5099004/suppl/GSM5099004_204500250005_R05C01_noid_Grn.idat.gz"
[1] "Data downloaded successfuly"
[1] "https://ftp.ncbi.nlm.nih.gov/geo/samples/GSM5099nnn/GSM5099004/suppl/GSM5099004_204500250005_R05C01_noid_Red.idat.gz"
[1] "Data downloaded successfuly"
[1] "https://ftp.ncbi.nlm.nih.gov/geo/samples/GSM5099nnn/GSM5099005/suppl/GSM5099005_204500250007_R04C01_noid_Grn.idat.gz"
[1] "Data downloaded successfuly"
[1] "https://ftp.ncbi.nlm.nih.gov/geo/samples/GSM5099nnn/GSM5099005/suppl/GSM5099005_204500250007_R04C01_noid_Red.idat.gz"
[1] "Data downloaded successfuly"
[1] "https://ftp.ncbi.nlm.nih.gov/geo/samples/GSM5099nnn/GSM5099006/suppl/GSM5099006_204500250009_R08C01_noid_Grn.idat.gz"
[1] "Data downloaded successfuly"
[1] "https://ftp.ncbi.nlm.nih.gov/geo/samples/GSM5099nnn/GSM5099006/suppl/GSM5099006_204500250009_R08C01_noid_Red.idat.gz"
[1] "Data downloaded successfuly"
[1] "https://ftp.ncbi.nlm.nih.gov/geo/samples/GSM5099nnn/GSM5099007/suppl/GSM5099007_204500250011_R04C01_noid_Grn.idat.gz"
[1] "Data downloaded successfuly"
[1] "https://ftp.ncbi.nlm.nih.gov/geo/samples/GSM5099nnn/GSM5099007/suppl/GSM5099007_204500250011_R04C01_noid_Red.idat.gz"
[1] "Data downloaded successfuly"
[1] "https://ftp.ncbi.nlm.nih.gov/geo/samples/GSM5099nnn/GSM5099008/suppl/GSM5099008_204500250011_R05C01_noid_Grn.idat.gz"
[1] "Data downloaded successfuly"
[1] "https://ftp.ncbi.nlm.nih.gov/geo/samples/GSM5099nnn/GSM5099008/suppl/GSM5099008_204500250011_R05C01_noid_Red.idat.gz"
[1] "Data downloaded successfuly"
[1] "https://ftp.ncbi.nlm.nih.gov/geo/samples/GSM5099nnn/GSM5099009/suppl/GSM5099009_204500250012_R01C01_noid_Grn.idat.gz"
[1] "Data downloaded successfuly"
[1] "https://ftp.ncbi.nlm.nih.gov/geo/samples/GSM5099nnn/GSM5099009/suppl/GSM5099009_204500250012_R01C01_noid_Red.idat.gz"
[1] "Data downloaded successfuly"
[1] "https://ftp.ncbi.nlm.nih.gov/geo/samples/GSM5099nnn/GSM5099010/suppl/GSM5099010_204500250012_R02C01_noid_Grn.idat.gz"
[1] "Data downloaded successfuly"
[1] "https://ftp.ncbi.nlm.nih.gov/geo/samples/GSM5099nnn/GSM5099010/suppl/GSM5099010_204500250012_R02C01_noid_Red.idat.gz"
[1] "Data downloaded successfuly"
[1] "https://ftp.ncbi.nlm.nih.gov/geo/samples/GSM5099nnn/GSM5099011/suppl/GSM5099011_204500250012_R03C01_noid_Grn.idat.gz"
[1] "Data downloaded successfuly"
[1] "https://ftp.ncbi.nlm.nih.gov/geo/samples/GSM5099nnn/GSM5099011/suppl/GSM5099011_204500250012_R03C01_noid_Red.idat.gz"
[1] "Data downloaded successfuly"
[1] "https://ftp.ncbi.nlm.nih.gov/geo/samples/GSM5099nnn/GSM5099012/suppl/GSM5099012_204500250012_R04C01_noid_Grn.idat.gz"
[1] "Data downloaded successfuly"
[1] "https://ftp.ncbi.nlm.nih.gov/geo/samples/GSM5099nnn/GSM5099012/suppl/GSM5099012_204500250012_R04C01_noid_Red.idat.gz"
[1] "Data downloaded successfuly"
[1] "https://ftp.ncbi.nlm.nih.gov/geo/samples/GSM5099nnn/GSM5099013/suppl/GSM5099013_204500250012_R06C01_noid_Grn.idat.gz"
[1] "Data downloaded successfuly"
[1] "https://ftp.ncbi.nlm.nih.gov/geo/samples/GSM5099nnn/GSM5099013/suppl/GSM5099013_204500250012_R06C01_noid_Red.idat.gz"
[1] "Data downloaded successfuly"
[1] "https://ftp.ncbi.nlm.nih.gov/geo/samples/GSM5099nnn/GSM5099014/suppl/GSM5099014_204500250012_R07C01_noid_Grn.idat.gz"
[1] "Data downloaded successfuly"
[1] "https://ftp.ncbi.nlm.nih.gov/geo/samples/GSM5099nnn/GSM5099014/suppl/GSM5099014_204500250012_R07C01_noid_Red.idat.gz"
[1] "Data downloaded successfuly"
[1] "https://ftp.ncbi.nlm.nih.gov/geo/samples/GSM5099nnn/GSM5099015/suppl/GSM5099015_204500250012_R08C01_noid_Grn.idat.gz"
[1] "Data downloaded successfuly"
[1] "https://ftp.ncbi.nlm.nih.gov/geo/samples/GSM5099nnn/GSM5099015/suppl/GSM5099015_204500250012_R08C01_noid_Red.idat.gz"
[1] "Data downloaded successfuly"
[1] "https://ftp.ncbi.nlm.nih.gov/geo/samples/GSM5099nnn/GSM5099016/suppl/GSM5099016_204500250013_R01C01_noid_Grn.idat.gz"
[1] "Data downloaded successfuly"
[1] "https://ftp.ncbi.nlm.nih.gov/geo/samples/GSM5099nnn/GSM5099016/suppl/GSM5099016_204500250013_R01C01_noid_Red.idat.gz"
[1] "Data downloaded successfuly"
[1] "https://ftp.ncbi.nlm.nih.gov/geo/samples/GSM5099nnn/GSM5099017/suppl/GSM5099017_204500250013_R02C01_noid_Grn.idat.gz"
[1] "Data downloaded successfuly"
[1] "https://ftp.ncbi.nlm.nih.gov/geo/samples/GSM5099nnn/GSM5099017/suppl/GSM5099017_204500250013_R02C01_noid_Red.idat.gz"
[1] "Data downloaded successfuly"
[1] "https://ftp.ncbi.nlm.nih.gov/geo/samples/GSM5099nnn/GSM5099018/suppl/GSM5099018_204500250013_R03C01_noid_Grn.idat.gz"
[1] "Data downloaded successfuly"
[1] "https://ftp.ncbi.nlm.nih.gov/geo/samples/GSM5099nnn/GSM5099018/suppl/GSM5099018_204500250013_R03C01_noid_Red.idat.gz"
[1] "Data downloaded successfuly"
[1] "https://ftp.ncbi.nlm.nih.gov/geo/samples/GSM5099nnn/GSM5099019/suppl/GSM5099019_204500250013_R04C01_noid_Grn.idat.gz"
[1] "Data downloaded successfuly"
[1] "https://ftp.ncbi.nlm.nih.gov/geo/samples/GSM5099nnn/GSM5099019/suppl/GSM5099019_204500250013_R04C01_noid_Red.idat.gz"
[1] "Data downloaded successfuly"
[1] "https://ftp.ncbi.nlm.nih.gov/geo/samples/GSM5099nnn/GSM5099020/suppl/GSM5099020_204500250013_R05C01_noid_Grn.idat.gz"
[1] "Data downloaded successfuly"
[1] "https://ftp.ncbi.nlm.nih.gov/geo/samples/GSM5099nnn/GSM5099020/suppl/GSM5099020_204500250013_R05C01_noid_Red.idat.gz"
[1] "Data downloaded successfuly"
[1] "https://ftp.ncbi.nlm.nih.gov/geo/samples/GSM5099nnn/GSM5099021/suppl/GSM5099021_204500250013_R06C01_noid_Grn.idat.gz"
[1] "Data downloaded successfuly"
[1] "https://ftp.ncbi.nlm.nih.gov/geo/samples/GSM5099nnn/GSM5099021/suppl/GSM5099021_204500250013_R06C01_noid_Red.idat.gz"
[1] "Data downloaded successfuly"
[1] "https://ftp.ncbi.nlm.nih.gov/geo/samples/GSM5099nnn/GSM5099022/suppl/GSM5099022_204500250013_R07C01_noid_Grn.idat.gz"
[1] "Data downloaded successfuly"
[1] "https://ftp.ncbi.nlm.nih.gov/geo/samples/GSM5099nnn/GSM5099022/suppl/GSM5099022_204500250013_R07C01_noid_Red.idat.gz"
[1] "Data downloaded successfuly"
[1] "https://ftp.ncbi.nlm.nih.gov/geo/samples/GSM5099nnn/GSM5099023/suppl/GSM5099023_204500250013_R08C01_noid_Grn.idat.gz"
[1] "Data downloaded successfuly"
[1] "https://ftp.ncbi.nlm.nih.gov/geo/samples/GSM5099nnn/GSM5099023/suppl/GSM5099023_204500250013_R08C01_noid_Red.idat.gz"
[1] "Data downloaded successfuly"
[1] "https://ftp.ncbi.nlm.nih.gov/geo/samples/GSM5099nnn/GSM5099024/suppl/GSM5099024_204500250014_R01C01_noid_Grn.idat.gz"
[1] "Data downloaded successfuly"
[1] "https://ftp.ncbi.nlm.nih.gov/geo/samples/GSM5099nnn/GSM5099024/suppl/GSM5099024_204500250014_R01C01_noid_Red.idat.gz"
[1] "Data downloaded successfuly"
[1] "https://ftp.ncbi.nlm.nih.gov/geo/samples/GSM5099nnn/GSM5099025/suppl/GSM5099025_204500250014_R02C01_noid_Grn.idat.gz"
[1] "Data downloaded successfuly"
[1] "https://ftp.ncbi.nlm.nih.gov/geo/samples/GSM5099nnn/GSM5099025/suppl/GSM5099025_204500250014_R02C01_noid_Red.idat.gz"
[1] "Data downloaded successfuly"
[1] "https://ftp.ncbi.nlm.nih.gov/geo/samples/GSM5099nnn/GSM5099026/suppl/GSM5099026_204500250014_R03C01_noid_Grn.idat.gz"
[1] "Data downloaded successfuly"
[1] "https://ftp.ncbi.nlm.nih.gov/geo/samples/GSM5099nnn/GSM5099026/suppl/GSM5099026_204500250014_R03C01_noid_Red.idat.gz"
[1] "Data downloaded successfuly"
[1] "https://ftp.ncbi.nlm.nih.gov/geo/samples/GSM5099nnn/GSM5099027/suppl/GSM5099027_204500250014_R04C01_noid_Grn.idat.gz"
[1] "Data downloaded successfuly"
[1] "https://ftp.ncbi.nlm.nih.gov/geo/samples/GSM5099nnn/GSM5099027/suppl/GSM5099027_204500250014_R04C01_noid_Red.idat.gz"
[1] "Data downloaded successfuly"
[1] "https://ftp.ncbi.nlm.nih.gov/geo/samples/GSM5099nnn/GSM5099028/suppl/GSM5099028_204500250014_R05C01_noid_Grn.idat.gz"
[1] "Data downloaded successfuly"
[1] "https://ftp.ncbi.nlm.nih.gov/geo/samples/GSM5099nnn/GSM5099028/suppl/GSM5099028_204500250014_R05C01_noid_Red.idat.gz"
[1] "Data downloaded successfuly"
[1] "https://ftp.ncbi.nlm.nih.gov/geo/samples/GSM5099nnn/GSM5099029/suppl/GSM5099029_204500250014_R07C01_noid_Grn.idat.gz"
[1] "Data downloaded successfuly"
[1] "https://ftp.ncbi.nlm.nih.gov/geo/samples/GSM5099nnn/GSM5099029/suppl/GSM5099029_204500250014_R07C01_noid_Red.idat.gz"
[1] "Data downloaded successfuly"
[1] "https://ftp.ncbi.nlm.nih.gov/geo/samples/GSM5099nnn/GSM5099030/suppl/GSM5099030_204500250015_R01C01_noid_Grn.idat.gz"
[1] "Data downloaded successfuly"
[1] "https://ftp.ncbi.nlm.nih.gov/geo/samples/GSM5099nnn/GSM5099030/suppl/GSM5099030_204500250015_R01C01_noid_Red.idat.gz"
[1] "Data downloaded successfuly"
[1] "https://ftp.ncbi.nlm.nih.gov/geo/samples/GSM5099nnn/GSM5099031/suppl/GSM5099031_204500250015_R02C01_noid_Grn.idat.gz"
[1] "Data downloaded successfuly"
[1] "https://ftp.ncbi.nlm.nih.gov/geo/samples/GSM5099nnn/GSM5099031/suppl/GSM5099031_204500250015_R02C01_noid_Red.idat.gz"
[1] "Data downloaded successfuly"
[1] "https://ftp.ncbi.nlm.nih.gov/geo/samples/GSM5099nnn/GSM5099032/suppl/GSM5099032_204500250015_R03C01_noid_Grn.idat.gz"
[1] "Data downloaded successfuly"
[1] "https://ftp.ncbi.nlm.nih.gov/geo/samples/GSM5099nnn/GSM5099032/suppl/GSM5099032_204500250015_R03C01_noid_Red.idat.gz"
[1] "Data downloaded successfuly"
[1] "https://ftp.ncbi.nlm.nih.gov/geo/samples/GSM5099nnn/GSM5099033/suppl/GSM5099033_204500250015_R04C01_noid_Grn.idat.gz"
[1] "Data downloaded successfuly"
[1] "https://ftp.ncbi.nlm.nih.gov/geo/samples/GSM5099nnn/GSM5099033/suppl/GSM5099033_204500250015_R04C01_noid_Red.idat.gz"
[1] "Data downloaded successfuly"
[1] "https://ftp.ncbi.nlm.nih.gov/geo/samples/GSM5099nnn/GSM5099034/suppl/GSM5099034_204500250015_R05C01_noid_Grn.idat.gz"
[1] "Data downloaded successfuly"
[1] "https://ftp.ncbi.nlm.nih.gov/geo/samples/GSM5099nnn/GSM5099034/suppl/GSM5099034_204500250015_R05C01_noid_Red.idat.gz"
[1] "Data downloaded successfuly"
[1] "https://ftp.ncbi.nlm.nih.gov/geo/samples/GSM5099nnn/GSM5099035/suppl/GSM5099035_204500250015_R06C01_noid_Grn.idat.gz"
[1] "Data downloaded successfuly"
[1] "https://ftp.ncbi.nlm.nih.gov/geo/samples/GSM5099nnn/GSM5099035/suppl/GSM5099035_204500250015_R06C01_noid_Red.idat.gz"
[1] "Data downloaded successfuly"
[1] "https://ftp.ncbi.nlm.nih.gov/geo/samples/GSM5099nnn/GSM5099036/suppl/GSM5099036_204500250015_R07C01_noid_Grn.idat.gz"
[1] "Data downloaded successfuly"
[1] "https://ftp.ncbi.nlm.nih.gov/geo/samples/GSM5099nnn/GSM5099036/suppl/GSM5099036_204500250015_R07C01_noid_Red.idat.gz"
[1] "Data downloaded successfuly"
[1] "https://ftp.ncbi.nlm.nih.gov/geo/samples/GSM5099nnn/GSM5099037/suppl/GSM5099037_204500250015_R08C01_noid_Grn.idat.gz"
[1] "Data downloaded successfuly"
[1] "https://ftp.ncbi.nlm.nih.gov/geo/samples/GSM5099nnn/GSM5099037/suppl/GSM5099037_204500250015_R08C01_noid_Red.idat.gz"
[1] "Data downloaded successfuly"
[1] "https://ftp.ncbi.nlm.nih.gov/geo/samples/GSM5099nnn/GSM5099038/suppl/GSM5099038_204500250016_R05C01_noid_Grn.idat.gz"
[1] "Data downloaded successfuly"
[1] "https://ftp.ncbi.nlm.nih.gov/geo/samples/GSM5099nnn/GSM5099038/suppl/GSM5099038_204500250016_R05C01_noid_Red.idat.gz"
[1] "Data downloaded successfuly"
[1] "https://ftp.ncbi.nlm.nih.gov/geo/samples/GSM5099nnn/GSM5099039/suppl/GSM5099039_204500250016_R06C01_noid_Grn.idat.gz"
[1] "Data downloaded successfuly"
[1] "https://ftp.ncbi.nlm.nih.gov/geo/samples/GSM5099nnn/GSM5099039/suppl/GSM5099039_204500250016_R06C01_noid_Red.idat.gz"
[1] "Data downloaded successfuly"
[1] "https://ftp.ncbi.nlm.nih.gov/geo/samples/GSM5099nnn/GSM5099040/suppl/GSM5099040_204500250016_R07C01_noid_Grn.idat.gz"
[1] "Data downloaded successfuly"
[1] "https://ftp.ncbi.nlm.nih.gov/geo/samples/GSM5099nnn/GSM5099040/suppl/GSM5099040_204500250016_R07C01_noid_Red.idat.gz"
[1] "Data downloaded successfuly"
[1] "https://ftp.ncbi.nlm.nih.gov/geo/samples/GSM5099nnn/GSM5099041/suppl/GSM5099041_204500250017_R01C01_noid_Grn.idat.gz"
[1] "Data downloaded successfuly"
[1] "https://ftp.ncbi.nlm.nih.gov/geo/samples/GSM5099nnn/GSM5099041/suppl/GSM5099041_204500250017_R01C01_noid_Red.idat.gz"
[1] "Data downloaded successfuly"
[1] "https://ftp.ncbi.nlm.nih.gov/geo/samples/GSM5099nnn/GSM5099042/suppl/GSM5099042_204500250017_R02C01_noid_Grn.idat.gz"
[1] "Data downloaded successfuly"
[1] "https://ftp.ncbi.nlm.nih.gov/geo/samples/GSM5099nnn/GSM5099042/suppl/GSM5099042_204500250017_R02C01_noid_Red.idat.gz"
[1] "Data downloaded successfuly"
[1] "https://ftp.ncbi.nlm.nih.gov/geo/samples/GSM5099nnn/GSM5099043/suppl/GSM5099043_204500250017_R03C01_noid_Grn.idat.gz"
[1] "Data downloaded successfuly"
[1] "https://ftp.ncbi.nlm.nih.gov/geo/samples/GSM5099nnn/GSM5099043/suppl/GSM5099043_204500250017_R03C01_noid_Red.idat.gz"
[1] "Data downloaded successfuly"
[1] "https://ftp.ncbi.nlm.nih.gov/geo/samples/GSM5099nnn/GSM5099044/suppl/GSM5099044_204500250017_R04C01_noid_Grn.idat.gz"
[1] "Data downloaded successfuly"
[1] "https://ftp.ncbi.nlm.nih.gov/geo/samples/GSM5099nnn/GSM5099044/suppl/GSM5099044_204500250017_R04C01_noid_Red.idat.gz"
[1] "Data downloaded successfuly"
[1] "https://ftp.ncbi.nlm.nih.gov/geo/samples/GSM5099nnn/GSM5099045/suppl/GSM5099045_204500250017_R05C01_noid_Grn.idat.gz"
[1] "Data downloaded successfuly"
[1] "https://ftp.ncbi.nlm.nih.gov/geo/samples/GSM5099nnn/GSM5099045/suppl/GSM5099045_204500250017_R05C01_noid_Red.idat.gz"
[1] "Data downloaded successfuly"
[1] "https://ftp.ncbi.nlm.nih.gov/geo/samples/GSM5099nnn/GSM5099046/suppl/GSM5099046_204500250017_R06C01_noid_Grn.idat.gz"
[1] "Data downloaded successfuly"
[1] "https://ftp.ncbi.nlm.nih.gov/geo/samples/GSM5099nnn/GSM5099046/suppl/GSM5099046_204500250017_R06C01_noid_Red.idat.gz"
[1] "Data downloaded successfuly"
[1] "https://ftp.ncbi.nlm.nih.gov/geo/samples/GSM5099nnn/GSM5099047/suppl/GSM5099047_204500250017_R07C01_noid_Grn.idat.gz"
[1] "Data downloaded successfuly"
[1] "https://ftp.ncbi.nlm.nih.gov/geo/samples/GSM5099nnn/GSM5099047/suppl/GSM5099047_204500250017_R07C01_noid_Red.idat.gz"
[1] "Data downloaded successfuly"
[1] "https://ftp.ncbi.nlm.nih.gov/geo/samples/GSM5099nnn/GSM5099048/suppl/GSM5099048_204500250017_R08C01_noid_Grn.idat.gz"
[1] "Data downloaded successfuly"
[1] "https://ftp.ncbi.nlm.nih.gov/geo/samples/GSM5099nnn/GSM5099048/suppl/GSM5099048_204500250017_R08C01_noid_Red.idat.gz"
[1] "Data downloaded successfuly"
[1] "https://ftp.ncbi.nlm.nih.gov/geo/samples/GSM5099nnn/GSM5099049/suppl/GSM5099049_204500250018_R05C01_noid_Grn.idat.gz"
[1] "Data downloaded successfuly"
[1] "https://ftp.ncbi.nlm.nih.gov/geo/samples/GSM5099nnn/GSM5099049/suppl/GSM5099049_204500250018_R05C01_noid_Red.idat.gz"
[1] "Data downloaded successfuly"
[1] "https://ftp.ncbi.nlm.nih.gov/geo/samples/GSM5099nnn/GSM5099050/suppl/GSM5099050_204500250020_R01C01_noid_Grn.idat.gz"
[1] "Data downloaded successfuly"
[1] "https://ftp.ncbi.nlm.nih.gov/geo/samples/GSM5099nnn/GSM5099050/suppl/GSM5099050_204500250020_R01C01_noid_Red.idat.gz"
[1] "Data downloaded successfuly"
[1] "https://ftp.ncbi.nlm.nih.gov/geo/samples/GSM5099nnn/GSM5099051/suppl/GSM5099051_204500250020_R02C01_noid_Grn.idat.gz"
[1] "Data downloaded successfuly"
[1] "https://ftp.ncbi.nlm.nih.gov/geo/samples/GSM5099nnn/GSM5099051/suppl/GSM5099051_204500250020_R02C01_noid_Red.idat.gz"
[1] "Data downloaded successfuly"
[1] "https://ftp.ncbi.nlm.nih.gov/geo/samples/GSM5099nnn/GSM5099052/suppl/GSM5099052_204500250020_R03C01_noid_Grn.idat.gz"
[1] "Data downloaded successfuly"
[1] "https://ftp.ncbi.nlm.nih.gov/geo/samples/GSM5099nnn/GSM5099052/suppl/GSM5099052_204500250020_R03C01_noid_Red.idat.gz"
[1] "Data downloaded successfuly"
[1] "https://ftp.ncbi.nlm.nih.gov/geo/samples/GSM5099nnn/GSM5099053/suppl/GSM5099053_204500250020_R04C01_noid_Grn.idat.gz"
[1] "Data downloaded successfuly"
[1] "https://ftp.ncbi.nlm.nih.gov/geo/samples/GSM5099nnn/GSM5099053/suppl/GSM5099053_204500250020_R04C01_noid_Red.idat.gz"
[1] "Data downloaded successfuly"
[1] "https://ftp.ncbi.nlm.nih.gov/geo/samples/GSM5099nnn/GSM5099054/suppl/GSM5099054_204500250020_R05C01_noid_Grn.idat.gz"
[1] "Data downloaded successfuly"
[1] "https://ftp.ncbi.nlm.nih.gov/geo/samples/GSM5099nnn/GSM5099054/suppl/GSM5099054_204500250020_R05C01_noid_Red.idat.gz"
[1] "Data downloaded successfuly"
[1] "https://ftp.ncbi.nlm.nih.gov/geo/samples/GSM5099nnn/GSM5099055/suppl/GSM5099055_204500250020_R06C01_noid_Grn.idat.gz"
[1] "Data downloaded successfuly"
[1] "https://ftp.ncbi.nlm.nih.gov/geo/samples/GSM5099nnn/GSM5099055/suppl/GSM5099055_204500250020_R06C01_noid_Red.idat.gz"
[1] "Data downloaded successfuly"
[1] "https://ftp.ncbi.nlm.nih.gov/geo/samples/GSM5099nnn/GSM5099056/suppl/GSM5099056_204500250020_R07C01_noid_Grn.idat.gz"
[1] "Data downloaded successfuly"
[1] "https://ftp.ncbi.nlm.nih.gov/geo/samples/GSM5099nnn/GSM5099056/suppl/GSM5099056_204500250020_R07C01_noid_Red.idat.gz"
[1] "Data downloaded successfuly"
[1] "https://ftp.ncbi.nlm.nih.gov/geo/samples/GSM5099nnn/GSM5099057/suppl/GSM5099057_204500250020_R08C01_noid_Grn.idat.gz"
[1] "Data downloaded successfuly"
[1] "https://ftp.ncbi.nlm.nih.gov/geo/samples/GSM5099nnn/GSM5099057/suppl/GSM5099057_204500250020_R08C01_noid_Red.idat.gz"
[1] "Data downloaded successfuly"
[1] "https://ftp.ncbi.nlm.nih.gov/geo/samples/GSM5099nnn/GSM5099058/suppl/GSM5099058_204500250022_R03C01_noid_Grn.idat.gz"
[1] "Data downloaded successfuly"
[1] "https://ftp.ncbi.nlm.nih.gov/geo/samples/GSM5099nnn/GSM5099058/suppl/GSM5099058_204500250022_R03C01_noid_Red.idat.gz"
[1] "Data downloaded successfuly"
[1] "https://ftp.ncbi.nlm.nih.gov/geo/samples/GSM5099nnn/GSM5099059/suppl/GSM5099059_204500250022_R04C01_noid_Grn.idat.gz"
[1] "Data downloaded successfuly"
[1] "https://ftp.ncbi.nlm.nih.gov/geo/samples/GSM5099nnn/GSM5099059/suppl/GSM5099059_204500250022_R04C01_noid_Red.idat.gz"
[1] "Data downloaded successfuly"
[1] "https://ftp.ncbi.nlm.nih.gov/geo/samples/GSM5099nnn/GSM5099060/suppl/GSM5099060_204500250022_R05C01_noid_Grn.idat.gz"
[1] "Data downloaded successfuly"
[1] "https://ftp.ncbi.nlm.nih.gov/geo/samples/GSM5099nnn/GSM5099060/suppl/GSM5099060_204500250022_R05C01_noid_Red.idat.gz"
[1] "Data downloaded successfuly"
[1] "https://ftp.ncbi.nlm.nih.gov/geo/samples/GSM5099nnn/GSM5099061/suppl/GSM5099061_204500250022_R07C01_noid_Grn.idat.gz"
[1] "Data downloaded successfuly"
[1] "https://ftp.ncbi.nlm.nih.gov/geo/samples/GSM5099nnn/GSM5099061/suppl/GSM5099061_204500250022_R07C01_noid_Red.idat.gz"
[1] "Data downloaded successfuly"
[1] "https://ftp.ncbi.nlm.nih.gov/geo/samples/GSM5099nnn/GSM5099062/suppl/GSM5099062_204500250023_R04C01_noid_Grn.idat.gz"
[1] "Data downloaded successfuly"
[1] "https://ftp.ncbi.nlm.nih.gov/geo/samples/GSM5099nnn/GSM5099062/suppl/GSM5099062_204500250023_R04C01_noid_Red.idat.gz"
[1] "Data downloaded successfuly"
[1] "https://ftp.ncbi.nlm.nih.gov/geo/samples/GSM5099nnn/GSM5099063/suppl/GSM5099063_204500250024_R01C01_noid_Grn.idat.gz"
[1] "Data downloaded successfuly"
[1] "https://ftp.ncbi.nlm.nih.gov/geo/samples/GSM5099nnn/GSM5099063/suppl/GSM5099063_204500250024_R01C01_noid_Red.idat.gz"
[1] "Data downloaded successfuly"
[1] "https://ftp.ncbi.nlm.nih.gov/geo/samples/GSM5099nnn/GSM5099064/suppl/GSM5099064_204500250024_R04C01_noid_Grn.idat.gz"
[1] "Data downloaded successfuly"
[1] "https://ftp.ncbi.nlm.nih.gov/geo/samples/GSM5099nnn/GSM5099064/suppl/GSM5099064_204500250024_R04C01_noid_Red.idat.gz"
[1] "Data downloaded successfuly"
[1] "https://ftp.ncbi.nlm.nih.gov/geo/samples/GSM5099nnn/GSM5099065/suppl/GSM5099065_204500250024_R05C01_noid_Grn.idat.gz"
[1] "Data downloaded successfuly"
[1] "https://ftp.ncbi.nlm.nih.gov/geo/samples/GSM5099nnn/GSM5099065/suppl/GSM5099065_204500250024_R05C01_noid_Red.idat.gz"
[1] "Data downloaded successfuly"
[1] "https://ftp.ncbi.nlm.nih.gov/geo/samples/GSM5099nnn/GSM5099066/suppl/GSM5099066_204500250024_R08C01_noid_Grn.idat.gz"
[1] "Data downloaded successfuly"
[1] "https://ftp.ncbi.nlm.nih.gov/geo/samples/GSM5099nnn/GSM5099066/suppl/GSM5099066_204500250024_R08C01_noid_Red.idat.gz"
[1] "Data downloaded successfuly"
[1] "https://ftp.ncbi.nlm.nih.gov/geo/samples/GSM5099nnn/GSM5099067/suppl/GSM5099067_204500250025_R01C01_noid_Grn.idat.gz"
[1] "Data downloaded successfuly"
[1] "https://ftp.ncbi.nlm.nih.gov/geo/samples/GSM5099nnn/GSM5099067/suppl/GSM5099067_204500250025_R01C01_noid_Red.idat.gz"
[1] "Data downloaded successfuly"
[1] "https://ftp.ncbi.nlm.nih.gov/geo/samples/GSM5099nnn/GSM5099068/suppl/GSM5099068_204500250025_R02C01_noid_Grn.idat.gz"
[1] "Data downloaded successfuly"
[1] "https://ftp.ncbi.nlm.nih.gov/geo/samples/GSM5099nnn/GSM5099068/suppl/GSM5099068_204500250025_R02C01_noid_Red.idat.gz"
[1] "Data downloaded successfuly"
[1] "https://ftp.ncbi.nlm.nih.gov/geo/samples/GSM5099nnn/GSM5099069/suppl/GSM5099069_204500250025_R03C01_noid_Grn.idat.gz"
[1] "Data downloaded successfuly"
[1] "https://ftp.ncbi.nlm.nih.gov/geo/samples/GSM5099nnn/GSM5099069/suppl/GSM5099069_204500250025_R03C01_noid_Red.idat.gz"
[1] "Data downloaded successfuly"
[1] "https://ftp.ncbi.nlm.nih.gov/geo/samples/GSM5099nnn/GSM5099070/suppl/GSM5099070_204500250025_R04C01_noid_Grn.idat.gz"
[1] "Data downloaded successfuly"
[1] "https://ftp.ncbi.nlm.nih.gov/geo/samples/GSM5099nnn/GSM5099070/suppl/GSM5099070_204500250025_R04C01_noid_Red.idat.gz"
[1] "Data downloaded successfuly"
[1] "https://ftp.ncbi.nlm.nih.gov/geo/samples/GSM5099nnn/GSM5099071/suppl/GSM5099071_204500250025_R05C01_noid_Grn.idat.gz"
[1] "Data downloaded successfuly"
[1] "https://ftp.ncbi.nlm.nih.gov/geo/samples/GSM5099nnn/GSM5099071/suppl/GSM5099071_204500250025_R05C01_noid_Red.idat.gz"
[1] "Data downloaded successfuly"
[1] "https://ftp.ncbi.nlm.nih.gov/geo/samples/GSM5099nnn/GSM5099072/suppl/GSM5099072_204500250025_R06C01_noid_Grn.idat.gz"
[1] "Data downloaded successfuly"
[1] "https://ftp.ncbi.nlm.nih.gov/geo/samples/GSM5099nnn/GSM5099072/suppl/GSM5099072_204500250025_R06C01_noid_Red.idat.gz"
[1] "Data downloaded successfuly"
[1] "https://ftp.ncbi.nlm.nih.gov/geo/samples/GSM5099nnn/GSM5099073/suppl/GSM5099073_204500250025_R07C01_noid_Grn.idat.gz"
[1] "Data downloaded successfuly"
[1] "https://ftp.ncbi.nlm.nih.gov/geo/samples/GSM5099nnn/GSM5099073/suppl/GSM5099073_204500250025_R07C01_noid_Red.idat.gz"
[1] "Data downloaded successfuly"
[1] "https://ftp.ncbi.nlm.nih.gov/geo/samples/GSM5099nnn/GSM5099074/suppl/GSM5099074_204500250025_R08C01_noid_Grn.idat.gz"
[1] "Data downloaded successfuly"
[1] "https://ftp.ncbi.nlm.nih.gov/geo/samples/GSM5099nnn/GSM5099074/suppl/GSM5099074_204500250025_R08C01_noid_Red.idat.gz"
[1] "Data downloaded successfuly"
[1] "https://ftp.ncbi.nlm.nih.gov/geo/samples/GSM5099nnn/GSM5099075/suppl/GSM5099075_204500250026_R01C01_noid_Grn.idat.gz"
[1] "Data downloaded successfuly"
[1] "https://ftp.ncbi.nlm.nih.gov/geo/samples/GSM5099nnn/GSM5099075/suppl/GSM5099075_204500250026_R01C01_noid_Red.idat.gz"
[1] "Data downloaded successfuly"
[1] "https://ftp.ncbi.nlm.nih.gov/geo/samples/GSM5099nnn/GSM5099076/suppl/GSM5099076_204500250026_R03C01_noid_Grn.idat.gz"
[1] "Data downloaded successfuly"
[1] "https://ftp.ncbi.nlm.nih.gov/geo/samples/GSM5099nnn/GSM5099076/suppl/GSM5099076_204500250026_R03C01_noid_Red.idat.gz"
[1] "Data downloaded successfuly"
[1] "https://ftp.ncbi.nlm.nih.gov/geo/samples/GSM5099nnn/GSM5099077/suppl/GSM5099077_204500250026_R06C01_noid_Grn.idat.gz"
[1] "Data downloaded successfuly"
[1] "https://ftp.ncbi.nlm.nih.gov/geo/samples/GSM5099nnn/GSM5099077/suppl/GSM5099077_204500250026_R06C01_noid_Red.idat.gz"
[1] "Data downloaded successfuly"
[1] "https://ftp.ncbi.nlm.nih.gov/geo/samples/GSM5099nnn/GSM5099078/suppl/GSM5099078_204500250026_R07C01_noid_Grn.idat.gz"
[1] "Data downloaded successfuly"
[1] "https://ftp.ncbi.nlm.nih.gov/geo/samples/GSM5099nnn/GSM5099078/suppl/GSM5099078_204500250026_R07C01_noid_Red.idat.gz"
[1] "Data downloaded successfuly"
[1] "https://ftp.ncbi.nlm.nih.gov/geo/samples/GSM5099nnn/GSM5099079/suppl/GSM5099079_204500250026_R08C01_noid_Grn.idat.gz"
[1] "Data downloaded successfuly"
[1] "https://ftp.ncbi.nlm.nih.gov/geo/samples/GSM5099nnn/GSM5099079/suppl/GSM5099079_204500250026_R08C01_noid_Red.idat.gz"
[1] "Data downloaded successfuly"
[1] "https://ftp.ncbi.nlm.nih.gov/geo/samples/GSM5099nnn/GSM5099080/suppl/GSM5099080_204500250027_R01C01_noid_Grn.idat.gz"
[1] "Data downloaded successfuly"
[1] "https://ftp.ncbi.nlm.nih.gov/geo/samples/GSM5099nnn/GSM5099080/suppl/GSM5099080_204500250027_R01C01_noid_Red.idat.gz"
[1] "Data downloaded successfuly"
[1] "https://ftp.ncbi.nlm.nih.gov/geo/samples/GSM5099nnn/GSM5099081/suppl/GSM5099081_204500250027_R07C01_noid_Grn.idat.gz"
[1] "Data downloaded successfuly"
[1] "https://ftp.ncbi.nlm.nih.gov/geo/samples/GSM5099nnn/GSM5099081/suppl/GSM5099081_204500250027_R07C01_noid_Red.idat.gz"
[1] "Data downloaded successfuly"
[1] "https://ftp.ncbi.nlm.nih.gov/geo/samples/GSM5099nnn/GSM5099082/suppl/GSM5099082_204500250027_R08C01_noid_Grn.idat.gz"
[1] "Data downloaded successfuly"
[1] "https://ftp.ncbi.nlm.nih.gov/geo/samples/GSM5099nnn/GSM5099082/suppl/GSM5099082_204500250027_R08C01_noid_Red.idat.gz"
[1] "Data downloaded successfuly"
[1] "https://ftp.ncbi.nlm.nih.gov/geo/samples/GSM5099nnn/GSM5099083/suppl/GSM5099083_204500250028_R01C01_noid_Grn.idat.gz"
[1] "Data downloaded successfuly"
[1] "https://ftp.ncbi.nlm.nih.gov/geo/samples/GSM5099nnn/GSM5099083/suppl/GSM5099083_204500250028_R01C01_noid_Red.idat.gz"
[1] "Data downloaded successfuly"
[1] "https://ftp.ncbi.nlm.nih.gov/geo/samples/GSM5099nnn/GSM5099084/suppl/GSM5099084_204500250028_R02C01_noid_Grn.idat.gz"
[1] "Data downloaded successfuly"
[1] "https://ftp.ncbi.nlm.nih.gov/geo/samples/GSM5099nnn/GSM5099084/suppl/GSM5099084_204500250028_R02C01_noid_Red.idat.gz"
[1] "Data downloaded successfuly"
[1] "https://ftp.ncbi.nlm.nih.gov/geo/samples/GSM5099nnn/GSM5099085/suppl/GSM5099085_204500250028_R04C01_noid_Grn.idat.gz"
[1] "Data downloaded successfuly"
[1] "https://ftp.ncbi.nlm.nih.gov/geo/samples/GSM5099nnn/GSM5099085/suppl/GSM5099085_204500250028_R04C01_noid_Red.idat.gz"
[1] "Data downloaded successfuly"
[1] "https://ftp.ncbi.nlm.nih.gov/geo/samples/GSM5099nnn/GSM5099086/suppl/GSM5099086_204500250028_R05C01_noid_Grn.idat.gz"
[1] "Data downloaded successfuly"
[1] "https://ftp.ncbi.nlm.nih.gov/geo/samples/GSM5099nnn/GSM5099086/suppl/GSM5099086_204500250028_R05C01_noid_Red.idat.gz"
[1] "Data downloaded successfuly"
[1] "https://ftp.ncbi.nlm.nih.gov/geo/samples/GSM5099nnn/GSM5099087/suppl/GSM5099087_204500250028_R06C01_noid_Grn.idat.gz"
[1] "Data downloaded successfuly"
[1] "https://ftp.ncbi.nlm.nih.gov/geo/samples/GSM5099nnn/GSM5099087/suppl/GSM5099087_204500250028_R06C01_noid_Red.idat.gz"
[1] "Data downloaded successfuly"
[1] "https://ftp.ncbi.nlm.nih.gov/geo/samples/GSM5099nnn/GSM5099088/suppl/GSM5099088_204500250028_R07C01_noid_Grn.idat.gz"
[1] "Data downloaded successfuly"
[1] "https://ftp.ncbi.nlm.nih.gov/geo/samples/GSM5099nnn/GSM5099088/suppl/GSM5099088_204500250028_R07C01_noid_Red.idat.gz"
[1] "Data downloaded successfuly"
[1] "https://ftp.ncbi.nlm.nih.gov/geo/samples/GSM5099nnn/GSM5099089/suppl/GSM5099089_204500250028_R08C01_noid_Grn.idat.gz"
[1] "Data downloaded successfuly"
[1] "https://ftp.ncbi.nlm.nih.gov/geo/samples/GSM5099nnn/GSM5099089/suppl/GSM5099089_204500250028_R08C01_noid_Red.idat.gz"
[1] "Data downloaded successfuly"
[1] "https://ftp.ncbi.nlm.nih.gov/geo/samples/GSM5099nnn/GSM5099090/suppl/GSM5099090_204500250029_R01C01_noid_Grn.idat.gz"
[1] "Data downloaded successfuly"
[1] "https://ftp.ncbi.nlm.nih.gov/geo/samples/GSM5099nnn/GSM5099090/suppl/GSM5099090_204500250029_R01C01_noid_Red.idat.gz"
[1] "Data downloaded successfuly"
[1] "https://ftp.ncbi.nlm.nih.gov/geo/samples/GSM5099nnn/GSM5099091/suppl/GSM5099091_204500250029_R03C01_noid_Grn.idat.gz"
[1] "Data downloaded successfuly"
[1] "https://ftp.ncbi.nlm.nih.gov/geo/samples/GSM5099nnn/GSM5099091/suppl/GSM5099091_204500250029_R03C01_noid_Red.idat.gz"
[1] "Data downloaded successfuly"
[1] "https://ftp.ncbi.nlm.nih.gov/geo/samples/GSM5099nnn/GSM5099092/suppl/GSM5099092_204500250029_R04C01_noid_Grn.idat.gz"
[1] "Data downloaded successfuly"
[1] "https://ftp.ncbi.nlm.nih.gov/geo/samples/GSM5099nnn/GSM5099092/suppl/GSM5099092_204500250029_R04C01_noid_Red.idat.gz"
[1] "Data downloaded successfuly"
[1] "https://ftp.ncbi.nlm.nih.gov/geo/samples/GSM5099nnn/GSM5099093/suppl/GSM5099093_204500250029_R05C01_noid_Grn.idat.gz"
[1] "Data downloaded successfuly"
[1] "https://ftp.ncbi.nlm.nih.gov/geo/samples/GSM5099nnn/GSM5099093/suppl/GSM5099093_204500250029_R05C01_noid_Red.idat.gz"
[1] "Data downloaded successfuly"
[1] "https://ftp.ncbi.nlm.nih.gov/geo/samples/GSM5099nnn/GSM5099094/suppl/GSM5099094_204500250029_R07C01_noid_Grn.idat.gz"
[1] "Data downloaded successfuly"
[1] "https://ftp.ncbi.nlm.nih.gov/geo/samples/GSM5099nnn/GSM5099094/suppl/GSM5099094_204500250029_R07C01_noid_Red.idat.gz"
[1] "Data downloaded successfuly"
[1] "https://ftp.ncbi.nlm.nih.gov/geo/samples/GSM5099nnn/GSM5099095/suppl/GSM5099095_204500250030_R01C01_noid_Grn.idat.gz"
[1] "Data downloaded successfuly"
[1] "https://ftp.ncbi.nlm.nih.gov/geo/samples/GSM5099nnn/GSM5099095/suppl/GSM5099095_204500250030_R01C01_noid_Red.idat.gz"
[1] "Data downloaded successfuly"
[1] "https://ftp.ncbi.nlm.nih.gov/geo/samples/GSM5099nnn/GSM5099096/suppl/GSM5099096_204500250030_R03C01_noid_Grn.idat.gz"
[1] "Data downloaded successfuly"
[1] "https://ftp.ncbi.nlm.nih.gov/geo/samples/GSM5099nnn/GSM5099096/suppl/GSM5099096_204500250030_R03C01_noid_Red.idat.gz"
[1] "Data downloaded successfuly"
[1] "https://ftp.ncbi.nlm.nih.gov/geo/samples/GSM5099nnn/GSM5099097/suppl/GSM5099097_204500250030_R04C01_noid_Grn.idat.gz"
[1] "Data downloaded successfuly"
[1] "https://ftp.ncbi.nlm.nih.gov/geo/samples/GSM5099nnn/GSM5099097/suppl/GSM5099097_204500250030_R04C01_noid_Red.idat.gz"
[1] "Data downloaded successfuly"
[1] "https://ftp.ncbi.nlm.nih.gov/geo/samples/GSM5099nnn/GSM5099098/suppl/GSM5099098_204500250030_R05C01_noid_Grn.idat.gz"
[1] "Data downloaded successfuly"
[1] "https://ftp.ncbi.nlm.nih.gov/geo/samples/GSM5099nnn/GSM5099098/suppl/GSM5099098_204500250030_R05C01_noid_Red.idat.gz"
[1] "Data downloaded successfuly"
[1] "https://ftp.ncbi.nlm.nih.gov/geo/samples/GSM5099nnn/GSM5099099/suppl/GSM5099099_204500250030_R08C01_noid_Grn.idat.gz"
[1] "Data downloaded successfuly"
[1] "https://ftp.ncbi.nlm.nih.gov/geo/samples/GSM5099nnn/GSM5099099/suppl/GSM5099099_204500250030_R08C01_noid_Red.idat.gz"
[1] "Data downloaded successfuly"
[1] "https://ftp.ncbi.nlm.nih.gov/geo/samples/GSM5099nnn/GSM5099100/suppl/GSM5099100_204500250031_R01C01_noid_Grn.idat.gz"
[1] "Data downloaded successfuly"
[1] "https://ftp.ncbi.nlm.nih.gov/geo/samples/GSM5099nnn/GSM5099100/suppl/GSM5099100_204500250031_R01C01_noid_Red.idat.gz"
[1] "Data downloaded successfuly"
[1] "https://ftp.ncbi.nlm.nih.gov/geo/samples/GSM5099nnn/GSM5099101/suppl/GSM5099101_204500250031_R03C01_noid_Grn.idat.gz"
[1] "Data downloaded successfuly"
[1] "https://ftp.ncbi.nlm.nih.gov/geo/samples/GSM5099nnn/GSM5099101/suppl/GSM5099101_204500250031_R03C01_noid_Red.idat.gz"
[1] "Data downloaded successfuly"
[1] "https://ftp.ncbi.nlm.nih.gov/geo/samples/GSM5099nnn/GSM5099102/suppl/GSM5099102_204500250031_R06C01_noid_Grn.idat.gz"
[1] "Data downloaded successfuly"
[1] "https://ftp.ncbi.nlm.nih.gov/geo/samples/GSM5099nnn/GSM5099102/suppl/GSM5099102_204500250031_R06C01_noid_Red.idat.gz"
[1] "Data downloaded successfuly"
[1] "https://ftp.ncbi.nlm.nih.gov/geo/samples/GSM5099nnn/GSM5099103/suppl/GSM5099103_204500250031_R07C01_noid_Grn.idat.gz"
[1] "Data downloaded successfuly"
[1] "https://ftp.ncbi.nlm.nih.gov/geo/samples/GSM5099nnn/GSM5099103/suppl/GSM5099103_204500250031_R07C01_noid_Red.idat.gz"
[1] "Data downloaded successfuly"
[1] "https://ftp.ncbi.nlm.nih.gov/geo/samples/GSM5099nnn/GSM5099104/suppl/GSM5099104_204500250031_R08C01_noid_Grn.idat.gz"
[1] "Data downloaded successfuly"
[1] "https://ftp.ncbi.nlm.nih.gov/geo/samples/GSM5099nnn/GSM5099104/suppl/GSM5099104_204500250031_R08C01_noid_Red.idat.gz"
[1] "Data downloaded successfuly"
[1] "https://ftp.ncbi.nlm.nih.gov/geo/samples/GSM5099nnn/GSM5099105/suppl/GSM5099105_204500250032_R01C01_noid_Grn.idat.gz"
[1] "Data downloaded successfuly"
[1] "https://ftp.ncbi.nlm.nih.gov/geo/samples/GSM5099nnn/GSM5099105/suppl/GSM5099105_204500250032_R01C01_noid_Red.idat.gz"
[1] "Data downloaded successfuly"
[1] "https://ftp.ncbi.nlm.nih.gov/geo/samples/GSM5099nnn/GSM5099106/suppl/GSM5099106_204500250032_R03C01_noid_Grn.idat.gz"
[1] "Data downloaded successfuly"
[1] "https://ftp.ncbi.nlm.nih.gov/geo/samples/GSM5099nnn/GSM5099106/suppl/GSM5099106_204500250032_R03C01_noid_Red.idat.gz"
[1] "Data downloaded successfuly"
[1] "https://ftp.ncbi.nlm.nih.gov/geo/samples/GSM5099nnn/GSM5099107/suppl/GSM5099107_204500250032_R05C01_noid_Grn.idat.gz"
[1] "Data downloaded successfuly"
[1] "https://ftp.ncbi.nlm.nih.gov/geo/samples/GSM5099nnn/GSM5099107/suppl/GSM5099107_204500250032_R05C01_noid_Red.idat.gz"
[1] "Data downloaded successfuly"
[1] "https://ftp.ncbi.nlm.nih.gov/geo/samples/GSM5099nnn/GSM5099108/suppl/GSM5099108_204500250032_R06C01_noid_Grn.idat.gz"
[1] "Data downloaded successfuly"
[1] "https://ftp.ncbi.nlm.nih.gov/geo/samples/GSM5099nnn/GSM5099108/suppl/GSM5099108_204500250032_R06C01_noid_Red.idat.gz"
[1] "Data downloaded successfuly"
[1] "https://ftp.ncbi.nlm.nih.gov/geo/samples/GSM5099nnn/GSM5099109/suppl/GSM5099109_204500250032_R07C01_noid_Grn.idat.gz"
[1] "Data downloaded successfuly"
[1] "https://ftp.ncbi.nlm.nih.gov/geo/samples/GSM5099nnn/GSM5099109/suppl/GSM5099109_204500250032_R07C01_noid_Red.idat.gz"
[1] "Data downloaded successfuly"
[1] "https://ftp.ncbi.nlm.nih.gov/geo/samples/GSM5099nnn/GSM5099110/suppl/GSM5099110_204500250032_R08C01_noid_Grn.idat.gz"
[1] "Data downloaded successfuly"
[1] "https://ftp.ncbi.nlm.nih.gov/geo/samples/GSM5099nnn/GSM5099110/suppl/GSM5099110_204500250032_R08C01_noid_Red.idat.gz"
[1] "Data downloaded successfuly"
[1] "https://ftp.ncbi.nlm.nih.gov/geo/samples/GSM5099nnn/GSM5099111/suppl/GSM5099111_204500250033_R01C01_noid_Grn.idat.gz"
[1] "Data downloaded successfuly"
[1] "https://ftp.ncbi.nlm.nih.gov/geo/samples/GSM5099nnn/GSM5099111/suppl/GSM5099111_204500250033_R01C01_noid_Red.idat.gz"
[1] "Data downloaded successfuly"
[1] "https://ftp.ncbi.nlm.nih.gov/geo/samples/GSM5099nnn/GSM5099112/suppl/GSM5099112_204500250033_R02C01_noid_Grn.idat.gz"
[1] "Data downloaded successfuly"
[1] "https://ftp.ncbi.nlm.nih.gov/geo/samples/GSM5099nnn/GSM5099112/suppl/GSM5099112_204500250033_R02C01_noid_Red.idat.gz"
[1] "Data downloaded successfuly"
[1] "https://ftp.ncbi.nlm.nih.gov/geo/samples/GSM5099nnn/GSM5099113/suppl/GSM5099113_204500250033_R03C01_noid_Grn.idat.gz"
[1] "Data downloaded successfuly"
[1] "https://ftp.ncbi.nlm.nih.gov/geo/samples/GSM5099nnn/GSM5099113/suppl/GSM5099113_204500250033_R03C01_noid_Red.idat.gz"
[1] "Data downloaded successfuly"
[1] "https://ftp.ncbi.nlm.nih.gov/geo/samples/GSM5099nnn/GSM5099114/suppl/GSM5099114_204500250033_R05C01_noid_Grn.idat.gz"
[1] "Data downloaded successfuly"
[1] "https://ftp.ncbi.nlm.nih.gov/geo/samples/GSM5099nnn/GSM5099114/suppl/GSM5099114_204500250033_R05C01_noid_Red.idat.gz"
[1] "Data downloaded successfuly"
[1] "https://ftp.ncbi.nlm.nih.gov/geo/samples/GSM5099nnn/GSM5099115/suppl/GSM5099115_204500250033_R06C01_noid_Grn.idat.gz"
[1] "Data downloaded successfuly"
[1] "https://ftp.ncbi.nlm.nih.gov/geo/samples/GSM5099nnn/GSM5099115/suppl/GSM5099115_204500250033_R06C01_noid_Red.idat.gz"
[1] "Data downloaded successfuly"
[1] "https://ftp.ncbi.nlm.nih.gov/geo/samples/GSM5099nnn/GSM5099116/suppl/GSM5099116_204500250033_R07C01_noid_Grn.idat.gz"
[1] "Data downloaded successfuly"
[1] "https://ftp.ncbi.nlm.nih.gov/geo/samples/GSM5099nnn/GSM5099116/suppl/GSM5099116_204500250033_R07C01_noid_Red.idat.gz"
[1] "Data downloaded successfuly"
[1] "https://ftp.ncbi.nlm.nih.gov/geo/samples/GSM5099nnn/GSM5099117/suppl/GSM5099117_204500250033_R08C01_noid_Grn.idat.gz"
[1] "Data downloaded successfuly"
[1] "https://ftp.ncbi.nlm.nih.gov/geo/samples/GSM5099nnn/GSM5099117/suppl/GSM5099117_204500250033_R08C01_noid_Red.idat.gz"
[1] "Data downloaded successfuly"
[1] "https://ftp.ncbi.nlm.nih.gov/geo/samples/GSM5099nnn/GSM5099118/suppl/GSM5099118_204500250035_R02C01_noid_Grn.idat.gz"
[1] "Data downloaded successfuly"
[1] "https://ftp.ncbi.nlm.nih.gov/geo/samples/GSM5099nnn/GSM5099118/suppl/GSM5099118_204500250035_R02C01_noid_Red.idat.gz"
[1] "Data downloaded successfuly"
[1] "https://ftp.ncbi.nlm.nih.gov/geo/samples/GSM5099nnn/GSM5099119/suppl/GSM5099119_204500250035_R04C01_noid_Grn.idat.gz"
[1] "Data downloaded successfuly"
[1] "https://ftp.ncbi.nlm.nih.gov/geo/samples/GSM5099nnn/GSM5099119/suppl/GSM5099119_204500250035_R04C01_noid_Red.idat.gz"
[1] "Data downloaded successfuly"
[1] "https://ftp.ncbi.nlm.nih.gov/geo/samples/GSM5099nnn/GSM5099120/suppl/GSM5099120_204500250035_R06C01_noid_Grn.idat.gz"
[1] "Data downloaded successfuly"
[1] "https://ftp.ncbi.nlm.nih.gov/geo/samples/GSM5099nnn/GSM5099120/suppl/GSM5099120_204500250035_R06C01_noid_Red.idat.gz"
[1] "Data downloaded successfuly"
[1] "https://ftp.ncbi.nlm.nih.gov/geo/samples/GSM5099nnn/GSM5099121/suppl/GSM5099121_204500250036_R01C01_noid_Grn.idat.gz"
[1] "Data downloaded successfuly"
[1] "https://ftp.ncbi.nlm.nih.gov/geo/samples/GSM5099nnn/GSM5099121/suppl/GSM5099121_204500250036_R01C01_noid_Red.idat.gz"
[1] "Data downloaded successfuly"
[1] "https://ftp.ncbi.nlm.nih.gov/geo/samples/GSM5099nnn/GSM5099122/suppl/GSM5099122_204500250036_R02C01_noid_Grn.idat.gz"
[1] "Data downloaded successfuly"
[1] "https://ftp.ncbi.nlm.nih.gov/geo/samples/GSM5099nnn/GSM5099122/suppl/GSM5099122_204500250036_R02C01_noid_Red.idat.gz"
[1] "Data downloaded successfuly"
[1] "https://ftp.ncbi.nlm.nih.gov/geo/samples/GSM5099nnn/GSM5099123/suppl/GSM5099123_204500250036_R03C01_noid_Grn.idat.gz"
[1] "Data downloaded successfuly"
[1] "https://ftp.ncbi.nlm.nih.gov/geo/samples/GSM5099nnn/GSM5099123/suppl/GSM5099123_204500250036_R03C01_noid_Red.idat.gz"
[1] "Data downloaded successfuly"
[1] "https://ftp.ncbi.nlm.nih.gov/geo/samples/GSM5099nnn/GSM5099124/suppl/GSM5099124_204500250036_R04C01_noid_Grn.idat.gz"
[1] "Data downloaded successfuly"
[1] "https://ftp.ncbi.nlm.nih.gov/geo/samples/GSM5099nnn/GSM5099124/suppl/GSM5099124_204500250036_R04C01_noid_Red.idat.gz"
[1] "Data downloaded successfuly"
[1] "https://ftp.ncbi.nlm.nih.gov/geo/samples/GSM5099nnn/GSM5099125/suppl/GSM5099125_204500250036_R05C01_noid_Grn.idat.gz"
[1] "Data downloaded successfuly"
[1] "https://ftp.ncbi.nlm.nih.gov/geo/samples/GSM5099nnn/GSM5099125/suppl/GSM5099125_204500250036_R05C01_noid_Red.idat.gz"
[1] "Data downloaded successfuly"
[1] "https://ftp.ncbi.nlm.nih.gov/geo/samples/GSM5099nnn/GSM5099126/suppl/GSM5099126_204500250036_R06C01_noid_Grn.idat.gz"
[1] "Data downloaded successfuly"
[1] "https://ftp.ncbi.nlm.nih.gov/geo/samples/GSM5099nnn/GSM5099126/suppl/GSM5099126_204500250036_R06C01_noid_Red.idat.gz"
[1] "Data downloaded successfuly"
[1] "https://ftp.ncbi.nlm.nih.gov/geo/samples/GSM5099nnn/GSM5099127/suppl/GSM5099127_204500250036_R07C01_noid_Grn.idat.gz"
[1] "Data downloaded successfuly"
[1] "https://ftp.ncbi.nlm.nih.gov/geo/samples/GSM5099nnn/GSM5099127/suppl/GSM5099127_204500250036_R07C01_noid_Red.idat.gz"
[1] "Data downloaded successfuly"
[1] "https://ftp.ncbi.nlm.nih.gov/geo/samples/GSM5099nnn/GSM5099128/suppl/GSM5099128_204500250036_R08C01_noid_Grn.idat.gz"
[1] "Data downloaded successfuly"
[1] "https://ftp.ncbi.nlm.nih.gov/geo/samples/GSM5099nnn/GSM5099128/suppl/GSM5099128_204500250036_R08C01_noid_Red.idat.gz"
[1] "Data downloaded successfuly"
[1] "https://ftp.ncbi.nlm.nih.gov/geo/samples/GSM5099nnn/GSM5099129/suppl/GSM5099129_204500250037_R01C01_noid_Grn.idat.gz"
[1] "Data downloaded successfuly"
[1] "https://ftp.ncbi.nlm.nih.gov/geo/samples/GSM5099nnn/GSM5099129/suppl/GSM5099129_204500250037_R01C01_noid_Red.idat.gz"
[1] "Data downloaded successfuly"
[1] "https://ftp.ncbi.nlm.nih.gov/geo/samples/GSM5099nnn/GSM5099130/suppl/GSM5099130_204500250037_R02C01_noid_Grn.idat.gz"
[1] "Data downloaded successfuly"
[1] "https://ftp.ncbi.nlm.nih.gov/geo/samples/GSM5099nnn/GSM5099130/suppl/GSM5099130_204500250037_R02C01_noid_Red.idat.gz"
[1] "Data downloaded successfuly"
[1] "https://ftp.ncbi.nlm.nih.gov/geo/samples/GSM5099nnn/GSM5099131/suppl/GSM5099131_204500250037_R03C01_noid_Grn.idat.gz"
[1] "Data downloaded successfuly"
[1] "https://ftp.ncbi.nlm.nih.gov/geo/samples/GSM5099nnn/GSM5099131/suppl/GSM5099131_204500250037_R03C01_noid_Red.idat.gz"
[1] "Data downloaded successfuly"
[1] "https://ftp.ncbi.nlm.nih.gov/geo/samples/GSM5099nnn/GSM5099132/suppl/GSM5099132_204500250037_R05C01_noid_Grn.idat.gz"
[1] "Data downloaded successfuly"
[1] "https://ftp.ncbi.nlm.nih.gov/geo/samples/GSM5099nnn/GSM5099132/suppl/GSM5099132_204500250037_R05C01_noid_Red.idat.gz"
[1] "Data downloaded successfuly"
[1] "https://ftp.ncbi.nlm.nih.gov/geo/samples/GSM5099nnn/GSM5099133/suppl/GSM5099133_204500250037_R07C01_noid_Grn.idat.gz"
[1] "Data downloaded successfuly"
[1] "https://ftp.ncbi.nlm.nih.gov/geo/samples/GSM5099nnn/GSM5099133/suppl/GSM5099133_204500250037_R07C01_noid_Red.idat.gz"
[1] "Data downloaded successfuly"
[1] "https://ftp.ncbi.nlm.nih.gov/geo/samples/GSM5099nnn/GSM5099134/suppl/GSM5099134_204500250038_R02C01_noid_Grn.idat.gz"
[1] "Data downloaded successfuly"
[1] "https://ftp.ncbi.nlm.nih.gov/geo/samples/GSM5099nnn/GSM5099134/suppl/GSM5099134_204500250038_R02C01_noid_Red.idat.gz"
[1] "Data downloaded successfuly"
[1] "https://ftp.ncbi.nlm.nih.gov/geo/samples/GSM5099nnn/GSM5099135/suppl/GSM5099135_204500250038_R08C01_noid_Grn.idat.gz"
[1] "Data downloaded successfuly"
[1] "https://ftp.ncbi.nlm.nih.gov/geo/samples/GSM5099nnn/GSM5099135/suppl/GSM5099135_204500250038_R08C01_noid_Red.idat.gz"
[1] "Data downloaded successfuly"
[1] "https://ftp.ncbi.nlm.nih.gov/geo/samples/GSM5099nnn/GSM5099136/suppl/GSM5099136_204500250039_R06C01_noid_Grn.idat.gz"
[1] "Data downloaded successfuly"
[1] "https://ftp.ncbi.nlm.nih.gov/geo/samples/GSM5099nnn/GSM5099136/suppl/GSM5099136_204500250039_R06C01_noid_Red.idat.gz"
[1] "Data downloaded successfuly"
[1] "https://ftp.ncbi.nlm.nih.gov/geo/samples/GSM5099nnn/GSM5099137/suppl/GSM5099137_204500250040_R03C01_noid_Grn.idat.gz"
[1] "Data downloaded successfuly"
[1] "https://ftp.ncbi.nlm.nih.gov/geo/samples/GSM5099nnn/GSM5099137/suppl/GSM5099137_204500250040_R03C01_noid_Red.idat.gz"
[1] "Data downloaded successfuly"
[1] "https://ftp.ncbi.nlm.nih.gov/geo/samples/GSM5099nnn/GSM5099138/suppl/GSM5099138_204500250040_R04C01_noid_Grn.idat.gz"
[1] "Data downloaded successfuly"
[1] "https://ftp.ncbi.nlm.nih.gov/geo/samples/GSM5099nnn/GSM5099138/suppl/GSM5099138_204500250040_R04C01_noid_Red.idat.gz"
[1] "Data downloaded successfuly"
[1] "https://ftp.ncbi.nlm.nih.gov/geo/samples/GSM5099nnn/GSM5099139/suppl/GSM5099139_204500250040_R05C01_noid_Grn.idat.gz"
[1] "Data downloaded successfuly"
[1] "https://ftp.ncbi.nlm.nih.gov/geo/samples/GSM5099nnn/GSM5099139/suppl/GSM5099139_204500250040_R05C01_noid_Red.idat.gz"
[1] "Data downloaded successfuly"
[1] "https://ftp.ncbi.nlm.nih.gov/geo/samples/GSM5099nnn/GSM5099140/suppl/GSM5099140_204500250040_R07C01_noid_Grn.idat.gz"
[1] "Data downloaded successfuly"
[1] "https://ftp.ncbi.nlm.nih.gov/geo/samples/GSM5099nnn/GSM5099140/suppl/GSM5099140_204500250040_R07C01_noid_Red.idat.gz"
[1] "Data downloaded successfuly"
[1] "https://ftp.ncbi.nlm.nih.gov/geo/samples/GSM5099nnn/GSM5099141/suppl/GSM5099141_204500250042_R01C01_noid_Grn.idat.gz"
[1] "Data downloaded successfuly"
[1] "https://ftp.ncbi.nlm.nih.gov/geo/samples/GSM5099nnn/GSM5099141/suppl/GSM5099141_204500250042_R01C01_noid_Red.idat.gz"
[1] "Data downloaded successfuly"
[1] "https://ftp.ncbi.nlm.nih.gov/geo/samples/GSM5099nnn/GSM5099142/suppl/GSM5099142_204500250042_R02C01_noid_Grn.idat.gz"
[1] "Data downloaded successfuly"
[1] "https://ftp.ncbi.nlm.nih.gov/geo/samples/GSM5099nnn/GSM5099142/suppl/GSM5099142_204500250042_R02C01_noid_Red.idat.gz"
[1] "Data downloaded successfuly"
[1] "https://ftp.ncbi.nlm.nih.gov/geo/samples/GSM5099nnn/GSM5099143/suppl/GSM5099143_204500250042_R03C01_noid_Grn.idat.gz"
[1] "Data downloaded successfuly"
[1] "https://ftp.ncbi.nlm.nih.gov/geo/samples/GSM5099nnn/GSM5099143/suppl/GSM5099143_204500250042_R03C01_noid_Red.idat.gz"
[1] "Data downloaded successfuly"
[1] "https://ftp.ncbi.nlm.nih.gov/geo/samples/GSM5099nnn/GSM5099144/suppl/GSM5099144_204500250042_R04C01_noid_Grn.idat.gz"
[1] "Data downloaded successfuly"
[1] "https://ftp.ncbi.nlm.nih.gov/geo/samples/GSM5099nnn/GSM5099144/suppl/GSM5099144_204500250042_R04C01_noid_Red.idat.gz"
[1] "Data downloaded successfuly"
[1] "https://ftp.ncbi.nlm.nih.gov/geo/samples/GSM5099nnn/GSM5099145/suppl/GSM5099145_204500250042_R08C01_noid_Grn.idat.gz"
[1] "Data downloaded successfuly"
[1] "https://ftp.ncbi.nlm.nih.gov/geo/samples/GSM5099nnn/GSM5099145/suppl/GSM5099145_204500250042_R08C01_noid_Red.idat.gz"
[1] "Data downloaded successfuly"
[1] "https://ftp.ncbi.nlm.nih.gov/geo/samples/GSM5099nnn/GSM5099146/suppl/GSM5099146_204500250043_R01C01_noid_Grn.idat.gz"
[1] "Data downloaded successfuly"
[1] "https://ftp.ncbi.nlm.nih.gov/geo/samples/GSM5099nnn/GSM5099146/suppl/GSM5099146_204500250043_R01C01_noid_Red.idat.gz"
[1] "Data downloaded successfuly"
[1] "https://ftp.ncbi.nlm.nih.gov/geo/samples/GSM5099nnn/GSM5099147/suppl/GSM5099147_204500250043_R03C01_noid_Grn.idat.gz"
[1] "Data downloaded successfuly"
[1] "https://ftp.ncbi.nlm.nih.gov/geo/samples/GSM5099nnn/GSM5099147/suppl/GSM5099147_204500250043_R03C01_noid_Red.idat.gz"
[1] "Data downloaded successfuly"
[1] "https://ftp.ncbi.nlm.nih.gov/geo/samples/GSM5099nnn/GSM5099148/suppl/GSM5099148_204500250043_R06C01_noid_Grn.idat.gz"
[1] "Data downloaded successfuly"
[1] "https://ftp.ncbi.nlm.nih.gov/geo/samples/GSM5099nnn/GSM5099148/suppl/GSM5099148_204500250043_R06C01_noid_Red.idat.gz"
[1] "Data downloaded successfuly"
[1] "https://ftp.ncbi.nlm.nih.gov/geo/samples/GSM5099nnn/GSM5099149/suppl/GSM5099149_204500250044_R01C01_noid_Grn.idat.gz"
[1] "Data downloaded successfuly"
[1] "https://ftp.ncbi.nlm.nih.gov/geo/samples/GSM5099nnn/GSM5099149/suppl/GSM5099149_204500250044_R01C01_noid_Red.idat.gz"
[1] "Data downloaded successfuly"
[1] "https://ftp.ncbi.nlm.nih.gov/geo/samples/GSM5099nnn/GSM5099150/suppl/GSM5099150_204500250044_R02C01_noid_Grn.idat.gz"
[1] "Data downloaded successfuly"
[1] "https://ftp.ncbi.nlm.nih.gov/geo/samples/GSM5099nnn/GSM5099150/suppl/GSM5099150_204500250044_R02C01_noid_Red.idat.gz"
[1] "Data downloaded successfuly"
[1] "https://ftp.ncbi.nlm.nih.gov/geo/samples/GSM5099nnn/GSM5099151/suppl/GSM5099151_204500250044_R05C01_noid_Grn.idat.gz"
[1] "Data downloaded successfuly"
[1] "https://ftp.ncbi.nlm.nih.gov/geo/samples/GSM5099nnn/GSM5099151/suppl/GSM5099151_204500250044_R05C01_noid_Red.idat.gz"
[1] "Data downloaded successfuly"
[1] "https://ftp.ncbi.nlm.nih.gov/geo/samples/GSM5099nnn/GSM5099152/suppl/GSM5099152_204500250044_R06C01_noid_Grn.idat.gz"
[1] "Data downloaded successfuly"
[1] "https://ftp.ncbi.nlm.nih.gov/geo/samples/GSM5099nnn/GSM5099152/suppl/GSM5099152_204500250044_R06C01_noid_Red.idat.gz"
[1] "Data downloaded successfuly"
