[1] "Downloading batch from 401 to 600"
[1] "https://ftp.ncbi.nlm.nih.gov/geo/samples/GSM4444nnn/GSM4444375/suppl/GSM4444375_201516270021_R03C01_Grn.idat.gz"
[1] "Data downloaded successfuly"
[1] "https://ftp.ncbi.nlm.nih.gov/geo/samples/GSM4444nnn/GSM4444375/suppl/GSM4444375_201516270021_R03C01_Red.idat.gz"
[1] "Data downloaded successfuly"
[1] "https://ftp.ncbi.nlm.nih.gov/geo/samples/GSM4444nnn/GSM4444376/suppl/GSM4444376_201516270021_R04C01_Grn.idat.gz"
[1] "Data downloaded successfuly"
[1] "https://ftp.ncbi.nlm.nih.gov/geo/samples/GSM4444nnn/GSM4444376/suppl/GSM4444376_201516270021_R04C01_Red.idat.gz"
[1] "Data downloaded successfuly"
[1] "https://ftp.ncbi.nlm.nih.gov/geo/samples/GSM4444nnn/GSM4444377/suppl/GSM4444377_201516270021_R05C01_Grn.idat.gz"
[1] "Data downloaded successfuly"
[1] "https://ftp.ncbi.nlm.nih.gov/geo/samples/GSM4444nnn/GSM4444377/suppl/GSM4444377_201516270021_R05C01_Red.idat.gz"
[1] "Data downloaded successfuly"
[1] "https://ftp.ncbi.nlm.nih.gov/geo/samples/GSM4444nnn/GSM4444378/suppl/GSM4444378_201516270021_R06C01_Grn.idat.gz"
[1] "Data downloaded successfuly"
[1] "https://ftp.ncbi.nlm.nih.gov/geo/samples/GSM4444nnn/GSM4444378/suppl/GSM4444378_201516270021_R06C01_Red.idat.gz"
[1] "Data downloaded successfuly"
[1] "https://ftp.ncbi.nlm.nih.gov/geo/samples/GSM4444nnn/GSM4444379/suppl/GSM4444379_201516270021_R07C01_Grn.idat.gz"
[1] "Data downloaded successfuly"
[1] "https://ftp.ncbi.nlm.nih.gov/geo/samples/GSM4444nnn/GSM4444379/suppl/GSM4444379_201516270021_R07C01_Red.idat.gz"
[1] "Data downloaded successfuly"
[1] "https://ftp.ncbi.nlm.nih.gov/geo/samples/GSM4444nnn/GSM4444380/suppl/GSM4444380_201516270021_R08C01_Grn.idat.gz"
[1] "Data downloaded successfuly"
[1] "https://ftp.ncbi.nlm.nih.gov/geo/samples/GSM4444nnn/GSM4444380/suppl/GSM4444380_201516270021_R08C01_Red.idat.gz"
[1] "Data downloaded successfuly"
[1] "https://ftp.ncbi.nlm.nih.gov/geo/samples/GSM4444nnn/GSM4444381/suppl/GSM4444381_201516270031_R01C01_Grn.idat.gz"
[1] "Data downloaded successfuly"
[1] "https://ftp.ncbi.nlm.nih.gov/geo/samples/GSM4444nnn/GSM4444381/suppl/GSM4444381_201516270031_R01C01_Red.idat.gz"
[1] "Data downloaded successfuly"
[1] "https://ftp.ncbi.nlm.nih.gov/geo/samples/GSM4444nnn/GSM4444382/suppl/GSM4444382_201516270031_R02C01_Grn.idat.gz"
[1] "Data downloaded successfuly"
[1] "https://ftp.ncbi.nlm.nih.gov/geo/samples/GSM4444nnn/GSM4444382/suppl/GSM4444382_201516270031_R02C01_Red.idat.gz"
[1] "Data downloaded successfuly"
[1] "https://ftp.ncbi.nlm.nih.gov/geo/samples/GSM4444nnn/GSM4444383/suppl/GSM4444383_201516270031_R03C01_Grn.idat.gz"
[1] "Data downloaded successfuly"
[1] "https://ftp.ncbi.nlm.nih.gov/geo/samples/GSM4444nnn/GSM4444383/suppl/GSM4444383_201516270031_R03C01_Red.idat.gz"
[1] "Data downloaded successfuly"
[1] "https://ftp.ncbi.nlm.nih.gov/geo/samples/GSM4444nnn/GSM4444384/suppl/GSM4444384_201516270031_R04C01_Grn.idat.gz"
[1] "Data downloaded successfuly"
[1] "https://ftp.ncbi.nlm.nih.gov/geo/samples/GSM4444nnn/GSM4444384/suppl/GSM4444384_201516270031_R04C01_Red.idat.gz"
[1] "Data downloaded successfuly"
[1] "https://ftp.ncbi.nlm.nih.gov/geo/samples/GSM4444nnn/GSM4444385/suppl/GSM4444385_201516270031_R05C01_Grn.idat.gz"
[1] "Data downloaded successfuly"
[1] "https://ftp.ncbi.nlm.nih.gov/geo/samples/GSM4444nnn/GSM4444385/suppl/GSM4444385_201516270031_R05C01_Red.idat.gz"
[1] "Data downloaded successfuly"
[1] "https://ftp.ncbi.nlm.nih.gov/geo/samples/GSM4444nnn/GSM4444386/suppl/GSM4444386_201516270031_R06C01_Grn.idat.gz"
[1] "Data downloaded successfuly"
[1] "https://ftp.ncbi.nlm.nih.gov/geo/samples/GSM4444nnn/GSM4444386/suppl/GSM4444386_201516270031_R06C01_Red.idat.gz"
[1] "Data downloaded successfuly"
[1] "https://ftp.ncbi.nlm.nih.gov/geo/samples/GSM4444nnn/GSM4444387/suppl/GSM4444387_201516270031_R07C01_Grn.idat.gz"
[1] "Data downloaded successfuly"
[1] "https://ftp.ncbi.nlm.nih.gov/geo/samples/GSM4444nnn/GSM4444387/suppl/GSM4444387_201516270031_R07C01_Red.idat.gz"
[1] "Data downloaded successfuly"
[1] "https://ftp.ncbi.nlm.nih.gov/geo/samples/GSM4444nnn/GSM4444388/suppl/GSM4444388_201516270031_R08C01_Grn.idat.gz"
[1] "Data downloaded successfuly"
[1] "https://ftp.ncbi.nlm.nih.gov/geo/samples/GSM4444nnn/GSM4444388/suppl/GSM4444388_201516270031_R08C01_Red.idat.gz"
[1] "Data downloaded successfuly"
[1] "https://ftp.ncbi.nlm.nih.gov/geo/samples/GSM4444nnn/GSM4444389/suppl/GSM4444389_201516270038_R01C01_Grn.idat.gz"
[1] "Data downloaded successfuly"
[1] "https://ftp.ncbi.nlm.nih.gov/geo/samples/GSM4444nnn/GSM4444389/suppl/GSM4444389_201516270038_R01C01_Red.idat.gz"
[1] "Data downloaded successfuly"
[1] "https://ftp.ncbi.nlm.nih.gov/geo/samples/GSM4444nnn/GSM4444390/suppl/GSM4444390_201516270038_R02C01_Grn.idat.gz"
[1] "Data downloaded successfuly"
[1] "https://ftp.ncbi.nlm.nih.gov/geo/samples/GSM4444nnn/GSM4444390/suppl/GSM4444390_201516270038_R02C01_Red.idat.gz"
[1] "Data downloaded successfuly"
[1] "https://ftp.ncbi.nlm.nih.gov/geo/samples/GSM4444nnn/GSM4444391/suppl/GSM4444391_201516270038_R03C01_Grn.idat.gz"
[1] "Data downloaded successfuly"
[1] "https://ftp.ncbi.nlm.nih.gov/geo/samples/GSM4444nnn/GSM4444391/suppl/GSM4444391_201516270038_R03C01_Red.idat.gz"
[1] "Data downloaded successfuly"
[1] "https://ftp.ncbi.nlm.nih.gov/geo/samples/GSM4444nnn/GSM4444392/suppl/GSM4444392_201516270038_R04C01_Grn.idat.gz"
[1] "Data downloaded successfuly"
[1] "https://ftp.ncbi.nlm.nih.gov/geo/samples/GSM4444nnn/GSM4444392/suppl/GSM4444392_201516270038_R04C01_Red.idat.gz"
[1] "Data downloaded successfuly"
[1] "https://ftp.ncbi.nlm.nih.gov/geo/samples/GSM4444nnn/GSM4444393/suppl/GSM4444393_201516270038_R05C01_Grn.idat.gz"
[1] "Data downloaded successfuly"
[1] "https://ftp.ncbi.nlm.nih.gov/geo/samples/GSM4444nnn/GSM4444393/suppl/GSM4444393_201516270038_R05C01_Red.idat.gz"
[1] "Data downloaded successfuly"
[1] "https://ftp.ncbi.nlm.nih.gov/geo/samples/GSM4444nnn/GSM4444394/suppl/GSM4444394_201516270038_R06C01_Grn.idat.gz"
[1] "Data downloaded successfuly"
[1] "https://ftp.ncbi.nlm.nih.gov/geo/samples/GSM4444nnn/GSM4444394/suppl/GSM4444394_201516270038_R06C01_Red.idat.gz"
[1] "Data downloaded successfuly"
[1] "https://ftp.ncbi.nlm.nih.gov/geo/samples/GSM4444nnn/GSM4444395/suppl/GSM4444395_201516270038_R07C01_Grn.idat.gz"
[1] "Data downloaded successfuly"
[1] "https://ftp.ncbi.nlm.nih.gov/geo/samples/GSM4444nnn/GSM4444395/suppl/GSM4444395_201516270038_R07C01_Red.idat.gz"
[1] "Data downloaded successfuly"
[1] "https://ftp.ncbi.nlm.nih.gov/geo/samples/GSM4444nnn/GSM4444396/suppl/GSM4444396_201516270038_R08C01_Grn.idat.gz"
[1] "Data downloaded successfuly"
[1] "https://ftp.ncbi.nlm.nih.gov/geo/samples/GSM4444nnn/GSM4444396/suppl/GSM4444396_201516270038_R08C01_Red.idat.gz"
[1] "Data downloaded successfuly"
[1] "https://ftp.ncbi.nlm.nih.gov/geo/samples/GSM4444nnn/GSM4444397/suppl/GSM4444397_201516270042_R01C01_Grn.idat.gz"
[1] "Data downloaded successfuly"
[1] "https://ftp.ncbi.nlm.nih.gov/geo/samples/GSM4444nnn/GSM4444397/suppl/GSM4444397_201516270042_R01C01_Red.idat.gz"
[1] "Data downloaded successfuly"
[1] "https://ftp.ncbi.nlm.nih.gov/geo/samples/GSM4444nnn/GSM4444398/suppl/GSM4444398_201516270042_R02C01_Grn.idat.gz"
[1] "Data downloaded successfuly"
[1] "https://ftp.ncbi.nlm.nih.gov/geo/samples/GSM4444nnn/GSM4444398/suppl/GSM4444398_201516270042_R02C01_Red.idat.gz"
[1] "Data downloaded successfuly"
[1] "https://ftp.ncbi.nlm.nih.gov/geo/samples/GSM4444nnn/GSM4444399/suppl/GSM4444399_201516270042_R03C01_Grn.idat.gz"
[1] "Data downloaded successfuly"
[1] "https://ftp.ncbi.nlm.nih.gov/geo/samples/GSM4444nnn/GSM4444399/suppl/GSM4444399_201516270042_R03C01_Red.idat.gz"
[1] "Data downloaded successfuly"
[1] "https://ftp.ncbi.nlm.nih.gov/geo/samples/GSM4444nnn/GSM4444400/suppl/GSM4444400_201516270042_R04C01_Grn.idat.gz"
[1] "Data downloaded successfuly"
[1] "https://ftp.ncbi.nlm.nih.gov/geo/samples/GSM4444nnn/GSM4444400/suppl/GSM4444400_201516270042_R04C01_Red.idat.gz"
[1] "Data downloaded successfuly"
[1] "https://ftp.ncbi.nlm.nih.gov/geo/samples/GSM4444nnn/GSM4444401/suppl/GSM4444401_201516270042_R05C01_Grn.idat.gz"
[1] "Data downloaded successfuly"
[1] "https://ftp.ncbi.nlm.nih.gov/geo/samples/GSM4444nnn/GSM4444401/suppl/GSM4444401_201516270042_R05C01_Red.idat.gz"
[1] "Data downloaded successfuly"
[1] "https://ftp.ncbi.nlm.nih.gov/geo/samples/GSM4444nnn/GSM4444402/suppl/GSM4444402_201516270042_R06C01_Grn.idat.gz"
[1] "Data downloaded successfuly"
[1] "https://ftp.ncbi.nlm.nih.gov/geo/samples/GSM4444nnn/GSM4444402/suppl/GSM4444402_201516270042_R06C01_Red.idat.gz"
[1] "Data downloaded successfuly"
[1] "https://ftp.ncbi.nlm.nih.gov/geo/samples/GSM4444nnn/GSM4444403/suppl/GSM4444403_201516270042_R07C01_Grn.idat.gz"
[1] "Data downloaded successfuly"
[1] "https://ftp.ncbi.nlm.nih.gov/geo/samples/GSM4444nnn/GSM4444403/suppl/GSM4444403_201516270042_R07C01_Red.idat.gz"
[1] "Data downloaded successfuly"
[1] "https://ftp.ncbi.nlm.nih.gov/geo/samples/GSM4444nnn/GSM4444404/suppl/GSM4444404_201516270042_R08C01_Grn.idat.gz"
[1] "Data downloaded successfuly"
[1] "https://ftp.ncbi.nlm.nih.gov/geo/samples/GSM4444nnn/GSM4444404/suppl/GSM4444404_201516270042_R08C01_Red.idat.gz"
[1] "Data downloaded successfuly"
[1] "https://ftp.ncbi.nlm.nih.gov/geo/samples/GSM4444nnn/GSM4444405/suppl/GSM4444405_201516270056_R01C01_Grn.idat.gz"
[1] "Data downloaded successfuly"
[1] "https://ftp.ncbi.nlm.nih.gov/geo/samples/GSM4444nnn/GSM4444405/suppl/GSM4444405_201516270056_R01C01_Red.idat.gz"
[1] "Data downloaded successfuly"
[1] "https://ftp.ncbi.nlm.nih.gov/geo/samples/GSM4444nnn/GSM4444406/suppl/GSM4444406_201516270056_R02C01_Grn.idat.gz"
[1] "Data downloaded successfuly"
[1] "https://ftp.ncbi.nlm.nih.gov/geo/samples/GSM4444nnn/GSM4444406/suppl/GSM4444406_201516270056_R02C01_Red.idat.gz"
[1] "Data downloaded successfuly"
[1] "https://ftp.ncbi.nlm.nih.gov/geo/samples/GSM4444nnn/GSM4444407/suppl/GSM4444407_201516270056_R03C01_Grn.idat.gz"
[1] "Data downloaded successfuly"
[1] "https://ftp.ncbi.nlm.nih.gov/geo/samples/GSM4444nnn/GSM4444407/suppl/GSM4444407_201516270056_R03C01_Red.idat.gz"
[1] "Data downloaded successfuly"
[1] "https://ftp.ncbi.nlm.nih.gov/geo/samples/GSM4444nnn/GSM4444408/suppl/GSM4444408_201516270056_R04C01_Grn.idat.gz"
[1] "Data downloaded successfuly"
[1] "https://ftp.ncbi.nlm.nih.gov/geo/samples/GSM4444nnn/GSM4444408/suppl/GSM4444408_201516270056_R04C01_Red.idat.gz"
[1] "Data downloaded successfuly"
[1] "https://ftp.ncbi.nlm.nih.gov/geo/samples/GSM4444nnn/GSM4444409/suppl/GSM4444409_201516270056_R05C01_Grn.idat.gz"
[1] "Data downloaded successfuly"
[1] "https://ftp.ncbi.nlm.nih.gov/geo/samples/GSM4444nnn/GSM4444409/suppl/GSM4444409_201516270056_R05C01_Red.idat.gz"
[1] "Data downloaded successfuly"
[1] "https://ftp.ncbi.nlm.nih.gov/geo/samples/GSM4444nnn/GSM4444410/suppl/GSM4444410_201516270056_R06C01_Grn.idat.gz"
[1] "Data downloaded successfuly"
[1] "https://ftp.ncbi.nlm.nih.gov/geo/samples/GSM4444nnn/GSM4444410/suppl/GSM4444410_201516270056_R06C01_Red.idat.gz"
[1] "Data downloaded successfuly"
[1] "https://ftp.ncbi.nlm.nih.gov/geo/samples/GSM4444nnn/GSM4444411/suppl/GSM4444411_201516270056_R07C01_Grn.idat.gz"
[1] "Data downloaded successfuly"
[1] "https://ftp.ncbi.nlm.nih.gov/geo/samples/GSM4444nnn/GSM4444411/suppl/GSM4444411_201516270056_R07C01_Red.idat.gz"
[1] "Data downloaded successfuly"
[1] "https://ftp.ncbi.nlm.nih.gov/geo/samples/GSM4444nnn/GSM4444412/suppl/GSM4444412_201516270056_R08C01_Grn.idat.gz"
[1] "Data downloaded successfuly"
[1] "https://ftp.ncbi.nlm.nih.gov/geo/samples/GSM4444nnn/GSM4444412/suppl/GSM4444412_201516270056_R08C01_Red.idat.gz"
[1] "Data downloaded successfuly"
[1] "https://ftp.ncbi.nlm.nih.gov/geo/samples/GSM4444nnn/GSM4444413/suppl/GSM4444413_201516330003_R01C01_Grn.idat.gz"
[1] "Data downloaded successfuly"
[1] "https://ftp.ncbi.nlm.nih.gov/geo/samples/GSM4444nnn/GSM4444413/suppl/GSM4444413_201516330003_R01C01_Red.idat.gz"
[1] "Data downloaded successfuly"
[1] "https://ftp.ncbi.nlm.nih.gov/geo/samples/GSM4444nnn/GSM4444414/suppl/GSM4444414_201516330003_R02C01_Grn.idat.gz"
[1] "Data downloaded successfuly"
[1] "https://ftp.ncbi.nlm.nih.gov/geo/samples/GSM4444nnn/GSM4444414/suppl/GSM4444414_201516330003_R02C01_Red.idat.gz"
[1] "Data downloaded successfuly"
[1] "https://ftp.ncbi.nlm.nih.gov/geo/samples/GSM4444nnn/GSM4444415/suppl/GSM4444415_201516330003_R03C01_Grn.idat.gz"
[1] "Data downloaded successfuly"
[1] "https://ftp.ncbi.nlm.nih.gov/geo/samples/GSM4444nnn/GSM4444415/suppl/GSM4444415_201516330003_R03C01_Red.idat.gz"
[1] "Data downloaded successfuly"
[1] "https://ftp.ncbi.nlm.nih.gov/geo/samples/GSM4444nnn/GSM4444416/suppl/GSM4444416_201516330003_R04C01_Grn.idat.gz"
[1] "Data downloaded successfuly"
[1] "https://ftp.ncbi.nlm.nih.gov/geo/samples/GSM4444nnn/GSM4444416/suppl/GSM4444416_201516330003_R04C01_Red.idat.gz"
[1] "Data downloaded successfuly"
[1] "https://ftp.ncbi.nlm.nih.gov/geo/samples/GSM4444nnn/GSM4444417/suppl/GSM4444417_201516330003_R05C01_Grn.idat.gz"
[1] "Data downloaded successfuly"
[1] "https://ftp.ncbi.nlm.nih.gov/geo/samples/GSM4444nnn/GSM4444417/suppl/GSM4444417_201516330003_R05C01_Red.idat.gz"
[1] "Data downloaded successfuly"
[1] "https://ftp.ncbi.nlm.nih.gov/geo/samples/GSM4444nnn/GSM4444418/suppl/GSM4444418_201516330003_R06C01_Grn.idat.gz"
[1] "Data downloaded successfuly"
[1] "https://ftp.ncbi.nlm.nih.gov/geo/samples/GSM4444nnn/GSM4444418/suppl/GSM4444418_201516330003_R06C01_Red.idat.gz"
[1] "Data downloaded successfuly"
[1] "https://ftp.ncbi.nlm.nih.gov/geo/samples/GSM4444nnn/GSM4444419/suppl/GSM4444419_201516330003_R07C01_Grn.idat.gz"
[1] "Data downloaded successfuly"
[1] "https://ftp.ncbi.nlm.nih.gov/geo/samples/GSM4444nnn/GSM4444419/suppl/GSM4444419_201516330003_R07C01_Red.idat.gz"
[1] "Data downloaded successfuly"
[1] "https://ftp.ncbi.nlm.nih.gov/geo/samples/GSM4444nnn/GSM4444420/suppl/GSM4444420_201516330003_R08C01_Grn.idat.gz"
[1] "Data downloaded successfuly"
[1] "https://ftp.ncbi.nlm.nih.gov/geo/samples/GSM4444nnn/GSM4444420/suppl/GSM4444420_201516330003_R08C01_Red.idat.gz"
[1] "Data downloaded successfuly"
[1] "https://ftp.ncbi.nlm.nih.gov/geo/samples/GSM4444nnn/GSM4444421/suppl/GSM4444421_201516330004_R01C01_Grn.idat.gz"
[1] "Data downloaded successfuly"
[1] "https://ftp.ncbi.nlm.nih.gov/geo/samples/GSM4444nnn/GSM4444421/suppl/GSM4444421_201516330004_R01C01_Red.idat.gz"
[1] "Data downloaded successfuly"
[1] "https://ftp.ncbi.nlm.nih.gov/geo/samples/GSM4444nnn/GSM4444422/suppl/GSM4444422_201516330004_R02C01_Grn.idat.gz"
[1] "Data downloaded successfuly"
[1] "https://ftp.ncbi.nlm.nih.gov/geo/samples/GSM4444nnn/GSM4444422/suppl/GSM4444422_201516330004_R02C01_Red.idat.gz"
[1] "Data downloaded successfuly"
[1] "https://ftp.ncbi.nlm.nih.gov/geo/samples/GSM4444nnn/GSM4444423/suppl/GSM4444423_201516330004_R03C01_Grn.idat.gz"
[1] "Data downloaded successfuly"
[1] "https://ftp.ncbi.nlm.nih.gov/geo/samples/GSM4444nnn/GSM4444423/suppl/GSM4444423_201516330004_R03C01_Red.idat.gz"
[1] "Data downloaded successfuly"
[1] "https://ftp.ncbi.nlm.nih.gov/geo/samples/GSM4444nnn/GSM4444424/suppl/GSM4444424_201516330004_R04C01_Grn.idat.gz"
[1] "Data downloaded successfuly"
[1] "https://ftp.ncbi.nlm.nih.gov/geo/samples/GSM4444nnn/GSM4444424/suppl/GSM4444424_201516330004_R04C01_Red.idat.gz"
[1] "Data downloaded successfuly"
[1] "https://ftp.ncbi.nlm.nih.gov/geo/samples/GSM4444nnn/GSM4444425/suppl/GSM4444425_201516330004_R05C01_Grn.idat.gz"
[1] "Data downloaded successfuly"
[1] "https://ftp.ncbi.nlm.nih.gov/geo/samples/GSM4444nnn/GSM4444425/suppl/GSM4444425_201516330004_R05C01_Red.idat.gz"
[1] "Data downloaded successfuly"
[1] "https://ftp.ncbi.nlm.nih.gov/geo/samples/GSM4444nnn/GSM4444426/suppl/GSM4444426_201516330004_R06C01_Grn.idat.gz"
[1] "Data downloaded successfuly"
[1] "https://ftp.ncbi.nlm.nih.gov/geo/samples/GSM4444nnn/GSM4444426/suppl/GSM4444426_201516330004_R06C01_Red.idat.gz"
[1] "Data downloaded successfuly"
[1] "https://ftp.ncbi.nlm.nih.gov/geo/samples/GSM4444nnn/GSM4444427/suppl/GSM4444427_201516330004_R07C01_Grn.idat.gz"
[1] "Data downloaded successfuly"
[1] "https://ftp.ncbi.nlm.nih.gov/geo/samples/GSM4444nnn/GSM4444427/suppl/GSM4444427_201516330004_R07C01_Red.idat.gz"
[1] "Data downloaded successfuly"
[1] "https://ftp.ncbi.nlm.nih.gov/geo/samples/GSM4444nnn/GSM4444428/suppl/GSM4444428_201516330004_R08C01_Grn.idat.gz"
[1] "Data downloaded successfuly"
[1] "https://ftp.ncbi.nlm.nih.gov/geo/samples/GSM4444nnn/GSM4444428/suppl/GSM4444428_201516330004_R08C01_Red.idat.gz"
[1] "Data downloaded successfuly"
[1] "https://ftp.ncbi.nlm.nih.gov/geo/samples/GSM4444nnn/GSM4444429/suppl/GSM4444429_201516330005_R01C01_Grn.idat.gz"
[1] "Data downloaded successfuly"
[1] "https://ftp.ncbi.nlm.nih.gov/geo/samples/GSM4444nnn/GSM4444429/suppl/GSM4444429_201516330005_R01C01_Red.idat.gz"
[1] "Data downloaded successfuly"
[1] "https://ftp.ncbi.nlm.nih.gov/geo/samples/GSM4444nnn/GSM4444430/suppl/GSM4444430_201516330005_R02C01_Grn.idat.gz"
[1] "Data downloaded successfuly"
[1] "https://ftp.ncbi.nlm.nih.gov/geo/samples/GSM4444nnn/GSM4444430/suppl/GSM4444430_201516330005_R02C01_Red.idat.gz"
[1] "Data downloaded successfuly"
[1] "https://ftp.ncbi.nlm.nih.gov/geo/samples/GSM4444nnn/GSM4444431/suppl/GSM4444431_201516330005_R03C01_Grn.idat.gz"
[1] "Data downloaded successfuly"
[1] "https://ftp.ncbi.nlm.nih.gov/geo/samples/GSM4444nnn/GSM4444431/suppl/GSM4444431_201516330005_R03C01_Red.idat.gz"
[1] "Data downloaded successfuly"
[1] "https://ftp.ncbi.nlm.nih.gov/geo/samples/GSM4444nnn/GSM4444432/suppl/GSM4444432_201516330005_R04C01_Grn.idat.gz"
[1] "Data downloaded successfuly"
[1] "https://ftp.ncbi.nlm.nih.gov/geo/samples/GSM4444nnn/GSM4444432/suppl/GSM4444432_201516330005_R04C01_Red.idat.gz"
[1] "Data downloaded successfuly"
[1] "https://ftp.ncbi.nlm.nih.gov/geo/samples/GSM4444nnn/GSM4444433/suppl/GSM4444433_201516330005_R05C01_Grn.idat.gz"
[1] "Data downloaded successfuly"
[1] "https://ftp.ncbi.nlm.nih.gov/geo/samples/GSM4444nnn/GSM4444433/suppl/GSM4444433_201516330005_R05C01_Red.idat.gz"
[1] "Data downloaded successfuly"
[1] "https://ftp.ncbi.nlm.nih.gov/geo/samples/GSM4444nnn/GSM4444434/suppl/GSM4444434_201516330005_R06C01_Grn.idat.gz"
[1] "Data downloaded successfuly"
[1] "https://ftp.ncbi.nlm.nih.gov/geo/samples/GSM4444nnn/GSM4444434/suppl/GSM4444434_201516330005_R06C01_Red.idat.gz"
[1] "Data downloaded successfuly"
[1] "https://ftp.ncbi.nlm.nih.gov/geo/samples/GSM4444nnn/GSM4444435/suppl/GSM4444435_201516330005_R08C01_Grn.idat.gz"
[1] "Data downloaded successfuly"
[1] "https://ftp.ncbi.nlm.nih.gov/geo/samples/GSM4444nnn/GSM4444435/suppl/GSM4444435_201516330005_R08C01_Red.idat.gz"
[1] "Data downloaded successfuly"
[1] "https://ftp.ncbi.nlm.nih.gov/geo/samples/GSM4444nnn/GSM4444436/suppl/GSM4444436_201516330007_R01C01_Grn.idat.gz"
[1] "Data downloaded successfuly"
[1] "https://ftp.ncbi.nlm.nih.gov/geo/samples/GSM4444nnn/GSM4444436/suppl/GSM4444436_201516330007_R01C01_Red.idat.gz"
[1] "Data downloaded successfuly"
[1] "https://ftp.ncbi.nlm.nih.gov/geo/samples/GSM4444nnn/GSM4444437/suppl/GSM4444437_201516330007_R02C01_Grn.idat.gz"
[1] "Data downloaded successfuly"
[1] "https://ftp.ncbi.nlm.nih.gov/geo/samples/GSM4444nnn/GSM4444437/suppl/GSM4444437_201516330007_R02C01_Red.idat.gz"
[1] "Data downloaded successfuly"
[1] "https://ftp.ncbi.nlm.nih.gov/geo/samples/GSM4444nnn/GSM4444438/suppl/GSM4444438_201516330007_R03C01_Grn.idat.gz"
[1] "Data downloaded successfuly"
[1] "https://ftp.ncbi.nlm.nih.gov/geo/samples/GSM4444nnn/GSM4444438/suppl/GSM4444438_201516330007_R03C01_Red.idat.gz"
[1] "Data downloaded successfuly"
[1] "https://ftp.ncbi.nlm.nih.gov/geo/samples/GSM4444nnn/GSM4444439/suppl/GSM4444439_201516330007_R04C01_Grn.idat.gz"
[1] "Data downloaded successfuly"
[1] "https://ftp.ncbi.nlm.nih.gov/geo/samples/GSM4444nnn/GSM4444439/suppl/GSM4444439_201516330007_R04C01_Red.idat.gz"
[1] "Data downloaded successfuly"
[1] "https://ftp.ncbi.nlm.nih.gov/geo/samples/GSM4444nnn/GSM4444440/suppl/GSM4444440_201516330007_R05C01_Grn.idat.gz"
[1] "Data downloaded successfuly"
[1] "https://ftp.ncbi.nlm.nih.gov/geo/samples/GSM4444nnn/GSM4444440/suppl/GSM4444440_201516330007_R05C01_Red.idat.gz"
[1] "Data downloaded successfuly"
[1] "https://ftp.ncbi.nlm.nih.gov/geo/samples/GSM4444nnn/GSM4444441/suppl/GSM4444441_201516330007_R06C01_Grn.idat.gz"
[1] "Data downloaded successfuly"
[1] "https://ftp.ncbi.nlm.nih.gov/geo/samples/GSM4444nnn/GSM4444441/suppl/GSM4444441_201516330007_R06C01_Red.idat.gz"
[1] "Data downloaded successfuly"
[1] "https://ftp.ncbi.nlm.nih.gov/geo/samples/GSM4444nnn/GSM4444442/suppl/GSM4444442_201516330007_R07C01_Grn.idat.gz"
[1] "Data downloaded successfuly"
[1] "https://ftp.ncbi.nlm.nih.gov/geo/samples/GSM4444nnn/GSM4444442/suppl/GSM4444442_201516330007_R07C01_Red.idat.gz"
[1] "Data downloaded successfuly"
[1] "https://ftp.ncbi.nlm.nih.gov/geo/samples/GSM4444nnn/GSM4444443/suppl/GSM4444443_201516330007_R08C01_Grn.idat.gz"
[1] "Data downloaded successfuly"
[1] "https://ftp.ncbi.nlm.nih.gov/geo/samples/GSM4444nnn/GSM4444443/suppl/GSM4444443_201516330007_R08C01_Red.idat.gz"
[1] "Data downloaded successfuly"
[1] "https://ftp.ncbi.nlm.nih.gov/geo/samples/GSM4444nnn/GSM4444444/suppl/GSM4444444_201516330010_R01C01_Grn.idat.gz"
[1] "Data downloaded successfuly"
[1] "https://ftp.ncbi.nlm.nih.gov/geo/samples/GSM4444nnn/GSM4444444/suppl/GSM4444444_201516330010_R01C01_Red.idat.gz"
[1] "Data downloaded successfuly"
[1] "https://ftp.ncbi.nlm.nih.gov/geo/samples/GSM4444nnn/GSM4444445/suppl/GSM4444445_201516330010_R02C01_Grn.idat.gz"
[1] "Data downloaded successfuly"
[1] "https://ftp.ncbi.nlm.nih.gov/geo/samples/GSM4444nnn/GSM4444445/suppl/GSM4444445_201516330010_R02C01_Red.idat.gz"
[1] "Data downloaded successfuly"
[1] "https://ftp.ncbi.nlm.nih.gov/geo/samples/GSM4444nnn/GSM4444446/suppl/GSM4444446_201516330010_R03C01_Grn.idat.gz"
[1] "Data downloaded successfuly"
[1] "https://ftp.ncbi.nlm.nih.gov/geo/samples/GSM4444nnn/GSM4444446/suppl/GSM4444446_201516330010_R03C01_Red.idat.gz"
[1] "Data downloaded successfuly"
[1] "https://ftp.ncbi.nlm.nih.gov/geo/samples/GSM4444nnn/GSM4444447/suppl/GSM4444447_201516330010_R04C01_Grn.idat.gz"
[1] "Data downloaded successfuly"
[1] "https://ftp.ncbi.nlm.nih.gov/geo/samples/GSM4444nnn/GSM4444447/suppl/GSM4444447_201516330010_R04C01_Red.idat.gz"
[1] "Data downloaded successfuly"
[1] "https://ftp.ncbi.nlm.nih.gov/geo/samples/GSM4444nnn/GSM4444448/suppl/GSM4444448_201516330010_R05C01_Grn.idat.gz"
[1] "Data downloaded successfuly"
[1] "https://ftp.ncbi.nlm.nih.gov/geo/samples/GSM4444nnn/GSM4444448/suppl/GSM4444448_201516330010_R05C01_Red.idat.gz"
[1] "Data downloaded successfuly"
[1] "https://ftp.ncbi.nlm.nih.gov/geo/samples/GSM4444nnn/GSM4444449/suppl/GSM4444449_201516330010_R06C01_Grn.idat.gz"
[1] "Data downloaded successfuly"
[1] "https://ftp.ncbi.nlm.nih.gov/geo/samples/GSM4444nnn/GSM4444449/suppl/GSM4444449_201516330010_R06C01_Red.idat.gz"
[1] "Data downloaded successfuly"
[1] "https://ftp.ncbi.nlm.nih.gov/geo/samples/GSM4444nnn/GSM4444450/suppl/GSM4444450_201516330010_R07C01_Grn.idat.gz"
[1] "Data downloaded successfuly"
[1] "https://ftp.ncbi.nlm.nih.gov/geo/samples/GSM4444nnn/GSM4444450/suppl/GSM4444450_201516330010_R07C01_Red.idat.gz"
[1] "Data downloaded successfuly"
[1] "https://ftp.ncbi.nlm.nih.gov/geo/samples/GSM4444nnn/GSM4444451/suppl/GSM4444451_201516330010_R08C01_Grn.idat.gz"
[1] "Data downloaded successfuly"
[1] "https://ftp.ncbi.nlm.nih.gov/geo/samples/GSM4444nnn/GSM4444451/suppl/GSM4444451_201516330010_R08C01_Red.idat.gz"
[1] "Data downloaded successfuly"
[1] "https://ftp.ncbi.nlm.nih.gov/geo/samples/GSM4444nnn/GSM4444452/suppl/GSM4444452_201516330013_R01C01_Grn.idat.gz"
[1] "Data downloaded successfuly"
[1] "https://ftp.ncbi.nlm.nih.gov/geo/samples/GSM4444nnn/GSM4444452/suppl/GSM4444452_201516330013_R01C01_Red.idat.gz"
[1] "Data downloaded successfuly"
[1] "https://ftp.ncbi.nlm.nih.gov/geo/samples/GSM4444nnn/GSM4444453/suppl/GSM4444453_201516330013_R02C01_Grn.idat.gz"
[1] "Data downloaded successfuly"
[1] "https://ftp.ncbi.nlm.nih.gov/geo/samples/GSM4444nnn/GSM4444453/suppl/GSM4444453_201516330013_R02C01_Red.idat.gz"
[1] "Data downloaded successfuly"
[1] "https://ftp.ncbi.nlm.nih.gov/geo/samples/GSM4444nnn/GSM4444454/suppl/GSM4444454_201516330013_R03C01_Grn.idat.gz"
[1] "Data downloaded successfuly"
[1] "https://ftp.ncbi.nlm.nih.gov/geo/samples/GSM4444nnn/GSM4444454/suppl/GSM4444454_201516330013_R03C01_Red.idat.gz"
[1] "Data downloaded successfuly"
[1] "https://ftp.ncbi.nlm.nih.gov/geo/samples/GSM4444nnn/GSM4444455/suppl/GSM4444455_201516330013_R04C01_Grn.idat.gz"
[1] "Data downloaded successfuly"
[1] "https://ftp.ncbi.nlm.nih.gov/geo/samples/GSM4444nnn/GSM4444455/suppl/GSM4444455_201516330013_R04C01_Red.idat.gz"
[1] "Data downloaded successfuly"
[1] "https://ftp.ncbi.nlm.nih.gov/geo/samples/GSM4444nnn/GSM4444456/suppl/GSM4444456_201516330013_R05C01_Grn.idat.gz"
[1] "Data downloaded successfuly"
[1] "https://ftp.ncbi.nlm.nih.gov/geo/samples/GSM4444nnn/GSM4444456/suppl/GSM4444456_201516330013_R05C01_Red.idat.gz"
[1] "Data downloaded successfuly"
[1] "https://ftp.ncbi.nlm.nih.gov/geo/samples/GSM4444nnn/GSM4444457/suppl/GSM4444457_201516330013_R06C01_Grn.idat.gz"
[1] "Data downloaded successfuly"
[1] "https://ftp.ncbi.nlm.nih.gov/geo/samples/GSM4444nnn/GSM4444457/suppl/GSM4444457_201516330013_R06C01_Red.idat.gz"
[1] "Data downloaded successfuly"
[1] "https://ftp.ncbi.nlm.nih.gov/geo/samples/GSM4444nnn/GSM4444458/suppl/GSM4444458_201516330013_R07C01_Grn.idat.gz"
[1] "Data downloaded successfuly"
[1] "https://ftp.ncbi.nlm.nih.gov/geo/samples/GSM4444nnn/GSM4444458/suppl/GSM4444458_201516330013_R07C01_Red.idat.gz"
[1] "Data downloaded successfuly"
[1] "https://ftp.ncbi.nlm.nih.gov/geo/samples/GSM4444nnn/GSM4444459/suppl/GSM4444459_201516330013_R08C01_Grn.idat.gz"
[1] "Data downloaded successfuly"
[1] "https://ftp.ncbi.nlm.nih.gov/geo/samples/GSM4444nnn/GSM4444459/suppl/GSM4444459_201516330013_R08C01_Red.idat.gz"
[1] "Data downloaded successfuly"
[1] "https://ftp.ncbi.nlm.nih.gov/geo/samples/GSM4444nnn/GSM4444460/suppl/GSM4444460_201516330018_R01C01_Grn.idat.gz"
[1] "Data downloaded successfuly"
[1] "https://ftp.ncbi.nlm.nih.gov/geo/samples/GSM4444nnn/GSM4444460/suppl/GSM4444460_201516330018_R01C01_Red.idat.gz"
[1] "Data downloaded successfuly"
[1] "https://ftp.ncbi.nlm.nih.gov/geo/samples/GSM4444nnn/GSM4444461/suppl/GSM4444461_201516330018_R02C01_Grn.idat.gz"
[1] "Data downloaded successfuly"
[1] "https://ftp.ncbi.nlm.nih.gov/geo/samples/GSM4444nnn/GSM4444461/suppl/GSM4444461_201516330018_R02C01_Red.idat.gz"
[1] "Data downloaded successfuly"
[1] "https://ftp.ncbi.nlm.nih.gov/geo/samples/GSM4444nnn/GSM4444462/suppl/GSM4444462_201516330018_R03C01_Grn.idat.gz"
[1] "Data downloaded successfuly"
[1] "https://ftp.ncbi.nlm.nih.gov/geo/samples/GSM4444nnn/GSM4444462/suppl/GSM4444462_201516330018_R03C01_Red.idat.gz"
[1] "Data downloaded successfuly"
[1] "https://ftp.ncbi.nlm.nih.gov/geo/samples/GSM4444nnn/GSM4444463/suppl/GSM4444463_201516330018_R04C01_Grn.idat.gz"
[1] "Data downloaded successfuly"
[1] "https://ftp.ncbi.nlm.nih.gov/geo/samples/GSM4444nnn/GSM4444463/suppl/GSM4444463_201516330018_R04C01_Red.idat.gz"
[1] "Data downloaded successfuly"
[1] "https://ftp.ncbi.nlm.nih.gov/geo/samples/GSM4444nnn/GSM4444464/suppl/GSM4444464_201516330018_R05C01_Grn.idat.gz"
[1] "Data downloaded successfuly"
[1] "https://ftp.ncbi.nlm.nih.gov/geo/samples/GSM4444nnn/GSM4444464/suppl/GSM4444464_201516330018_R05C01_Red.idat.gz"
[1] "Data downloaded successfuly"
[1] "https://ftp.ncbi.nlm.nih.gov/geo/samples/GSM4444nnn/GSM4444465/suppl/GSM4444465_201516330018_R06C01_Grn.idat.gz"
[1] "Data downloaded successfuly"
[1] "https://ftp.ncbi.nlm.nih.gov/geo/samples/GSM4444nnn/GSM4444465/suppl/GSM4444465_201516330018_R06C01_Red.idat.gz"
[1] "Data downloaded successfuly"
[1] "https://ftp.ncbi.nlm.nih.gov/geo/samples/GSM4444nnn/GSM4444466/suppl/GSM4444466_201516330018_R07C01_Grn.idat.gz"
[1] "Data downloaded successfuly"
[1] "https://ftp.ncbi.nlm.nih.gov/geo/samples/GSM4444nnn/GSM4444466/suppl/GSM4444466_201516330018_R07C01_Red.idat.gz"
[1] "Data downloaded successfuly"
[1] "https://ftp.ncbi.nlm.nih.gov/geo/samples/GSM4444nnn/GSM4444467/suppl/GSM4444467_201516330018_R08C01_Grn.idat.gz"
[1] "Data downloaded successfuly"
[1] "https://ftp.ncbi.nlm.nih.gov/geo/samples/GSM4444nnn/GSM4444467/suppl/GSM4444467_201516330018_R08C01_Red.idat.gz"
[1] "Data downloaded successfuly"
[1] "https://ftp.ncbi.nlm.nih.gov/geo/samples/GSM4444nnn/GSM4444468/suppl/GSM4444468_201516330021_R01C01_Grn.idat.gz"
[1] "Data downloaded successfuly"
[1] "https://ftp.ncbi.nlm.nih.gov/geo/samples/GSM4444nnn/GSM4444468/suppl/GSM4444468_201516330021_R01C01_Red.idat.gz"
[1] "Data downloaded successfuly"
[1] "https://ftp.ncbi.nlm.nih.gov/geo/samples/GSM4444nnn/GSM4444469/suppl/GSM4444469_201516330021_R02C01_Grn.idat.gz"
[1] "Data downloaded successfuly"
[1] "https://ftp.ncbi.nlm.nih.gov/geo/samples/GSM4444nnn/GSM4444469/suppl/GSM4444469_201516330021_R02C01_Red.idat.gz"
[1] "Data downloaded successfuly"
[1] "https://ftp.ncbi.nlm.nih.gov/geo/samples/GSM4444nnn/GSM4444470/suppl/GSM4444470_201516330021_R03C01_Grn.idat.gz"
[1] "Data downloaded successfuly"
[1] "https://ftp.ncbi.nlm.nih.gov/geo/samples/GSM4444nnn/GSM4444470/suppl/GSM4444470_201516330021_R03C01_Red.idat.gz"
[1] "Data downloaded successfuly"
[1] "https://ftp.ncbi.nlm.nih.gov/geo/samples/GSM4444nnn/GSM4444471/suppl/GSM4444471_201516330021_R04C01_Grn.idat.gz"
[1] "Data downloaded successfuly"
[1] "https://ftp.ncbi.nlm.nih.gov/geo/samples/GSM4444nnn/GSM4444471/suppl/GSM4444471_201516330021_R04C01_Red.idat.gz"
[1] "Data downloaded successfuly"
[1] "https://ftp.ncbi.nlm.nih.gov/geo/samples/GSM4444nnn/GSM4444472/suppl/GSM4444472_201516330021_R05C01_Grn.idat.gz"
[1] "Data downloaded successfuly"
[1] "https://ftp.ncbi.nlm.nih.gov/geo/samples/GSM4444nnn/GSM4444472/suppl/GSM4444472_201516330021_R05C01_Red.idat.gz"
[1] "Data downloaded successfuly"
[1] "https://ftp.ncbi.nlm.nih.gov/geo/samples/GSM4444nnn/GSM4444473/suppl/GSM4444473_201516330021_R06C01_Grn.idat.gz"
[1] "Data downloaded successfuly"
[1] "https://ftp.ncbi.nlm.nih.gov/geo/samples/GSM4444nnn/GSM4444473/suppl/GSM4444473_201516330021_R06C01_Red.idat.gz"
[1] "Data downloaded successfuly"
[1] "https://ftp.ncbi.nlm.nih.gov/geo/samples/GSM4444nnn/GSM4444474/suppl/GSM4444474_201516330021_R07C01_Grn.idat.gz"
[1] "Data downloaded successfuly"
[1] "https://ftp.ncbi.nlm.nih.gov/geo/samples/GSM4444nnn/GSM4444474/suppl/GSM4444474_201516330021_R07C01_Red.idat.gz"
[1] "Data downloaded successfuly"
[1] "https://ftp.ncbi.nlm.nih.gov/geo/samples/GSM4444nnn/GSM4444475/suppl/GSM4444475_201516330021_R08C01_Grn.idat.gz"
[1] "Data downloaded successfuly"
[1] "https://ftp.ncbi.nlm.nih.gov/geo/samples/GSM4444nnn/GSM4444475/suppl/GSM4444475_201516330021_R08C01_Red.idat.gz"
[1] "Data downloaded successfuly"
[1] "https://ftp.ncbi.nlm.nih.gov/geo/samples/GSM4444nnn/GSM4444476/suppl/GSM4444476_201516330030_R01C01_Grn.idat.gz"
[1] "Data downloaded successfuly"
[1] "https://ftp.ncbi.nlm.nih.gov/geo/samples/GSM4444nnn/GSM4444476/suppl/GSM4444476_201516330030_R01C01_Red.idat.gz"
[1] "Data downloaded successfuly"
[1] "https://ftp.ncbi.nlm.nih.gov/geo/samples/GSM4444nnn/GSM4444477/suppl/GSM4444477_201516330030_R02C01_Grn.idat.gz"
[1] "Data downloaded successfuly"
[1] "https://ftp.ncbi.nlm.nih.gov/geo/samples/GSM4444nnn/GSM4444477/suppl/GSM4444477_201516330030_R02C01_Red.idat.gz"
[1] "Data downloaded successfuly"
[1] "https://ftp.ncbi.nlm.nih.gov/geo/samples/GSM4444nnn/GSM4444478/suppl/GSM4444478_201516330030_R03C01_Grn.idat.gz"
[1] "Data downloaded successfuly"
[1] "https://ftp.ncbi.nlm.nih.gov/geo/samples/GSM4444nnn/GSM4444478/suppl/GSM4444478_201516330030_R03C01_Red.idat.gz"
[1] "Data downloaded successfuly"
[1] "https://ftp.ncbi.nlm.nih.gov/geo/samples/GSM4444nnn/GSM4444479/suppl/GSM4444479_201516330030_R04C01_Grn.idat.gz"
[1] "Data downloaded successfuly"
[1] "https://ftp.ncbi.nlm.nih.gov/geo/samples/GSM4444nnn/GSM4444479/suppl/GSM4444479_201516330030_R04C01_Red.idat.gz"
[1] "Data downloaded successfuly"
[1] "https://ftp.ncbi.nlm.nih.gov/geo/samples/GSM4444nnn/GSM4444480/suppl/GSM4444480_201516330030_R05C01_Grn.idat.gz"
[1] "Data downloaded successfuly"
[1] "https://ftp.ncbi.nlm.nih.gov/geo/samples/GSM4444nnn/GSM4444480/suppl/GSM4444480_201516330030_R05C01_Red.idat.gz"
[1] "Data downloaded successfuly"
[1] "https://ftp.ncbi.nlm.nih.gov/geo/samples/GSM4444nnn/GSM4444481/suppl/GSM4444481_201516330030_R06C01_Grn.idat.gz"
[1] "Data downloaded successfuly"
[1] "https://ftp.ncbi.nlm.nih.gov/geo/samples/GSM4444nnn/GSM4444481/suppl/GSM4444481_201516330030_R06C01_Red.idat.gz"
[1] "Data downloaded successfuly"
[1] "https://ftp.ncbi.nlm.nih.gov/geo/samples/GSM4444nnn/GSM4444482/suppl/GSM4444482_201516330030_R07C01_Grn.idat.gz"
[1] "Data downloaded successfuly"
[1] "https://ftp.ncbi.nlm.nih.gov/geo/samples/GSM4444nnn/GSM4444482/suppl/GSM4444482_201516330030_R07C01_Red.idat.gz"
[1] "Data downloaded successfuly"
[1] "https://ftp.ncbi.nlm.nih.gov/geo/samples/GSM4444nnn/GSM4444483/suppl/GSM4444483_201516330030_R08C01_Grn.idat.gz"
[1] "Data downloaded successfuly"
[1] "https://ftp.ncbi.nlm.nih.gov/geo/samples/GSM4444nnn/GSM4444483/suppl/GSM4444483_201516330030_R08C01_Red.idat.gz"
[1] "Data downloaded successfuly"
[1] "https://ftp.ncbi.nlm.nih.gov/geo/samples/GSM4444nnn/GSM4444484/suppl/GSM4444484_201516330033_R01C01_Grn.idat.gz"
[1] "Data downloaded successfuly"
[1] "https://ftp.ncbi.nlm.nih.gov/geo/samples/GSM4444nnn/GSM4444484/suppl/GSM4444484_201516330033_R01C01_Red.idat.gz"
[1] "Data downloaded successfuly"
[1] "https://ftp.ncbi.nlm.nih.gov/geo/samples/GSM4444nnn/GSM4444485/suppl/GSM4444485_201516330033_R02C01_Grn.idat.gz"
[1] "Data downloaded successfuly"
[1] "https://ftp.ncbi.nlm.nih.gov/geo/samples/GSM4444nnn/GSM4444485/suppl/GSM4444485_201516330033_R02C01_Red.idat.gz"
[1] "Data downloaded successfuly"
[1] "https://ftp.ncbi.nlm.nih.gov/geo/samples/GSM4444nnn/GSM4444486/suppl/GSM4444486_201516330033_R03C01_Grn.idat.gz"
[1] "Data downloaded successfuly"
[1] "https://ftp.ncbi.nlm.nih.gov/geo/samples/GSM4444nnn/GSM4444486/suppl/GSM4444486_201516330033_R03C01_Red.idat.gz"
[1] "Data downloaded successfuly"
[1] "https://ftp.ncbi.nlm.nih.gov/geo/samples/GSM4444nnn/GSM4444487/suppl/GSM4444487_201516330033_R04C01_Grn.idat.gz"
[1] "Data downloaded successfuly"
[1] "https://ftp.ncbi.nlm.nih.gov/geo/samples/GSM4444nnn/GSM4444487/suppl/GSM4444487_201516330033_R04C01_Red.idat.gz"
[1] "Data downloaded successfuly"
[1] "https://ftp.ncbi.nlm.nih.gov/geo/samples/GSM4444nnn/GSM4444488/suppl/GSM4444488_201516330033_R05C01_Grn.idat.gz"
[1] "Data downloaded successfuly"
[1] "https://ftp.ncbi.nlm.nih.gov/geo/samples/GSM4444nnn/GSM4444488/suppl/GSM4444488_201516330033_R05C01_Red.idat.gz"
[1] "Data downloaded successfuly"
[1] "https://ftp.ncbi.nlm.nih.gov/geo/samples/GSM4444nnn/GSM4444489/suppl/GSM4444489_201516330033_R06C01_Grn.idat.gz"
[1] "Data downloaded successfuly"
[1] "https://ftp.ncbi.nlm.nih.gov/geo/samples/GSM4444nnn/GSM4444489/suppl/GSM4444489_201516330033_R06C01_Red.idat.gz"
[1] "Data downloaded successfuly"
[1] "https://ftp.ncbi.nlm.nih.gov/geo/samples/GSM4444nnn/GSM4444490/suppl/GSM4444490_201516330033_R07C01_Grn.idat.gz"
[1] "Data downloaded successfuly"
[1] "https://ftp.ncbi.nlm.nih.gov/geo/samples/GSM4444nnn/GSM4444490/suppl/GSM4444490_201516330033_R07C01_Red.idat.gz"
[1] "Data downloaded successfuly"
[1] "https://ftp.ncbi.nlm.nih.gov/geo/samples/GSM4444nnn/GSM4444491/suppl/GSM4444491_201516330036_R01C01_Grn.idat.gz"
[1] "Data downloaded successfuly"
[1] "https://ftp.ncbi.nlm.nih.gov/geo/samples/GSM4444nnn/GSM4444491/suppl/GSM4444491_201516330036_R01C01_Red.idat.gz"
[1] "Data downloaded successfuly"
[1] "https://ftp.ncbi.nlm.nih.gov/geo/samples/GSM4444nnn/GSM4444492/suppl/GSM4444492_201516330036_R02C01_Grn.idat.gz"
[1] "Data downloaded successfuly"
[1] "https://ftp.ncbi.nlm.nih.gov/geo/samples/GSM4444nnn/GSM4444492/suppl/GSM4444492_201516330036_R02C01_Red.idat.gz"
[1] "Data downloaded successfuly"
[1] "https://ftp.ncbi.nlm.nih.gov/geo/samples/GSM4444nnn/GSM4444493/suppl/GSM4444493_201516330036_R03C01_Grn.idat.gz"
[1] "Data downloaded successfuly"
[1] "https://ftp.ncbi.nlm.nih.gov/geo/samples/GSM4444nnn/GSM4444493/suppl/GSM4444493_201516330036_R03C01_Red.idat.gz"
[1] "Data downloaded successfuly"
[1] "https://ftp.ncbi.nlm.nih.gov/geo/samples/GSM4444nnn/GSM4444494/suppl/GSM4444494_201516330036_R04C01_Grn.idat.gz"
[1] "Data downloaded successfuly"
[1] "https://ftp.ncbi.nlm.nih.gov/geo/samples/GSM4444nnn/GSM4444494/suppl/GSM4444494_201516330036_R04C01_Red.idat.gz"
[1] "Data downloaded successfuly"
[1] "https://ftp.ncbi.nlm.nih.gov/geo/samples/GSM4444nnn/GSM4444495/suppl/GSM4444495_201516330036_R05C01_Grn.idat.gz"
[1] "Data downloaded successfuly"
[1] "https://ftp.ncbi.nlm.nih.gov/geo/samples/GSM4444nnn/GSM4444495/suppl/GSM4444495_201516330036_R05C01_Red.idat.gz"
[1] "Data downloaded successfuly"
[1] "https://ftp.ncbi.nlm.nih.gov/geo/samples/GSM4444nnn/GSM4444496/suppl/GSM4444496_201516330036_R06C01_Grn.idat.gz"
[1] "Data downloaded successfuly"
[1] "https://ftp.ncbi.nlm.nih.gov/geo/samples/GSM4444nnn/GSM4444496/suppl/GSM4444496_201516330036_R06C01_Red.idat.gz"
[1] "Data downloaded successfuly"
[1] "https://ftp.ncbi.nlm.nih.gov/geo/samples/GSM4444nnn/GSM4444497/suppl/GSM4444497_201516330036_R07C01_Grn.idat.gz"
[1] "Data downloaded successfuly"
[1] "https://ftp.ncbi.nlm.nih.gov/geo/samples/GSM4444nnn/GSM4444497/suppl/GSM4444497_201516330036_R07C01_Red.idat.gz"
[1] "Data downloaded successfuly"
[1] "https://ftp.ncbi.nlm.nih.gov/geo/samples/GSM4444nnn/GSM4444498/suppl/GSM4444498_201516330036_R08C01_Grn.idat.gz"
[1] "Data downloaded successfuly"
[1] "https://ftp.ncbi.nlm.nih.gov/geo/samples/GSM4444nnn/GSM4444498/suppl/GSM4444498_201516330036_R08C01_Red.idat.gz"
[1] "Data downloaded successfuly"
[1] "https://ftp.ncbi.nlm.nih.gov/geo/samples/GSM4444nnn/GSM4444499/suppl/GSM4444499_201516330040_R01C01_Grn.idat.gz"
[1] "Data downloaded successfuly"
[1] "https://ftp.ncbi.nlm.nih.gov/geo/samples/GSM4444nnn/GSM4444499/suppl/GSM4444499_201516330040_R01C01_Red.idat.gz"
[1] "Data downloaded successfuly"
[1] "https://ftp.ncbi.nlm.nih.gov/geo/samples/GSM4444nnn/GSM4444500/suppl/GSM4444500_201516330040_R02C01_Grn.idat.gz"
[1] "Data downloaded successfuly"
[1] "https://ftp.ncbi.nlm.nih.gov/geo/samples/GSM4444nnn/GSM4444500/suppl/GSM4444500_201516330040_R02C01_Red.idat.gz"
[1] "Data downloaded successfuly"
[1] "https://ftp.ncbi.nlm.nih.gov/geo/samples/GSM4444nnn/GSM4444501/suppl/GSM4444501_201516330040_R03C01_Grn.idat.gz"
[1] "Data downloaded successfuly"
[1] "https://ftp.ncbi.nlm.nih.gov/geo/samples/GSM4444nnn/GSM4444501/suppl/GSM4444501_201516330040_R03C01_Red.idat.gz"
[1] "Data downloaded successfuly"
[1] "https://ftp.ncbi.nlm.nih.gov/geo/samples/GSM4444nnn/GSM4444502/suppl/GSM4444502_201516330040_R04C01_Grn.idat.gz"
[1] "Data downloaded successfuly"
[1] "https://ftp.ncbi.nlm.nih.gov/geo/samples/GSM4444nnn/GSM4444502/suppl/GSM4444502_201516330040_R04C01_Red.idat.gz"
[1] "Data downloaded successfuly"
[1] "https://ftp.ncbi.nlm.nih.gov/geo/samples/GSM4444nnn/GSM4444503/suppl/GSM4444503_201516330040_R05C01_Grn.idat.gz"
[1] "Data downloaded successfuly"
[1] "https://ftp.ncbi.nlm.nih.gov/geo/samples/GSM4444nnn/GSM4444503/suppl/GSM4444503_201516330040_R05C01_Red.idat.gz"
[1] "Data downloaded successfuly"
[1] "https://ftp.ncbi.nlm.nih.gov/geo/samples/GSM4444nnn/GSM4444504/suppl/GSM4444504_201516330040_R06C01_Grn.idat.gz"
[1] "Data downloaded successfuly"
[1] "https://ftp.ncbi.nlm.nih.gov/geo/samples/GSM4444nnn/GSM4444504/suppl/GSM4444504_201516330040_R06C01_Red.idat.gz"
[1] "Data downloaded successfuly"
[1] "https://ftp.ncbi.nlm.nih.gov/geo/samples/GSM4444nnn/GSM4444505/suppl/GSM4444505_201516330040_R07C01_Grn.idat.gz"
[1] "Data downloaded successfuly"
[1] "https://ftp.ncbi.nlm.nih.gov/geo/samples/GSM4444nnn/GSM4444505/suppl/GSM4444505_201516330040_R07C01_Red.idat.gz"
[1] "Data downloaded successfuly"
[1] "https://ftp.ncbi.nlm.nih.gov/geo/samples/GSM4444nnn/GSM4444506/suppl/GSM4444506_201516330040_R08C01_Grn.idat.gz"
[1] "Data downloaded successfuly"
[1] "https://ftp.ncbi.nlm.nih.gov/geo/samples/GSM4444nnn/GSM4444506/suppl/GSM4444506_201516330040_R08C01_Red.idat.gz"
[1] "Data downloaded successfuly"
[1] "https://ftp.ncbi.nlm.nih.gov/geo/samples/GSM4444nnn/GSM4444507/suppl/GSM4444507_201516330053_R01C01_Grn.idat.gz"
[1] "Data downloaded successfuly"
[1] "https://ftp.ncbi.nlm.nih.gov/geo/samples/GSM4444nnn/GSM4444507/suppl/GSM4444507_201516330053_R01C01_Red.idat.gz"
[1] "Data downloaded successfuly"
[1] "https://ftp.ncbi.nlm.nih.gov/geo/samples/GSM4444nnn/GSM4444508/suppl/GSM4444508_201516330053_R02C01_Grn.idat.gz"
[1] "Data downloaded successfuly"
[1] "https://ftp.ncbi.nlm.nih.gov/geo/samples/GSM4444nnn/GSM4444508/suppl/GSM4444508_201516330053_R02C01_Red.idat.gz"
[1] "Data downloaded successfuly"
[1] "https://ftp.ncbi.nlm.nih.gov/geo/samples/GSM4444nnn/GSM4444509/suppl/GSM4444509_201516330053_R03C01_Grn.idat.gz"
[1] "Data downloaded successfuly"
[1] "https://ftp.ncbi.nlm.nih.gov/geo/samples/GSM4444nnn/GSM4444509/suppl/GSM4444509_201516330053_R03C01_Red.idat.gz"
[1] "Data downloaded successfuly"
[1] "https://ftp.ncbi.nlm.nih.gov/geo/samples/GSM4444nnn/GSM4444510/suppl/GSM4444510_201516330053_R04C01_Grn.idat.gz"
[1] "Data downloaded successfuly"
[1] "https://ftp.ncbi.nlm.nih.gov/geo/samples/GSM4444nnn/GSM4444510/suppl/GSM4444510_201516330053_R04C01_Red.idat.gz"
[1] "Data downloaded successfuly"
[1] "https://ftp.ncbi.nlm.nih.gov/geo/samples/GSM4444nnn/GSM4444511/suppl/GSM4444511_201516330053_R05C01_Grn.idat.gz"
[1] "Data downloaded successfuly"
[1] "https://ftp.ncbi.nlm.nih.gov/geo/samples/GSM4444nnn/GSM4444511/suppl/GSM4444511_201516330053_R05C01_Red.idat.gz"
[1] "Data downloaded successfuly"
[1] "https://ftp.ncbi.nlm.nih.gov/geo/samples/GSM4444nnn/GSM4444512/suppl/GSM4444512_201516330053_R06C01_Grn.idat.gz"
[1] "Data downloaded successfuly"
[1] "https://ftp.ncbi.nlm.nih.gov/geo/samples/GSM4444nnn/GSM4444512/suppl/GSM4444512_201516330053_R06C01_Red.idat.gz"
[1] "Data downloaded successfuly"
[1] "https://ftp.ncbi.nlm.nih.gov/geo/samples/GSM4444nnn/GSM4444513/suppl/GSM4444513_201516330053_R07C01_Grn.idat.gz"
[1] "Data downloaded successfuly"
[1] "https://ftp.ncbi.nlm.nih.gov/geo/samples/GSM4444nnn/GSM4444513/suppl/GSM4444513_201516330053_R07C01_Red.idat.gz"
[1] "Data downloaded successfuly"
[1] "https://ftp.ncbi.nlm.nih.gov/geo/samples/GSM4444nnn/GSM4444514/suppl/GSM4444514_201516330053_R08C01_Grn.idat.gz"
[1] "Data downloaded successfuly"
[1] "https://ftp.ncbi.nlm.nih.gov/geo/samples/GSM4444nnn/GSM4444514/suppl/GSM4444514_201516330053_R08C01_Red.idat.gz"
[1] "Data downloaded successfuly"
[1] "https://ftp.ncbi.nlm.nih.gov/geo/samples/GSM4444nnn/GSM4444515/suppl/GSM4444515_201516330054_R01C01_Grn.idat.gz"
[1] "Data downloaded successfuly"
[1] "https://ftp.ncbi.nlm.nih.gov/geo/samples/GSM4444nnn/GSM4444515/suppl/GSM4444515_201516330054_R01C01_Red.idat.gz"
[1] "Data downloaded successfuly"
[1] "https://ftp.ncbi.nlm.nih.gov/geo/samples/GSM4444nnn/GSM4444516/suppl/GSM4444516_201516330054_R02C01_Grn.idat.gz"
[1] "Data downloaded successfuly"
[1] "https://ftp.ncbi.nlm.nih.gov/geo/samples/GSM4444nnn/GSM4444516/suppl/GSM4444516_201516330054_R02C01_Red.idat.gz"
[1] "Data downloaded successfuly"
[1] "https://ftp.ncbi.nlm.nih.gov/geo/samples/GSM4444nnn/GSM4444517/suppl/GSM4444517_201516330054_R03C01_Grn.idat.gz"
[1] "Data downloaded successfuly"
[1] "https://ftp.ncbi.nlm.nih.gov/geo/samples/GSM4444nnn/GSM4444517/suppl/GSM4444517_201516330054_R03C01_Red.idat.gz"
[1] "Data downloaded successfuly"
[1] "https://ftp.ncbi.nlm.nih.gov/geo/samples/GSM4444nnn/GSM4444518/suppl/GSM4444518_201516330054_R04C01_Grn.idat.gz"
[1] "Data downloaded successfuly"
[1] "https://ftp.ncbi.nlm.nih.gov/geo/samples/GSM4444nnn/GSM4444518/suppl/GSM4444518_201516330054_R04C01_Red.idat.gz"
[1] "Data downloaded successfuly"
[1] "https://ftp.ncbi.nlm.nih.gov/geo/samples/GSM4444nnn/GSM4444519/suppl/GSM4444519_201516330054_R05C01_Grn.idat.gz"
[1] "Data downloaded successfuly"
[1] "https://ftp.ncbi.nlm.nih.gov/geo/samples/GSM4444nnn/GSM4444519/suppl/GSM4444519_201516330054_R05C01_Red.idat.gz"
[1] "Data downloaded successfuly"
[1] "https://ftp.ncbi.nlm.nih.gov/geo/samples/GSM4444nnn/GSM4444520/suppl/GSM4444520_201516330054_R06C01_Grn.idat.gz"
[1] "Data downloaded successfuly"
[1] "https://ftp.ncbi.nlm.nih.gov/geo/samples/GSM4444nnn/GSM4444520/suppl/GSM4444520_201516330054_R06C01_Red.idat.gz"
[1] "Data downloaded successfuly"
[1] "https://ftp.ncbi.nlm.nih.gov/geo/samples/GSM4444nnn/GSM4444521/suppl/GSM4444521_201516330054_R07C01_Grn.idat.gz"
[1] "Data downloaded successfuly"
[1] "https://ftp.ncbi.nlm.nih.gov/geo/samples/GSM4444nnn/GSM4444521/suppl/GSM4444521_201516330054_R07C01_Red.idat.gz"
[1] "Data downloaded successfuly"
[1] "https://ftp.ncbi.nlm.nih.gov/geo/samples/GSM4444nnn/GSM4444522/suppl/GSM4444522_201516330054_R08C01_Grn.idat.gz"
[1] "Data downloaded successfuly"
[1] "https://ftp.ncbi.nlm.nih.gov/geo/samples/GSM4444nnn/GSM4444522/suppl/GSM4444522_201516330054_R08C01_Red.idat.gz"
[1] "Data downloaded successfuly"
[1] "https://ftp.ncbi.nlm.nih.gov/geo/samples/GSM4444nnn/GSM4444523/suppl/GSM4444523_201516330057_R01C01_Grn.idat.gz"
[1] "Data downloaded successfuly"
[1] "https://ftp.ncbi.nlm.nih.gov/geo/samples/GSM4444nnn/GSM4444523/suppl/GSM4444523_201516330057_R01C01_Red.idat.gz"
[1] "Data downloaded successfuly"
[1] "https://ftp.ncbi.nlm.nih.gov/geo/samples/GSM4444nnn/GSM4444524/suppl/GSM4444524_201516330057_R02C01_Grn.idat.gz"
[1] "Data downloaded successfuly"
[1] "https://ftp.ncbi.nlm.nih.gov/geo/samples/GSM4444nnn/GSM4444524/suppl/GSM4444524_201516330057_R02C01_Red.idat.gz"
[1] "Data downloaded successfuly"
[1] "https://ftp.ncbi.nlm.nih.gov/geo/samples/GSM4444nnn/GSM4444525/suppl/GSM4444525_201516330057_R03C01_Grn.idat.gz"
[1] "Data downloaded successfuly"
[1] "https://ftp.ncbi.nlm.nih.gov/geo/samples/GSM4444nnn/GSM4444525/suppl/GSM4444525_201516330057_R03C01_Red.idat.gz"
[1] "Data downloaded successfuly"
[1] "https://ftp.ncbi.nlm.nih.gov/geo/samples/GSM4444nnn/GSM4444526/suppl/GSM4444526_201516330057_R04C01_Grn.idat.gz"
[1] "Data downloaded successfuly"
[1] "https://ftp.ncbi.nlm.nih.gov/geo/samples/GSM4444nnn/GSM4444526/suppl/GSM4444526_201516330057_R04C01_Red.idat.gz"
[1] "Data downloaded successfuly"
[1] "https://ftp.ncbi.nlm.nih.gov/geo/samples/GSM4444nnn/GSM4444527/suppl/GSM4444527_201516330057_R05C01_Grn.idat.gz"
[1] "Data downloaded successfuly"
[1] "https://ftp.ncbi.nlm.nih.gov/geo/samples/GSM4444nnn/GSM4444527/suppl/GSM4444527_201516330057_R05C01_Red.idat.gz"
[1] "Data downloaded successfuly"
[1] "https://ftp.ncbi.nlm.nih.gov/geo/samples/GSM4444nnn/GSM4444528/suppl/GSM4444528_201516330057_R06C01_Grn.idat.gz"
[1] "Data downloaded successfuly"
[1] "https://ftp.ncbi.nlm.nih.gov/geo/samples/GSM4444nnn/GSM4444528/suppl/GSM4444528_201516330057_R06C01_Red.idat.gz"
[1] "Data downloaded successfuly"
[1] "https://ftp.ncbi.nlm.nih.gov/geo/samples/GSM4444nnn/GSM4444529/suppl/GSM4444529_201516330057_R07C01_Grn.idat.gz"
[1] "Data downloaded successfuly"
[1] "https://ftp.ncbi.nlm.nih.gov/geo/samples/GSM4444nnn/GSM4444529/suppl/GSM4444529_201516330057_R07C01_Red.idat.gz"
[1] "Data downloaded successfuly"
[1] "https://ftp.ncbi.nlm.nih.gov/geo/samples/GSM4444nnn/GSM4444530/suppl/GSM4444530_201516330057_R08C01_Grn.idat.gz"
[1] "Data downloaded successfuly"
[1] "https://ftp.ncbi.nlm.nih.gov/geo/samples/GSM4444nnn/GSM4444530/suppl/GSM4444530_201516330057_R08C01_Red.idat.gz"
[1] "Data downloaded successfuly"
[1] "https://ftp.ncbi.nlm.nih.gov/geo/samples/GSM4444nnn/GSM4444531/suppl/GSM4444531_201516330058_R01C01_Grn.idat.gz"
[1] "Data downloaded successfuly"
[1] "https://ftp.ncbi.nlm.nih.gov/geo/samples/GSM4444nnn/GSM4444531/suppl/GSM4444531_201516330058_R01C01_Red.idat.gz"
[1] "Data downloaded successfuly"
[1] "https://ftp.ncbi.nlm.nih.gov/geo/samples/GSM4444nnn/GSM4444532/suppl/GSM4444532_201516330058_R02C01_Grn.idat.gz"
[1] "Data downloaded successfuly"
[1] "https://ftp.ncbi.nlm.nih.gov/geo/samples/GSM4444nnn/GSM4444532/suppl/GSM4444532_201516330058_R02C01_Red.idat.gz"
[1] "Data downloaded successfuly"
[1] "https://ftp.ncbi.nlm.nih.gov/geo/samples/GSM4444nnn/GSM4444533/suppl/GSM4444533_201516330058_R03C01_Grn.idat.gz"
[1] "Data downloaded successfuly"
[1] "https://ftp.ncbi.nlm.nih.gov/geo/samples/GSM4444nnn/GSM4444533/suppl/GSM4444533_201516330058_R03C01_Red.idat.gz"
[1] "Data downloaded successfuly"
[1] "https://ftp.ncbi.nlm.nih.gov/geo/samples/GSM4444nnn/GSM4444534/suppl/GSM4444534_201516330058_R04C01_Grn.idat.gz"
[1] "Data downloaded successfuly"
[1] "https://ftp.ncbi.nlm.nih.gov/geo/samples/GSM4444nnn/GSM4444534/suppl/GSM4444534_201516330058_R04C01_Red.idat.gz"
[1] "Data downloaded successfuly"
[1] "https://ftp.ncbi.nlm.nih.gov/geo/samples/GSM4444nnn/GSM4444535/suppl/GSM4444535_201516330058_R05C01_Grn.idat.gz"
[1] "Data downloaded successfuly"
[1] "https://ftp.ncbi.nlm.nih.gov/geo/samples/GSM4444nnn/GSM4444535/suppl/GSM4444535_201516330058_R05C01_Red.idat.gz"
[1] "Data downloaded successfuly"
[1] "https://ftp.ncbi.nlm.nih.gov/geo/samples/GSM4444nnn/GSM4444536/suppl/GSM4444536_201516330058_R06C01_Grn.idat.gz"
[1] "Data downloaded successfuly"
[1] "https://ftp.ncbi.nlm.nih.gov/geo/samples/GSM4444nnn/GSM4444536/suppl/GSM4444536_201516330058_R06C01_Red.idat.gz"
[1] "Data downloaded successfuly"
[1] "https://ftp.ncbi.nlm.nih.gov/geo/samples/GSM4444nnn/GSM4444537/suppl/GSM4444537_201516330058_R07C01_Grn.idat.gz"
[1] "Data downloaded successfuly"
[1] "https://ftp.ncbi.nlm.nih.gov/geo/samples/GSM4444nnn/GSM4444537/suppl/GSM4444537_201516330058_R07C01_Red.idat.gz"
[1] "Data downloaded successfuly"
[1] "https://ftp.ncbi.nlm.nih.gov/geo/samples/GSM4444nnn/GSM4444538/suppl/GSM4444538_201516340003_R01C01_Grn.idat.gz"
[1] "Data downloaded successfuly"
[1] "https://ftp.ncbi.nlm.nih.gov/geo/samples/GSM4444nnn/GSM4444538/suppl/GSM4444538_201516340003_R01C01_Red.idat.gz"
[1] "Data downloaded successfuly"
[1] "https://ftp.ncbi.nlm.nih.gov/geo/samples/GSM4444nnn/GSM4444539/suppl/GSM4444539_201516340003_R02C01_Grn.idat.gz"
[1] "Data downloaded successfuly"
[1] "https://ftp.ncbi.nlm.nih.gov/geo/samples/GSM4444nnn/GSM4444539/suppl/GSM4444539_201516340003_R02C01_Red.idat.gz"
[1] "Data downloaded successfuly"
[1] "https://ftp.ncbi.nlm.nih.gov/geo/samples/GSM4444nnn/GSM4444540/suppl/GSM4444540_201516340003_R03C01_Grn.idat.gz"
[1] "Data downloaded successfuly"
[1] "https://ftp.ncbi.nlm.nih.gov/geo/samples/GSM4444nnn/GSM4444540/suppl/GSM4444540_201516340003_R03C01_Red.idat.gz"
[1] "Data downloaded successfuly"
[1] "https://ftp.ncbi.nlm.nih.gov/geo/samples/GSM4444nnn/GSM4444541/suppl/GSM4444541_201516340003_R04C01_Grn.idat.gz"
[1] "Data downloaded successfuly"
[1] "https://ftp.ncbi.nlm.nih.gov/geo/samples/GSM4444nnn/GSM4444541/suppl/GSM4444541_201516340003_R04C01_Red.idat.gz"
[1] "Data downloaded successfuly"
[1] "https://ftp.ncbi.nlm.nih.gov/geo/samples/GSM4444nnn/GSM4444542/suppl/GSM4444542_201516340003_R05C01_Grn.idat.gz"
[1] "Data downloaded successfuly"
[1] "https://ftp.ncbi.nlm.nih.gov/geo/samples/GSM4444nnn/GSM4444542/suppl/GSM4444542_201516340003_R05C01_Red.idat.gz"
[1] "Data downloaded successfuly"
[1] "https://ftp.ncbi.nlm.nih.gov/geo/samples/GSM4444nnn/GSM4444543/suppl/GSM4444543_201516340003_R06C01_Grn.idat.gz"
[1] "Data downloaded successfuly"
[1] "https://ftp.ncbi.nlm.nih.gov/geo/samples/GSM4444nnn/GSM4444543/suppl/GSM4444543_201516340003_R06C01_Red.idat.gz"
[1] "Data downloaded successfuly"
[1] "https://ftp.ncbi.nlm.nih.gov/geo/samples/GSM4444nnn/GSM4444544/suppl/GSM4444544_201516340003_R07C01_Grn.idat.gz"
[1] "Data downloaded successfuly"
[1] "https://ftp.ncbi.nlm.nih.gov/geo/samples/GSM4444nnn/GSM4444544/suppl/GSM4444544_201516340003_R07C01_Red.idat.gz"
[1] "Data downloaded successfuly"
[1] "https://ftp.ncbi.nlm.nih.gov/geo/samples/GSM4444nnn/GSM4444545/suppl/GSM4444545_201516340003_R08C01_Grn.idat.gz"
[1] "Data downloaded successfuly"
[1] "https://ftp.ncbi.nlm.nih.gov/geo/samples/GSM4444nnn/GSM4444545/suppl/GSM4444545_201516340003_R08C01_Red.idat.gz"
[1] "Data downloaded successfuly"
[1] "https://ftp.ncbi.nlm.nih.gov/geo/samples/GSM4444nnn/GSM4444546/suppl/GSM4444546_201516340009_R01C01_Grn.idat.gz"
[1] "Data downloaded successfuly"
[1] "https://ftp.ncbi.nlm.nih.gov/geo/samples/GSM4444nnn/GSM4444546/suppl/GSM4444546_201516340009_R01C01_Red.idat.gz"
[1] "Data downloaded successfuly"
[1] "https://ftp.ncbi.nlm.nih.gov/geo/samples/GSM4444nnn/GSM4444547/suppl/GSM4444547_201516340009_R02C01_Grn.idat.gz"
[1] "Data downloaded successfuly"
[1] "https://ftp.ncbi.nlm.nih.gov/geo/samples/GSM4444nnn/GSM4444547/suppl/GSM4444547_201516340009_R02C01_Red.idat.gz"
[1] "Data downloaded successfuly"
[1] "https://ftp.ncbi.nlm.nih.gov/geo/samples/GSM4444nnn/GSM4444548/suppl/GSM4444548_201516340009_R03C01_Grn.idat.gz"
[1] "Data downloaded successfuly"
[1] "https://ftp.ncbi.nlm.nih.gov/geo/samples/GSM4444nnn/GSM4444548/suppl/GSM4444548_201516340009_R03C01_Red.idat.gz"
[1] "Data downloaded successfuly"
[1] "https://ftp.ncbi.nlm.nih.gov/geo/samples/GSM4444nnn/GSM4444549/suppl/GSM4444549_201516340009_R04C01_Grn.idat.gz"
[1] "Data downloaded successfuly"
[1] "https://ftp.ncbi.nlm.nih.gov/geo/samples/GSM4444nnn/GSM4444549/suppl/GSM4444549_201516340009_R04C01_Red.idat.gz"
[1] "Data downloaded successfuly"
[1] "https://ftp.ncbi.nlm.nih.gov/geo/samples/GSM4444nnn/GSM4444550/suppl/GSM4444550_201516340009_R05C01_Grn.idat.gz"
[1] "Data downloaded successfuly"
[1] "https://ftp.ncbi.nlm.nih.gov/geo/samples/GSM4444nnn/GSM4444550/suppl/GSM4444550_201516340009_R05C01_Red.idat.gz"
[1] "Data downloaded successfuly"
[1] "https://ftp.ncbi.nlm.nih.gov/geo/samples/GSM4444nnn/GSM4444551/suppl/GSM4444551_201516340009_R06C01_Grn.idat.gz"
[1] "Data downloaded successfuly"
[1] "https://ftp.ncbi.nlm.nih.gov/geo/samples/GSM4444nnn/GSM4444551/suppl/GSM4444551_201516340009_R06C01_Red.idat.gz"
[1] "Data downloaded successfuly"
[1] "https://ftp.ncbi.nlm.nih.gov/geo/samples/GSM4444nnn/GSM4444552/suppl/GSM4444552_201516340009_R07C01_Grn.idat.gz"
[1] "Data downloaded successfuly"
[1] "https://ftp.ncbi.nlm.nih.gov/geo/samples/GSM4444nnn/GSM4444552/suppl/GSM4444552_201516340009_R07C01_Red.idat.gz"
[1] "Data downloaded successfuly"
[1] "https://ftp.ncbi.nlm.nih.gov/geo/samples/GSM4444nnn/GSM4444553/suppl/GSM4444553_201516340009_R08C01_Grn.idat.gz"
[1] "Data downloaded successfuly"
[1] "https://ftp.ncbi.nlm.nih.gov/geo/samples/GSM4444nnn/GSM4444553/suppl/GSM4444553_201516340009_R08C01_Red.idat.gz"
[1] "Data downloaded successfuly"
[1] "https://ftp.ncbi.nlm.nih.gov/geo/samples/GSM4444nnn/GSM4444554/suppl/GSM4444554_201516340035_R01C01_Grn.idat.gz"
[1] "Data downloaded successfuly"
[1] "https://ftp.ncbi.nlm.nih.gov/geo/samples/GSM4444nnn/GSM4444554/suppl/GSM4444554_201516340035_R01C01_Red.idat.gz"
[1] "Data downloaded successfuly"
[1] "https://ftp.ncbi.nlm.nih.gov/geo/samples/GSM4444nnn/GSM4444555/suppl/GSM4444555_201516340035_R02C01_Grn.idat.gz"
[1] "Data downloaded successfuly"
[1] "https://ftp.ncbi.nlm.nih.gov/geo/samples/GSM4444nnn/GSM4444555/suppl/GSM4444555_201516340035_R02C01_Red.idat.gz"
[1] "Data downloaded successfuly"
[1] "https://ftp.ncbi.nlm.nih.gov/geo/samples/GSM4444nnn/GSM4444556/suppl/GSM4444556_201516340035_R03C01_Grn.idat.gz"
[1] "Data downloaded successfuly"
[1] "https://ftp.ncbi.nlm.nih.gov/geo/samples/GSM4444nnn/GSM4444556/suppl/GSM4444556_201516340035_R03C01_Red.idat.gz"
[1] "Data downloaded successfuly"
[1] "https://ftp.ncbi.nlm.nih.gov/geo/samples/GSM4444nnn/GSM4444557/suppl/GSM4444557_201516340035_R04C01_Grn.idat.gz"
[1] "Data downloaded successfuly"
[1] "https://ftp.ncbi.nlm.nih.gov/geo/samples/GSM4444nnn/GSM4444557/suppl/GSM4444557_201516340035_R04C01_Red.idat.gz"
[1] "Data downloaded successfuly"
[1] "https://ftp.ncbi.nlm.nih.gov/geo/samples/GSM4444nnn/GSM4444558/suppl/GSM4444558_201516340035_R05C01_Grn.idat.gz"
[1] "Data downloaded successfuly"
[1] "https://ftp.ncbi.nlm.nih.gov/geo/samples/GSM4444nnn/GSM4444558/suppl/GSM4444558_201516340035_R05C01_Red.idat.gz"
[1] "Data downloaded successfuly"
[1] "https://ftp.ncbi.nlm.nih.gov/geo/samples/GSM4444nnn/GSM4444559/suppl/GSM4444559_201516340035_R06C01_Grn.idat.gz"
[1] "Data downloaded successfuly"
[1] "https://ftp.ncbi.nlm.nih.gov/geo/samples/GSM4444nnn/GSM4444559/suppl/GSM4444559_201516340035_R06C01_Red.idat.gz"
[1] "Data downloaded successfuly"
[1] "https://ftp.ncbi.nlm.nih.gov/geo/samples/GSM4444nnn/GSM4444560/suppl/GSM4444560_201516340035_R07C01_Grn.idat.gz"
[1] "Data downloaded successfuly"
[1] "https://ftp.ncbi.nlm.nih.gov/geo/samples/GSM4444nnn/GSM4444560/suppl/GSM4444560_201516340035_R07C01_Red.idat.gz"
[1] "Data downloaded successfuly"
[1] "https://ftp.ncbi.nlm.nih.gov/geo/samples/GSM4444nnn/GSM4444561/suppl/GSM4444561_201516340035_R08C01_Grn.idat.gz"
[1] "Data downloaded successfuly"
[1] "https://ftp.ncbi.nlm.nih.gov/geo/samples/GSM4444nnn/GSM4444561/suppl/GSM4444561_201516340035_R08C01_Red.idat.gz"
[1] "Data downloaded successfuly"
[1] "https://ftp.ncbi.nlm.nih.gov/geo/samples/GSM4444nnn/GSM4444562/suppl/GSM4444562_201516340039_R01C01_Grn.idat.gz"
[1] "Data downloaded successfuly"
[1] "https://ftp.ncbi.nlm.nih.gov/geo/samples/GSM4444nnn/GSM4444562/suppl/GSM4444562_201516340039_R01C01_Red.idat.gz"
[1] "Data downloaded successfuly"
[1] "https://ftp.ncbi.nlm.nih.gov/geo/samples/GSM4444nnn/GSM4444563/suppl/GSM4444563_201516340039_R02C01_Grn.idat.gz"
[1] "Data downloaded successfuly"
[1] "https://ftp.ncbi.nlm.nih.gov/geo/samples/GSM4444nnn/GSM4444563/suppl/GSM4444563_201516340039_R02C01_Red.idat.gz"
[1] "Data downloaded successfuly"
[1] "https://ftp.ncbi.nlm.nih.gov/geo/samples/GSM4444nnn/GSM4444564/suppl/GSM4444564_201516340039_R03C01_Grn.idat.gz"
[1] "Data downloaded successfuly"
[1] "https://ftp.ncbi.nlm.nih.gov/geo/samples/GSM4444nnn/GSM4444564/suppl/GSM4444564_201516340039_R03C01_Red.idat.gz"
[1] "Data downloaded successfuly"
[1] "https://ftp.ncbi.nlm.nih.gov/geo/samples/GSM4444nnn/GSM4444565/suppl/GSM4444565_201516340039_R04C01_Grn.idat.gz"
[1] "Data downloaded successfuly"
[1] "https://ftp.ncbi.nlm.nih.gov/geo/samples/GSM4444nnn/GSM4444565/suppl/GSM4444565_201516340039_R04C01_Red.idat.gz"
[1] "Data downloaded successfuly"
[1] "https://ftp.ncbi.nlm.nih.gov/geo/samples/GSM4444nnn/GSM4444566/suppl/GSM4444566_201516340039_R05C01_Grn.idat.gz"
[1] "Data downloaded successfuly"
[1] "https://ftp.ncbi.nlm.nih.gov/geo/samples/GSM4444nnn/GSM4444566/suppl/GSM4444566_201516340039_R05C01_Red.idat.gz"
[1] "Data downloaded successfuly"
[1] "https://ftp.ncbi.nlm.nih.gov/geo/samples/GSM4444nnn/GSM4444567/suppl/GSM4444567_201516340039_R06C01_Grn.idat.gz"
[1] "Data downloaded successfuly"
[1] "https://ftp.ncbi.nlm.nih.gov/geo/samples/GSM4444nnn/GSM4444567/suppl/GSM4444567_201516340039_R06C01_Red.idat.gz"
[1] "Data downloaded successfuly"
[1] "https://ftp.ncbi.nlm.nih.gov/geo/samples/GSM4444nnn/GSM4444568/suppl/GSM4444568_201516340039_R07C01_Grn.idat.gz"
[1] "Data downloaded successfuly"
[1] "https://ftp.ncbi.nlm.nih.gov/geo/samples/GSM4444nnn/GSM4444568/suppl/GSM4444568_201516340039_R07C01_Red.idat.gz"
[1] "Data downloaded successfuly"
[1] "https://ftp.ncbi.nlm.nih.gov/geo/samples/GSM4444nnn/GSM4444569/suppl/GSM4444569_201516340039_R08C01_Grn.idat.gz"
[1] "Data downloaded successfuly"
[1] "https://ftp.ncbi.nlm.nih.gov/geo/samples/GSM4444nnn/GSM4444569/suppl/GSM4444569_201516340039_R08C01_Red.idat.gz"
[1] "Data downloaded successfuly"
[1] "https://ftp.ncbi.nlm.nih.gov/geo/samples/GSM4444nnn/GSM4444570/suppl/GSM4444570_201516350001_R01C01_Grn.idat.gz"
[1] "Data downloaded successfuly"
[1] "https://ftp.ncbi.nlm.nih.gov/geo/samples/GSM4444nnn/GSM4444570/suppl/GSM4444570_201516350001_R01C01_Red.idat.gz"
[1] "Data downloaded successfuly"
[1] "https://ftp.ncbi.nlm.nih.gov/geo/samples/GSM4444nnn/GSM4444571/suppl/GSM4444571_201516350001_R02C01_Grn.idat.gz"
[1] "Data downloaded successfuly"
[1] "https://ftp.ncbi.nlm.nih.gov/geo/samples/GSM4444nnn/GSM4444571/suppl/GSM4444571_201516350001_R02C01_Red.idat.gz"
[1] "Data downloaded successfuly"
[1] "https://ftp.ncbi.nlm.nih.gov/geo/samples/GSM4444nnn/GSM4444572/suppl/GSM4444572_201516350001_R03C01_Grn.idat.gz"
[1] "Data downloaded successfuly"
[1] "https://ftp.ncbi.nlm.nih.gov/geo/samples/GSM4444nnn/GSM4444572/suppl/GSM4444572_201516350001_R03C01_Red.idat.gz"
[1] "Data downloaded successfuly"
[1] "https://ftp.ncbi.nlm.nih.gov/geo/samples/GSM4444nnn/GSM4444573/suppl/GSM4444573_201516350001_R04C01_Grn.idat.gz"
[1] "Data downloaded successfuly"
[1] "https://ftp.ncbi.nlm.nih.gov/geo/samples/GSM4444nnn/GSM4444573/suppl/GSM4444573_201516350001_R04C01_Red.idat.gz"
[1] "Data downloaded successfuly"
[1] "https://ftp.ncbi.nlm.nih.gov/geo/samples/GSM4444nnn/GSM4444574/suppl/GSM4444574_201516350001_R05C01_Grn.idat.gz"
[1] "Data downloaded successfuly"
[1] "https://ftp.ncbi.nlm.nih.gov/geo/samples/GSM4444nnn/GSM4444574/suppl/GSM4444574_201516350001_R05C01_Red.idat.gz"
[1] "Data downloaded successfuly"
