[1] "Downloading batch from 1 to 200"
[1] "https://ftp.ncbi.nlm.nih.gov/geo/samples/GSM5927nnn/GSM5927276/suppl/GSM5927276_204074230075_R01C01_Grn.idat.gz"
[1] "Data downloaded successfuly"
[1] "https://ftp.ncbi.nlm.nih.gov/geo/samples/GSM5927nnn/GSM5927276/suppl/GSM5927276_204074230075_R01C01_Red.idat.gz"
[1] "Data downloaded successfuly"
[1] "https://ftp.ncbi.nlm.nih.gov/geo/samples/GSM5927nnn/GSM5927277/suppl/GSM5927277_204074230075_R02C01_Grn.idat.gz"
[1] "Data downloaded successfuly"
[1] "https://ftp.ncbi.nlm.nih.gov/geo/samples/GSM5927nnn/GSM5927277/suppl/GSM5927277_204074230075_R02C01_Red.idat.gz"
[1] "Data downloaded successfuly"
[1] "https://ftp.ncbi.nlm.nih.gov/geo/samples/GSM5927nnn/GSM5927278/suppl/GSM5927278_204074230075_R03C01_Grn.idat.gz"
[1] "Data downloaded successfuly"
[1] "https://ftp.ncbi.nlm.nih.gov/geo/samples/GSM5927nnn/GSM5927278/suppl/GSM5927278_204074230075_R03C01_Red.idat.gz"
[1] "Data downloaded successfuly"
[1] "https://ftp.ncbi.nlm.nih.gov/geo/samples/GSM5927nnn/GSM5927279/suppl/GSM5927279_204074230075_R04C01_Grn.idat.gz"
[1] "Data downloaded successfuly"
[1] "https://ftp.ncbi.nlm.nih.gov/geo/samples/GSM5927nnn/GSM5927279/suppl/GSM5927279_204074230075_R04C01_Red.idat.gz"
[1] "Data downloaded successfuly"
[1] "https://ftp.ncbi.nlm.nih.gov/geo/samples/GSM5927nnn/GSM5927280/suppl/GSM5927280_204074230075_R05C01_Grn.idat.gz"
[1] "Data downloaded successfuly"
[1] "https://ftp.ncbi.nlm.nih.gov/geo/samples/GSM5927nnn/GSM5927280/suppl/GSM5927280_204074230075_R05C01_Red.idat.gz"
[1] "Data downloaded successfuly"
[1] "https://ftp.ncbi.nlm.nih.gov/geo/samples/GSM5927nnn/GSM5927281/suppl/GSM5927281_204074230075_R06C01_Grn.idat.gz"
[1] "Data downloaded successfuly"
[1] "https://ftp.ncbi.nlm.nih.gov/geo/samples/GSM5927nnn/GSM5927281/suppl/GSM5927281_204074230075_R06C01_Red.idat.gz"
[1] "Data downloaded successfuly"
[1] "https://ftp.ncbi.nlm.nih.gov/geo/samples/GSM5927nnn/GSM5927282/suppl/GSM5927282_204074230075_R07C01_Grn.idat.gz"
[1] "Data downloaded successfuly"
[1] "https://ftp.ncbi.nlm.nih.gov/geo/samples/GSM5927nnn/GSM5927282/suppl/GSM5927282_204074230075_R07C01_Red.idat.gz"
[1] "Data downloaded successfuly"
[1] "https://ftp.ncbi.nlm.nih.gov/geo/samples/GSM5927nnn/GSM5927283/suppl/GSM5927283_204074230075_R08C01_Grn.idat.gz"
[1] "Data downloaded successfuly"
[1] "https://ftp.ncbi.nlm.nih.gov/geo/samples/GSM5927nnn/GSM5927283/suppl/GSM5927283_204074230075_R08C01_Red.idat.gz"
[1] "Data downloaded successfuly"
[1] "https://ftp.ncbi.nlm.nih.gov/geo/samples/GSM5927nnn/GSM5927284/suppl/GSM5927284_204074230108_R01C01_Grn.idat.gz"
[1] "Data downloaded successfuly"
[1] "https://ftp.ncbi.nlm.nih.gov/geo/samples/GSM5927nnn/GSM5927284/suppl/GSM5927284_204074230108_R01C01_Red.idat.gz"
[1] "Data downloaded successfuly"
[1] "https://ftp.ncbi.nlm.nih.gov/geo/samples/GSM5927nnn/GSM5927285/suppl/GSM5927285_204074230108_R02C01_Grn.idat.gz"
[1] "Data downloaded successfuly"
[1] "https://ftp.ncbi.nlm.nih.gov/geo/samples/GSM5927nnn/GSM5927285/suppl/GSM5927285_204074230108_R02C01_Red.idat.gz"
[1] "Data downloaded successfuly"
[1] "https://ftp.ncbi.nlm.nih.gov/geo/samples/GSM5927nnn/GSM5927286/suppl/GSM5927286_204074230108_R03C01_Grn.idat.gz"
[1] "Data downloaded successfuly"
[1] "https://ftp.ncbi.nlm.nih.gov/geo/samples/GSM5927nnn/GSM5927286/suppl/GSM5927286_204074230108_R03C01_Red.idat.gz"
[1] "Data downloaded successfuly"
[1] "https://ftp.ncbi.nlm.nih.gov/geo/samples/GSM5927nnn/GSM5927287/suppl/GSM5927287_204074230108_R04C01_Grn.idat.gz"
[1] "Data downloaded successfuly"
[1] "https://ftp.ncbi.nlm.nih.gov/geo/samples/GSM5927nnn/GSM5927287/suppl/GSM5927287_204074230108_R04C01_Red.idat.gz"
[1] "Data downloaded successfuly"
[1] "https://ftp.ncbi.nlm.nih.gov/geo/samples/GSM5927nnn/GSM5927288/suppl/GSM5927288_204074230108_R06C01_Grn.idat.gz"
[1] "Data downloaded successfuly"
[1] "https://ftp.ncbi.nlm.nih.gov/geo/samples/GSM5927nnn/GSM5927288/suppl/GSM5927288_204074230108_R06C01_Red.idat.gz"
[1] "Data downloaded successfuly"
[1] "https://ftp.ncbi.nlm.nih.gov/geo/samples/GSM5927nnn/GSM5927289/suppl/GSM5927289_204074230108_R07C01_Grn.idat.gz"
[1] "Data downloaded successfuly"
[1] "https://ftp.ncbi.nlm.nih.gov/geo/samples/GSM5927nnn/GSM5927289/suppl/GSM5927289_204074230108_R07C01_Red.idat.gz"
[1] "Data downloaded successfuly"
[1] "https://ftp.ncbi.nlm.nih.gov/geo/samples/GSM5927nnn/GSM5927290/suppl/GSM5927290_204074230108_R08C01_Grn.idat.gz"
[1] "Data downloaded successfuly"
[1] "https://ftp.ncbi.nlm.nih.gov/geo/samples/GSM5927nnn/GSM5927290/suppl/GSM5927290_204074230108_R08C01_Red.idat.gz"
[1] "Data downloaded successfuly"
[1] "https://ftp.ncbi.nlm.nih.gov/geo/samples/GSM5927nnn/GSM5927291/suppl/GSM5927291_204076520009_R01C01_Grn.idat.gz"
[1] "Data downloaded successfuly"
[1] "https://ftp.ncbi.nlm.nih.gov/geo/samples/GSM5927nnn/GSM5927291/suppl/GSM5927291_204076520009_R01C01_Red.idat.gz"
[1] "Data downloaded successfuly"
[1] "https://ftp.ncbi.nlm.nih.gov/geo/samples/GSM5927nnn/GSM5927292/suppl/GSM5927292_204076520009_R02C01_Grn.idat.gz"
[1] "Data downloaded successfuly"
[1] "https://ftp.ncbi.nlm.nih.gov/geo/samples/GSM5927nnn/GSM5927292/suppl/GSM5927292_204076520009_R02C01_Red.idat.gz"
[1] "Data downloaded successfuly"
[1] "https://ftp.ncbi.nlm.nih.gov/geo/samples/GSM5927nnn/GSM5927293/suppl/GSM5927293_204076520009_R03C01_Grn.idat.gz"
[1] "Data downloaded successfuly"
[1] "https://ftp.ncbi.nlm.nih.gov/geo/samples/GSM5927nnn/GSM5927293/suppl/GSM5927293_204076520009_R03C01_Red.idat.gz"
[1] "Data downloaded successfuly"
[1] "https://ftp.ncbi.nlm.nih.gov/geo/samples/GSM5927nnn/GSM5927294/suppl/GSM5927294_204076520009_R04C01_Grn.idat.gz"
[1] "Data downloaded successfuly"
[1] "https://ftp.ncbi.nlm.nih.gov/geo/samples/GSM5927nnn/GSM5927294/suppl/GSM5927294_204076520009_R04C01_Red.idat.gz"
[1] "Data downloaded successfuly"
[1] "https://ftp.ncbi.nlm.nih.gov/geo/samples/GSM5927nnn/GSM5927295/suppl/GSM5927295_204076520009_R05C01_Grn.idat.gz"
[1] "Data downloaded successfuly"
[1] "https://ftp.ncbi.nlm.nih.gov/geo/samples/GSM5927nnn/GSM5927295/suppl/GSM5927295_204076520009_R05C01_Red.idat.gz"
[1] "Data downloaded successfuly"
[1] "https://ftp.ncbi.nlm.nih.gov/geo/samples/GSM5927nnn/GSM5927296/suppl/GSM5927296_204076520009_R06C01_Grn.idat.gz"
[1] "Data downloaded successfuly"
[1] "https://ftp.ncbi.nlm.nih.gov/geo/samples/GSM5927nnn/GSM5927296/suppl/GSM5927296_204076520009_R06C01_Red.idat.gz"
[1] "Data downloaded successfuly"
[1] "https://ftp.ncbi.nlm.nih.gov/geo/samples/GSM5927nnn/GSM5927297/suppl/GSM5927297_204076520009_R07C01_Grn.idat.gz"
[1] "Data downloaded successfuly"
[1] "https://ftp.ncbi.nlm.nih.gov/geo/samples/GSM5927nnn/GSM5927297/suppl/GSM5927297_204076520009_R07C01_Red.idat.gz"
[1] "Data downloaded successfuly"
[1] "https://ftp.ncbi.nlm.nih.gov/geo/samples/GSM5927nnn/GSM5927298/suppl/GSM5927298_204076520009_R08C01_Grn.idat.gz"
[1] "Data downloaded successfuly"
[1] "https://ftp.ncbi.nlm.nih.gov/geo/samples/GSM5927nnn/GSM5927298/suppl/GSM5927298_204076520009_R08C01_Red.idat.gz"
[1] "Data downloaded successfuly"
[1] "https://ftp.ncbi.nlm.nih.gov/geo/samples/GSM5927nnn/GSM5927299/suppl/GSM5927299_204076520035_R01C01_Grn.idat.gz"
[1] "Data downloaded successfuly"
[1] "https://ftp.ncbi.nlm.nih.gov/geo/samples/GSM5927nnn/GSM5927299/suppl/GSM5927299_204076520035_R01C01_Red.idat.gz"
[1] "Data downloaded successfuly"
[1] "https://ftp.ncbi.nlm.nih.gov/geo/samples/GSM5927nnn/GSM5927300/suppl/GSM5927300_204076520035_R02C01_Grn.idat.gz"
[1] "Data downloaded successfuly"
[1] "https://ftp.ncbi.nlm.nih.gov/geo/samples/GSM5927nnn/GSM5927300/suppl/GSM5927300_204076520035_R02C01_Red.idat.gz"
[1] "Data downloaded successfuly"
[1] "https://ftp.ncbi.nlm.nih.gov/geo/samples/GSM5927nnn/GSM5927301/suppl/GSM5927301_204076520035_R03C01_Grn.idat.gz"
[1] "Data downloaded successfuly"
[1] "https://ftp.ncbi.nlm.nih.gov/geo/samples/GSM5927nnn/GSM5927301/suppl/GSM5927301_204076520035_R03C01_Red.idat.gz"
[1] "Data downloaded successfuly"
[1] "https://ftp.ncbi.nlm.nih.gov/geo/samples/GSM5927nnn/GSM5927302/suppl/GSM5927302_204076520035_R04C01_Grn.idat.gz"
[1] "Data downloaded successfuly"
[1] "https://ftp.ncbi.nlm.nih.gov/geo/samples/GSM5927nnn/GSM5927302/suppl/GSM5927302_204076520035_R04C01_Red.idat.gz"
[1] "Data downloaded successfuly"
[1] "https://ftp.ncbi.nlm.nih.gov/geo/samples/GSM5927nnn/GSM5927303/suppl/GSM5927303_204076520035_R05C01_Grn.idat.gz"
[1] "Data downloaded successfuly"
[1] "https://ftp.ncbi.nlm.nih.gov/geo/samples/GSM5927nnn/GSM5927303/suppl/GSM5927303_204076520035_R05C01_Red.idat.gz"
[1] "Data downloaded successfuly"
[1] "https://ftp.ncbi.nlm.nih.gov/geo/samples/GSM5927nnn/GSM5927304/suppl/GSM5927304_204076520035_R06C01_Grn.idat.gz"
[1] "Data downloaded successfuly"
[1] "https://ftp.ncbi.nlm.nih.gov/geo/samples/GSM5927nnn/GSM5927304/suppl/GSM5927304_204076520035_R06C01_Red.idat.gz"
[1] "Data downloaded successfuly"
[1] "https://ftp.ncbi.nlm.nih.gov/geo/samples/GSM5927nnn/GSM5927305/suppl/GSM5927305_204076520035_R08C01_Grn.idat.gz"
[1] "Data downloaded successfuly"
[1] "https://ftp.ncbi.nlm.nih.gov/geo/samples/GSM5927nnn/GSM5927305/suppl/GSM5927305_204076520035_R08C01_Red.idat.gz"
[1] "Data downloaded successfuly"
[1] "https://ftp.ncbi.nlm.nih.gov/geo/samples/GSM5927nnn/GSM5927306/suppl/GSM5927306_204076520037_R01C01_Grn.idat.gz"
[1] "Data downloaded successfuly"
[1] "https://ftp.ncbi.nlm.nih.gov/geo/samples/GSM5927nnn/GSM5927306/suppl/GSM5927306_204076520037_R01C01_Red.idat.gz"
[1] "Data downloaded successfuly"
[1] "https://ftp.ncbi.nlm.nih.gov/geo/samples/GSM5927nnn/GSM5927307/suppl/GSM5927307_204076520037_R02C01_Grn.idat.gz"
[1] "Data downloaded successfuly"
[1] "https://ftp.ncbi.nlm.nih.gov/geo/samples/GSM5927nnn/GSM5927307/suppl/GSM5927307_204076520037_R02C01_Red.idat.gz"
[1] "Data downloaded successfuly"
[1] "https://ftp.ncbi.nlm.nih.gov/geo/samples/GSM5927nnn/GSM5927308/suppl/GSM5927308_204076520037_R03C01_Grn.idat.gz"
[1] "Data downloaded successfuly"
[1] "https://ftp.ncbi.nlm.nih.gov/geo/samples/GSM5927nnn/GSM5927308/suppl/GSM5927308_204076520037_R03C01_Red.idat.gz"
[1] "Data downloaded successfuly"
[1] "https://ftp.ncbi.nlm.nih.gov/geo/samples/GSM5927nnn/GSM5927309/suppl/GSM5927309_204076520037_R04C01_Grn.idat.gz"
[1] "Data downloaded successfuly"
[1] "https://ftp.ncbi.nlm.nih.gov/geo/samples/GSM5927nnn/GSM5927309/suppl/GSM5927309_204076520037_R04C01_Red.idat.gz"
[1] "Data downloaded successfuly"
[1] "https://ftp.ncbi.nlm.nih.gov/geo/samples/GSM5927nnn/GSM5927310/suppl/GSM5927310_204076520037_R05C01_Grn.idat.gz"
[1] "Data downloaded successfuly"
[1] "https://ftp.ncbi.nlm.nih.gov/geo/samples/GSM5927nnn/GSM5927310/suppl/GSM5927310_204076520037_R05C01_Red.idat.gz"
[1] "Data downloaded successfuly"
[1] "https://ftp.ncbi.nlm.nih.gov/geo/samples/GSM5927nnn/GSM5927311/suppl/GSM5927311_204076520037_R06C01_Grn.idat.gz"
[1] "Data downloaded successfuly"
[1] "https://ftp.ncbi.nlm.nih.gov/geo/samples/GSM5927nnn/GSM5927311/suppl/GSM5927311_204076520037_R06C01_Red.idat.gz"
[1] "Data downloaded successfuly"
[1] "https://ftp.ncbi.nlm.nih.gov/geo/samples/GSM5927nnn/GSM5927312/suppl/GSM5927312_204076520037_R07C01_Grn.idat.gz"
[1] "Data downloaded successfuly"
[1] "https://ftp.ncbi.nlm.nih.gov/geo/samples/GSM5927nnn/GSM5927312/suppl/GSM5927312_204076520037_R07C01_Red.idat.gz"
[1] "Data downloaded successfuly"
[1] "https://ftp.ncbi.nlm.nih.gov/geo/samples/GSM5927nnn/GSM5927313/suppl/GSM5927313_204076520037_R08C01_Grn.idat.gz"
[1] "Data downloaded successfuly"
[1] "https://ftp.ncbi.nlm.nih.gov/geo/samples/GSM5927nnn/GSM5927313/suppl/GSM5927313_204076520037_R08C01_Red.idat.gz"
[1] "Data downloaded successfuly"
[1] "https://ftp.ncbi.nlm.nih.gov/geo/samples/GSM5927nnn/GSM5927314/suppl/GSM5927314_204076520040_R01C01_Grn.idat.gz"
[1] "Data downloaded successfuly"
[1] "https://ftp.ncbi.nlm.nih.gov/geo/samples/GSM5927nnn/GSM5927314/suppl/GSM5927314_204076520040_R01C01_Red.idat.gz"
[1] "Data downloaded successfuly"
[1] "https://ftp.ncbi.nlm.nih.gov/geo/samples/GSM5927nnn/GSM5927315/suppl/GSM5927315_204076520040_R02C01_Grn.idat.gz"
[1] "Data downloaded successfuly"
[1] "https://ftp.ncbi.nlm.nih.gov/geo/samples/GSM5927nnn/GSM5927315/suppl/GSM5927315_204076520040_R02C01_Red.idat.gz"
[1] "Data downloaded successfuly"
[1] "https://ftp.ncbi.nlm.nih.gov/geo/samples/GSM5927nnn/GSM5927316/suppl/GSM5927316_204076520040_R03C01_Grn.idat.gz"
[1] "Data downloaded successfuly"
[1] "https://ftp.ncbi.nlm.nih.gov/geo/samples/GSM5927nnn/GSM5927316/suppl/GSM5927316_204076520040_R03C01_Red.idat.gz"
[1] "Data downloaded successfuly"
[1] "https://ftp.ncbi.nlm.nih.gov/geo/samples/GSM5927nnn/GSM5927317/suppl/GSM5927317_204076520040_R04C01_Grn.idat.gz"
[1] "Data downloaded successfuly"
[1] "https://ftp.ncbi.nlm.nih.gov/geo/samples/GSM5927nnn/GSM5927317/suppl/GSM5927317_204076520040_R04C01_Red.idat.gz"
[1] "Data downloaded successfuly"
[1] "https://ftp.ncbi.nlm.nih.gov/geo/samples/GSM5927nnn/GSM5927318/suppl/GSM5927318_204076520040_R05C01_Grn.idat.gz"
[1] "Data downloaded successfuly"
[1] "https://ftp.ncbi.nlm.nih.gov/geo/samples/GSM5927nnn/GSM5927318/suppl/GSM5927318_204076520040_R05C01_Red.idat.gz"
[1] "Data downloaded successfuly"
[1] "https://ftp.ncbi.nlm.nih.gov/geo/samples/GSM5927nnn/GSM5927319/suppl/GSM5927319_204076520040_R06C01_Grn.idat.gz"
[1] "Data downloaded successfuly"
[1] "https://ftp.ncbi.nlm.nih.gov/geo/samples/GSM5927nnn/GSM5927319/suppl/GSM5927319_204076520040_R06C01_Red.idat.gz"
[1] "Data downloaded successfuly"
[1] "https://ftp.ncbi.nlm.nih.gov/geo/samples/GSM5927nnn/GSM5927320/suppl/GSM5927320_204076520040_R07C01_Grn.idat.gz"
[1] "Data downloaded successfuly"
[1] "https://ftp.ncbi.nlm.nih.gov/geo/samples/GSM5927nnn/GSM5927320/suppl/GSM5927320_204076520040_R07C01_Red.idat.gz"
[1] "Data downloaded successfuly"
[1] "https://ftp.ncbi.nlm.nih.gov/geo/samples/GSM5927nnn/GSM5927321/suppl/GSM5927321_204076520040_R08C01_Grn.idat.gz"
[1] "Data downloaded successfuly"
[1] "https://ftp.ncbi.nlm.nih.gov/geo/samples/GSM5927nnn/GSM5927321/suppl/GSM5927321_204076520040_R08C01_Red.idat.gz"
[1] "Data downloaded successfuly"
[1] "https://ftp.ncbi.nlm.nih.gov/geo/samples/GSM5927nnn/GSM5927322/suppl/GSM5927322_204076520077_R01C01_Grn.idat.gz"
[1] "Data downloaded successfuly"
[1] "https://ftp.ncbi.nlm.nih.gov/geo/samples/GSM5927nnn/GSM5927322/suppl/GSM5927322_204076520077_R01C01_Red.idat.gz"
[1] "Data downloaded successfuly"
[1] "https://ftp.ncbi.nlm.nih.gov/geo/samples/GSM5927nnn/GSM5927323/suppl/GSM5927323_204076520077_R02C01_Grn.idat.gz"
[1] "Data downloaded successfuly"
[1] "https://ftp.ncbi.nlm.nih.gov/geo/samples/GSM5927nnn/GSM5927323/suppl/GSM5927323_204076520077_R02C01_Red.idat.gz"
[1] "Data downloaded successfuly"
[1] "https://ftp.ncbi.nlm.nih.gov/geo/samples/GSM5927nnn/GSM5927324/suppl/GSM5927324_204076520077_R03C01_Grn.idat.gz"
[1] "Data downloaded successfuly"
[1] "https://ftp.ncbi.nlm.nih.gov/geo/samples/GSM5927nnn/GSM5927324/suppl/GSM5927324_204076520077_R03C01_Red.idat.gz"
[1] "Data downloaded successfuly"
[1] "https://ftp.ncbi.nlm.nih.gov/geo/samples/GSM5927nnn/GSM5927325/suppl/GSM5927325_204076520077_R04C01_Grn.idat.gz"
[1] "Data downloaded successfuly"
[1] "https://ftp.ncbi.nlm.nih.gov/geo/samples/GSM5927nnn/GSM5927325/suppl/GSM5927325_204076520077_R04C01_Red.idat.gz"
[1] "Data downloaded successfuly"
[1] "https://ftp.ncbi.nlm.nih.gov/geo/samples/GSM5927nnn/GSM5927326/suppl/GSM5927326_204076520077_R06C01_Grn.idat.gz"
[1] "Data downloaded successfuly"
[1] "https://ftp.ncbi.nlm.nih.gov/geo/samples/GSM5927nnn/GSM5927326/suppl/GSM5927326_204076520077_R06C01_Red.idat.gz"
[1] "Data downloaded successfuly"
[1] "https://ftp.ncbi.nlm.nih.gov/geo/samples/GSM5927nnn/GSM5927327/suppl/GSM5927327_204076520077_R07C01_Grn.idat.gz"
[1] "Data downloaded successfuly"
[1] "https://ftp.ncbi.nlm.nih.gov/geo/samples/GSM5927nnn/GSM5927327/suppl/GSM5927327_204076520077_R07C01_Red.idat.gz"
[1] "Data downloaded successfuly"
[1] "https://ftp.ncbi.nlm.nih.gov/geo/samples/GSM5927nnn/GSM5927328/suppl/GSM5927328_204076520077_R08C01_Grn.idat.gz"
[1] "Data downloaded successfuly"
[1] "https://ftp.ncbi.nlm.nih.gov/geo/samples/GSM5927nnn/GSM5927328/suppl/GSM5927328_204076520077_R08C01_Red.idat.gz"
[1] "Data downloaded successfuly"
[1] "https://ftp.ncbi.nlm.nih.gov/geo/samples/GSM5927nnn/GSM5927329/suppl/GSM5927329_204076520148_R01C01_Grn.idat.gz"
[1] "Data downloaded successfuly"
[1] "https://ftp.ncbi.nlm.nih.gov/geo/samples/GSM5927nnn/GSM5927329/suppl/GSM5927329_204076520148_R01C01_Red.idat.gz"
[1] "Data downloaded successfuly"
[1] "https://ftp.ncbi.nlm.nih.gov/geo/samples/GSM5927nnn/GSM5927330/suppl/GSM5927330_204076520148_R02C01_Grn.idat.gz"
[1] "Data downloaded successfuly"
[1] "https://ftp.ncbi.nlm.nih.gov/geo/samples/GSM5927nnn/GSM5927330/suppl/GSM5927330_204076520148_R02C01_Red.idat.gz"
[1] "Data downloaded successfuly"
[1] "https://ftp.ncbi.nlm.nih.gov/geo/samples/GSM5927nnn/GSM5927331/suppl/GSM5927331_204076520148_R04C01_Grn.idat.gz"
[1] "Data downloaded successfuly"
[1] "https://ftp.ncbi.nlm.nih.gov/geo/samples/GSM5927nnn/GSM5927331/suppl/GSM5927331_204076520148_R04C01_Red.idat.gz"
[1] "Data downloaded successfuly"
[1] "https://ftp.ncbi.nlm.nih.gov/geo/samples/GSM5927nnn/GSM5927332/suppl/GSM5927332_204076520148_R06C01_Grn.idat.gz"
[1] "Data downloaded successfuly"
[1] "https://ftp.ncbi.nlm.nih.gov/geo/samples/GSM5927nnn/GSM5927332/suppl/GSM5927332_204076520148_R06C01_Red.idat.gz"
[1] "Data downloaded successfuly"
[1] "https://ftp.ncbi.nlm.nih.gov/geo/samples/GSM5927nnn/GSM5927333/suppl/GSM5927333_204076520148_R07C01_Grn.idat.gz"
[1] "Data downloaded successfuly"
[1] "https://ftp.ncbi.nlm.nih.gov/geo/samples/GSM5927nnn/GSM5927333/suppl/GSM5927333_204076520148_R07C01_Red.idat.gz"
[1] "Data downloaded successfuly"
[1] "https://ftp.ncbi.nlm.nih.gov/geo/samples/GSM5927nnn/GSM5927334/suppl/GSM5927334_204076520148_R08C01_Grn.idat.gz"
[1] "Data downloaded successfuly"
[1] "https://ftp.ncbi.nlm.nih.gov/geo/samples/GSM5927nnn/GSM5927334/suppl/GSM5927334_204076520148_R08C01_Red.idat.gz"
[1] "Data downloaded successfuly"
[1] "https://ftp.ncbi.nlm.nih.gov/geo/samples/GSM5927nnn/GSM5927335/suppl/GSM5927335_204076520154_R01C01_Grn.idat.gz"
[1] "Data downloaded successfuly"
[1] "https://ftp.ncbi.nlm.nih.gov/geo/samples/GSM5927nnn/GSM5927335/suppl/GSM5927335_204076520154_R01C01_Red.idat.gz"
[1] "Data downloaded successfuly"
[1] "https://ftp.ncbi.nlm.nih.gov/geo/samples/GSM5927nnn/GSM5927336/suppl/GSM5927336_204076520154_R02C01_Grn.idat.gz"
[1] "Data downloaded successfuly"
[1] "https://ftp.ncbi.nlm.nih.gov/geo/samples/GSM5927nnn/GSM5927336/suppl/GSM5927336_204076520154_R02C01_Red.idat.gz"
[1] "Data downloaded successfuly"
[1] "https://ftp.ncbi.nlm.nih.gov/geo/samples/GSM5927nnn/GSM5927337/suppl/GSM5927337_204076520154_R04C01_Grn.idat.gz"
[1] "Data downloaded successfuly"
[1] "https://ftp.ncbi.nlm.nih.gov/geo/samples/GSM5927nnn/GSM5927337/suppl/GSM5927337_204076520154_R04C01_Red.idat.gz"
[1] "Data downloaded successfuly"
[1] "https://ftp.ncbi.nlm.nih.gov/geo/samples/GSM5927nnn/GSM5927338/suppl/GSM5927338_204076520154_R05C01_Grn.idat.gz"
[1] "Data downloaded successfuly"
[1] "https://ftp.ncbi.nlm.nih.gov/geo/samples/GSM5927nnn/GSM5927338/suppl/GSM5927338_204076520154_R05C01_Red.idat.gz"
[1] "Data downloaded successfuly"
[1] "https://ftp.ncbi.nlm.nih.gov/geo/samples/GSM5927nnn/GSM5927339/suppl/GSM5927339_204076520154_R06C01_Grn.idat.gz"
[1] "Data downloaded successfuly"
[1] "https://ftp.ncbi.nlm.nih.gov/geo/samples/GSM5927nnn/GSM5927339/suppl/GSM5927339_204076520154_R06C01_Red.idat.gz"
[1] "Data downloaded successfuly"
[1] "https://ftp.ncbi.nlm.nih.gov/geo/samples/GSM5927nnn/GSM5927340/suppl/GSM5927340_204076520154_R07C01_Grn.idat.gz"
[1] "Data downloaded successfuly"
[1] "https://ftp.ncbi.nlm.nih.gov/geo/samples/GSM5927nnn/GSM5927340/suppl/GSM5927340_204076520154_R07C01_Red.idat.gz"
[1] "Data downloaded successfuly"
[1] "https://ftp.ncbi.nlm.nih.gov/geo/samples/GSM5927nnn/GSM5927341/suppl/GSM5927341_204076520154_R08C01_Grn.idat.gz"
[1] "Data downloaded successfuly"
[1] "https://ftp.ncbi.nlm.nih.gov/geo/samples/GSM5927nnn/GSM5927341/suppl/GSM5927341_204076520154_R08C01_Red.idat.gz"
[1] "Data downloaded successfuly"
[1] "https://ftp.ncbi.nlm.nih.gov/geo/samples/GSM5927nnn/GSM5927342/suppl/GSM5927342_204076520155_R01C01_Grn.idat.gz"
[1] "Data downloaded successfuly"
[1] "https://ftp.ncbi.nlm.nih.gov/geo/samples/GSM5927nnn/GSM5927342/suppl/GSM5927342_204076520155_R01C01_Red.idat.gz"
[1] "Data downloaded successfuly"
[1] "https://ftp.ncbi.nlm.nih.gov/geo/samples/GSM5927nnn/GSM5927343/suppl/GSM5927343_204076520155_R03C01_Grn.idat.gz"
[1] "Data downloaded successfuly"
[1] "https://ftp.ncbi.nlm.nih.gov/geo/samples/GSM5927nnn/GSM5927343/suppl/GSM5927343_204076520155_R03C01_Red.idat.gz"
[1] "Data downloaded successfuly"
[1] "https://ftp.ncbi.nlm.nih.gov/geo/samples/GSM5927nnn/GSM5927344/suppl/GSM5927344_204076520155_R04C01_Grn.idat.gz"
[1] "Data downloaded successfuly"
[1] "https://ftp.ncbi.nlm.nih.gov/geo/samples/GSM5927nnn/GSM5927344/suppl/GSM5927344_204076520155_R04C01_Red.idat.gz"
[1] "Data downloaded successfuly"
[1] "https://ftp.ncbi.nlm.nih.gov/geo/samples/GSM5927nnn/GSM5927345/suppl/GSM5927345_204076520155_R05C01_Grn.idat.gz"
[1] "Data downloaded successfuly"
[1] "https://ftp.ncbi.nlm.nih.gov/geo/samples/GSM5927nnn/GSM5927345/suppl/GSM5927345_204076520155_R05C01_Red.idat.gz"
[1] "Data downloaded successfuly"
[1] "https://ftp.ncbi.nlm.nih.gov/geo/samples/GSM5927nnn/GSM5927346/suppl/GSM5927346_204076520155_R06C01_Grn.idat.gz"
[1] "Data downloaded successfuly"
[1] "https://ftp.ncbi.nlm.nih.gov/geo/samples/GSM5927nnn/GSM5927346/suppl/GSM5927346_204076520155_R06C01_Red.idat.gz"
[1] "Data downloaded successfuly"
[1] "https://ftp.ncbi.nlm.nih.gov/geo/samples/GSM5927nnn/GSM5927347/suppl/GSM5927347_204076520155_R07C01_Grn.idat.gz"
[1] "Data downloaded successfuly"
[1] "https://ftp.ncbi.nlm.nih.gov/geo/samples/GSM5927nnn/GSM5927347/suppl/GSM5927347_204076520155_R07C01_Red.idat.gz"
[1] "Data downloaded successfuly"
[1] "https://ftp.ncbi.nlm.nih.gov/geo/samples/GSM5927nnn/GSM5927348/suppl/GSM5927348_204076520155_R08C01_Grn.idat.gz"
[1] "Data downloaded successfuly"
[1] "https://ftp.ncbi.nlm.nih.gov/geo/samples/GSM5927nnn/GSM5927348/suppl/GSM5927348_204076520155_R08C01_Red.idat.gz"
[1] "Data downloaded successfuly"
[1] "https://ftp.ncbi.nlm.nih.gov/geo/samples/GSM5927nnn/GSM5927349/suppl/GSM5927349_204076530027_R01C01_Grn.idat.gz"
[1] "Data downloaded successfuly"
[1] "https://ftp.ncbi.nlm.nih.gov/geo/samples/GSM5927nnn/GSM5927349/suppl/GSM5927349_204076530027_R01C01_Red.idat.gz"
[1] "Data downloaded successfuly"
[1] "https://ftp.ncbi.nlm.nih.gov/geo/samples/GSM5927nnn/GSM5927350/suppl/GSM5927350_204076530027_R02C01_Grn.idat.gz"
[1] "Data downloaded successfuly"
[1] "https://ftp.ncbi.nlm.nih.gov/geo/samples/GSM5927nnn/GSM5927350/suppl/GSM5927350_204076530027_R02C01_Red.idat.gz"
[1] "Data downloaded successfuly"
[1] "https://ftp.ncbi.nlm.nih.gov/geo/samples/GSM5927nnn/GSM5927351/suppl/GSM5927351_204076530027_R03C01_Grn.idat.gz"
[1] "Data downloaded successfuly"
[1] "https://ftp.ncbi.nlm.nih.gov/geo/samples/GSM5927nnn/GSM5927351/suppl/GSM5927351_204076530027_R03C01_Red.idat.gz"
[1] "Data downloaded successfuly"
[1] "https://ftp.ncbi.nlm.nih.gov/geo/samples/GSM5927nnn/GSM5927352/suppl/GSM5927352_204076530027_R04C01_Grn.idat.gz"
[1] "Data downloaded successfuly"
[1] "https://ftp.ncbi.nlm.nih.gov/geo/samples/GSM5927nnn/GSM5927352/suppl/GSM5927352_204076530027_R04C01_Red.idat.gz"
[1] "Data downloaded successfuly"
[1] "https://ftp.ncbi.nlm.nih.gov/geo/samples/GSM5927nnn/GSM5927353/suppl/GSM5927353_204076530027_R05C01_Grn.idat.gz"
[1] "Data downloaded successfuly"
[1] "https://ftp.ncbi.nlm.nih.gov/geo/samples/GSM5927nnn/GSM5927353/suppl/GSM5927353_204076530027_R05C01_Red.idat.gz"
[1] "Data downloaded successfuly"
[1] "https://ftp.ncbi.nlm.nih.gov/geo/samples/GSM5927nnn/GSM5927354/suppl/GSM5927354_204076530027_R06C01_Grn.idat.gz"
[1] "Data downloaded successfuly"
[1] "https://ftp.ncbi.nlm.nih.gov/geo/samples/GSM5927nnn/GSM5927354/suppl/GSM5927354_204076530027_R06C01_Red.idat.gz"
[1] "Data downloaded successfuly"
[1] "https://ftp.ncbi.nlm.nih.gov/geo/samples/GSM5927nnn/GSM5927355/suppl/GSM5927355_204076530027_R07C01_Grn.idat.gz"
[1] "Data downloaded successfuly"
[1] "https://ftp.ncbi.nlm.nih.gov/geo/samples/GSM5927nnn/GSM5927355/suppl/GSM5927355_204076530027_R07C01_Red.idat.gz"
[1] "Data downloaded successfuly"
[1] "https://ftp.ncbi.nlm.nih.gov/geo/samples/GSM5927nnn/GSM5927356/suppl/GSM5927356_204076530027_R08C01_Grn.idat.gz"
[1] "Data downloaded successfuly"
[1] "https://ftp.ncbi.nlm.nih.gov/geo/samples/GSM5927nnn/GSM5927356/suppl/GSM5927356_204076530027_R08C01_Red.idat.gz"
[1] "Data downloaded successfuly"
[1] "https://ftp.ncbi.nlm.nih.gov/geo/samples/GSM5927nnn/GSM5927357/suppl/GSM5927357_204076530094_R01C01_Grn.idat.gz"
[1] "Data downloaded successfuly"
[1] "https://ftp.ncbi.nlm.nih.gov/geo/samples/GSM5927nnn/GSM5927357/suppl/GSM5927357_204076530094_R01C01_Red.idat.gz"
[1] "Data downloaded successfuly"
[1] "https://ftp.ncbi.nlm.nih.gov/geo/samples/GSM5927nnn/GSM5927358/suppl/GSM5927358_204076530094_R02C01_Grn.idat.gz"
[1] "Data downloaded successfuly"
[1] "https://ftp.ncbi.nlm.nih.gov/geo/samples/GSM5927nnn/GSM5927358/suppl/GSM5927358_204076530094_R02C01_Red.idat.gz"
[1] "Data downloaded successfuly"
[1] "https://ftp.ncbi.nlm.nih.gov/geo/samples/GSM5927nnn/GSM5927359/suppl/GSM5927359_204076530094_R03C01_Grn.idat.gz"
[1] "Data downloaded successfuly"
[1] "https://ftp.ncbi.nlm.nih.gov/geo/samples/GSM5927nnn/GSM5927359/suppl/GSM5927359_204076530094_R03C01_Red.idat.gz"
[1] "Data downloaded successfuly"
[1] "https://ftp.ncbi.nlm.nih.gov/geo/samples/GSM5927nnn/GSM5927360/suppl/GSM5927360_204076530094_R04C01_Grn.idat.gz"
[1] "Data downloaded successfuly"
[1] "https://ftp.ncbi.nlm.nih.gov/geo/samples/GSM5927nnn/GSM5927360/suppl/GSM5927360_204076530094_R04C01_Red.idat.gz"
[1] "Data downloaded successfuly"
[1] "https://ftp.ncbi.nlm.nih.gov/geo/samples/GSM5927nnn/GSM5927361/suppl/GSM5927361_204076530094_R05C01_Grn.idat.gz"
[1] "Data downloaded successfuly"
[1] "https://ftp.ncbi.nlm.nih.gov/geo/samples/GSM5927nnn/GSM5927361/suppl/GSM5927361_204076530094_R05C01_Red.idat.gz"
[1] "Data downloaded successfuly"
[1] "https://ftp.ncbi.nlm.nih.gov/geo/samples/GSM5927nnn/GSM5927362/suppl/GSM5927362_204076530094_R06C01_Grn.idat.gz"
[1] "Data downloaded successfuly"
[1] "https://ftp.ncbi.nlm.nih.gov/geo/samples/GSM5927nnn/GSM5927362/suppl/GSM5927362_204076530094_R06C01_Red.idat.gz"
[1] "Data downloaded successfuly"
[1] "https://ftp.ncbi.nlm.nih.gov/geo/samples/GSM5927nnn/GSM5927363/suppl/GSM5927363_204076530094_R07C01_Grn.idat.gz"
[1] "Data downloaded successfuly"
[1] "https://ftp.ncbi.nlm.nih.gov/geo/samples/GSM5927nnn/GSM5927363/suppl/GSM5927363_204076530094_R07C01_Red.idat.gz"
[1] "Data downloaded successfuly"
[1] "https://ftp.ncbi.nlm.nih.gov/geo/samples/GSM5927nnn/GSM5927364/suppl/GSM5927364_204076530115_R02C01_Grn.idat.gz"
[1] "Data downloaded successfuly"
[1] "https://ftp.ncbi.nlm.nih.gov/geo/samples/GSM5927nnn/GSM5927364/suppl/GSM5927364_204076530115_R02C01_Red.idat.gz"
[1] "Data downloaded successfuly"
[1] "https://ftp.ncbi.nlm.nih.gov/geo/samples/GSM5927nnn/GSM5927365/suppl/GSM5927365_204076530115_R04C01_Grn.idat.gz"
[1] "Data downloaded successfuly"
[1] "https://ftp.ncbi.nlm.nih.gov/geo/samples/GSM5927nnn/GSM5927365/suppl/GSM5927365_204076530115_R04C01_Red.idat.gz"
[1] "Data downloaded successfuly"
[1] "https://ftp.ncbi.nlm.nih.gov/geo/samples/GSM5927nnn/GSM5927366/suppl/GSM5927366_204076530115_R05C01_Grn.idat.gz"
[1] "Data downloaded successfuly"
[1] "https://ftp.ncbi.nlm.nih.gov/geo/samples/GSM5927nnn/GSM5927366/suppl/GSM5927366_204076530115_R05C01_Red.idat.gz"
[1] "Data downloaded successfuly"
[1] "https://ftp.ncbi.nlm.nih.gov/geo/samples/GSM5927nnn/GSM5927367/suppl/GSM5927367_204076530115_R06C01_Grn.idat.gz"
[1] "Data downloaded successfuly"
[1] "https://ftp.ncbi.nlm.nih.gov/geo/samples/GSM5927nnn/GSM5927367/suppl/GSM5927367_204076530115_R06C01_Red.idat.gz"
[1] "Data downloaded successfuly"
[1] "https://ftp.ncbi.nlm.nih.gov/geo/samples/GSM5927nnn/GSM5927368/suppl/GSM5927368_204076530115_R07C01_Grn.idat.gz"
[1] "Data downloaded successfuly"
[1] "https://ftp.ncbi.nlm.nih.gov/geo/samples/GSM5927nnn/GSM5927368/suppl/GSM5927368_204076530115_R07C01_Red.idat.gz"
[1] "Data downloaded successfuly"
[1] "https://ftp.ncbi.nlm.nih.gov/geo/samples/GSM5927nnn/GSM5927369/suppl/GSM5927369_204076530115_R08C01_Grn.idat.gz"
[1] "Data downloaded successfuly"
[1] "https://ftp.ncbi.nlm.nih.gov/geo/samples/GSM5927nnn/GSM5927369/suppl/GSM5927369_204076530115_R08C01_Red.idat.gz"
[1] "Data downloaded successfuly"
[1] "https://ftp.ncbi.nlm.nih.gov/geo/samples/GSM5927nnn/GSM5927370/suppl/GSM5927370_204076530124_R01C01_Grn.idat.gz"
[1] "Data downloaded successfuly"
[1] "https://ftp.ncbi.nlm.nih.gov/geo/samples/GSM5927nnn/GSM5927370/suppl/GSM5927370_204076530124_R01C01_Red.idat.gz"
[1] "Data downloaded successfuly"
[1] "https://ftp.ncbi.nlm.nih.gov/geo/samples/GSM5927nnn/GSM5927371/suppl/GSM5927371_204076530124_R02C01_Grn.idat.gz"
[1] "Data downloaded successfuly"
[1] "https://ftp.ncbi.nlm.nih.gov/geo/samples/GSM5927nnn/GSM5927371/suppl/GSM5927371_204076530124_R02C01_Red.idat.gz"
[1] "Data downloaded successfuly"
[1] "https://ftp.ncbi.nlm.nih.gov/geo/samples/GSM5927nnn/GSM5927372/suppl/GSM5927372_204076530124_R03C01_Grn.idat.gz"
[1] "Data downloaded successfuly"
[1] "https://ftp.ncbi.nlm.nih.gov/geo/samples/GSM5927nnn/GSM5927372/suppl/GSM5927372_204076530124_R03C01_Red.idat.gz"
[1] "Data downloaded successfuly"
[1] "https://ftp.ncbi.nlm.nih.gov/geo/samples/GSM5927nnn/GSM5927373/suppl/GSM5927373_204076530124_R04C01_Grn.idat.gz"
[1] "Data downloaded successfuly"
[1] "https://ftp.ncbi.nlm.nih.gov/geo/samples/GSM5927nnn/GSM5927373/suppl/GSM5927373_204076530124_R04C01_Red.idat.gz"
[1] "Data downloaded successfuly"
[1] "https://ftp.ncbi.nlm.nih.gov/geo/samples/GSM5927nnn/GSM5927374/suppl/GSM5927374_204076530124_R05C01_Grn.idat.gz"
[1] "Data downloaded successfuly"
[1] "https://ftp.ncbi.nlm.nih.gov/geo/samples/GSM5927nnn/GSM5927374/suppl/GSM5927374_204076530124_R05C01_Red.idat.gz"
[1] "Data downloaded successfuly"
[1] "https://ftp.ncbi.nlm.nih.gov/geo/samples/GSM5927nnn/GSM5927375/suppl/GSM5927375_204076530124_R07C01_Grn.idat.gz"
[1] "Data downloaded successfuly"
[1] "https://ftp.ncbi.nlm.nih.gov/geo/samples/GSM5927nnn/GSM5927375/suppl/GSM5927375_204076530124_R07C01_Red.idat.gz"
[1] "Data downloaded successfuly"
[1] "https://ftp.ncbi.nlm.nih.gov/geo/samples/GSM5927nnn/GSM5927376/suppl/GSM5927376_204076530124_R08C01_Grn.idat.gz"
[1] "Data downloaded successfuly"
[1] "https://ftp.ncbi.nlm.nih.gov/geo/samples/GSM5927nnn/GSM5927376/suppl/GSM5927376_204076530124_R08C01_Red.idat.gz"
[1] "Data downloaded successfuly"
[1] "https://ftp.ncbi.nlm.nih.gov/geo/samples/GSM5927nnn/GSM5927377/suppl/GSM5927377_204076530144_R01C01_Grn.idat.gz"
[1] "Data downloaded successfuly"
[1] "https://ftp.ncbi.nlm.nih.gov/geo/samples/GSM5927nnn/GSM5927377/suppl/GSM5927377_204076530144_R01C01_Red.idat.gz"
[1] "Data downloaded successfuly"
[1] "https://ftp.ncbi.nlm.nih.gov/geo/samples/GSM5927nnn/GSM5927378/suppl/GSM5927378_204076530144_R03C01_Grn.idat.gz"
[1] "Data downloaded successfuly"
[1] "https://ftp.ncbi.nlm.nih.gov/geo/samples/GSM5927nnn/GSM5927378/suppl/GSM5927378_204076530144_R03C01_Red.idat.gz"
[1] "Data downloaded successfuly"
[1] "https://ftp.ncbi.nlm.nih.gov/geo/samples/GSM5927nnn/GSM5927379/suppl/GSM5927379_204076530144_R05C01_Grn.idat.gz"
[1] "Data downloaded successfuly"
[1] "https://ftp.ncbi.nlm.nih.gov/geo/samples/GSM5927nnn/GSM5927379/suppl/GSM5927379_204076530144_R05C01_Red.idat.gz"
[1] "Data downloaded successfuly"
[1] "https://ftp.ncbi.nlm.nih.gov/geo/samples/GSM5927nnn/GSM5927380/suppl/GSM5927380_204076530144_R06C01_Grn.idat.gz"
[1] "Data downloaded successfuly"
[1] "https://ftp.ncbi.nlm.nih.gov/geo/samples/GSM5927nnn/GSM5927380/suppl/GSM5927380_204076530144_R06C01_Red.idat.gz"
[1] "Data downloaded successfuly"
[1] "https://ftp.ncbi.nlm.nih.gov/geo/samples/GSM5927nnn/GSM5927381/suppl/GSM5927381_204076530144_R07C01_Grn.idat.gz"
[1] "Data downloaded successfuly"
[1] "https://ftp.ncbi.nlm.nih.gov/geo/samples/GSM5927nnn/GSM5927381/suppl/GSM5927381_204076530144_R07C01_Red.idat.gz"
[1] "Data downloaded successfuly"
[1] "https://ftp.ncbi.nlm.nih.gov/geo/samples/GSM5927nnn/GSM5927382/suppl/GSM5927382_204076530144_R08C01_Grn.idat.gz"
[1] "Data downloaded successfuly"
[1] "https://ftp.ncbi.nlm.nih.gov/geo/samples/GSM5927nnn/GSM5927382/suppl/GSM5927382_204076530144_R08C01_Red.idat.gz"
[1] "Data downloaded successfuly"
[1] "https://ftp.ncbi.nlm.nih.gov/geo/samples/GSM5927nnn/GSM5927383/suppl/GSM5927383_204076530149_R01C01_Grn.idat.gz"
[1] "Data downloaded successfuly"
[1] "https://ftp.ncbi.nlm.nih.gov/geo/samples/GSM5927nnn/GSM5927383/suppl/GSM5927383_204076530149_R01C01_Red.idat.gz"
[1] "Data downloaded successfuly"
[1] "https://ftp.ncbi.nlm.nih.gov/geo/samples/GSM5927nnn/GSM5927384/suppl/GSM5927384_204076530149_R02C01_Grn.idat.gz"
[1] "Data downloaded successfuly"
[1] "https://ftp.ncbi.nlm.nih.gov/geo/samples/GSM5927nnn/GSM5927384/suppl/GSM5927384_204076530149_R02C01_Red.idat.gz"
[1] "Data downloaded successfuly"
[1] "https://ftp.ncbi.nlm.nih.gov/geo/samples/GSM5927nnn/GSM5927385/suppl/GSM5927385_204076530149_R04C01_Grn.idat.gz"
[1] "Data downloaded successfuly"
[1] "https://ftp.ncbi.nlm.nih.gov/geo/samples/GSM5927nnn/GSM5927385/suppl/GSM5927385_204076530149_R04C01_Red.idat.gz"
[1] "Data downloaded successfuly"
[1] "https://ftp.ncbi.nlm.nih.gov/geo/samples/GSM5927nnn/GSM5927386/suppl/GSM5927386_204076530149_R05C01_Grn.idat.gz"
[1] "Data downloaded successfuly"
[1] "https://ftp.ncbi.nlm.nih.gov/geo/samples/GSM5927nnn/GSM5927386/suppl/GSM5927386_204076530149_R05C01_Red.idat.gz"
[1] "Data downloaded successfuly"
[1] "https://ftp.ncbi.nlm.nih.gov/geo/samples/GSM5927nnn/GSM5927387/suppl/GSM5927387_204076530149_R07C01_Grn.idat.gz"
[1] "Data downloaded successfuly"
[1] "https://ftp.ncbi.nlm.nih.gov/geo/samples/GSM5927nnn/GSM5927387/suppl/GSM5927387_204076530149_R07C01_Red.idat.gz"
[1] "Data downloaded successfuly"
[1] "https://ftp.ncbi.nlm.nih.gov/geo/samples/GSM5927nnn/GSM5927388/suppl/GSM5927388_204076530149_R08C01_Grn.idat.gz"
[1] "Data downloaded successfuly"
[1] "https://ftp.ncbi.nlm.nih.gov/geo/samples/GSM5927nnn/GSM5927388/suppl/GSM5927388_204076530149_R08C01_Red.idat.gz"
[1] "Data downloaded successfuly"
[1] "https://ftp.ncbi.nlm.nih.gov/geo/samples/GSM5927nnn/GSM5927389/suppl/GSM5927389_204076530154_R02C01_Grn.idat.gz"
[1] "Data downloaded successfuly"
[1] "https://ftp.ncbi.nlm.nih.gov/geo/samples/GSM5927nnn/GSM5927389/suppl/GSM5927389_204076530154_R02C01_Red.idat.gz"
[1] "Data downloaded successfuly"
[1] "https://ftp.ncbi.nlm.nih.gov/geo/samples/GSM5927nnn/GSM5927390/suppl/GSM5927390_204076530154_R03C01_Grn.idat.gz"
[1] "Data downloaded successfuly"
[1] "https://ftp.ncbi.nlm.nih.gov/geo/samples/GSM5927nnn/GSM5927390/suppl/GSM5927390_204076530154_R03C01_Red.idat.gz"
[1] "Data downloaded successfuly"
[1] "https://ftp.ncbi.nlm.nih.gov/geo/samples/GSM5927nnn/GSM5927391/suppl/GSM5927391_204076530154_R04C01_Grn.idat.gz"
[1] "Data downloaded successfuly"
[1] "https://ftp.ncbi.nlm.nih.gov/geo/samples/GSM5927nnn/GSM5927391/suppl/GSM5927391_204076530154_R04C01_Red.idat.gz"
[1] "Data downloaded successfuly"
[1] "https://ftp.ncbi.nlm.nih.gov/geo/samples/GSM5927nnn/GSM5927392/suppl/GSM5927392_204076530154_R05C01_Grn.idat.gz"
[1] "Data downloaded successfuly"
[1] "https://ftp.ncbi.nlm.nih.gov/geo/samples/GSM5927nnn/GSM5927392/suppl/GSM5927392_204076530154_R05C01_Red.idat.gz"
[1] "Data downloaded successfuly"
[1] "https://ftp.ncbi.nlm.nih.gov/geo/samples/GSM5927nnn/GSM5927393/suppl/GSM5927393_204076530154_R07C01_Grn.idat.gz"
[1] "Data downloaded successfuly"
[1] "https://ftp.ncbi.nlm.nih.gov/geo/samples/GSM5927nnn/GSM5927393/suppl/GSM5927393_204076530154_R07C01_Red.idat.gz"
[1] "Data downloaded successfuly"
[1] "https://ftp.ncbi.nlm.nih.gov/geo/samples/GSM5927nnn/GSM5927394/suppl/GSM5927394_204076530154_R08C01_Grn.idat.gz"
[1] "Data downloaded successfuly"
[1] "https://ftp.ncbi.nlm.nih.gov/geo/samples/GSM5927nnn/GSM5927394/suppl/GSM5927394_204076530154_R08C01_Red.idat.gz"
[1] "Data downloaded successfuly"
[1] "https://ftp.ncbi.nlm.nih.gov/geo/samples/GSM5927nnn/GSM5927395/suppl/GSM5927395_204078440016_R01C01_Grn.idat.gz"
[1] "Data downloaded successfuly"
[1] "https://ftp.ncbi.nlm.nih.gov/geo/samples/GSM5927nnn/GSM5927395/suppl/GSM5927395_204078440016_R01C01_Red.idat.gz"
[1] "Data downloaded successfuly"
[1] "https://ftp.ncbi.nlm.nih.gov/geo/samples/GSM5927nnn/GSM5927396/suppl/GSM5927396_204078440016_R03C01_Grn.idat.gz"
[1] "Data downloaded successfuly"
[1] "https://ftp.ncbi.nlm.nih.gov/geo/samples/GSM5927nnn/GSM5927396/suppl/GSM5927396_204078440016_R03C01_Red.idat.gz"
[1] "Data downloaded successfuly"
[1] "https://ftp.ncbi.nlm.nih.gov/geo/samples/GSM5927nnn/GSM5927397/suppl/GSM5927397_204078440016_R04C01_Grn.idat.gz"
[1] "Data downloaded successfuly"
[1] "https://ftp.ncbi.nlm.nih.gov/geo/samples/GSM5927nnn/GSM5927397/suppl/GSM5927397_204078440016_R04C01_Red.idat.gz"
[1] "Data downloaded successfuly"
[1] "https://ftp.ncbi.nlm.nih.gov/geo/samples/GSM5927nnn/GSM5927398/suppl/GSM5927398_204078440016_R05C01_Grn.idat.gz"
[1] "Data downloaded successfuly"
[1] "https://ftp.ncbi.nlm.nih.gov/geo/samples/GSM5927nnn/GSM5927398/suppl/GSM5927398_204078440016_R05C01_Red.idat.gz"
[1] "Data downloaded successfuly"
[1] "https://ftp.ncbi.nlm.nih.gov/geo/samples/GSM5927nnn/GSM5927399/suppl/GSM5927399_204078440016_R06C01_Grn.idat.gz"
[1] "Data downloaded successfuly"
[1] "https://ftp.ncbi.nlm.nih.gov/geo/samples/GSM5927nnn/GSM5927399/suppl/GSM5927399_204078440016_R06C01_Red.idat.gz"
[1] "Data downloaded successfuly"
[1] "https://ftp.ncbi.nlm.nih.gov/geo/samples/GSM5927nnn/GSM5927400/suppl/GSM5927400_204078440016_R07C01_Grn.idat.gz"
[1] "Data downloaded successfuly"
[1] "https://ftp.ncbi.nlm.nih.gov/geo/samples/GSM5927nnn/GSM5927400/suppl/GSM5927400_204078440016_R07C01_Red.idat.gz"
[1] "Data downloaded successfuly"
[1] "https://ftp.ncbi.nlm.nih.gov/geo/samples/GSM5927nnn/GSM5927401/suppl/GSM5927401_204078440020_R02C01_Grn.idat.gz"
[1] "Data downloaded successfuly"
[1] "https://ftp.ncbi.nlm.nih.gov/geo/samples/GSM5927nnn/GSM5927401/suppl/GSM5927401_204078440020_R02C01_Red.idat.gz"
[1] "Data downloaded successfuly"
[1] "https://ftp.ncbi.nlm.nih.gov/geo/samples/GSM5927nnn/GSM5927402/suppl/GSM5927402_204078440020_R03C01_Grn.idat.gz"
[1] "Data downloaded successfuly"
[1] "https://ftp.ncbi.nlm.nih.gov/geo/samples/GSM5927nnn/GSM5927402/suppl/GSM5927402_204078440020_R03C01_Red.idat.gz"
[1] "Data downloaded successfuly"
[1] "https://ftp.ncbi.nlm.nih.gov/geo/samples/GSM5927nnn/GSM5927403/suppl/GSM5927403_204078440020_R05C01_Grn.idat.gz"
[1] "Data downloaded successfuly"
[1] "https://ftp.ncbi.nlm.nih.gov/geo/samples/GSM5927nnn/GSM5927403/suppl/GSM5927403_204078440020_R05C01_Red.idat.gz"
[1] "Data downloaded successfuly"
[1] "https://ftp.ncbi.nlm.nih.gov/geo/samples/GSM5927nnn/GSM5927404/suppl/GSM5927404_204078440020_R06C01_Grn.idat.gz"
[1] "Data downloaded successfuly"
[1] "https://ftp.ncbi.nlm.nih.gov/geo/samples/GSM5927nnn/GSM5927404/suppl/GSM5927404_204078440020_R06C01_Red.idat.gz"
[1] "Data downloaded successfuly"
[1] "https://ftp.ncbi.nlm.nih.gov/geo/samples/GSM5927nnn/GSM5927405/suppl/GSM5927405_204078440020_R08C01_Grn.idat.gz"
[1] "Data downloaded successfuly"
[1] "https://ftp.ncbi.nlm.nih.gov/geo/samples/GSM5927nnn/GSM5927405/suppl/GSM5927405_204078440020_R08C01_Red.idat.gz"
[1] "Data downloaded successfuly"
[1] "https://ftp.ncbi.nlm.nih.gov/geo/samples/GSM5927nnn/GSM5927406/suppl/GSM5927406_204078440022_R01C01_Grn.idat.gz"
[1] "Data downloaded successfuly"
[1] "https://ftp.ncbi.nlm.nih.gov/geo/samples/GSM5927nnn/GSM5927406/suppl/GSM5927406_204078440022_R01C01_Red.idat.gz"
[1] "Data downloaded successfuly"
[1] "https://ftp.ncbi.nlm.nih.gov/geo/samples/GSM5927nnn/GSM5927407/suppl/GSM5927407_204078440022_R02C01_Grn.idat.gz"
[1] "Data downloaded successfuly"
[1] "https://ftp.ncbi.nlm.nih.gov/geo/samples/GSM5927nnn/GSM5927407/suppl/GSM5927407_204078440022_R02C01_Red.idat.gz"
[1] "Data downloaded successfuly"
[1] "https://ftp.ncbi.nlm.nih.gov/geo/samples/GSM5927nnn/GSM5927408/suppl/GSM5927408_204078440022_R05C01_Grn.idat.gz"
[1] "Data downloaded successfuly"
[1] "https://ftp.ncbi.nlm.nih.gov/geo/samples/GSM5927nnn/GSM5927408/suppl/GSM5927408_204078440022_R05C01_Red.idat.gz"
[1] "Data downloaded successfuly"
[1] "https://ftp.ncbi.nlm.nih.gov/geo/samples/GSM5927nnn/GSM5927409/suppl/GSM5927409_204078440022_R06C01_Grn.idat.gz"
[1] "Data downloaded successfuly"
[1] "https://ftp.ncbi.nlm.nih.gov/geo/samples/GSM5927nnn/GSM5927409/suppl/GSM5927409_204078440022_R06C01_Red.idat.gz"
[1] "Data downloaded successfuly"
[1] "https://ftp.ncbi.nlm.nih.gov/geo/samples/GSM5927nnn/GSM5927410/suppl/GSM5927410_204078440022_R07C01_Grn.idat.gz"
[1] "Data downloaded successfuly"
[1] "https://ftp.ncbi.nlm.nih.gov/geo/samples/GSM5927nnn/GSM5927410/suppl/GSM5927410_204078440022_R07C01_Red.idat.gz"
[1] "Data downloaded successfuly"
[1] "https://ftp.ncbi.nlm.nih.gov/geo/samples/GSM5927nnn/GSM5927411/suppl/GSM5927411_204078440022_R08C01_Grn.idat.gz"
[1] "Data downloaded successfuly"
[1] "https://ftp.ncbi.nlm.nih.gov/geo/samples/GSM5927nnn/GSM5927411/suppl/GSM5927411_204078440022_R08C01_Red.idat.gz"
[1] "Data downloaded successfuly"
[1] "https://ftp.ncbi.nlm.nih.gov/geo/samples/GSM5927nnn/GSM5927412/suppl/GSM5927412_204078440024_R01C01_Grn.idat.gz"
[1] "Data downloaded successfuly"
[1] "https://ftp.ncbi.nlm.nih.gov/geo/samples/GSM5927nnn/GSM5927412/suppl/GSM5927412_204078440024_R01C01_Red.idat.gz"
[1] "Data downloaded successfuly"
[1] "https://ftp.ncbi.nlm.nih.gov/geo/samples/GSM5927nnn/GSM5927413/suppl/GSM5927413_204078440024_R03C01_Grn.idat.gz"
[1] "Data downloaded successfuly"
[1] "https://ftp.ncbi.nlm.nih.gov/geo/samples/GSM5927nnn/GSM5927413/suppl/GSM5927413_204078440024_R03C01_Red.idat.gz"
[1] "Data downloaded successfuly"
[1] "https://ftp.ncbi.nlm.nih.gov/geo/samples/GSM5927nnn/GSM5927414/suppl/GSM5927414_204078440024_R04C01_Grn.idat.gz"
[1] "Data downloaded successfuly"
[1] "https://ftp.ncbi.nlm.nih.gov/geo/samples/GSM5927nnn/GSM5927414/suppl/GSM5927414_204078440024_R04C01_Red.idat.gz"
[1] "Data downloaded successfuly"
[1] "https://ftp.ncbi.nlm.nih.gov/geo/samples/GSM5927nnn/GSM5927415/suppl/GSM5927415_204078440024_R05C01_Grn.idat.gz"
[1] "Data downloaded successfuly"
[1] "https://ftp.ncbi.nlm.nih.gov/geo/samples/GSM5927nnn/GSM5927415/suppl/GSM5927415_204078440024_R05C01_Red.idat.gz"
[1] "Data downloaded successfuly"
[1] "https://ftp.ncbi.nlm.nih.gov/geo/samples/GSM5927nnn/GSM5927416/suppl/GSM5927416_204078440024_R06C01_Grn.idat.gz"
[1] "Data downloaded successfuly"
[1] "https://ftp.ncbi.nlm.nih.gov/geo/samples/GSM5927nnn/GSM5927416/suppl/GSM5927416_204078440024_R06C01_Red.idat.gz"
[1] "Data downloaded successfuly"
[1] "https://ftp.ncbi.nlm.nih.gov/geo/samples/GSM5927nnn/GSM5927417/suppl/GSM5927417_204078440024_R07C01_Grn.idat.gz"
[1] "Data downloaded successfuly"
[1] "https://ftp.ncbi.nlm.nih.gov/geo/samples/GSM5927nnn/GSM5927417/suppl/GSM5927417_204078440024_R07C01_Red.idat.gz"
[1] "Data downloaded successfuly"
[1] "https://ftp.ncbi.nlm.nih.gov/geo/samples/GSM5927nnn/GSM5927418/suppl/GSM5927418_204078440024_R08C01_Grn.idat.gz"
[1] "Data downloaded successfuly"
[1] "https://ftp.ncbi.nlm.nih.gov/geo/samples/GSM5927nnn/GSM5927418/suppl/GSM5927418_204078440024_R08C01_Red.idat.gz"
[1] "Data downloaded successfuly"
[1] "https://ftp.ncbi.nlm.nih.gov/geo/samples/GSM5927nnn/GSM5927419/suppl/GSM5927419_204078440026_R03C01_Grn.idat.gz"
[1] "Data downloaded successfuly"
[1] "https://ftp.ncbi.nlm.nih.gov/geo/samples/GSM5927nnn/GSM5927419/suppl/GSM5927419_204078440026_R03C01_Red.idat.gz"
[1] "Data downloaded successfuly"
[1] "https://ftp.ncbi.nlm.nih.gov/geo/samples/GSM5927nnn/GSM5927420/suppl/GSM5927420_204078440026_R04C01_Grn.idat.gz"
[1] "Data downloaded successfuly"
[1] "https://ftp.ncbi.nlm.nih.gov/geo/samples/GSM5927nnn/GSM5927420/suppl/GSM5927420_204078440026_R04C01_Red.idat.gz"
[1] "Data downloaded successfuly"
[1] "https://ftp.ncbi.nlm.nih.gov/geo/samples/GSM5927nnn/GSM5927421/suppl/GSM5927421_204078440026_R06C01_Grn.idat.gz"
[1] "Data downloaded successfuly"
[1] "https://ftp.ncbi.nlm.nih.gov/geo/samples/GSM5927nnn/GSM5927421/suppl/GSM5927421_204078440026_R06C01_Red.idat.gz"
[1] "Data downloaded successfuly"
[1] "https://ftp.ncbi.nlm.nih.gov/geo/samples/GSM5927nnn/GSM5927422/suppl/GSM5927422_204078440026_R07C01_Grn.idat.gz"
[1] "Data downloaded successfuly"
[1] "https://ftp.ncbi.nlm.nih.gov/geo/samples/GSM5927nnn/GSM5927422/suppl/GSM5927422_204078440026_R07C01_Red.idat.gz"
[1] "Data downloaded successfuly"
[1] "https://ftp.ncbi.nlm.nih.gov/geo/samples/GSM5927nnn/GSM5927423/suppl/GSM5927423_204078440026_R08C01_Grn.idat.gz"
[1] "Data downloaded successfuly"
[1] "https://ftp.ncbi.nlm.nih.gov/geo/samples/GSM5927nnn/GSM5927423/suppl/GSM5927423_204078440026_R08C01_Red.idat.gz"
[1] "Data downloaded successfuly"
[1] "https://ftp.ncbi.nlm.nih.gov/geo/samples/GSM5927nnn/GSM5927424/suppl/GSM5927424_204078440027_R01C01_Grn.idat.gz"
[1] "Data downloaded successfuly"
[1] "https://ftp.ncbi.nlm.nih.gov/geo/samples/GSM5927nnn/GSM5927424/suppl/GSM5927424_204078440027_R01C01_Red.idat.gz"
[1] "Data downloaded successfuly"
[1] "https://ftp.ncbi.nlm.nih.gov/geo/samples/GSM5927nnn/GSM5927425/suppl/GSM5927425_204078440027_R02C01_Grn.idat.gz"
[1] "Data downloaded successfuly"
[1] "https://ftp.ncbi.nlm.nih.gov/geo/samples/GSM5927nnn/GSM5927425/suppl/GSM5927425_204078440027_R02C01_Red.idat.gz"
[1] "Data downloaded successfuly"
[1] "https://ftp.ncbi.nlm.nih.gov/geo/samples/GSM5927nnn/GSM5927426/suppl/GSM5927426_204078440027_R03C01_Grn.idat.gz"
[1] "Data downloaded successfuly"
[1] "https://ftp.ncbi.nlm.nih.gov/geo/samples/GSM5927nnn/GSM5927426/suppl/GSM5927426_204078440027_R03C01_Red.idat.gz"
[1] "Data downloaded successfuly"
[1] "https://ftp.ncbi.nlm.nih.gov/geo/samples/GSM5927nnn/GSM5927427/suppl/GSM5927427_204078440027_R05C01_Grn.idat.gz"
[1] "Data downloaded successfuly"
[1] "https://ftp.ncbi.nlm.nih.gov/geo/samples/GSM5927nnn/GSM5927427/suppl/GSM5927427_204078440027_R05C01_Red.idat.gz"
[1] "Data downloaded successfuly"
[1] "https://ftp.ncbi.nlm.nih.gov/geo/samples/GSM5927nnn/GSM5927428/suppl/GSM5927428_204078440027_R07C01_Grn.idat.gz"
[1] "Data downloaded successfuly"
[1] "https://ftp.ncbi.nlm.nih.gov/geo/samples/GSM5927nnn/GSM5927428/suppl/GSM5927428_204078440027_R07C01_Red.idat.gz"
[1] "Data downloaded successfuly"
[1] "https://ftp.ncbi.nlm.nih.gov/geo/samples/GSM5927nnn/GSM5927429/suppl/GSM5927429_204078440027_R08C01_Grn.idat.gz"
[1] "Data downloaded successfuly"
[1] "https://ftp.ncbi.nlm.nih.gov/geo/samples/GSM5927nnn/GSM5927429/suppl/GSM5927429_204078440027_R08C01_Red.idat.gz"
[1] "Data downloaded successfuly"
[1] "https://ftp.ncbi.nlm.nih.gov/geo/samples/GSM5927nnn/GSM5927430/suppl/GSM5927430_204078440055_R01C01_Grn.idat.gz"
[1] "Data downloaded successfuly"
[1] "https://ftp.ncbi.nlm.nih.gov/geo/samples/GSM5927nnn/GSM5927430/suppl/GSM5927430_204078440055_R01C01_Red.idat.gz"
[1] "Data downloaded successfuly"
[1] "https://ftp.ncbi.nlm.nih.gov/geo/samples/GSM5927nnn/GSM5927431/suppl/GSM5927431_204078440055_R02C01_Grn.idat.gz"
[1] "Data downloaded successfuly"
[1] "https://ftp.ncbi.nlm.nih.gov/geo/samples/GSM5927nnn/GSM5927431/suppl/GSM5927431_204078440055_R02C01_Red.idat.gz"
[1] "Data downloaded successfuly"
[1] "https://ftp.ncbi.nlm.nih.gov/geo/samples/GSM5927nnn/GSM5927432/suppl/GSM5927432_204078440055_R03C01_Grn.idat.gz"
[1] "Data downloaded successfuly"
[1] "https://ftp.ncbi.nlm.nih.gov/geo/samples/GSM5927nnn/GSM5927432/suppl/GSM5927432_204078440055_R03C01_Red.idat.gz"
[1] "Data downloaded successfuly"
[1] "https://ftp.ncbi.nlm.nih.gov/geo/samples/GSM5927nnn/GSM5927433/suppl/GSM5927433_204078440055_R04C01_Grn.idat.gz"
[1] "Data downloaded successfuly"
[1] "https://ftp.ncbi.nlm.nih.gov/geo/samples/GSM5927nnn/GSM5927433/suppl/GSM5927433_204078440055_R04C01_Red.idat.gz"
[1] "Data downloaded successfuly"
[1] "https://ftp.ncbi.nlm.nih.gov/geo/samples/GSM5927nnn/GSM5927434/suppl/GSM5927434_204078440055_R06C01_Grn.idat.gz"
[1] "Data downloaded successfuly"
[1] "https://ftp.ncbi.nlm.nih.gov/geo/samples/GSM5927nnn/GSM5927434/suppl/GSM5927434_204078440055_R06C01_Red.idat.gz"
[1] "Data downloaded successfuly"
[1] "https://ftp.ncbi.nlm.nih.gov/geo/samples/GSM5927nnn/GSM5927435/suppl/GSM5927435_204078440055_R07C01_Grn.idat.gz"
[1] "Data downloaded successfuly"
[1] "https://ftp.ncbi.nlm.nih.gov/geo/samples/GSM5927nnn/GSM5927435/suppl/GSM5927435_204078440055_R07C01_Red.idat.gz"
[1] "Data downloaded successfuly"
[1] "https://ftp.ncbi.nlm.nih.gov/geo/samples/GSM5927nnn/GSM5927436/suppl/GSM5927436_204076520019_R01C01_Grn.idat.gz"
[1] "Data downloaded successfuly"
[1] "https://ftp.ncbi.nlm.nih.gov/geo/samples/GSM5927nnn/GSM5927436/suppl/GSM5927436_204076520019_R01C01_Red.idat.gz"
[1] "Data downloaded successfuly"
[1] "https://ftp.ncbi.nlm.nih.gov/geo/samples/GSM5927nnn/GSM5927437/suppl/GSM5927437_204076520019_R04C01_Grn.idat.gz"
[1] "Data downloaded successfuly"
[1] "https://ftp.ncbi.nlm.nih.gov/geo/samples/GSM5927nnn/GSM5927437/suppl/GSM5927437_204076520019_R04C01_Red.idat.gz"
[1] "Data downloaded successfuly"
[1] "https://ftp.ncbi.nlm.nih.gov/geo/samples/GSM5927nnn/GSM5927438/suppl/GSM5927438_204076520019_R05C01_Grn.idat.gz"
[1] "Data downloaded successfuly"
[1] "https://ftp.ncbi.nlm.nih.gov/geo/samples/GSM5927nnn/GSM5927438/suppl/GSM5927438_204076520019_R05C01_Red.idat.gz"
[1] "Data downloaded successfuly"
[1] "https://ftp.ncbi.nlm.nih.gov/geo/samples/GSM5927nnn/GSM5927439/suppl/GSM5927439_204076520019_R07C01_Grn.idat.gz"
[1] "Data downloaded successfuly"
[1] "https://ftp.ncbi.nlm.nih.gov/geo/samples/GSM5927nnn/GSM5927439/suppl/GSM5927439_204076520019_R07C01_Red.idat.gz"
[1] "Data downloaded successfuly"
[1] "https://ftp.ncbi.nlm.nih.gov/geo/samples/GSM5927nnn/GSM5927440/suppl/GSM5927440_204076520019_R08C01_Grn.idat.gz"
[1] "Data downloaded successfuly"
[1] "https://ftp.ncbi.nlm.nih.gov/geo/samples/GSM5927nnn/GSM5927440/suppl/GSM5927440_204076520019_R08C01_Red.idat.gz"
[1] "Data downloaded successfuly"
[1] "https://ftp.ncbi.nlm.nih.gov/geo/samples/GSM5927nnn/GSM5927441/suppl/GSM5927441_204076520028_R01C01_Grn.idat.gz"
[1] "Data downloaded successfuly"
[1] "https://ftp.ncbi.nlm.nih.gov/geo/samples/GSM5927nnn/GSM5927441/suppl/GSM5927441_204076520028_R01C01_Red.idat.gz"
[1] "Data downloaded successfuly"
[1] "https://ftp.ncbi.nlm.nih.gov/geo/samples/GSM5927nnn/GSM5927442/suppl/GSM5927442_204076520028_R02C01_Grn.idat.gz"
[1] "Data downloaded successfuly"
[1] "https://ftp.ncbi.nlm.nih.gov/geo/samples/GSM5927nnn/GSM5927442/suppl/GSM5927442_204076520028_R02C01_Red.idat.gz"
[1] "Data downloaded successfuly"
[1] "https://ftp.ncbi.nlm.nih.gov/geo/samples/GSM5927nnn/GSM5927443/suppl/GSM5927443_204076520028_R05C01_Grn.idat.gz"
[1] "Data downloaded successfuly"
[1] "https://ftp.ncbi.nlm.nih.gov/geo/samples/GSM5927nnn/GSM5927443/suppl/GSM5927443_204076520028_R05C01_Red.idat.gz"
[1] "Data downloaded successfuly"
[1] "https://ftp.ncbi.nlm.nih.gov/geo/samples/GSM5927nnn/GSM5927444/suppl/GSM5927444_204076520028_R06C01_Grn.idat.gz"
[1] "Data downloaded successfuly"
[1] "https://ftp.ncbi.nlm.nih.gov/geo/samples/GSM5927nnn/GSM5927444/suppl/GSM5927444_204076520028_R06C01_Red.idat.gz"
[1] "Data downloaded successfuly"
[1] "https://ftp.ncbi.nlm.nih.gov/geo/samples/GSM5927nnn/GSM5927445/suppl/GSM5927445_204076520028_R07C01_Grn.idat.gz"
[1] "Data downloaded successfuly"
[1] "https://ftp.ncbi.nlm.nih.gov/geo/samples/GSM5927nnn/GSM5927445/suppl/GSM5927445_204076520028_R07C01_Red.idat.gz"
[1] "Data downloaded successfuly"
[1] "https://ftp.ncbi.nlm.nih.gov/geo/samples/GSM5927nnn/GSM5927446/suppl/GSM5927446_204076520028_R08C01_Grn.idat.gz"
[1] "Data downloaded successfuly"
[1] "https://ftp.ncbi.nlm.nih.gov/geo/samples/GSM5927nnn/GSM5927446/suppl/GSM5927446_204076520028_R08C01_Red.idat.gz"
[1] "Data downloaded successfuly"
[1] "https://ftp.ncbi.nlm.nih.gov/geo/samples/GSM5927nnn/GSM5927447/suppl/GSM5927447_204076520067_R01C01_Grn.idat.gz"
[1] "Data downloaded successfuly"
[1] "https://ftp.ncbi.nlm.nih.gov/geo/samples/GSM5927nnn/GSM5927447/suppl/GSM5927447_204076520067_R01C01_Red.idat.gz"
[1] "Data downloaded successfuly"
[1] "https://ftp.ncbi.nlm.nih.gov/geo/samples/GSM5927nnn/GSM5927448/suppl/GSM5927448_204076520067_R02C01_Grn.idat.gz"
[1] "Data downloaded successfuly"
[1] "https://ftp.ncbi.nlm.nih.gov/geo/samples/GSM5927nnn/GSM5927448/suppl/GSM5927448_204076520067_R02C01_Red.idat.gz"
[1] "Data downloaded successfuly"
[1] "https://ftp.ncbi.nlm.nih.gov/geo/samples/GSM5927nnn/GSM5927449/suppl/GSM5927449_204076520067_R03C01_Grn.idat.gz"
[1] "Data downloaded successfuly"
[1] "https://ftp.ncbi.nlm.nih.gov/geo/samples/GSM5927nnn/GSM5927449/suppl/GSM5927449_204076520067_R03C01_Red.idat.gz"
[1] "Data downloaded successfuly"
[1] "https://ftp.ncbi.nlm.nih.gov/geo/samples/GSM5927nnn/GSM5927450/suppl/GSM5927450_204076520067_R05C01_Grn.idat.gz"
[1] "Data downloaded successfuly"
[1] "https://ftp.ncbi.nlm.nih.gov/geo/samples/GSM5927nnn/GSM5927450/suppl/GSM5927450_204076520067_R05C01_Red.idat.gz"
[1] "Data downloaded successfuly"
[1] "https://ftp.ncbi.nlm.nih.gov/geo/samples/GSM5927nnn/GSM5927451/suppl/GSM5927451_204076520067_R06C01_Grn.idat.gz"
[1] "Data downloaded successfuly"
[1] "https://ftp.ncbi.nlm.nih.gov/geo/samples/GSM5927nnn/GSM5927451/suppl/GSM5927451_204076520067_R06C01_Red.idat.gz"
[1] "Data downloaded successfuly"
[1] "https://ftp.ncbi.nlm.nih.gov/geo/samples/GSM5927nnn/GSM5927452/suppl/GSM5927452_204076520067_R07C01_Grn.idat.gz"
[1] "Data downloaded successfuly"
[1] "https://ftp.ncbi.nlm.nih.gov/geo/samples/GSM5927nnn/GSM5927452/suppl/GSM5927452_204076520067_R07C01_Red.idat.gz"
[1] "Data downloaded successfuly"
[1] "https://ftp.ncbi.nlm.nih.gov/geo/samples/GSM5927nnn/GSM5927453/suppl/GSM5927453_204076520067_R08C01_Grn.idat.gz"
[1] "Data downloaded successfuly"
[1] "https://ftp.ncbi.nlm.nih.gov/geo/samples/GSM5927nnn/GSM5927453/suppl/GSM5927453_204076520067_R08C01_Red.idat.gz"
[1] "Data downloaded successfuly"
[1] "https://ftp.ncbi.nlm.nih.gov/geo/samples/GSM5927nnn/GSM5927454/suppl/GSM5927454_204076520100_R01C01_Grn.idat.gz"
[1] "Data downloaded successfuly"
[1] "https://ftp.ncbi.nlm.nih.gov/geo/samples/GSM5927nnn/GSM5927454/suppl/GSM5927454_204076520100_R01C01_Red.idat.gz"
[1] "Data downloaded successfuly"
[1] "https://ftp.ncbi.nlm.nih.gov/geo/samples/GSM5927nnn/GSM5927455/suppl/GSM5927455_204076520100_R02C01_Grn.idat.gz"
[1] "Data downloaded successfuly"
[1] "https://ftp.ncbi.nlm.nih.gov/geo/samples/GSM5927nnn/GSM5927455/suppl/GSM5927455_204076520100_R02C01_Red.idat.gz"
[1] "Data downloaded successfuly"
[1] "https://ftp.ncbi.nlm.nih.gov/geo/samples/GSM5927nnn/GSM5927456/suppl/GSM5927456_204076520100_R03C01_Grn.idat.gz"
[1] "Data downloaded successfuly"
[1] "https://ftp.ncbi.nlm.nih.gov/geo/samples/GSM5927nnn/GSM5927456/suppl/GSM5927456_204076520100_R03C01_Red.idat.gz"
[1] "Data downloaded successfuly"
[1] "https://ftp.ncbi.nlm.nih.gov/geo/samples/GSM5927nnn/GSM5927457/suppl/GSM5927457_204076520100_R04C01_Grn.idat.gz"
[1] "Data downloaded successfuly"
[1] "https://ftp.ncbi.nlm.nih.gov/geo/samples/GSM5927nnn/GSM5927457/suppl/GSM5927457_204076520100_R04C01_Red.idat.gz"
[1] "Data downloaded successfuly"
[1] "https://ftp.ncbi.nlm.nih.gov/geo/samples/GSM5927nnn/GSM5927458/suppl/GSM5927458_204076520100_R05C01_Grn.idat.gz"
[1] "Data downloaded successfuly"
[1] "https://ftp.ncbi.nlm.nih.gov/geo/samples/GSM5927nnn/GSM5927458/suppl/GSM5927458_204076520100_R05C01_Red.idat.gz"
[1] "Data downloaded successfuly"
[1] "https://ftp.ncbi.nlm.nih.gov/geo/samples/GSM5927nnn/GSM5927459/suppl/GSM5927459_204076520100_R06C01_Grn.idat.gz"
[1] "Data downloaded successfuly"
[1] "https://ftp.ncbi.nlm.nih.gov/geo/samples/GSM5927nnn/GSM5927459/suppl/GSM5927459_204076520100_R06C01_Red.idat.gz"
[1] "Data downloaded successfuly"
[1] "https://ftp.ncbi.nlm.nih.gov/geo/samples/GSM5927nnn/GSM5927460/suppl/GSM5927460_204076520100_R07C01_Grn.idat.gz"
[1] "Data downloaded successfuly"
[1] "https://ftp.ncbi.nlm.nih.gov/geo/samples/GSM5927nnn/GSM5927460/suppl/GSM5927460_204076520100_R07C01_Red.idat.gz"
[1] "Data downloaded successfuly"
[1] "https://ftp.ncbi.nlm.nih.gov/geo/samples/GSM5927nnn/GSM5927461/suppl/GSM5927461_204076520104_R01C01_Grn.idat.gz"
[1] "Data downloaded successfuly"
[1] "https://ftp.ncbi.nlm.nih.gov/geo/samples/GSM5927nnn/GSM5927461/suppl/GSM5927461_204076520104_R01C01_Red.idat.gz"
[1] "Data downloaded successfuly"
[1] "https://ftp.ncbi.nlm.nih.gov/geo/samples/GSM5927nnn/GSM5927462/suppl/GSM5927462_204076520104_R02C01_Grn.idat.gz"
[1] "Data downloaded successfuly"
[1] "https://ftp.ncbi.nlm.nih.gov/geo/samples/GSM5927nnn/GSM5927462/suppl/GSM5927462_204076520104_R02C01_Red.idat.gz"
[1] "Data downloaded successfuly"
[1] "https://ftp.ncbi.nlm.nih.gov/geo/samples/GSM5927nnn/GSM5927463/suppl/GSM5927463_204076520104_R03C01_Grn.idat.gz"
[1] "Data downloaded successfuly"
[1] "https://ftp.ncbi.nlm.nih.gov/geo/samples/GSM5927nnn/GSM5927463/suppl/GSM5927463_204076520104_R03C01_Red.idat.gz"
[1] "Data downloaded successfuly"
[1] "https://ftp.ncbi.nlm.nih.gov/geo/samples/GSM5927nnn/GSM5927464/suppl/GSM5927464_204076520104_R04C01_Grn.idat.gz"
[1] "Data downloaded successfuly"
[1] "https://ftp.ncbi.nlm.nih.gov/geo/samples/GSM5927nnn/GSM5927464/suppl/GSM5927464_204076520104_R04C01_Red.idat.gz"
[1] "Data downloaded successfuly"
[1] "https://ftp.ncbi.nlm.nih.gov/geo/samples/GSM5927nnn/GSM5927465/suppl/GSM5927465_204592890017_R03C01_Grn.idat.gz"
[1] "Data downloaded successfuly"
[1] "https://ftp.ncbi.nlm.nih.gov/geo/samples/GSM5927nnn/GSM5927465/suppl/GSM5927465_204592890017_R03C01_Red.idat.gz"
[1] "Data downloaded successfuly"
[1] "https://ftp.ncbi.nlm.nih.gov/geo/samples/GSM5927nnn/GSM5927466/suppl/GSM5927466_204592890017_R05C01_Grn.idat.gz"
[1] "Data downloaded successfuly"
[1] "https://ftp.ncbi.nlm.nih.gov/geo/samples/GSM5927nnn/GSM5927466/suppl/GSM5927466_204592890017_R05C01_Red.idat.gz"
[1] "Data downloaded successfuly"
[1] "https://ftp.ncbi.nlm.nih.gov/geo/samples/GSM5927nnn/GSM5927467/suppl/GSM5927467_204592890017_R07C01_Grn.idat.gz"
[1] "Data downloaded successfuly"
[1] "https://ftp.ncbi.nlm.nih.gov/geo/samples/GSM5927nnn/GSM5927467/suppl/GSM5927467_204592890017_R07C01_Red.idat.gz"
[1] "Data downloaded successfuly"
[1] "https://ftp.ncbi.nlm.nih.gov/geo/samples/GSM5927nnn/GSM5927468/suppl/GSM5927468_204592890017_R08C01_Grn.idat.gz"
[1] "Data downloaded successfuly"
[1] "https://ftp.ncbi.nlm.nih.gov/geo/samples/GSM5927nnn/GSM5927468/suppl/GSM5927468_204592890017_R08C01_Red.idat.gz"
[1] "Data downloaded successfuly"
[1] "https://ftp.ncbi.nlm.nih.gov/geo/samples/GSM5927nnn/GSM5927469/suppl/GSM5927469_204592890041_R01C01_Grn.idat.gz"
[1] "Data downloaded successfuly"
[1] "https://ftp.ncbi.nlm.nih.gov/geo/samples/GSM5927nnn/GSM5927469/suppl/GSM5927469_204592890041_R01C01_Red.idat.gz"
[1] "Data downloaded successfuly"
[1] "https://ftp.ncbi.nlm.nih.gov/geo/samples/GSM5927nnn/GSM5927470/suppl/GSM5927470_204592890041_R02C01_Grn.idat.gz"
[1] "Data downloaded successfuly"
[1] "https://ftp.ncbi.nlm.nih.gov/geo/samples/GSM5927nnn/GSM5927470/suppl/GSM5927470_204592890041_R02C01_Red.idat.gz"
[1] "Data downloaded successfuly"
[1] "https://ftp.ncbi.nlm.nih.gov/geo/samples/GSM5927nnn/GSM5927471/suppl/GSM5927471_204592890041_R03C01_Grn.idat.gz"
[1] "Data downloaded successfuly"
[1] "https://ftp.ncbi.nlm.nih.gov/geo/samples/GSM5927nnn/GSM5927471/suppl/GSM5927471_204592890041_R03C01_Red.idat.gz"
[1] "Data downloaded successfuly"
[1] "https://ftp.ncbi.nlm.nih.gov/geo/samples/GSM5927nnn/GSM5927472/suppl/GSM5927472_204592890041_R04C01_Grn.idat.gz"
[1] "Data downloaded successfuly"
[1] "https://ftp.ncbi.nlm.nih.gov/geo/samples/GSM5927nnn/GSM5927472/suppl/GSM5927472_204592890041_R04C01_Red.idat.gz"
[1] "Data downloaded successfuly"
[1] "https://ftp.ncbi.nlm.nih.gov/geo/samples/GSM5927nnn/GSM5927473/suppl/GSM5927473_204592890041_R05C01_Grn.idat.gz"
[1] "Data downloaded successfuly"
[1] "https://ftp.ncbi.nlm.nih.gov/geo/samples/GSM5927nnn/GSM5927473/suppl/GSM5927473_204592890041_R05C01_Red.idat.gz"
[1] "Data downloaded successfuly"
[1] "https://ftp.ncbi.nlm.nih.gov/geo/samples/GSM5927nnn/GSM5927474/suppl/GSM5927474_204592890041_R07C01_Grn.idat.gz"
[1] "Data downloaded successfuly"
[1] "https://ftp.ncbi.nlm.nih.gov/geo/samples/GSM5927nnn/GSM5927474/suppl/GSM5927474_204592890041_R07C01_Red.idat.gz"
[1] "Data downloaded successfuly"
[1] "https://ftp.ncbi.nlm.nih.gov/geo/samples/GSM5927nnn/GSM5927475/suppl/GSM5927475_204592890041_R08C01_Grn.idat.gz"
[1] "Data downloaded successfuly"
[1] "https://ftp.ncbi.nlm.nih.gov/geo/samples/GSM5927nnn/GSM5927475/suppl/GSM5927475_204592890041_R08C01_Red.idat.gz"
[1] "Data downloaded successfuly"
