[1] "*********************************************************************"
[1] "Pessoas no lote"
 [1] 4834 4835 4836 4837 4838 4839 4840 4841 4842 4843 4844 4845 4846 4847 4848 4849 4850 4851 4852 4853 4854 4855 4856 4857 4858 4859 4860 4861 4862 4863 4864 4865 4866 4867 4868 4869 4870 4871 4872 4873 4874 4875 4876 4877 4878 4879 4880 4881 4882 4883
 id     geoid          id_dataset  id_pessoa AGE  GENDER AIRWAVE_ID red_idat_fname                               green_idat_fname                            
 "4834" "GSM4444925_1" "GSE147740" "4834"    "51" "M"    "77273"    "GSM4444925_201533490038_R01C01_Red.idat.gz" "GSM4444925_201533490038_R01C01_Grn.idat.gz"
                                                                                                                                                    
 "4835" "GSM4444926_1" "GSE147740" "4835" "39" "M" "49265" "GSM4444926_201533490038_R02C01_Red.idat.gz" "GSM4444926_201533490038_R02C01_Grn.idat.gz"
                                                                                                                                                    
 "4836" "GSM4444927_1" "GSE147740" "4836" "48" "M" "37702" "GSM4444927_201533490038_R03C01_Red.idat.gz" "GSM4444927_201533490038_R03C01_Grn.idat.gz"
                                                                                                                                                       
 "4837" "GSM4444928_1" "GSE147740" "4837" ">= 60" "M" "37713" "GSM4444928_201533490038_R04C01_Red.idat.gz" "GSM4444928_201533490038_R04C01_Grn.idat.gz"
                                                                                                                                                       
 "4838" "GSM4444929_1" "GSE147740" "4838" "<= 25" "M" "47698" "GSM4444929_201533490038_R06C01_Red.idat.gz" "GSM4444929_201533490038_R06C01_Grn.idat.gz"
                                                                                                                                                    
 "4839" "GSM4444930_1" "GSE147740" "4839" "47" "F" "77925" "GSM4444930_201533490038_R07C01_Red.idat.gz" "GSM4444930_201533490038_R07C01_Grn.idat.gz"
                                                                                                                                                    
 "4840" "GSM4444931_1" "GSE147740" "4840" "29" "M" "79427" "GSM4444931_201533490038_R08C01_Red.idat.gz" "GSM4444931_201533490038_R08C01_Grn.idat.gz"
                                                                                                                                                    
 "4841" "GSM4444932_1" "GSE147740" "4841" "34" "M" "77517" "GSM4444932_201533490054_R01C01_Red.idat.gz" "GSM4444932_201533490054_R01C01_Grn.idat.gz"
                                                                                                                                                    
 "4842" "GSM4444933_1" "GSE147740" "4842" "36" "F" "77499" "GSM4444933_201533490054_R02C01_Red.idat.gz" "GSM4444933_201533490054_R02C01_Grn.idat.gz"
                                                                                                                                                    
 "4843" "GSM4444934_1" "GSE147740" "4843" "57" "M" "37738" "GSM4444934_201533490054_R03C01_Red.idat.gz" "GSM4444934_201533490054_R03C01_Grn.idat.gz"
                                                                                                                                                    
 "4844" "GSM4444935_1" "GSE147740" "4844" "44" "M" "37679" "GSM4444935_201533490054_R04C01_Red.idat.gz" "GSM4444935_201533490054_R04C01_Grn.idat.gz"
                                                                                                                                                    
 "4845" "GSM4444936_1" "GSE147740" "4845" "42" "M" "75990" "GSM4444936_201533490054_R05C01_Red.idat.gz" "GSM4444936_201533490054_R05C01_Grn.idat.gz"
                                                                                                                                                    
 "4846" "GSM4444937_1" "GSE147740" "4846" "49" "M" "47788" "GSM4444937_201533490054_R06C01_Red.idat.gz" "GSM4444937_201533490054_R06C01_Grn.idat.gz"
                                                                                                                                                    
 "4847" "GSM4444938_1" "GSE147740" "4847" "43" "M" "78434" "GSM4444938_201533490054_R07C01_Red.idat.gz" "GSM4444938_201533490054_R07C01_Grn.idat.gz"
                                                                                                                                                    
 "4848" "GSM4444939_1" "GSE147740" "4848" "49" "M" "79588" "GSM4444939_201533490054_R08C01_Red.idat.gz" "GSM4444939_201533490054_R08C01_Grn.idat.gz"
                                                                                                                                                    
 "4849" "GSM4444940_1" "GSE147740" "4849" "48" "F" "67358" "GSM4444940_201533490055_R01C01_Red.idat.gz" "GSM4444940_201533490055_R01C01_Grn.idat.gz"
                                                                                                                                                    
 "4850" "GSM4444941_1" "GSE147740" "4850" "53" "M" "69804" "GSM4444941_201533490055_R02C01_Red.idat.gz" "GSM4444941_201533490055_R02C01_Grn.idat.gz"
                                                                                                                                                       
 "4851" "GSM4444942_1" "GSE147740" "4851" ">= 60" "M" "68561" "GSM4444942_201533490055_R03C01_Red.idat.gz" "GSM4444942_201533490055_R03C01_Grn.idat.gz"
                                                                                                                                                    
 "4852" "GSM4444943_1" "GSE147740" "4852" "52" "F" "61488" "GSM4444943_201533490055_R04C01_Red.idat.gz" "GSM4444943_201533490055_R04C01_Grn.idat.gz"
                                                                                                                                                    
 "4853" "GSM4444944_1" "GSE147740" "4853" "42" "M" "68012" "GSM4444944_201533490055_R05C01_Red.idat.gz" "GSM4444944_201533490055_R05C01_Grn.idat.gz"
                                                                                                                                                    
 "4854" "GSM4444945_1" "GSE147740" "4854" "39" "M" "69700" "GSM4444945_201533490055_R06C01_Red.idat.gz" "GSM4444945_201533490055_R06C01_Grn.idat.gz"
                                                                                                                                                    
 "4855" "GSM4444946_1" "GSE147740" "4855" "46" "F" "66269" "GSM4444946_201533490055_R07C01_Red.idat.gz" "GSM4444946_201533490055_R07C01_Grn.idat.gz"
                                                                                                                                                    
 "4856" "GSM4444947_1" "GSE147740" "4856" "38" "F" "49447" "GSM4444947_201533490055_R08C01_Red.idat.gz" "GSM4444947_201533490055_R08C01_Grn.idat.gz"
                                                                                                                                                       
 "4857" "GSM4444948_1" "GSE147740" "4857" "<= 25" "F" "70931" "GSM4444948_201533490056_R01C01_Red.idat.gz" "GSM4444948_201533490056_R01C01_Grn.idat.gz"
                                                                                                                                                    
 "4858" "GSM4444949_1" "GSE147740" "4858" "28" "F" "67548" "GSM4444949_201533490056_R02C01_Red.idat.gz" "GSM4444949_201533490056_R02C01_Grn.idat.gz"
                                                                                                                                                    
 "4859" "GSM4444950_1" "GSE147740" "4859" "48" "M" "84747" "GSM4444950_201533490056_R03C01_Red.idat.gz" "GSM4444950_201533490056_R03C01_Grn.idat.gz"
                                                                                                                                                    
 "4860" "GSM4444951_1" "GSE147740" "4860" "40" "M" "67183" "GSM4444951_201533490056_R04C01_Red.idat.gz" "GSM4444951_201533490056_R04C01_Grn.idat.gz"
                                                                                                                                                    
 "4861" "GSM4444952_1" "GSE147740" "4861" "43" "F" "66898" "GSM4444952_201533490056_R05C01_Red.idat.gz" "GSM4444952_201533490056_R05C01_Grn.idat.gz"
                                                                                                                                                    
 "4862" "GSM4444953_1" "GSE147740" "4862" "51" "F" "49689" "GSM4444953_201533490056_R06C01_Red.idat.gz" "GSM4444953_201533490056_R06C01_Grn.idat.gz"
                                                                                                                                                    
 "4863" "GSM4444954_1" "GSE147740" "4863" "48" "M" "49365" "GSM4444954_201533490056_R07C01_Red.idat.gz" "GSM4444954_201533490056_R07C01_Grn.idat.gz"
                                                                                                                                                    
 "4864" "GSM4444955_1" "GSE147740" "4864" "33" "F" "67372" "GSM4444955_201533490056_R08C01_Red.idat.gz" "GSM4444955_201533490056_R08C01_Grn.idat.gz"
                                                                                                                                                       
 "4865" "GSM4444956_1" "GSE147740" "4865" "<= 25" "F" "71032" "GSM4444956_201533500002_R01C01_Red.idat.gz" "GSM4444956_201533500002_R01C01_Grn.idat.gz"
                                                                                                                                                    
 "4866" "GSM4444957_1" "GSE147740" "4866" "47" "M" "67889" "GSM4444957_201533500002_R02C01_Red.idat.gz" "GSM4444957_201533500002_R02C01_Grn.idat.gz"
                                                                                                                                                    
 "4867" "GSM4444958_1" "GSE147740" "4867" "53" "M" "67822" "GSM4444958_201533500002_R03C01_Red.idat.gz" "GSM4444958_201533500002_R03C01_Grn.idat.gz"
                                                                                                                                                    
 "4868" "GSM4444959_1" "GSE147740" "4868" "44" "M" "67325" "GSM4444959_201533500002_R04C01_Red.idat.gz" "GSM4444959_201533500002_R04C01_Grn.idat.gz"
                                                                                                                                                    
 "4869" "GSM4444960_1" "GSE147740" "4869" "30" "M" "67174" "GSM4444960_201533500002_R05C01_Red.idat.gz" "GSM4444960_201533500002_R05C01_Grn.idat.gz"
                                                                                                                                                    
 "4870" "GSM4444961_1" "GSE147740" "4870" "54" "M" "66750" "GSM4444961_201533500002_R06C01_Red.idat.gz" "GSM4444961_201533500002_R06C01_Grn.idat.gz"
                                                                                                                                                    
 "4871" "GSM4444962_1" "GSE147740" "4871" "40" "M" "49802" "GSM4444962_201533500002_R07C01_Red.idat.gz" "GSM4444962_201533500002_R07C01_Grn.idat.gz"
                                                                                                                                                    
 "4872" "GSM4444963_1" "GSE147740" "4872" "35" "F" "67495" "GSM4444963_201533500002_R08C01_Red.idat.gz" "GSM4444963_201533500002_R08C01_Grn.idat.gz"
                                                                                                                                                    
 "4873" "GSM4444964_1" "GSE147740" "4873" "35" "F" "69779" "GSM4444964_201533500006_R01C01_Red.idat.gz" "GSM4444964_201533500006_R01C01_Grn.idat.gz"
                                                                                                                                                    
 "4874" "GSM4444965_1" "GSE147740" "4874" "42" "M" "69767" "GSM4444965_201533500006_R02C01_Red.idat.gz" "GSM4444965_201533500006_R02C01_Grn.idat.gz"
                                                                                                                                                    
 "4875" "GSM4444966_1" "GSE147740" "4875" "52" "M" "61514" "GSM4444966_201533500006_R03C01_Red.idat.gz" "GSM4444966_201533500006_R03C01_Grn.idat.gz"
                                                                                                                                                    
 "4876" "GSM4444967_1" "GSE147740" "4876" "36" "M" "62690" "GSM4444967_201533500006_R04C01_Red.idat.gz" "GSM4444967_201533500006_R04C01_Grn.idat.gz"
                                                                                                                                                    
 "4877" "GSM4444968_1" "GSE147740" "4877" "31" "M" "62741" "GSM4444968_201533500006_R05C01_Red.idat.gz" "GSM4444968_201533500006_R05C01_Grn.idat.gz"
                                                                                                                                                       
 "4878" "GSM4444969_1" "GSE147740" "4878" "<= 25" "M" "66453" "GSM4444969_201533500006_R06C01_Red.idat.gz" "GSM4444969_201533500006_R06C01_Grn.idat.gz"
                                                                                                                                                    
 "4879" "GSM4444970_1" "GSE147740" "4879" "36" "M" "65938" "GSM4444970_201533500006_R07C01_Red.idat.gz" "GSM4444970_201533500006_R07C01_Grn.idat.gz"
                                                                                                                                                    
 "4880" "GSM4444971_1" "GSE147740" "4880" "43" "M" "62977" "GSM4444971_201533500006_R08C01_Red.idat.gz" "GSM4444971_201533500006_R08C01_Grn.idat.gz"
                                                                                                                                                       
 "4881" "GSM4444972_1" "GSE147740" "4881" "<= 25" "F" "50853" "GSM4444972_201533500018_R01C01_Red.idat.gz" "GSM4444972_201533500018_R01C01_Grn.idat.gz"
                                                                                                                                                    
 "4882" "GSM4444973_1" "GSE147740" "4882" "36" "M" "67838" "GSM4444973_201533500018_R02C01_Red.idat.gz" "GSM4444973_201533500018_R02C01_Grn.idat.gz"
                                                                                                                                                    
 "4883" "GSM4444974_1" "GSE147740" "4883" "40" "F" "67896" "GSM4444974_201533500018_R03C01_Red.idat.gz" "GSM4444974_201533500018_R03C01_Grn.idat.gz"
[1] "*********************************************************************"
[1] "Fitting EM beta mixture to type1 probes"
[1] Inf
[1] 0.01854357
[1] 0.01864158
[1] 0.01755996
[1] 0.01605895
[1] "Done"
[1] "Fitting EM beta mixture to type2 probes"
[1] Inf
[1] 0.002616548
[1] 0.001048437
[1] 0.001499635
[1] 0.00201847
[1] "Done"
[1] "Start normalising type 2 probes"
[1] "Finished for sample GSM4444925_1"
[1] "Fitting EM beta mixture to type1 probes"
[1] Inf
[1] 0.01920543
[1] 0.01859977
[1] 0.0172524
[1] 0.01564845
[1] "Done"
[1] "Fitting EM beta mixture to type2 probes"
[1] Inf
[1] 0.002355012
[1] 0.001231284
[1] 0.001982926
[1] 0.002308696
[1] "Done"
[1] "Start normalising type 2 probes"
[1] "Finished for sample GSM4444926_1"
[1] "Fitting EM beta mixture to type1 probes"
[1] Inf
[1] 0.01948301
[1] 0.01857584
[1] 0.01714176
[1] 0.0155229
[1] "Done"
[1] "Fitting EM beta mixture to type2 probes"
[1] Inf
[1] 0.002274448
[1] 0.00102255
[1] 0.001312555
[1] 0.001430637
[1] "Done"
[1] "Start normalising type 2 probes"
[1] "Finished for sample GSM4444927_1"
[1] "Fitting EM beta mixture to type1 probes"
[1] Inf
[1] 0.01473518
[1] 0.01485932
[1] 0.0141777
[1] 0.01311943
[1] "Done"
[1] "Fitting EM beta mixture to type2 probes"
[1] Inf
[1] 0.002853659
[1] 0.00124242
[1] 0.001582711
[1] 0.001959651
[1] "Done"
[1] "Start normalising type 2 probes"
[1] "Finished for sample GSM4444928_1"
[1] "Fitting EM beta mixture to type1 probes"
[1] Inf
[1] 0.01878619
[1] 0.01787994
[1] 0.01636927
[1] 0.01470795
[1] "Done"
[1] "Fitting EM beta mixture to type2 probes"
[1] Inf
[1] 0.002377747
[1] 0.001335508
[1] 0.001907496
[1] 0.002253902
[1] "Done"
[1] "Start normalising type 2 probes"
[1] "Finished for sample GSM4444929_1"
[1] "Fitting EM beta mixture to type1 probes"
[1] Inf
[1] 0.01804406
[1] 0.01803494
[1] 0.01671487
[1] 0.01498577
[1] "Done"
[1] "Fitting EM beta mixture to type2 probes"
[1] Inf
[1] 0.002260482
[1] 0.0008377748
[1] "Done"
[1] "Start normalising type 2 probes"
[1] "Finished for sample GSM4444930_1"
[1] "Fitting EM beta mixture to type1 probes"
[1] Inf
[1] 0.01710886
[1] 0.01770865
[1] 0.01667675
[1] 0.01505714
[1] "Done"
[1] "Fitting EM beta mixture to type2 probes"
[1] Inf
[1] 0.002752963
[1] 0.001086374
[1] 0.001544107
[1] 0.002122085
[1] "Done"
[1] "Start normalising type 2 probes"
[1] "Finished for sample GSM4444931_1"
[1] "Fitting EM beta mixture to type1 probes"
[1] Inf
[1] 0.01851244
[1] 0.01894351
[1] 0.01776617
[1] 0.01606949
[1] "Done"
[1] "Fitting EM beta mixture to type2 probes"
[1] Inf
[1] 0.002598558
[1] 0.001435475
[1] 0.001754471
[1] 0.002059397
[1] "Done"
[1] "Start normalising type 2 probes"
[1] "Finished for sample GSM4444932_1"
[1] "Fitting EM beta mixture to type1 probes"
[1] Inf
[1] 0.02023973
[1] 0.01929423
[1] 0.01760075
[1] 0.01571834
[1] "Done"
[1] "Fitting EM beta mixture to type2 probes"
[1] Inf
[1] 0.001800203
[1] 0.001750464
[1] 0.00215092
[1] 0.002336387
[1] "Done"
[1] "Start normalising type 2 probes"
[1] "Finished for sample GSM4444933_1"
[1] "Fitting EM beta mixture to type1 probes"
[1] Inf
[1] 0.02066258
[1] 0.01932876
[1] 0.01755994
[1] 0.01574541
[1] "Done"
[1] "Fitting EM beta mixture to type2 probes"
[1] Inf
[1] 0.002159729
[1] 0.001092024
[1] 0.001324842
[1] 0.001674957
[1] "Done"
[1] "Start normalising type 2 probes"
[1] "Finished for sample GSM4444934_1"
[1] "Fitting EM beta mixture to type1 probes"
[1] Inf
[1] 0.01515475
[1] 0.01518437
[1] 0.01421189
[1] 0.01288993
[1] "Done"
[1] "Fitting EM beta mixture to type2 probes"
[1] Inf
[1] 0.004349174
[1] 0.001588104
[1] 0.0009731703
[1] "Done"
[1] "Start normalising type 2 probes"
[1] "Finished for sample GSM4444935_1"
[1] "Fitting EM beta mixture to type1 probes"
[1] Inf
[1] 0.01778456
[1] 0.01729358
[1] 0.01589577
[1] 0.01427491
[1] "Done"
[1] "Fitting EM beta mixture to type2 probes"
[1] Inf
[1] 0.002778363
[1] 0.00112908
[1] 0.001304108
[1] 0.001859667
[1] "Done"
[1] "Start normalising type 2 probes"
[1] "Finished for sample GSM4444936_1"
[1] "Fitting EM beta mixture to type1 probes"
[1] Inf
[1] 0.01787153
[1] 0.0167486
[1] 0.01518981
[1] 0.013557
[1] "Done"
[1] "Fitting EM beta mixture to type2 probes"
[1] Inf
[1] 0.003342174
[1] 0.0008464401
[1] "Done"
[1] "Start normalising type 2 probes"
[1] "Finished for sample GSM4444937_1"
[1] "Fitting EM beta mixture to type1 probes"
[1] Inf
[1] 0.01738852
[1] 0.01682583
[1] 0.01537548
[1] 0.01374781
[1] "Done"
[1] "Fitting EM beta mixture to type2 probes"
[1] Inf
[1] 0.002170222
[1] 0.0009237897
[1] "Done"
[1] "Start normalising type 2 probes"
[1] "Finished for sample GSM4444938_1"
[1] "Fitting EM beta mixture to type1 probes"
[1] Inf
[1] 0.01598943
[1] 0.01611769
[1] 0.01522248
[1] 0.01393823
[1] "Done"
[1] "Fitting EM beta mixture to type2 probes"
[1] Inf
[1] 0.00256311
[1] 0.0009457231
[1] "Done"
[1] "Start normalising type 2 probes"
[1] "Finished for sample GSM4444939_1"
[1] "Fitting EM beta mixture to type1 probes"
[1] Inf
[1] 0.01893502
[1] 0.01762795
[1] 0.01625602
[1] 0.01482153
[1] "Done"
[1] "Fitting EM beta mixture to type2 probes"
[1] Inf
[1] 0.001825185
[1] 0.001511279
[1] 0.001712699
[1] 0.001819753
[1] "Done"
[1] "Start normalising type 2 probes"
[1] "Finished for sample GSM4444940_1"
[1] "Fitting EM beta mixture to type1 probes"
[1] Inf
[1] 0.01796335
[1] 0.01605923
[1] 0.01449932
[1] 0.01306715
[1] "Done"
[1] "Fitting EM beta mixture to type2 probes"
[1] Inf
[1] 0.001964212
[1] 0.001495335
[1] 0.001720046
[1] 0.001874908
[1] "Done"
[1] "Start normalising type 2 probes"
[1] "Finished for sample GSM4444941_1"
[1] "Fitting EM beta mixture to type1 probes"
[1] Inf
[1] 0.01805318
[1] 0.01604891
[1] 0.01450057
[1] 0.013071
[1] "Done"
[1] "Fitting EM beta mixture to type2 probes"
[1] Inf
[1] 0.001840026
[1] 0.001312103
[1] 0.001521375
[1] 0.001626072
[1] "Done"
[1] "Start normalising type 2 probes"
[1] "Finished for sample GSM4444942_1"
[1] "Fitting EM beta mixture to type1 probes"
[1] Inf
[1] 0.01799674
[1] 0.01653445
[1] 0.01502833
[1] 0.01351167
[1] "Done"
[1] "Fitting EM beta mixture to type2 probes"
[1] Inf
[1] 0.001876404
[1] 0.001481981
[1] 0.001615874
[1] 0.001689303
[1] "Done"
[1] "Start normalising type 2 probes"
[1] "Finished for sample GSM4444943_1"
[1] "Fitting EM beta mixture to type1 probes"
[1] Inf
[1] 0.02007007
[1] 0.01898701
[1] 0.01722978
[1] 0.01529584
[1] "Done"
[1] "Fitting EM beta mixture to type2 probes"
[1] Inf
[1] 0.002150247
[1] 0.001106479
[1] 0.001165773
[1] 0.001092859
[1] "Done"
[1] "Start normalising type 2 probes"
[1] "Finished for sample GSM4444944_1"
[1] "Fitting EM beta mixture to type1 probes"
[1] Inf
[1] 0.01892456
[1] 0.01597845
[1] 0.01405549
[1] 0.01253452
[1] "Done"
[1] "Fitting EM beta mixture to type2 probes"
[1] Inf
[1] 0.00533235
[1] 0.002213503
[1] 0.0009625694
[1] "Done"
[1] "Start normalising type 2 probes"
[1] "Finished for sample GSM4444945_1"
[1] "Fitting EM beta mixture to type1 probes"
[1] Inf
[1] 0.01922571
[1] 0.01769507
[1] 0.0158363
[1] 0.01393425
[1] "Done"
[1] "Fitting EM beta mixture to type2 probes"
[1] Inf
[1] 0.00193085
[1] 0.001052951
[1] 0.001258197
[1] 0.001291387
[1] "Done"
[1] "Start normalising type 2 probes"
[1] "Finished for sample GSM4444946_1"
[1] "Fitting EM beta mixture to type1 probes"
[1] Inf
[1] 0.01979865
[1] 0.01932654
[1] 0.01787517
[1] 0.0160777
[1] "Done"
[1] "Fitting EM beta mixture to type2 probes"
[1] Inf
[1] 0.001940426
[1] 0.001283213
[1] 0.001736869
[1] 0.001928134
[1] "Done"
[1] "Start normalising type 2 probes"
[1] "Finished for sample GSM4444947_1"
[1] "Fitting EM beta mixture to type1 probes"
[1] Inf
[1] 0.01745652
[1] 0.01748561
[1] 0.01641942
[1] 0.01495126
[1] "Done"
[1] "Fitting EM beta mixture to type2 probes"
[1] Inf
[1] 0.002214317
[1] 0.001534385
[1] 0.001760093
[1] 0.00209523
[1] "Done"
[1] "Start normalising type 2 probes"
[1] "Finished for sample GSM4444948_1"
[1] "Fitting EM beta mixture to type1 probes"
[1] Inf
[1] 0.0133913
[1] 0.0122483
[1] 0.01099942
[1] 0.009799039
[1] "Done"
[1] "Fitting EM beta mixture to type2 probes"
[1] Inf
[1] 0.002199928
[1] 0.001240363
[1] 0.0014783
[1] 0.001512601
[1] "Done"
[1] "Start normalising type 2 probes"
[1] "Finished for sample GSM4444949_1"
[1] "Fitting EM beta mixture to type1 probes"
[1] Inf
[1] 0.01419132
[1] 0.01306176
[1] 0.01176658
[1] 0.0105478
[1] "Done"
[1] "Fitting EM beta mixture to type2 probes"
[1] Inf
[1] 0.001858738
[1] 0.0007599092
[1] "Done"
[1] "Start normalising type 2 probes"
[1] "Finished for sample GSM4444950_1"
[1] "Fitting EM beta mixture to type1 probes"
[1] Inf
[1] 0.01636302
[1] 0.01491937
[1] 0.01332327
[1] 0.01184825
[1] "Done"
[1] "Fitting EM beta mixture to type2 probes"
[1] Inf
[1] 0.001704386
[1] 0.001078125
[1] 0.001318981
[1] 0.001373942
[1] "Done"
[1] "Start normalising type 2 probes"
[1] "Finished for sample GSM4444951_1"
[1] "Fitting EM beta mixture to type1 probes"
[1] Inf
[1] 0.01366545
[1] 0.01265029
[1] 0.01147754
[1] 0.01034305
[1] "Done"
[1] "Fitting EM beta mixture to type2 probes"
[1] Inf
[1] 0.002933001
[1] 0.0009712656
[1] "Done"
[1] "Start normalising type 2 probes"
[1] "Finished for sample GSM4444952_1"
[1] "Fitting EM beta mixture to type1 probes"
[1] Inf
[1] 0.01509456
[1] 0.01411705
[1] 0.01281362
[1] 0.0115049
[1] "Done"
[1] "Fitting EM beta mixture to type2 probes"
[1] Inf
[1] 0.003189
[1] 0.001288566
[1] 0.000763768
[1] "Done"
[1] "Start normalising type 2 probes"
[1] "Finished for sample GSM4444953_1"
[1] "Fitting EM beta mixture to type1 probes"
[1] Inf
[1] 0.01424034
[1] 0.01313339
[1] 0.01188538
[1] 0.01061155
[1] "Done"
[1] "Fitting EM beta mixture to type2 probes"
[1] Inf
[1] 0.004593666
[1] 0.003855698
[1] 0.003747579
[1] 0.003616184
[1] "Done"
[1] "Start normalising type 2 probes"
[1] "Finished for sample GSM4444954_1"
[1] "Fitting EM beta mixture to type1 probes"
[1] Inf
[1] 0.0168037
[1] 0.0157942
[1] 0.01428299
[1] 0.0126479
[1] "Done"
[1] "Fitting EM beta mixture to type2 probes"
[1] Inf
[1] 0.001587446
[1] 0.001206454
[1] 0.001370566
[1] 0.001366045
[1] "Done"
[1] "Start normalising type 2 probes"
[1] "Finished for sample GSM4444955_1"
[1] "Fitting EM beta mixture to type1 probes"
[1] Inf
[1] 0.01854452
[1] 0.01654536
[1] 0.01517351
[1] 0.01395345
[1] "Done"
[1] "Fitting EM beta mixture to type2 probes"
[1] Inf
[1] 0.002894827
[1] 0.001293839
[1] 0.001920213
[1] 0.002330289
[1] "Done"
[1] "Start normalising type 2 probes"
[1] "Finished for sample GSM4444956_1"
[1] "Fitting EM beta mixture to type1 probes"
[1] Inf
[1] 0.01569329
[1] 0.01424596
[1] 0.0132029
[1] 0.01217315
[1] "Done"
[1] "Fitting EM beta mixture to type2 probes"
[1] Inf
[1] 0.002599635
[1] 0.0012311
[1] 0.001669473
[1] 0.002079796
[1] "Done"
[1] "Start normalising type 2 probes"
[1] "Finished for sample GSM4444957_1"
[1] "Fitting EM beta mixture to type1 probes"
[1] Inf
[1] 0.01851492
[1] 0.01674453
[1] 0.01532758
[1] 0.01395933
[1] "Done"
[1] "Fitting EM beta mixture to type2 probes"
[1] Inf
[1] 0.002146458
[1] 0.001180182
[1] 0.001422688
[1] 0.001518808
[1] "Done"
[1] "Start normalising type 2 probes"
[1] "Finished for sample GSM4444958_1"
[1] "Fitting EM beta mixture to type1 probes"
[1] Inf
[1] 0.01723565
[1] 0.01602857
[1] 0.01486414
[1] 0.01362812
[1] "Done"
[1] "Fitting EM beta mixture to type2 probes"
[1] Inf
[1] 0.002543117
[1] 0.001253298
[1] 0.001529
[1] 0.00199015
[1] "Done"
[1] "Start normalising type 2 probes"
[1] "Finished for sample GSM4444959_1"
[1] "Fitting EM beta mixture to type1 probes"
[1] Inf
[1] 0.01680208
[1] 0.01562909
[1] 0.01445426
[1] 0.01317714
[1] "Done"
[1] "Fitting EM beta mixture to type2 probes"
[1] Inf
[1] 0.002031991
[1] 0.001835674
[1] 0.0020098
[1] 0.002274201
[1] "Done"
[1] "Start normalising type 2 probes"
[1] "Finished for sample GSM4444960_1"
[1] "Fitting EM beta mixture to type1 probes"
[1] Inf
[1] 0.015913
[1] 0.01423658
[1] 0.01327904
[1] 0.01240005
[1] "Done"
[1] "Fitting EM beta mixture to type2 probes"
[1] Inf
[1] 0.003447357
[1] 0.001175796
[1] 0.001505773
[1] 0.001583369
[1] "Done"
[1] "Start normalising type 2 probes"
[1] "Finished for sample GSM4444961_1"
[1] "Fitting EM beta mixture to type1 probes"
[1] Inf
[1] 0.01698073
[1] 0.0161758
[1] 0.01500771
[1] 0.01366459
[1] "Done"
[1] "Fitting EM beta mixture to type2 probes"
[1] Inf
[1] 0.002491519
[1] 0.001849673
[1] 0.002047374
[1] 0.002454776
[1] "Done"
[1] "Start normalising type 2 probes"
[1] "Finished for sample GSM4444962_1"
[1] "Fitting EM beta mixture to type1 probes"
[1] Inf
[1] 0.01893267
[1] 0.01791535
[1] 0.01656841
[1] 0.01503536
[1] "Done"
[1] "Fitting EM beta mixture to type2 probes"
[1] Inf
[1] 0.002139097
[1] 0.001490435
[1] 0.001935278
[1] 0.002289359
[1] "Done"
[1] "Start normalising type 2 probes"
[1] "Finished for sample GSM4444963_1"
[1] "Fitting EM beta mixture to type1 probes"
[1] Inf
[1] 0.01503041
[1] 0.01520936
[1] 0.01425021
[1] 0.01289426
[1] "Done"
[1] "Fitting EM beta mixture to type2 probes"
[1] Inf
[1] 0.002004883
[1] 0.001103106
[1] 0.00130436
[1] 0.001319655
[1] "Done"
[1] "Start normalising type 2 probes"
[1] "Finished for sample GSM4444964_1"
[1] "Fitting EM beta mixture to type1 probes"
[1] Inf
[1] 0.01404259
[1] 0.01332137
[1] 0.01197313
[1] 0.01056873
[1] "Done"
[1] "Fitting EM beta mixture to type2 probes"
[1] Inf
[1] 0.002293975
[1] 0.0008090583
[1] "Done"
[1] "Start normalising type 2 probes"
[1] "Finished for sample GSM4444965_1"
[1] "Fitting EM beta mixture to type1 probes"
[1] Inf
[1] 0.01510803
[1] 0.01317501
[1] 0.01142769
[1] 0.01007245
[1] "Done"
[1] "Fitting EM beta mixture to type2 probes"
[1] Inf
[1] 0.001912804
[1] 0.0005581281
[1] "Done"
[1] "Start normalising type 2 probes"
[1] "Finished for sample GSM4444966_1"
[1] "Fitting EM beta mixture to type1 probes"
[1] Inf
[1] 0.01222985
[1] 0.0112419
[1] 0.01016414
[1] 0.009121215
[1] "Done"
[1] "Fitting EM beta mixture to type2 probes"
[1] Inf
[1] 0.004102704
[1] 0.00258396
[1] 0.002187095
[1] 0.001993603
[1] "Done"
[1] "Start normalising type 2 probes"
[1] "Finished for sample GSM4444967_1"
[1] "Fitting EM beta mixture to type1 probes"
[1] Inf
[1] 0.01238414
[1] 0.01136626
[1] 0.01015283
[1] 0.008982308
[1] "Done"
[1] "Fitting EM beta mixture to type2 probes"
[1] Inf
[1] 0.002573958
[1] 0.0009048986
[1] "Done"
[1] "Start normalising type 2 probes"
[1] "Finished for sample GSM4444968_1"
[1] "Fitting EM beta mixture to type1 probes"
[1] Inf
[1] 0.01493812
[1] 0.01405524
[1] 0.01261359
[1] 0.0111073
[1] "Done"
[1] "Fitting EM beta mixture to type2 probes"
[1] Inf
[1] 0.001994076
[1] 0.002366714
[1] 0.002873619
[1] 0.003078235
[1] "Done"
[1] "Start normalising type 2 probes"
[1] "Finished for sample GSM4444969_1"
[1] "Fitting EM beta mixture to type1 probes"
[1] Inf
[1] 0.01531637
[1] 0.01468076
[1] 0.01328984
[1] 0.01177761
[1] "Done"
[1] "Fitting EM beta mixture to type2 probes"
[1] Inf
[1] 0.002322957
[1] 0.003148716
[1] 0.003575291
[1] 0.00365444
[1] "Done"
[1] "Start normalising type 2 probes"
[1] "Finished for sample GSM4444970_1"
[1] "Fitting EM beta mixture to type1 probes"
[1] Inf
[1] 0.01622897
[1] 0.01566965
[1] 0.01429668
[1] 0.01273462
[1] "Done"
[1] "Fitting EM beta mixture to type2 probes"
[1] Inf
[1] 0.002368649
[1] 0.001658489
[1] 0.002544294
[1] 0.002986807
[1] "Done"
[1] "Start normalising type 2 probes"
[1] "Finished for sample GSM4444971_1"
[1] "Fitting EM beta mixture to type1 probes"
[1] Inf
[1] 0.01743851
[1] 0.01617757
[1] 0.01482342
[1] 0.01339421
[1] "Done"
[1] "Fitting EM beta mixture to type2 probes"
[1] Inf
[1] 0.0019093
[1] 0.001948651
[1] 0.00232168
[1] 0.002364243
[1] "Done"
[1] "Start normalising type 2 probes"
[1] "Finished for sample GSM4444972_1"
[1] "Fitting EM beta mixture to type1 probes"
[1] Inf
[1] 0.01756218
[1] 0.01635445
[1] 0.01504567
[1] 0.01364238
[1] "Done"
[1] "Fitting EM beta mixture to type2 probes"
[1] Inf
[1] 0.002082423
[1] 0.001704101
[1] 0.001790829
[1] 0.001879402
[1] "Done"
[1] "Start normalising type 2 probes"
[1] "Finished for sample GSM4444973_1"
[1] "Fitting EM beta mixture to type1 probes"
[1] Inf
[1] 0.01731772
[1] 0.01643487
[1] 0.01534872
[1] 0.01408438
[1] "Done"
[1] "Fitting EM beta mixture to type2 probes"
[1] Inf
[1] 0.00203444
[1] 0.001671227
[1] 0.001871155
[1] 0.00206487
[1] "Done"
[1] "Start normalising type 2 probes"
[1] "Finished for sample GSM4444974_1"
NULL
[[1]]
NULL

[[2]]
NULL

[[3]]
NULL

[[4]]
NULL

[[5]]
NULL

[[6]]
NULL

[[7]]
NULL

[[8]]
NULL

[[9]]
NULL

[[10]]
NULL

[[11]]
NULL

[[12]]
NULL

[[13]]
NULL

[[14]]
NULL

[[15]]
NULL

[[16]]
NULL

[[17]]
NULL

[[18]]
NULL

[[19]]
NULL

[[20]]
NULL

[[21]]
NULL

[[22]]
NULL

[[23]]
NULL

[[24]]
NULL

[[25]]
NULL

[[26]]
NULL

[[27]]
NULL

[[28]]
NULL

[[29]]
NULL

[[30]]
NULL

[[31]]
NULL

[[32]]
NULL

[[33]]
NULL

[[34]]
NULL

[[35]]
NULL

[[36]]
NULL

[[37]]
NULL

[[38]]
NULL

[[39]]
NULL

[[40]]
NULL

[[41]]
NULL

[[42]]
NULL

[[43]]
NULL

[[44]]
NULL

[[45]]
NULL

[[46]]
NULL

[[47]]
NULL

[[48]]
NULL

[[49]]
NULL

[[50]]
NULL

[1] "PROCESSAMENTO FINALIZADO"
Time difference of 13.53702 mins
