[1] "Downloading batch from 1 to 200"
[1] "https://ftp.ncbi.nlm.nih.gov/geo/samples/GSM5927nnn/GSM5927778/suppl/GSM5927778_203497730090_R03C01_Grn.idat.gz"
[1] "Data downloaded successfuly"
[1] "https://ftp.ncbi.nlm.nih.gov/geo/samples/GSM5927nnn/GSM5927778/suppl/GSM5927778_203497730090_R03C01_Red.idat.gz"
[1] "Data downloaded successfuly"
[1] "https://ftp.ncbi.nlm.nih.gov/geo/samples/GSM5927nnn/GSM5927779/suppl/GSM5927779_203497730090_R04C01_Grn.idat.gz"
[1] "Data downloaded successfuly"
[1] "https://ftp.ncbi.nlm.nih.gov/geo/samples/GSM5927nnn/GSM5927779/suppl/GSM5927779_203497730090_R04C01_Red.idat.gz"
[1] "Data downloaded successfuly"
[1] "https://ftp.ncbi.nlm.nih.gov/geo/samples/GSM5927nnn/GSM5927780/suppl/GSM5927780_203497730090_R05C01_Grn.idat.gz"
[1] "Data downloaded successfuly"
[1] "https://ftp.ncbi.nlm.nih.gov/geo/samples/GSM5927nnn/GSM5927780/suppl/GSM5927780_203497730090_R05C01_Red.idat.gz"
[1] "Data downloaded successfuly"
[1] "https://ftp.ncbi.nlm.nih.gov/geo/samples/GSM5927nnn/GSM5927781/suppl/GSM5927781_203497730090_R06C01_Grn.idat.gz"
[1] "Data downloaded successfuly"
[1] "https://ftp.ncbi.nlm.nih.gov/geo/samples/GSM5927nnn/GSM5927781/suppl/GSM5927781_203497730090_R06C01_Red.idat.gz"
[1] "Data downloaded successfuly"
[1] "https://ftp.ncbi.nlm.nih.gov/geo/samples/GSM5927nnn/GSM5927782/suppl/GSM5927782_203497730090_R08C01_Grn.idat.gz"
[1] "Data downloaded successfuly"
[1] "https://ftp.ncbi.nlm.nih.gov/geo/samples/GSM5927nnn/GSM5927782/suppl/GSM5927782_203497730090_R08C01_Red.idat.gz"
[1] "Data downloaded successfuly"
[1] "https://ftp.ncbi.nlm.nih.gov/geo/samples/GSM5927nnn/GSM5927783/suppl/GSM5927783_203497730094_R03C01_Grn.idat.gz"
[1] "Data downloaded successfuly"
[1] "https://ftp.ncbi.nlm.nih.gov/geo/samples/GSM5927nnn/GSM5927783/suppl/GSM5927783_203497730094_R03C01_Red.idat.gz"
[1] "Data downloaded successfuly"
[1] "https://ftp.ncbi.nlm.nih.gov/geo/samples/GSM5927nnn/GSM5927784/suppl/GSM5927784_203497730094_R04C01_Grn.idat.gz"
[1] "Data downloaded successfuly"
[1] "https://ftp.ncbi.nlm.nih.gov/geo/samples/GSM5927nnn/GSM5927784/suppl/GSM5927784_203497730094_R04C01_Red.idat.gz"
[1] "Data downloaded successfuly"
[1] "https://ftp.ncbi.nlm.nih.gov/geo/samples/GSM5927nnn/GSM5927785/suppl/GSM5927785_203497730094_R05C01_Grn.idat.gz"
[1] "Data downloaded successfuly"
[1] "https://ftp.ncbi.nlm.nih.gov/geo/samples/GSM5927nnn/GSM5927785/suppl/GSM5927785_203497730094_R05C01_Red.idat.gz"
[1] "Data downloaded successfuly"
[1] "https://ftp.ncbi.nlm.nih.gov/geo/samples/GSM5927nnn/GSM5927786/suppl/GSM5927786_203497730108_R03C01_Grn.idat.gz"
[1] "Data downloaded successfuly"
[1] "https://ftp.ncbi.nlm.nih.gov/geo/samples/GSM5927nnn/GSM5927786/suppl/GSM5927786_203497730108_R03C01_Red.idat.gz"
[1] "Data downloaded successfuly"
[1] "https://ftp.ncbi.nlm.nih.gov/geo/samples/GSM5927nnn/GSM5927787/suppl/GSM5927787_203497730108_R04C01_Grn.idat.gz"
[1] "Data downloaded successfuly"
[1] "https://ftp.ncbi.nlm.nih.gov/geo/samples/GSM5927nnn/GSM5927787/suppl/GSM5927787_203497730108_R04C01_Red.idat.gz"
[1] "Data downloaded successfuly"
[1] "https://ftp.ncbi.nlm.nih.gov/geo/samples/GSM5927nnn/GSM5927788/suppl/GSM5927788_203497730108_R06C01_Grn.idat.gz"
[1] "Data downloaded successfuly"
[1] "https://ftp.ncbi.nlm.nih.gov/geo/samples/GSM5927nnn/GSM5927788/suppl/GSM5927788_203497730108_R06C01_Red.idat.gz"
[1] "Data downloaded successfuly"
[1] "https://ftp.ncbi.nlm.nih.gov/geo/samples/GSM5927nnn/GSM5927789/suppl/GSM5927789_203497730108_R07C01_Grn.idat.gz"
[1] "Data downloaded successfuly"
[1] "https://ftp.ncbi.nlm.nih.gov/geo/samples/GSM5927nnn/GSM5927789/suppl/GSM5927789_203497730108_R07C01_Red.idat.gz"
[1] "Data downloaded successfuly"
[1] "https://ftp.ncbi.nlm.nih.gov/geo/samples/GSM5927nnn/GSM5927790/suppl/GSM5927790_203497730108_R08C01_Grn.idat.gz"
[1] "Data downloaded successfuly"
[1] "https://ftp.ncbi.nlm.nih.gov/geo/samples/GSM5927nnn/GSM5927790/suppl/GSM5927790_203497730108_R08C01_Red.idat.gz"
[1] "Data downloaded successfuly"
[1] "https://ftp.ncbi.nlm.nih.gov/geo/samples/GSM5927nnn/GSM5927791/suppl/GSM5927791_203497730119_R02C01_Grn.idat.gz"
[1] "Data downloaded successfuly"
[1] "https://ftp.ncbi.nlm.nih.gov/geo/samples/GSM5927nnn/GSM5927791/suppl/GSM5927791_203497730119_R02C01_Red.idat.gz"
[1] "Data downloaded successfuly"
[1] "https://ftp.ncbi.nlm.nih.gov/geo/samples/GSM5927nnn/GSM5927792/suppl/GSM5927792_203497730119_R03C01_Grn.idat.gz"
[1] "Data downloaded successfuly"
[1] "https://ftp.ncbi.nlm.nih.gov/geo/samples/GSM5927nnn/GSM5927792/suppl/GSM5927792_203497730119_R03C01_Red.idat.gz"
[1] "Data downloaded successfuly"
[1] "https://ftp.ncbi.nlm.nih.gov/geo/samples/GSM5927nnn/GSM5927793/suppl/GSM5927793_203497730119_R04C01_Grn.idat.gz"
[1] "Data downloaded successfuly"
[1] "https://ftp.ncbi.nlm.nih.gov/geo/samples/GSM5927nnn/GSM5927793/suppl/GSM5927793_203497730119_R04C01_Red.idat.gz"
[1] "Data downloaded successfuly"
[1] "https://ftp.ncbi.nlm.nih.gov/geo/samples/GSM5927nnn/GSM5927794/suppl/GSM5927794_203497730119_R06C01_Grn.idat.gz"
[1] "Data downloaded successfuly"
[1] "https://ftp.ncbi.nlm.nih.gov/geo/samples/GSM5927nnn/GSM5927794/suppl/GSM5927794_203497730119_R06C01_Red.idat.gz"
[1] "Data downloaded successfuly"
[1] "https://ftp.ncbi.nlm.nih.gov/geo/samples/GSM5927nnn/GSM5927795/suppl/GSM5927795_203497730119_R07C01_Grn.idat.gz"
[1] "Data downloaded successfuly"
[1] "https://ftp.ncbi.nlm.nih.gov/geo/samples/GSM5927nnn/GSM5927795/suppl/GSM5927795_203497730119_R07C01_Red.idat.gz"
[1] "Data downloaded successfuly"
[1] "https://ftp.ncbi.nlm.nih.gov/geo/samples/GSM5927nnn/GSM5927796/suppl/GSM5927796_203497730119_R08C01_Grn.idat.gz"
[1] "Data downloaded successfuly"
[1] "https://ftp.ncbi.nlm.nih.gov/geo/samples/GSM5927nnn/GSM5927796/suppl/GSM5927796_203497730119_R08C01_Red.idat.gz"
[1] "Data downloaded successfuly"
[1] "https://ftp.ncbi.nlm.nih.gov/geo/samples/GSM5927nnn/GSM5927797/suppl/GSM5927797_203504430025_R02C01_Grn.idat.gz"
[1] "Data downloaded successfuly"
[1] "https://ftp.ncbi.nlm.nih.gov/geo/samples/GSM5927nnn/GSM5927797/suppl/GSM5927797_203504430025_R02C01_Red.idat.gz"
[1] "Data downloaded successfuly"
[1] "https://ftp.ncbi.nlm.nih.gov/geo/samples/GSM5927nnn/GSM5927798/suppl/GSM5927798_203504430025_R04C01_Grn.idat.gz"
[1] "Data downloaded successfuly"
[1] "https://ftp.ncbi.nlm.nih.gov/geo/samples/GSM5927nnn/GSM5927798/suppl/GSM5927798_203504430025_R04C01_Red.idat.gz"
[1] "Data downloaded successfuly"
[1] "https://ftp.ncbi.nlm.nih.gov/geo/samples/GSM5927nnn/GSM5927799/suppl/GSM5927799_203504430025_R05C01_Grn.idat.gz"
[1] "Data downloaded successfuly"
[1] "https://ftp.ncbi.nlm.nih.gov/geo/samples/GSM5927nnn/GSM5927799/suppl/GSM5927799_203504430025_R05C01_Red.idat.gz"
[1] "Data downloaded successfuly"
[1] "https://ftp.ncbi.nlm.nih.gov/geo/samples/GSM5927nnn/GSM5927800/suppl/GSM5927800_203504430025_R06C01_Grn.idat.gz"
[1] "Data downloaded successfuly"
[1] "https://ftp.ncbi.nlm.nih.gov/geo/samples/GSM5927nnn/GSM5927800/suppl/GSM5927800_203504430025_R06C01_Red.idat.gz"
[1] "Data downloaded successfuly"
[1] "https://ftp.ncbi.nlm.nih.gov/geo/samples/GSM5927nnn/GSM5927801/suppl/GSM5927801_203504430025_R07C01_Grn.idat.gz"
[1] "Data downloaded successfuly"
[1] "https://ftp.ncbi.nlm.nih.gov/geo/samples/GSM5927nnn/GSM5927801/suppl/GSM5927801_203504430025_R07C01_Red.idat.gz"
[1] "Data downloaded successfuly"
[1] "https://ftp.ncbi.nlm.nih.gov/geo/samples/GSM5927nnn/GSM5927802/suppl/GSM5927802_203504430025_R08C01_Grn.idat.gz"
[1] "Data downloaded successfuly"
[1] "https://ftp.ncbi.nlm.nih.gov/geo/samples/GSM5927nnn/GSM5927802/suppl/GSM5927802_203504430025_R08C01_Red.idat.gz"
[1] "Data downloaded successfuly"
[1] "https://ftp.ncbi.nlm.nih.gov/geo/samples/GSM5927nnn/GSM5927803/suppl/GSM5927803_203504430038_R02C01_Grn.idat.gz"
[1] "Data downloaded successfuly"
[1] "https://ftp.ncbi.nlm.nih.gov/geo/samples/GSM5927nnn/GSM5927803/suppl/GSM5927803_203504430038_R02C01_Red.idat.gz"
[1] "Data downloaded successfuly"
[1] "https://ftp.ncbi.nlm.nih.gov/geo/samples/GSM5927nnn/GSM5927804/suppl/GSM5927804_203504430038_R03C01_Grn.idat.gz"
[1] "Data downloaded successfuly"
[1] "https://ftp.ncbi.nlm.nih.gov/geo/samples/GSM5927nnn/GSM5927804/suppl/GSM5927804_203504430038_R03C01_Red.idat.gz"
[1] "Data downloaded successfuly"
[1] "https://ftp.ncbi.nlm.nih.gov/geo/samples/GSM5927nnn/GSM5927805/suppl/GSM5927805_203504430038_R04C01_Grn.idat.gz"
[1] "Data downloaded successfuly"
[1] "https://ftp.ncbi.nlm.nih.gov/geo/samples/GSM5927nnn/GSM5927805/suppl/GSM5927805_203504430038_R04C01_Red.idat.gz"
[1] "Data downloaded successfuly"
[1] "https://ftp.ncbi.nlm.nih.gov/geo/samples/GSM5927nnn/GSM5927806/suppl/GSM5927806_203504430038_R05C01_Grn.idat.gz"
[1] "Data downloaded successfuly"
[1] "https://ftp.ncbi.nlm.nih.gov/geo/samples/GSM5927nnn/GSM5927806/suppl/GSM5927806_203504430038_R05C01_Red.idat.gz"
[1] "Data downloaded successfuly"
[1] "https://ftp.ncbi.nlm.nih.gov/geo/samples/GSM5927nnn/GSM5927807/suppl/GSM5927807_203504430038_R06C01_Grn.idat.gz"
[1] "Data downloaded successfuly"
[1] "https://ftp.ncbi.nlm.nih.gov/geo/samples/GSM5927nnn/GSM5927807/suppl/GSM5927807_203504430038_R06C01_Red.idat.gz"
[1] "Data downloaded successfuly"
[1] "https://ftp.ncbi.nlm.nih.gov/geo/samples/GSM5927nnn/GSM5927808/suppl/GSM5927808_203504430038_R07C01_Grn.idat.gz"
[1] "Data downloaded successfuly"
[1] "https://ftp.ncbi.nlm.nih.gov/geo/samples/GSM5927nnn/GSM5927808/suppl/GSM5927808_203504430038_R07C01_Red.idat.gz"
[1] "Data downloaded successfuly"
[1] "https://ftp.ncbi.nlm.nih.gov/geo/samples/GSM5927nnn/GSM5927809/suppl/GSM5927809_203504430038_R08C01_Grn.idat.gz"
[1] "Data downloaded successfuly"
[1] "https://ftp.ncbi.nlm.nih.gov/geo/samples/GSM5927nnn/GSM5927809/suppl/GSM5927809_203504430038_R08C01_Red.idat.gz"
[1] "Data downloaded successfuly"
[1] "https://ftp.ncbi.nlm.nih.gov/geo/samples/GSM5927nnn/GSM5927810/suppl/GSM5927810_203504430045_R02C01_Grn.idat.gz"
[1] "Data downloaded successfuly"
[1] "https://ftp.ncbi.nlm.nih.gov/geo/samples/GSM5927nnn/GSM5927810/suppl/GSM5927810_203504430045_R02C01_Red.idat.gz"
[1] "Data downloaded successfuly"
[1] "https://ftp.ncbi.nlm.nih.gov/geo/samples/GSM5927nnn/GSM5927811/suppl/GSM5927811_203504430045_R03C01_Grn.idat.gz"
[1] "Data downloaded successfuly"
[1] "https://ftp.ncbi.nlm.nih.gov/geo/samples/GSM5927nnn/GSM5927811/suppl/GSM5927811_203504430045_R03C01_Red.idat.gz"
[1] "Data downloaded successfuly"
[1] "https://ftp.ncbi.nlm.nih.gov/geo/samples/GSM5927nnn/GSM5927812/suppl/GSM5927812_203504430045_R04C01_Grn.idat.gz"
[1] "Data downloaded successfuly"
[1] "https://ftp.ncbi.nlm.nih.gov/geo/samples/GSM5927nnn/GSM5927812/suppl/GSM5927812_203504430045_R04C01_Red.idat.gz"
[1] "Data downloaded successfuly"
[1] "https://ftp.ncbi.nlm.nih.gov/geo/samples/GSM5927nnn/GSM5927813/suppl/GSM5927813_203504430045_R05C01_Grn.idat.gz"
[1] "Data downloaded successfuly"
[1] "https://ftp.ncbi.nlm.nih.gov/geo/samples/GSM5927nnn/GSM5927813/suppl/GSM5927813_203504430045_R05C01_Red.idat.gz"
[1] "Data downloaded successfuly"
[1] "https://ftp.ncbi.nlm.nih.gov/geo/samples/GSM5927nnn/GSM5927814/suppl/GSM5927814_203504430045_R06C01_Grn.idat.gz"
[1] "Data downloaded successfuly"
[1] "https://ftp.ncbi.nlm.nih.gov/geo/samples/GSM5927nnn/GSM5927814/suppl/GSM5927814_203504430045_R06C01_Red.idat.gz"
[1] "Data downloaded successfuly"
[1] "https://ftp.ncbi.nlm.nih.gov/geo/samples/GSM5927nnn/GSM5927815/suppl/GSM5927815_203504430045_R08C01_Grn.idat.gz"
[1] "Data downloaded successfuly"
[1] "https://ftp.ncbi.nlm.nih.gov/geo/samples/GSM5927nnn/GSM5927815/suppl/GSM5927815_203504430045_R08C01_Red.idat.gz"
[1] "Data downloaded successfuly"
[1] "https://ftp.ncbi.nlm.nih.gov/geo/samples/GSM5927nnn/GSM5927816/suppl/GSM5927816_203504430047_R03C01_Grn.idat.gz"
[1] "Data downloaded successfuly"
[1] "https://ftp.ncbi.nlm.nih.gov/geo/samples/GSM5927nnn/GSM5927816/suppl/GSM5927816_203504430047_R03C01_Red.idat.gz"
[1] "Data downloaded successfuly"
[1] "https://ftp.ncbi.nlm.nih.gov/geo/samples/GSM5927nnn/GSM5927817/suppl/GSM5927817_203504430047_R04C01_Grn.idat.gz"
[1] "Data downloaded successfuly"
[1] "https://ftp.ncbi.nlm.nih.gov/geo/samples/GSM5927nnn/GSM5927817/suppl/GSM5927817_203504430047_R04C01_Red.idat.gz"
[1] "Data downloaded successfuly"
[1] "https://ftp.ncbi.nlm.nih.gov/geo/samples/GSM5927nnn/GSM5927818/suppl/GSM5927818_203504430047_R05C01_Grn.idat.gz"
[1] "Data downloaded successfuly"
[1] "https://ftp.ncbi.nlm.nih.gov/geo/samples/GSM5927nnn/GSM5927818/suppl/GSM5927818_203504430047_R05C01_Red.idat.gz"
[1] "Data downloaded successfuly"
[1] "https://ftp.ncbi.nlm.nih.gov/geo/samples/GSM5927nnn/GSM5927819/suppl/GSM5927819_203504430047_R06C01_Grn.idat.gz"
[1] "Data downloaded successfuly"
[1] "https://ftp.ncbi.nlm.nih.gov/geo/samples/GSM5927nnn/GSM5927819/suppl/GSM5927819_203504430047_R06C01_Red.idat.gz"
[1] "Data downloaded successfuly"
[1] "https://ftp.ncbi.nlm.nih.gov/geo/samples/GSM5927nnn/GSM5927820/suppl/GSM5927820_203504430047_R07C01_Grn.idat.gz"
[1] "Data downloaded successfuly"
[1] "https://ftp.ncbi.nlm.nih.gov/geo/samples/GSM5927nnn/GSM5927820/suppl/GSM5927820_203504430047_R07C01_Red.idat.gz"
[1] "Data downloaded successfuly"
[1] "https://ftp.ncbi.nlm.nih.gov/geo/samples/GSM5927nnn/GSM5927821/suppl/GSM5927821_203504430047_R08C01_Grn.idat.gz"
[1] "Data downloaded successfuly"
[1] "https://ftp.ncbi.nlm.nih.gov/geo/samples/GSM5927nnn/GSM5927821/suppl/GSM5927821_203504430047_R08C01_Red.idat.gz"
[1] "Data downloaded successfuly"
[1] "https://ftp.ncbi.nlm.nih.gov/geo/samples/GSM5927nnn/GSM5927822/suppl/GSM5927822_203504430060_R02C01_Grn.idat.gz"
[1] "Data downloaded successfuly"
[1] "https://ftp.ncbi.nlm.nih.gov/geo/samples/GSM5927nnn/GSM5927822/suppl/GSM5927822_203504430060_R02C01_Red.idat.gz"
[1] "Data downloaded successfuly"
[1] "https://ftp.ncbi.nlm.nih.gov/geo/samples/GSM5927nnn/GSM5927823/suppl/GSM5927823_203504430060_R04C01_Grn.idat.gz"
[1] "Data downloaded successfuly"
[1] "https://ftp.ncbi.nlm.nih.gov/geo/samples/GSM5927nnn/GSM5927823/suppl/GSM5927823_203504430060_R04C01_Red.idat.gz"
[1] "Data downloaded successfuly"
[1] "https://ftp.ncbi.nlm.nih.gov/geo/samples/GSM5927nnn/GSM5927824/suppl/GSM5927824_203504430060_R07C01_Grn.idat.gz"
[1] "Data downloaded successfuly"
[1] "https://ftp.ncbi.nlm.nih.gov/geo/samples/GSM5927nnn/GSM5927824/suppl/GSM5927824_203504430060_R07C01_Red.idat.gz"
[1] "Data downloaded successfuly"
[1] "https://ftp.ncbi.nlm.nih.gov/geo/samples/GSM5927nnn/GSM5927825/suppl/GSM5927825_203504430060_R08C01_Grn.idat.gz"
[1] "Data downloaded successfuly"
[1] "https://ftp.ncbi.nlm.nih.gov/geo/samples/GSM5927nnn/GSM5927825/suppl/GSM5927825_203504430060_R08C01_Red.idat.gz"
[1] "Data downloaded successfuly"
[1] "https://ftp.ncbi.nlm.nih.gov/geo/samples/GSM5927nnn/GSM5927826/suppl/GSM5927826_203504430077_R02C01_Grn.idat.gz"
[1] "Data downloaded successfuly"
[1] "https://ftp.ncbi.nlm.nih.gov/geo/samples/GSM5927nnn/GSM5927826/suppl/GSM5927826_203504430077_R02C01_Red.idat.gz"
[1] "Data downloaded successfuly"
[1] "https://ftp.ncbi.nlm.nih.gov/geo/samples/GSM5927nnn/GSM5927827/suppl/GSM5927827_203504430077_R03C01_Grn.idat.gz"
[1] "Data downloaded successfuly"
[1] "https://ftp.ncbi.nlm.nih.gov/geo/samples/GSM5927nnn/GSM5927827/suppl/GSM5927827_203504430077_R03C01_Red.idat.gz"
[1] "Data downloaded successfuly"
[1] "https://ftp.ncbi.nlm.nih.gov/geo/samples/GSM5927nnn/GSM5927828/suppl/GSM5927828_203504430077_R04C01_Grn.idat.gz"
[1] "Data downloaded successfuly"
[1] "https://ftp.ncbi.nlm.nih.gov/geo/samples/GSM5927nnn/GSM5927828/suppl/GSM5927828_203504430077_R04C01_Red.idat.gz"
[1] "Data downloaded successfuly"
[1] "https://ftp.ncbi.nlm.nih.gov/geo/samples/GSM5927nnn/GSM5927829/suppl/GSM5927829_203504430077_R05C01_Grn.idat.gz"
[1] "Data downloaded successfuly"
[1] "https://ftp.ncbi.nlm.nih.gov/geo/samples/GSM5927nnn/GSM5927829/suppl/GSM5927829_203504430077_R05C01_Red.idat.gz"
[1] "Data downloaded successfuly"
[1] "https://ftp.ncbi.nlm.nih.gov/geo/samples/GSM5927nnn/GSM5927830/suppl/GSM5927830_203504430077_R06C01_Grn.idat.gz"
[1] "Data downloaded successfuly"
[1] "https://ftp.ncbi.nlm.nih.gov/geo/samples/GSM5927nnn/GSM5927830/suppl/GSM5927830_203504430077_R06C01_Red.idat.gz"
[1] "Data downloaded successfuly"
[1] "https://ftp.ncbi.nlm.nih.gov/geo/samples/GSM5927nnn/GSM5927831/suppl/GSM5927831_203504430077_R07C01_Grn.idat.gz"
[1] "Data downloaded successfuly"
[1] "https://ftp.ncbi.nlm.nih.gov/geo/samples/GSM5927nnn/GSM5927831/suppl/GSM5927831_203504430077_R07C01_Red.idat.gz"
[1] "Data downloaded successfuly"
[1] "https://ftp.ncbi.nlm.nih.gov/geo/samples/GSM5927nnn/GSM5927832/suppl/GSM5927832_203504430077_R08C01_Grn.idat.gz"
[1] "Data downloaded successfuly"
[1] "https://ftp.ncbi.nlm.nih.gov/geo/samples/GSM5927nnn/GSM5927832/suppl/GSM5927832_203504430077_R08C01_Red.idat.gz"
[1] "Data downloaded successfuly"
[1] "https://ftp.ncbi.nlm.nih.gov/geo/samples/GSM5927nnn/GSM5927833/suppl/GSM5927833_203504430079_R02C01_Grn.idat.gz"
[1] "Data downloaded successfuly"
[1] "https://ftp.ncbi.nlm.nih.gov/geo/samples/GSM5927nnn/GSM5927833/suppl/GSM5927833_203504430079_R02C01_Red.idat.gz"
[1] "Data downloaded successfuly"
[1] "https://ftp.ncbi.nlm.nih.gov/geo/samples/GSM5927nnn/GSM5927834/suppl/GSM5927834_203504430079_R04C01_Grn.idat.gz"
[1] "Data downloaded successfuly"
[1] "https://ftp.ncbi.nlm.nih.gov/geo/samples/GSM5927nnn/GSM5927834/suppl/GSM5927834_203504430079_R04C01_Red.idat.gz"
[1] "Data downloaded successfuly"
[1] "https://ftp.ncbi.nlm.nih.gov/geo/samples/GSM5927nnn/GSM5927835/suppl/GSM5927835_203504430079_R05C01_Grn.idat.gz"
[1] "Data downloaded successfuly"
[1] "https://ftp.ncbi.nlm.nih.gov/geo/samples/GSM5927nnn/GSM5927835/suppl/GSM5927835_203504430079_R05C01_Red.idat.gz"
[1] "Data downloaded successfuly"
[1] "https://ftp.ncbi.nlm.nih.gov/geo/samples/GSM5927nnn/GSM5927836/suppl/GSM5927836_203504430079_R07C01_Grn.idat.gz"
[1] "Data downloaded successfuly"
[1] "https://ftp.ncbi.nlm.nih.gov/geo/samples/GSM5927nnn/GSM5927836/suppl/GSM5927836_203504430079_R07C01_Red.idat.gz"
[1] "Data downloaded successfuly"
[1] "https://ftp.ncbi.nlm.nih.gov/geo/samples/GSM5927nnn/GSM5927837/suppl/GSM5927837_203504430079_R08C01_Grn.idat.gz"
[1] "Data downloaded successfuly"
[1] "https://ftp.ncbi.nlm.nih.gov/geo/samples/GSM5927nnn/GSM5927837/suppl/GSM5927837_203504430079_R08C01_Red.idat.gz"
[1] "Data downloaded successfuly"
[1] "https://ftp.ncbi.nlm.nih.gov/geo/samples/GSM5927nnn/GSM5927838/suppl/GSM5927838_203504440003_R02C01_Grn.idat.gz"
[1] "Data downloaded successfuly"
[1] "https://ftp.ncbi.nlm.nih.gov/geo/samples/GSM5927nnn/GSM5927838/suppl/GSM5927838_203504440003_R02C01_Red.idat.gz"
[1] "Data downloaded successfuly"
[1] "https://ftp.ncbi.nlm.nih.gov/geo/samples/GSM5927nnn/GSM5927839/suppl/GSM5927839_203504440003_R03C01_Grn.idat.gz"
[1] "Data downloaded successfuly"
[1] "https://ftp.ncbi.nlm.nih.gov/geo/samples/GSM5927nnn/GSM5927839/suppl/GSM5927839_203504440003_R03C01_Red.idat.gz"
[1] "Data downloaded successfuly"
[1] "https://ftp.ncbi.nlm.nih.gov/geo/samples/GSM5927nnn/GSM5927840/suppl/GSM5927840_203504440003_R04C01_Grn.idat.gz"
[1] "Data downloaded successfuly"
[1] "https://ftp.ncbi.nlm.nih.gov/geo/samples/GSM5927nnn/GSM5927840/suppl/GSM5927840_203504440003_R04C01_Red.idat.gz"
[1] "Data downloaded successfuly"
[1] "https://ftp.ncbi.nlm.nih.gov/geo/samples/GSM5927nnn/GSM5927841/suppl/GSM5927841_203504440003_R05C01_Grn.idat.gz"
[1] "Data downloaded successfuly"
[1] "https://ftp.ncbi.nlm.nih.gov/geo/samples/GSM5927nnn/GSM5927841/suppl/GSM5927841_203504440003_R05C01_Red.idat.gz"
[1] "Data downloaded successfuly"
[1] "https://ftp.ncbi.nlm.nih.gov/geo/samples/GSM5927nnn/GSM5927842/suppl/GSM5927842_203504440003_R06C01_Grn.idat.gz"
[1] "Data downloaded successfuly"
[1] "https://ftp.ncbi.nlm.nih.gov/geo/samples/GSM5927nnn/GSM5927842/suppl/GSM5927842_203504440003_R06C01_Red.idat.gz"
[1] "Data downloaded successfuly"
[1] "https://ftp.ncbi.nlm.nih.gov/geo/samples/GSM5927nnn/GSM5927843/suppl/GSM5927843_203490650088_R01C01_Grn.idat.gz"
[1] "Data downloaded successfuly"
[1] "https://ftp.ncbi.nlm.nih.gov/geo/samples/GSM5927nnn/GSM5927843/suppl/GSM5927843_203490650088_R01C01_Red.idat.gz"
[1] "Data downloaded successfuly"
[1] "https://ftp.ncbi.nlm.nih.gov/geo/samples/GSM5927nnn/GSM5927844/suppl/GSM5927844_203490650088_R02C01_Grn.idat.gz"
[1] "Data downloaded successfuly"
[1] "https://ftp.ncbi.nlm.nih.gov/geo/samples/GSM5927nnn/GSM5927844/suppl/GSM5927844_203490650088_R02C01_Red.idat.gz"
[1] "Data downloaded successfuly"
[1] "https://ftp.ncbi.nlm.nih.gov/geo/samples/GSM5927nnn/GSM5927845/suppl/GSM5927845_203490650088_R03C01_Grn.idat.gz"
[1] "Data downloaded successfuly"
[1] "https://ftp.ncbi.nlm.nih.gov/geo/samples/GSM5927nnn/GSM5927845/suppl/GSM5927845_203490650088_R03C01_Red.idat.gz"
[1] "Data downloaded successfuly"
[1] "https://ftp.ncbi.nlm.nih.gov/geo/samples/GSM5927nnn/GSM5927846/suppl/GSM5927846_203490650088_R04C01_Grn.idat.gz"
[1] "Data downloaded successfuly"
[1] "https://ftp.ncbi.nlm.nih.gov/geo/samples/GSM5927nnn/GSM5927846/suppl/GSM5927846_203490650088_R04C01_Red.idat.gz"
[1] "Data downloaded successfuly"
[1] "https://ftp.ncbi.nlm.nih.gov/geo/samples/GSM5927nnn/GSM5927847/suppl/GSM5927847_203490650088_R05C01_Grn.idat.gz"
[1] "Data downloaded successfuly"
[1] "https://ftp.ncbi.nlm.nih.gov/geo/samples/GSM5927nnn/GSM5927847/suppl/GSM5927847_203490650088_R05C01_Red.idat.gz"
[1] "Data downloaded successfuly"
[1] "https://ftp.ncbi.nlm.nih.gov/geo/samples/GSM5927nnn/GSM5927848/suppl/GSM5927848_203490650088_R06C01_Grn.idat.gz"
[1] "Data downloaded successfuly"
[1] "https://ftp.ncbi.nlm.nih.gov/geo/samples/GSM5927nnn/GSM5927848/suppl/GSM5927848_203490650088_R06C01_Red.idat.gz"
[1] "Data downloaded successfuly"
[1] "https://ftp.ncbi.nlm.nih.gov/geo/samples/GSM5927nnn/GSM5927849/suppl/GSM5927849_203490650088_R07C01_Grn.idat.gz"
[1] "Data downloaded successfuly"
[1] "https://ftp.ncbi.nlm.nih.gov/geo/samples/GSM5927nnn/GSM5927849/suppl/GSM5927849_203490650088_R07C01_Red.idat.gz"
[1] "Data downloaded successfuly"
[1] "https://ftp.ncbi.nlm.nih.gov/geo/samples/GSM5927nnn/GSM5927850/suppl/GSM5927850_203490650088_R08C01_Grn.idat.gz"
[1] "Data downloaded successfuly"
[1] "https://ftp.ncbi.nlm.nih.gov/geo/samples/GSM5927nnn/GSM5927850/suppl/GSM5927850_203490650088_R08C01_Red.idat.gz"
[1] "Data downloaded successfuly"
[1] "https://ftp.ncbi.nlm.nih.gov/geo/samples/GSM5927nnn/GSM5927851/suppl/GSM5927851_203490650095_R01C01_Grn.idat.gz"
[1] "Data downloaded successfuly"
[1] "https://ftp.ncbi.nlm.nih.gov/geo/samples/GSM5927nnn/GSM5927851/suppl/GSM5927851_203490650095_R01C01_Red.idat.gz"
[1] "Data downloaded successfuly"
[1] "https://ftp.ncbi.nlm.nih.gov/geo/samples/GSM5927nnn/GSM5927852/suppl/GSM5927852_203490650095_R02C01_Grn.idat.gz"
[1] "Data downloaded successfuly"
[1] "https://ftp.ncbi.nlm.nih.gov/geo/samples/GSM5927nnn/GSM5927852/suppl/GSM5927852_203490650095_R02C01_Red.idat.gz"
[1] "Data downloaded successfuly"
[1] "https://ftp.ncbi.nlm.nih.gov/geo/samples/GSM5927nnn/GSM5927853/suppl/GSM5927853_203490650095_R04C01_Grn.idat.gz"
[1] "Data downloaded successfuly"
[1] "https://ftp.ncbi.nlm.nih.gov/geo/samples/GSM5927nnn/GSM5927853/suppl/GSM5927853_203490650095_R04C01_Red.idat.gz"
[1] "Data downloaded successfuly"
[1] "https://ftp.ncbi.nlm.nih.gov/geo/samples/GSM5927nnn/GSM5927854/suppl/GSM5927854_203490650095_R05C01_Grn.idat.gz"
[1] "Data downloaded successfuly"
[1] "https://ftp.ncbi.nlm.nih.gov/geo/samples/GSM5927nnn/GSM5927854/suppl/GSM5927854_203490650095_R05C01_Red.idat.gz"
[1] "Data downloaded successfuly"
[1] "https://ftp.ncbi.nlm.nih.gov/geo/samples/GSM5927nnn/GSM5927855/suppl/GSM5927855_203490650095_R06C01_Grn.idat.gz"
[1] "Data downloaded successfuly"
[1] "https://ftp.ncbi.nlm.nih.gov/geo/samples/GSM5927nnn/GSM5927855/suppl/GSM5927855_203490650095_R06C01_Red.idat.gz"
[1] "Data downloaded successfuly"
[1] "https://ftp.ncbi.nlm.nih.gov/geo/samples/GSM5927nnn/GSM5927856/suppl/GSM5927856_203490650095_R08C01_Grn.idat.gz"
[1] "Data downloaded successfuly"
[1] "https://ftp.ncbi.nlm.nih.gov/geo/samples/GSM5927nnn/GSM5927856/suppl/GSM5927856_203490650095_R08C01_Red.idat.gz"
[1] "Data downloaded successfuly"
[1] "https://ftp.ncbi.nlm.nih.gov/geo/samples/GSM5927nnn/GSM5927857/suppl/GSM5927857_203490650117_R01C01_Grn.idat.gz"
[1] "Data downloaded successfuly"
[1] "https://ftp.ncbi.nlm.nih.gov/geo/samples/GSM5927nnn/GSM5927857/suppl/GSM5927857_203490650117_R01C01_Red.idat.gz"
[1] "Data downloaded successfuly"
[1] "https://ftp.ncbi.nlm.nih.gov/geo/samples/GSM5927nnn/GSM5927858/suppl/GSM5927858_203490650117_R02C01_Grn.idat.gz"
[1] "Data downloaded successfuly"
[1] "https://ftp.ncbi.nlm.nih.gov/geo/samples/GSM5927nnn/GSM5927858/suppl/GSM5927858_203490650117_R02C01_Red.idat.gz"
[1] "Data downloaded successfuly"
[1] "https://ftp.ncbi.nlm.nih.gov/geo/samples/GSM5927nnn/GSM5927859/suppl/GSM5927859_203490650117_R03C01_Grn.idat.gz"
[1] "Data downloaded successfuly"
[1] "https://ftp.ncbi.nlm.nih.gov/geo/samples/GSM5927nnn/GSM5927859/suppl/GSM5927859_203490650117_R03C01_Red.idat.gz"
[1] "Data downloaded successfuly"
[1] "https://ftp.ncbi.nlm.nih.gov/geo/samples/GSM5927nnn/GSM5927860/suppl/GSM5927860_203490650117_R04C01_Grn.idat.gz"
[1] "Data downloaded successfuly"
[1] "https://ftp.ncbi.nlm.nih.gov/geo/samples/GSM5927nnn/GSM5927860/suppl/GSM5927860_203490650117_R04C01_Red.idat.gz"
[1] "Data downloaded successfuly"
[1] "https://ftp.ncbi.nlm.nih.gov/geo/samples/GSM5927nnn/GSM5927861/suppl/GSM5927861_203490650117_R05C01_Grn.idat.gz"
[1] "Data downloaded successfuly"
[1] "https://ftp.ncbi.nlm.nih.gov/geo/samples/GSM5927nnn/GSM5927861/suppl/GSM5927861_203490650117_R05C01_Red.idat.gz"
[1] "Data downloaded successfuly"
[1] "https://ftp.ncbi.nlm.nih.gov/geo/samples/GSM5927nnn/GSM5927862/suppl/GSM5927862_203490650117_R06C01_Grn.idat.gz"
[1] "Data downloaded successfuly"
[1] "https://ftp.ncbi.nlm.nih.gov/geo/samples/GSM5927nnn/GSM5927862/suppl/GSM5927862_203490650117_R06C01_Red.idat.gz"
[1] "Data downloaded successfuly"
[1] "https://ftp.ncbi.nlm.nih.gov/geo/samples/GSM5927nnn/GSM5927863/suppl/GSM5927863_203490650117_R07C01_Grn.idat.gz"
[1] "Data downloaded successfuly"
[1] "https://ftp.ncbi.nlm.nih.gov/geo/samples/GSM5927nnn/GSM5927863/suppl/GSM5927863_203490650117_R07C01_Red.idat.gz"
[1] "Data downloaded successfuly"
[1] "https://ftp.ncbi.nlm.nih.gov/geo/samples/GSM5927nnn/GSM5927864/suppl/GSM5927864_203490650117_R08C01_Grn.idat.gz"
[1] "Data downloaded successfuly"
[1] "https://ftp.ncbi.nlm.nih.gov/geo/samples/GSM5927nnn/GSM5927864/suppl/GSM5927864_203490650117_R08C01_Red.idat.gz"
[1] "Data downloaded successfuly"
[1] "https://ftp.ncbi.nlm.nih.gov/geo/samples/GSM5927nnn/GSM5927865/suppl/GSM5927865_203496250038_R01C01_Grn.idat.gz"
[1] "Data downloaded successfuly"
[1] "https://ftp.ncbi.nlm.nih.gov/geo/samples/GSM5927nnn/GSM5927865/suppl/GSM5927865_203496250038_R01C01_Red.idat.gz"
[1] "Data downloaded successfuly"
[1] "https://ftp.ncbi.nlm.nih.gov/geo/samples/GSM5927nnn/GSM5927866/suppl/GSM5927866_203496250038_R02C01_Grn.idat.gz"
[1] "Data downloaded successfuly"
[1] "https://ftp.ncbi.nlm.nih.gov/geo/samples/GSM5927nnn/GSM5927866/suppl/GSM5927866_203496250038_R02C01_Red.idat.gz"
[1] "Data downloaded successfuly"
[1] "https://ftp.ncbi.nlm.nih.gov/geo/samples/GSM5927nnn/GSM5927867/suppl/GSM5927867_203496250038_R03C01_Grn.idat.gz"
[1] "Data downloaded successfuly"
[1] "https://ftp.ncbi.nlm.nih.gov/geo/samples/GSM5927nnn/GSM5927867/suppl/GSM5927867_203496250038_R03C01_Red.idat.gz"
[1] "Data downloaded successfuly"
[1] "https://ftp.ncbi.nlm.nih.gov/geo/samples/GSM5927nnn/GSM5927868/suppl/GSM5927868_203496250038_R04C01_Grn.idat.gz"
[1] "Data downloaded successfuly"
[1] "https://ftp.ncbi.nlm.nih.gov/geo/samples/GSM5927nnn/GSM5927868/suppl/GSM5927868_203496250038_R04C01_Red.idat.gz"
[1] "Data downloaded successfuly"
[1] "https://ftp.ncbi.nlm.nih.gov/geo/samples/GSM5927nnn/GSM5927869/suppl/GSM5927869_203496250038_R05C01_Grn.idat.gz"
[1] "Data downloaded successfuly"
[1] "https://ftp.ncbi.nlm.nih.gov/geo/samples/GSM5927nnn/GSM5927869/suppl/GSM5927869_203496250038_R05C01_Red.idat.gz"
[1] "Data downloaded successfuly"
[1] "https://ftp.ncbi.nlm.nih.gov/geo/samples/GSM5927nnn/GSM5927870/suppl/GSM5927870_203496250038_R06C01_Grn.idat.gz"
[1] "Data downloaded successfuly"
[1] "https://ftp.ncbi.nlm.nih.gov/geo/samples/GSM5927nnn/GSM5927870/suppl/GSM5927870_203496250038_R06C01_Red.idat.gz"
[1] "Data downloaded successfuly"
[1] "https://ftp.ncbi.nlm.nih.gov/geo/samples/GSM5927nnn/GSM5927871/suppl/GSM5927871_203496250038_R07C01_Grn.idat.gz"
[1] "Data downloaded successfuly"
[1] "https://ftp.ncbi.nlm.nih.gov/geo/samples/GSM5927nnn/GSM5927871/suppl/GSM5927871_203496250038_R07C01_Red.idat.gz"
[1] "Data downloaded successfuly"
[1] "https://ftp.ncbi.nlm.nih.gov/geo/samples/GSM5927nnn/GSM5927872/suppl/GSM5927872_203496250060_R02C01_Grn.idat.gz"
[1] "Data downloaded successfuly"
[1] "https://ftp.ncbi.nlm.nih.gov/geo/samples/GSM5927nnn/GSM5927872/suppl/GSM5927872_203496250060_R02C01_Red.idat.gz"
[1] "Data downloaded successfuly"
[1] "https://ftp.ncbi.nlm.nih.gov/geo/samples/GSM5927nnn/GSM5927873/suppl/GSM5927873_203496250060_R03C01_Grn.idat.gz"
[1] "Data downloaded successfuly"
[1] "https://ftp.ncbi.nlm.nih.gov/geo/samples/GSM5927nnn/GSM5927873/suppl/GSM5927873_203496250060_R03C01_Red.idat.gz"
[1] "Data downloaded successfuly"
[1] "https://ftp.ncbi.nlm.nih.gov/geo/samples/GSM5927nnn/GSM5927874/suppl/GSM5927874_203496250060_R04C01_Grn.idat.gz"
[1] "Data downloaded successfuly"
[1] "https://ftp.ncbi.nlm.nih.gov/geo/samples/GSM5927nnn/GSM5927874/suppl/GSM5927874_203496250060_R04C01_Red.idat.gz"
[1] "Data downloaded successfuly"
[1] "https://ftp.ncbi.nlm.nih.gov/geo/samples/GSM5927nnn/GSM5927875/suppl/GSM5927875_203496250060_R05C01_Grn.idat.gz"
[1] "Data downloaded successfuly"
[1] "https://ftp.ncbi.nlm.nih.gov/geo/samples/GSM5927nnn/GSM5927875/suppl/GSM5927875_203496250060_R05C01_Red.idat.gz"
[1] "Data downloaded successfuly"
[1] "https://ftp.ncbi.nlm.nih.gov/geo/samples/GSM5927nnn/GSM5927876/suppl/GSM5927876_203496250060_R06C01_Grn.idat.gz"
[1] "Data downloaded successfuly"
[1] "https://ftp.ncbi.nlm.nih.gov/geo/samples/GSM5927nnn/GSM5927876/suppl/GSM5927876_203496250060_R06C01_Red.idat.gz"
[1] "Data downloaded successfuly"
[1] "https://ftp.ncbi.nlm.nih.gov/geo/samples/GSM5927nnn/GSM5927877/suppl/GSM5927877_203496250060_R07C01_Grn.idat.gz"
[1] "Data downloaded successfuly"
[1] "https://ftp.ncbi.nlm.nih.gov/geo/samples/GSM5927nnn/GSM5927877/suppl/GSM5927877_203496250060_R07C01_Red.idat.gz"
[1] "Data downloaded successfuly"
[1] "https://ftp.ncbi.nlm.nih.gov/geo/samples/GSM5927nnn/GSM5927878/suppl/GSM5927878_203496250060_R08C01_Grn.idat.gz"
[1] "Data downloaded successfuly"
[1] "https://ftp.ncbi.nlm.nih.gov/geo/samples/GSM5927nnn/GSM5927878/suppl/GSM5927878_203496250060_R08C01_Red.idat.gz"
[1] "Data downloaded successfuly"
[1] "https://ftp.ncbi.nlm.nih.gov/geo/samples/GSM5927nnn/GSM5927879/suppl/GSM5927879_203496250067_R01C01_Grn.idat.gz"
[1] "Data downloaded successfuly"
[1] "https://ftp.ncbi.nlm.nih.gov/geo/samples/GSM5927nnn/GSM5927879/suppl/GSM5927879_203496250067_R01C01_Red.idat.gz"
[1] "Data downloaded successfuly"
[1] "https://ftp.ncbi.nlm.nih.gov/geo/samples/GSM5927nnn/GSM5927880/suppl/GSM5927880_203496250067_R02C01_Grn.idat.gz"
[1] "Data downloaded successfuly"
[1] "https://ftp.ncbi.nlm.nih.gov/geo/samples/GSM5927nnn/GSM5927880/suppl/GSM5927880_203496250067_R02C01_Red.idat.gz"
[1] "Data downloaded successfuly"
[1] "https://ftp.ncbi.nlm.nih.gov/geo/samples/GSM5927nnn/GSM5927881/suppl/GSM5927881_203496250067_R03C01_Grn.idat.gz"
[1] "Data downloaded successfuly"
[1] "https://ftp.ncbi.nlm.nih.gov/geo/samples/GSM5927nnn/GSM5927881/suppl/GSM5927881_203496250067_R03C01_Red.idat.gz"
[1] "Data downloaded successfuly"
[1] "https://ftp.ncbi.nlm.nih.gov/geo/samples/GSM5927nnn/GSM5927882/suppl/GSM5927882_203496250067_R04C01_Grn.idat.gz"
[1] "Data downloaded successfuly"
[1] "https://ftp.ncbi.nlm.nih.gov/geo/samples/GSM5927nnn/GSM5927882/suppl/GSM5927882_203496250067_R04C01_Red.idat.gz"
[1] "Data downloaded successfuly"
[1] "https://ftp.ncbi.nlm.nih.gov/geo/samples/GSM5927nnn/GSM5927883/suppl/GSM5927883_203496250067_R06C01_Grn.idat.gz"
[1] "Data downloaded successfuly"
[1] "https://ftp.ncbi.nlm.nih.gov/geo/samples/GSM5927nnn/GSM5927883/suppl/GSM5927883_203496250067_R06C01_Red.idat.gz"
[1] "Data downloaded successfuly"
[1] "https://ftp.ncbi.nlm.nih.gov/geo/samples/GSM5927nnn/GSM5927884/suppl/GSM5927884_203496250067_R07C01_Grn.idat.gz"
[1] "Data downloaded successfuly"
[1] "https://ftp.ncbi.nlm.nih.gov/geo/samples/GSM5927nnn/GSM5927884/suppl/GSM5927884_203496250067_R07C01_Red.idat.gz"
[1] "Data downloaded successfuly"
[1] "https://ftp.ncbi.nlm.nih.gov/geo/samples/GSM5927nnn/GSM5927885/suppl/GSM5927885_203496250067_R08C01_Grn.idat.gz"
[1] "Data downloaded successfuly"
[1] "https://ftp.ncbi.nlm.nih.gov/geo/samples/GSM5927nnn/GSM5927885/suppl/GSM5927885_203496250067_R08C01_Red.idat.gz"
[1] "Data downloaded successfuly"
[1] "https://ftp.ncbi.nlm.nih.gov/geo/samples/GSM5927nnn/GSM5927886/suppl/GSM5927886_203496250070_R01C01_Grn.idat.gz"
[1] "Data downloaded successfuly"
[1] "https://ftp.ncbi.nlm.nih.gov/geo/samples/GSM5927nnn/GSM5927886/suppl/GSM5927886_203496250070_R01C01_Red.idat.gz"
[1] "Data downloaded successfuly"
[1] "https://ftp.ncbi.nlm.nih.gov/geo/samples/GSM5927nnn/GSM5927887/suppl/GSM5927887_203496250070_R02C01_Grn.idat.gz"
[1] "Data downloaded successfuly"
[1] "https://ftp.ncbi.nlm.nih.gov/geo/samples/GSM5927nnn/GSM5927887/suppl/GSM5927887_203496250070_R02C01_Red.idat.gz"
[1] "Data downloaded successfuly"
[1] "https://ftp.ncbi.nlm.nih.gov/geo/samples/GSM5927nnn/GSM5927888/suppl/GSM5927888_203496250070_R03C01_Grn.idat.gz"
[1] "Data downloaded successfuly"
[1] "https://ftp.ncbi.nlm.nih.gov/geo/samples/GSM5927nnn/GSM5927888/suppl/GSM5927888_203496250070_R03C01_Red.idat.gz"
[1] "Data downloaded successfuly"
[1] "https://ftp.ncbi.nlm.nih.gov/geo/samples/GSM5927nnn/GSM5927889/suppl/GSM5927889_203496250070_R04C01_Grn.idat.gz"
[1] "Data downloaded successfuly"
[1] "https://ftp.ncbi.nlm.nih.gov/geo/samples/GSM5927nnn/GSM5927889/suppl/GSM5927889_203496250070_R04C01_Red.idat.gz"
[1] "Data downloaded successfuly"
[1] "https://ftp.ncbi.nlm.nih.gov/geo/samples/GSM5927nnn/GSM5927890/suppl/GSM5927890_203496250070_R05C01_Grn.idat.gz"
[1] "Data downloaded successfuly"
[1] "https://ftp.ncbi.nlm.nih.gov/geo/samples/GSM5927nnn/GSM5927890/suppl/GSM5927890_203496250070_R05C01_Red.idat.gz"
[1] "Data downloaded successfuly"
[1] "https://ftp.ncbi.nlm.nih.gov/geo/samples/GSM5927nnn/GSM5927891/suppl/GSM5927891_203496250070_R06C01_Grn.idat.gz"
[1] "Data downloaded successfuly"
[1] "https://ftp.ncbi.nlm.nih.gov/geo/samples/GSM5927nnn/GSM5927891/suppl/GSM5927891_203496250070_R06C01_Red.idat.gz"
[1] "Data downloaded successfuly"
[1] "https://ftp.ncbi.nlm.nih.gov/geo/samples/GSM5927nnn/GSM5927892/suppl/GSM5927892_203496250070_R07C01_Grn.idat.gz"
[1] "Data downloaded successfuly"
[1] "https://ftp.ncbi.nlm.nih.gov/geo/samples/GSM5927nnn/GSM5927892/suppl/GSM5927892_203496250070_R07C01_Red.idat.gz"
[1] "Data downloaded successfuly"
[1] "https://ftp.ncbi.nlm.nih.gov/geo/samples/GSM5927nnn/GSM5927893/suppl/GSM5927893_203496250070_R08C01_Grn.idat.gz"
[1] "Data downloaded successfuly"
[1] "https://ftp.ncbi.nlm.nih.gov/geo/samples/GSM5927nnn/GSM5927893/suppl/GSM5927893_203496250070_R08C01_Red.idat.gz"
[1] "Data downloaded successfuly"
[1] "https://ftp.ncbi.nlm.nih.gov/geo/samples/GSM5927nnn/GSM5927894/suppl/GSM5927894_203496250071_R01C01_Grn.idat.gz"
[1] "Data downloaded successfuly"
[1] "https://ftp.ncbi.nlm.nih.gov/geo/samples/GSM5927nnn/GSM5927894/suppl/GSM5927894_203496250071_R01C01_Red.idat.gz"
[1] "Data downloaded successfuly"
[1] "https://ftp.ncbi.nlm.nih.gov/geo/samples/GSM5927nnn/GSM5927895/suppl/GSM5927895_203496250071_R02C01_Grn.idat.gz"
[1] "Data downloaded successfuly"
[1] "https://ftp.ncbi.nlm.nih.gov/geo/samples/GSM5927nnn/GSM5927895/suppl/GSM5927895_203496250071_R02C01_Red.idat.gz"
[1] "Data downloaded successfuly"
[1] "https://ftp.ncbi.nlm.nih.gov/geo/samples/GSM5927nnn/GSM5927896/suppl/GSM5927896_203496250071_R03C01_Grn.idat.gz"
[1] "Data downloaded successfuly"
[1] "https://ftp.ncbi.nlm.nih.gov/geo/samples/GSM5927nnn/GSM5927896/suppl/GSM5927896_203496250071_R03C01_Red.idat.gz"
[1] "Data downloaded successfuly"
[1] "https://ftp.ncbi.nlm.nih.gov/geo/samples/GSM5927nnn/GSM5927897/suppl/GSM5927897_203496250071_R04C01_Grn.idat.gz"
[1] "Data downloaded successfuly"
[1] "https://ftp.ncbi.nlm.nih.gov/geo/samples/GSM5927nnn/GSM5927897/suppl/GSM5927897_203496250071_R04C01_Red.idat.gz"
[1] "Data downloaded successfuly"
[1] "https://ftp.ncbi.nlm.nih.gov/geo/samples/GSM5927nnn/GSM5927898/suppl/GSM5927898_203496250071_R05C01_Grn.idat.gz"
[1] "Data downloaded successfuly"
[1] "https://ftp.ncbi.nlm.nih.gov/geo/samples/GSM5927nnn/GSM5927898/suppl/GSM5927898_203496250071_R05C01_Red.idat.gz"
[1] "Data downloaded successfuly"
[1] "https://ftp.ncbi.nlm.nih.gov/geo/samples/GSM5927nnn/GSM5927899/suppl/GSM5927899_203496250071_R06C01_Grn.idat.gz"
[1] "Data downloaded successfuly"
[1] "https://ftp.ncbi.nlm.nih.gov/geo/samples/GSM5927nnn/GSM5927899/suppl/GSM5927899_203496250071_R06C01_Red.idat.gz"
[1] "Data downloaded successfuly"
[1] "https://ftp.ncbi.nlm.nih.gov/geo/samples/GSM5927nnn/GSM5927900/suppl/GSM5927900_203496250071_R07C01_Grn.idat.gz"
[1] "Data downloaded successfuly"
[1] "https://ftp.ncbi.nlm.nih.gov/geo/samples/GSM5927nnn/GSM5927900/suppl/GSM5927900_203496250071_R07C01_Red.idat.gz"
[1] "Data downloaded successfuly"
[1] "https://ftp.ncbi.nlm.nih.gov/geo/samples/GSM5927nnn/GSM5927901/suppl/GSM5927901_203496250071_R08C01_Grn.idat.gz"
[1] "Data downloaded successfuly"
[1] "https://ftp.ncbi.nlm.nih.gov/geo/samples/GSM5927nnn/GSM5927901/suppl/GSM5927901_203496250071_R08C01_Red.idat.gz"
[1] "Data downloaded successfuly"
[1] "https://ftp.ncbi.nlm.nih.gov/geo/samples/GSM5927nnn/GSM5927902/suppl/GSM5927902_203496250075_R01C01_Grn.idat.gz"
[1] "Data downloaded successfuly"
[1] "https://ftp.ncbi.nlm.nih.gov/geo/samples/GSM5927nnn/GSM5927902/suppl/GSM5927902_203496250075_R01C01_Red.idat.gz"
[1] "Data downloaded successfuly"
[1] "https://ftp.ncbi.nlm.nih.gov/geo/samples/GSM5927nnn/GSM5927903/suppl/GSM5927903_203496250075_R02C01_Grn.idat.gz"
[1] "Data downloaded successfuly"
[1] "https://ftp.ncbi.nlm.nih.gov/geo/samples/GSM5927nnn/GSM5927903/suppl/GSM5927903_203496250075_R02C01_Red.idat.gz"
[1] "Data downloaded successfuly"
[1] "https://ftp.ncbi.nlm.nih.gov/geo/samples/GSM5927nnn/GSM5927904/suppl/GSM5927904_203496250075_R03C01_Grn.idat.gz"
[1] "Data downloaded successfuly"
[1] "https://ftp.ncbi.nlm.nih.gov/geo/samples/GSM5927nnn/GSM5927904/suppl/GSM5927904_203496250075_R03C01_Red.idat.gz"
[1] "Data downloaded successfuly"
[1] "https://ftp.ncbi.nlm.nih.gov/geo/samples/GSM5927nnn/GSM5927905/suppl/GSM5927905_203496250075_R04C01_Grn.idat.gz"
[1] "Data downloaded successfuly"
[1] "https://ftp.ncbi.nlm.nih.gov/geo/samples/GSM5927nnn/GSM5927905/suppl/GSM5927905_203496250075_R04C01_Red.idat.gz"
[1] "Data downloaded successfuly"
[1] "https://ftp.ncbi.nlm.nih.gov/geo/samples/GSM5927nnn/GSM5927906/suppl/GSM5927906_203496250075_R05C01_Grn.idat.gz"
[1] "Data downloaded successfuly"
[1] "https://ftp.ncbi.nlm.nih.gov/geo/samples/GSM5927nnn/GSM5927906/suppl/GSM5927906_203496250075_R05C01_Red.idat.gz"
[1] "Data downloaded successfuly"
[1] "https://ftp.ncbi.nlm.nih.gov/geo/samples/GSM5927nnn/GSM5927907/suppl/GSM5927907_203496250075_R06C01_Grn.idat.gz"
[1] "Data downloaded successfuly"
[1] "https://ftp.ncbi.nlm.nih.gov/geo/samples/GSM5927nnn/GSM5927907/suppl/GSM5927907_203496250075_R06C01_Red.idat.gz"
[1] "Data downloaded successfuly"
[1] "https://ftp.ncbi.nlm.nih.gov/geo/samples/GSM5927nnn/GSM5927908/suppl/GSM5927908_203496250075_R07C01_Grn.idat.gz"
[1] "Data downloaded successfuly"
[1] "https://ftp.ncbi.nlm.nih.gov/geo/samples/GSM5927nnn/GSM5927908/suppl/GSM5927908_203496250075_R07C01_Red.idat.gz"
[1] "Data downloaded successfuly"
[1] "https://ftp.ncbi.nlm.nih.gov/geo/samples/GSM5927nnn/GSM5927909/suppl/GSM5927909_203496250075_R08C01_Grn.idat.gz"
[1] "Data downloaded successfuly"
[1] "https://ftp.ncbi.nlm.nih.gov/geo/samples/GSM5927nnn/GSM5927909/suppl/GSM5927909_203496250075_R08C01_Red.idat.gz"
[1] "Data downloaded successfuly"
[1] "https://ftp.ncbi.nlm.nih.gov/geo/samples/GSM5927nnn/GSM5927910/suppl/GSM5927910_203497730001_R01C01_Grn.idat.gz"
[1] "Data downloaded successfuly"
[1] "https://ftp.ncbi.nlm.nih.gov/geo/samples/GSM5927nnn/GSM5927910/suppl/GSM5927910_203497730001_R01C01_Red.idat.gz"
[1] "Data downloaded successfuly"
[1] "https://ftp.ncbi.nlm.nih.gov/geo/samples/GSM5927nnn/GSM5927911/suppl/GSM5927911_203497730001_R02C01_Grn.idat.gz"
[1] "Data downloaded successfuly"
[1] "https://ftp.ncbi.nlm.nih.gov/geo/samples/GSM5927nnn/GSM5927911/suppl/GSM5927911_203497730001_R02C01_Red.idat.gz"
[1] "Data downloaded successfuly"
[1] "https://ftp.ncbi.nlm.nih.gov/geo/samples/GSM5927nnn/GSM5927912/suppl/GSM5927912_203497730001_R03C01_Grn.idat.gz"
[1] "Data downloaded successfuly"
[1] "https://ftp.ncbi.nlm.nih.gov/geo/samples/GSM5927nnn/GSM5927912/suppl/GSM5927912_203497730001_R03C01_Red.idat.gz"
[1] "Data downloaded successfuly"
[1] "https://ftp.ncbi.nlm.nih.gov/geo/samples/GSM5927nnn/GSM5927913/suppl/GSM5927913_203497730001_R04C01_Grn.idat.gz"
[1] "Data downloaded successfuly"
[1] "https://ftp.ncbi.nlm.nih.gov/geo/samples/GSM5927nnn/GSM5927913/suppl/GSM5927913_203497730001_R04C01_Red.idat.gz"
[1] "Data downloaded successfuly"
[1] "https://ftp.ncbi.nlm.nih.gov/geo/samples/GSM5927nnn/GSM5927914/suppl/GSM5927914_203497730001_R06C01_Grn.idat.gz"
[1] "Data downloaded successfuly"
[1] "https://ftp.ncbi.nlm.nih.gov/geo/samples/GSM5927nnn/GSM5927914/suppl/GSM5927914_203497730001_R06C01_Red.idat.gz"
[1] "Data downloaded successfuly"
[1] "https://ftp.ncbi.nlm.nih.gov/geo/samples/GSM5927nnn/GSM5927915/suppl/GSM5927915_203497730001_R07C01_Grn.idat.gz"
[1] "Data downloaded successfuly"
[1] "https://ftp.ncbi.nlm.nih.gov/geo/samples/GSM5927nnn/GSM5927915/suppl/GSM5927915_203497730001_R07C01_Red.idat.gz"
[1] "Data downloaded successfuly"
[1] "https://ftp.ncbi.nlm.nih.gov/geo/samples/GSM5927nnn/GSM5927916/suppl/GSM5927916_203497730001_R08C01_Grn.idat.gz"
[1] "Data downloaded successfuly"
[1] "https://ftp.ncbi.nlm.nih.gov/geo/samples/GSM5927nnn/GSM5927916/suppl/GSM5927916_203497730001_R08C01_Red.idat.gz"
[1] "Data downloaded successfuly"
[1] "https://ftp.ncbi.nlm.nih.gov/geo/samples/GSM5927nnn/GSM5927917/suppl/GSM5927917_203497730003_R02C01_Grn.idat.gz"
[1] "Data downloaded successfuly"
[1] "https://ftp.ncbi.nlm.nih.gov/geo/samples/GSM5927nnn/GSM5927917/suppl/GSM5927917_203497730003_R02C01_Red.idat.gz"
[1] "Data downloaded successfuly"
[1] "https://ftp.ncbi.nlm.nih.gov/geo/samples/GSM5927nnn/GSM5927918/suppl/GSM5927918_203497730003_R03C01_Grn.idat.gz"
[1] "Data downloaded successfuly"
[1] "https://ftp.ncbi.nlm.nih.gov/geo/samples/GSM5927nnn/GSM5927918/suppl/GSM5927918_203497730003_R03C01_Red.idat.gz"
[1] "Data downloaded successfuly"
[1] "https://ftp.ncbi.nlm.nih.gov/geo/samples/GSM5927nnn/GSM5927919/suppl/GSM5927919_203497730003_R04C01_Grn.idat.gz"
[1] "Data downloaded successfuly"
[1] "https://ftp.ncbi.nlm.nih.gov/geo/samples/GSM5927nnn/GSM5927919/suppl/GSM5927919_203497730003_R04C01_Red.idat.gz"
[1] "Data downloaded successfuly"
[1] "https://ftp.ncbi.nlm.nih.gov/geo/samples/GSM5927nnn/GSM5927920/suppl/GSM5927920_203497730003_R06C01_Grn.idat.gz"
[1] "Data downloaded successfuly"
[1] "https://ftp.ncbi.nlm.nih.gov/geo/samples/GSM5927nnn/GSM5927920/suppl/GSM5927920_203497730003_R06C01_Red.idat.gz"
[1] "Data downloaded successfuly"
[1] "https://ftp.ncbi.nlm.nih.gov/geo/samples/GSM5927nnn/GSM5927921/suppl/GSM5927921_203497730003_R07C01_Grn.idat.gz"
[1] "Data downloaded successfuly"
[1] "https://ftp.ncbi.nlm.nih.gov/geo/samples/GSM5927nnn/GSM5927921/suppl/GSM5927921_203497730003_R07C01_Red.idat.gz"
[1] "Data downloaded successfuly"
[1] "https://ftp.ncbi.nlm.nih.gov/geo/samples/GSM5927nnn/GSM5927922/suppl/GSM5927922_203497730013_R01C01_Grn.idat.gz"
[1] "Data downloaded successfuly"
[1] "https://ftp.ncbi.nlm.nih.gov/geo/samples/GSM5927nnn/GSM5927922/suppl/GSM5927922_203497730013_R01C01_Red.idat.gz"
[1] "Data downloaded successfuly"
[1] "https://ftp.ncbi.nlm.nih.gov/geo/samples/GSM5927nnn/GSM5927923/suppl/GSM5927923_203497730013_R03C01_Grn.idat.gz"
[1] "Data downloaded successfuly"
[1] "https://ftp.ncbi.nlm.nih.gov/geo/samples/GSM5927nnn/GSM5927923/suppl/GSM5927923_203497730013_R03C01_Red.idat.gz"
[1] "Data downloaded successfuly"
[1] "https://ftp.ncbi.nlm.nih.gov/geo/samples/GSM5927nnn/GSM5927924/suppl/GSM5927924_203497730013_R04C01_Grn.idat.gz"
[1] "Data downloaded successfuly"
[1] "https://ftp.ncbi.nlm.nih.gov/geo/samples/GSM5927nnn/GSM5927924/suppl/GSM5927924_203497730013_R04C01_Red.idat.gz"
[1] "Data downloaded successfuly"
[1] "https://ftp.ncbi.nlm.nih.gov/geo/samples/GSM5927nnn/GSM5927925/suppl/GSM5927925_203497730013_R06C01_Grn.idat.gz"
[1] "Data downloaded successfuly"
[1] "https://ftp.ncbi.nlm.nih.gov/geo/samples/GSM5927nnn/GSM5927925/suppl/GSM5927925_203497730013_R06C01_Red.idat.gz"
[1] "Data downloaded successfuly"
[1] "https://ftp.ncbi.nlm.nih.gov/geo/samples/GSM5927nnn/GSM5927926/suppl/GSM5927926_203497730013_R07C01_Grn.idat.gz"
[1] "Data downloaded successfuly"
[1] "https://ftp.ncbi.nlm.nih.gov/geo/samples/GSM5927nnn/GSM5927926/suppl/GSM5927926_203497730013_R07C01_Red.idat.gz"
[1] "Data downloaded successfuly"
[1] "https://ftp.ncbi.nlm.nih.gov/geo/samples/GSM5927nnn/GSM5927927/suppl/GSM5927927_203497730016_R01C01_Grn.idat.gz"
[1] "Data downloaded successfuly"
[1] "https://ftp.ncbi.nlm.nih.gov/geo/samples/GSM5927nnn/GSM5927927/suppl/GSM5927927_203497730016_R01C01_Red.idat.gz"
[1] "Data downloaded successfuly"
[1] "https://ftp.ncbi.nlm.nih.gov/geo/samples/GSM5927nnn/GSM5927928/suppl/GSM5927928_203497730016_R03C01_Grn.idat.gz"
[1] "Data downloaded successfuly"
[1] "https://ftp.ncbi.nlm.nih.gov/geo/samples/GSM5927nnn/GSM5927928/suppl/GSM5927928_203497730016_R03C01_Red.idat.gz"
[1] "Data downloaded successfuly"
[1] "https://ftp.ncbi.nlm.nih.gov/geo/samples/GSM5927nnn/GSM5927929/suppl/GSM5927929_203497730016_R04C01_Grn.idat.gz"
[1] "Data downloaded successfuly"
[1] "https://ftp.ncbi.nlm.nih.gov/geo/samples/GSM5927nnn/GSM5927929/suppl/GSM5927929_203497730016_R04C01_Red.idat.gz"
[1] "Data downloaded successfuly"
[1] "https://ftp.ncbi.nlm.nih.gov/geo/samples/GSM5927nnn/GSM5927930/suppl/GSM5927930_203497730016_R05C01_Grn.idat.gz"
[1] "Data downloaded successfuly"
[1] "https://ftp.ncbi.nlm.nih.gov/geo/samples/GSM5927nnn/GSM5927930/suppl/GSM5927930_203497730016_R05C01_Red.idat.gz"
[1] "Data downloaded successfuly"
[1] "https://ftp.ncbi.nlm.nih.gov/geo/samples/GSM5927nnn/GSM5927931/suppl/GSM5927931_203497730016_R06C01_Grn.idat.gz"
[1] "Data downloaded successfuly"
[1] "https://ftp.ncbi.nlm.nih.gov/geo/samples/GSM5927nnn/GSM5927931/suppl/GSM5927931_203497730016_R06C01_Red.idat.gz"
[1] "Data downloaded successfuly"
[1] "https://ftp.ncbi.nlm.nih.gov/geo/samples/GSM5927nnn/GSM5927932/suppl/GSM5927932_203497730016_R07C01_Grn.idat.gz"
[1] "Data downloaded successfuly"
[1] "https://ftp.ncbi.nlm.nih.gov/geo/samples/GSM5927nnn/GSM5927932/suppl/GSM5927932_203497730016_R07C01_Red.idat.gz"
[1] "Data downloaded successfuly"
[1] "https://ftp.ncbi.nlm.nih.gov/geo/samples/GSM5927nnn/GSM5927933/suppl/GSM5927933_203497730016_R08C01_Grn.idat.gz"
[1] "Data downloaded successfuly"
[1] "https://ftp.ncbi.nlm.nih.gov/geo/samples/GSM5927nnn/GSM5927933/suppl/GSM5927933_203497730016_R08C01_Red.idat.gz"
[1] "Data downloaded successfuly"
[1] "https://ftp.ncbi.nlm.nih.gov/geo/samples/GSM5927nnn/GSM5927934/suppl/GSM5927934_203497730017_R01C01_Grn.idat.gz"
[1] "Data downloaded successfuly"
[1] "https://ftp.ncbi.nlm.nih.gov/geo/samples/GSM5927nnn/GSM5927934/suppl/GSM5927934_203497730017_R01C01_Red.idat.gz"
[1] "Data downloaded successfuly"
[1] "https://ftp.ncbi.nlm.nih.gov/geo/samples/GSM5927nnn/GSM5927935/suppl/GSM5927935_203497730017_R03C01_Grn.idat.gz"
[1] "Data downloaded successfuly"
[1] "https://ftp.ncbi.nlm.nih.gov/geo/samples/GSM5927nnn/GSM5927935/suppl/GSM5927935_203497730017_R03C01_Red.idat.gz"
[1] "Data downloaded successfuly"
[1] "https://ftp.ncbi.nlm.nih.gov/geo/samples/GSM5927nnn/GSM5927936/suppl/GSM5927936_203497730017_R04C01_Grn.idat.gz"
[1] "Data downloaded successfuly"
[1] "https://ftp.ncbi.nlm.nih.gov/geo/samples/GSM5927nnn/GSM5927936/suppl/GSM5927936_203497730017_R04C01_Red.idat.gz"
[1] "Data downloaded successfuly"
[1] "https://ftp.ncbi.nlm.nih.gov/geo/samples/GSM5927nnn/GSM5927937/suppl/GSM5927937_203497730017_R07C01_Grn.idat.gz"
[1] "Data downloaded successfuly"
[1] "https://ftp.ncbi.nlm.nih.gov/geo/samples/GSM5927nnn/GSM5927937/suppl/GSM5927937_203497730017_R07C01_Red.idat.gz"
[1] "Data downloaded successfuly"
[1] "https://ftp.ncbi.nlm.nih.gov/geo/samples/GSM5927nnn/GSM5927938/suppl/GSM5927938_203497730017_R08C01_Grn.idat.gz"
[1] "Data downloaded successfuly"
[1] "https://ftp.ncbi.nlm.nih.gov/geo/samples/GSM5927nnn/GSM5927938/suppl/GSM5927938_203497730017_R08C01_Red.idat.gz"
[1] "Data downloaded successfuly"
[1] "https://ftp.ncbi.nlm.nih.gov/geo/samples/GSM5927nnn/GSM5927939/suppl/GSM5927939_203497730049_R01C01_Grn.idat.gz"
[1] "Data downloaded successfuly"
[1] "https://ftp.ncbi.nlm.nih.gov/geo/samples/GSM5927nnn/GSM5927939/suppl/GSM5927939_203497730049_R01C01_Red.idat.gz"
[1] "Data downloaded successfuly"
[1] "https://ftp.ncbi.nlm.nih.gov/geo/samples/GSM5927nnn/GSM5927940/suppl/GSM5927940_203497730049_R02C01_Grn.idat.gz"
[1] "Data downloaded successfuly"
[1] "https://ftp.ncbi.nlm.nih.gov/geo/samples/GSM5927nnn/GSM5927940/suppl/GSM5927940_203497730049_R02C01_Red.idat.gz"
[1] "Data downloaded successfuly"
[1] "https://ftp.ncbi.nlm.nih.gov/geo/samples/GSM5927nnn/GSM5927941/suppl/GSM5927941_203497730049_R03C01_Grn.idat.gz"
[1] "Data downloaded successfuly"
[1] "https://ftp.ncbi.nlm.nih.gov/geo/samples/GSM5927nnn/GSM5927941/suppl/GSM5927941_203497730049_R03C01_Red.idat.gz"
[1] "Data downloaded successfuly"
[1] "https://ftp.ncbi.nlm.nih.gov/geo/samples/GSM5927nnn/GSM5927942/suppl/GSM5927942_203497730049_R04C01_Grn.idat.gz"
[1] "Data downloaded successfuly"
[1] "https://ftp.ncbi.nlm.nih.gov/geo/samples/GSM5927nnn/GSM5927942/suppl/GSM5927942_203497730049_R04C01_Red.idat.gz"
[1] "Data downloaded successfuly"
[1] "https://ftp.ncbi.nlm.nih.gov/geo/samples/GSM5927nnn/GSM5927943/suppl/GSM5927943_203497730049_R05C01_Grn.idat.gz"
[1] "Data downloaded successfuly"
[1] "https://ftp.ncbi.nlm.nih.gov/geo/samples/GSM5927nnn/GSM5927943/suppl/GSM5927943_203497730049_R05C01_Red.idat.gz"
[1] "Data downloaded successfuly"
[1] "https://ftp.ncbi.nlm.nih.gov/geo/samples/GSM5927nnn/GSM5927944/suppl/GSM5927944_203497730049_R07C01_Grn.idat.gz"
[1] "Data downloaded successfuly"
[1] "https://ftp.ncbi.nlm.nih.gov/geo/samples/GSM5927nnn/GSM5927944/suppl/GSM5927944_203497730049_R07C01_Red.idat.gz"
[1] "Data downloaded successfuly"
[1] "https://ftp.ncbi.nlm.nih.gov/geo/samples/GSM5927nnn/GSM5927945/suppl/GSM5927945_203497730049_R08C01_Grn.idat.gz"
[1] "Data downloaded successfuly"
[1] "https://ftp.ncbi.nlm.nih.gov/geo/samples/GSM5927nnn/GSM5927945/suppl/GSM5927945_203497730049_R08C01_Red.idat.gz"
[1] "Data downloaded successfuly"
[1] "https://ftp.ncbi.nlm.nih.gov/geo/samples/GSM5927nnn/GSM5927946/suppl/GSM5927946_203497730056_R01C01_Grn.idat.gz"
[1] "Data downloaded successfuly"
[1] "https://ftp.ncbi.nlm.nih.gov/geo/samples/GSM5927nnn/GSM5927946/suppl/GSM5927946_203497730056_R01C01_Red.idat.gz"
[1] "Data downloaded successfuly"
[1] "https://ftp.ncbi.nlm.nih.gov/geo/samples/GSM5927nnn/GSM5927947/suppl/GSM5927947_203497730056_R02C01_Grn.idat.gz"
[1] "Data downloaded successfuly"
[1] "https://ftp.ncbi.nlm.nih.gov/geo/samples/GSM5927nnn/GSM5927947/suppl/GSM5927947_203497730056_R02C01_Red.idat.gz"
[1] "Data downloaded successfuly"
[1] "https://ftp.ncbi.nlm.nih.gov/geo/samples/GSM5927nnn/GSM5927948/suppl/GSM5927948_203497730056_R03C01_Grn.idat.gz"
[1] "Data downloaded successfuly"
[1] "https://ftp.ncbi.nlm.nih.gov/geo/samples/GSM5927nnn/GSM5927948/suppl/GSM5927948_203497730056_R03C01_Red.idat.gz"
[1] "Data downloaded successfuly"
[1] "https://ftp.ncbi.nlm.nih.gov/geo/samples/GSM5927nnn/GSM5927949/suppl/GSM5927949_203497730056_R04C01_Grn.idat.gz"
[1] "Data downloaded successfuly"
[1] "https://ftp.ncbi.nlm.nih.gov/geo/samples/GSM5927nnn/GSM5927949/suppl/GSM5927949_203497730056_R04C01_Red.idat.gz"
[1] "Data downloaded successfuly"
[1] "https://ftp.ncbi.nlm.nih.gov/geo/samples/GSM5927nnn/GSM5927950/suppl/GSM5927950_203497730056_R05C01_Grn.idat.gz"
[1] "Data downloaded successfuly"
[1] "https://ftp.ncbi.nlm.nih.gov/geo/samples/GSM5927nnn/GSM5927950/suppl/GSM5927950_203497730056_R05C01_Red.idat.gz"
[1] "Data downloaded successfuly"
[1] "https://ftp.ncbi.nlm.nih.gov/geo/samples/GSM5927nnn/GSM5927951/suppl/GSM5927951_203497730056_R07C01_Grn.idat.gz"
[1] "Data downloaded successfuly"
[1] "https://ftp.ncbi.nlm.nih.gov/geo/samples/GSM5927nnn/GSM5927951/suppl/GSM5927951_203497730056_R07C01_Red.idat.gz"
[1] "Data downloaded successfuly"
[1] "https://ftp.ncbi.nlm.nih.gov/geo/samples/GSM5927nnn/GSM5927952/suppl/GSM5927952_203497730056_R08C01_Grn.idat.gz"
[1] "Data downloaded successfuly"
[1] "https://ftp.ncbi.nlm.nih.gov/geo/samples/GSM5927nnn/GSM5927952/suppl/GSM5927952_203497730056_R08C01_Red.idat.gz"
[1] "Data downloaded successfuly"
[1] "https://ftp.ncbi.nlm.nih.gov/geo/samples/GSM5927nnn/GSM5927953/suppl/GSM5927953_203497730058_R04C01_Grn.idat.gz"
[1] "Data downloaded successfuly"
[1] "https://ftp.ncbi.nlm.nih.gov/geo/samples/GSM5927nnn/GSM5927953/suppl/GSM5927953_203497730058_R04C01_Red.idat.gz"
[1] "Data downloaded successfuly"
[1] "https://ftp.ncbi.nlm.nih.gov/geo/samples/GSM5927nnn/GSM5927954/suppl/GSM5927954_203497730058_R05C01_Grn.idat.gz"
[1] "Data downloaded successfuly"
[1] "https://ftp.ncbi.nlm.nih.gov/geo/samples/GSM5927nnn/GSM5927954/suppl/GSM5927954_203497730058_R05C01_Red.idat.gz"
[1] "Data downloaded successfuly"
[1] "https://ftp.ncbi.nlm.nih.gov/geo/samples/GSM5927nnn/GSM5927955/suppl/GSM5927955_203497730058_R06C01_Grn.idat.gz"
[1] "Data downloaded successfuly"
[1] "https://ftp.ncbi.nlm.nih.gov/geo/samples/GSM5927nnn/GSM5927955/suppl/GSM5927955_203497730058_R06C01_Red.idat.gz"
[1] "Data downloaded successfuly"
[1] "https://ftp.ncbi.nlm.nih.gov/geo/samples/GSM5927nnn/GSM5927956/suppl/GSM5927956_203497730058_R07C01_Grn.idat.gz"
[1] "Data downloaded successfuly"
[1] "https://ftp.ncbi.nlm.nih.gov/geo/samples/GSM5927nnn/GSM5927956/suppl/GSM5927956_203497730058_R07C01_Red.idat.gz"
[1] "Data downloaded successfuly"
[1] "https://ftp.ncbi.nlm.nih.gov/geo/samples/GSM5927nnn/GSM5927957/suppl/GSM5927957_203497730058_R08C01_Grn.idat.gz"
[1] "Data downloaded successfuly"
[1] "https://ftp.ncbi.nlm.nih.gov/geo/samples/GSM5927nnn/GSM5927957/suppl/GSM5927957_203497730058_R08C01_Red.idat.gz"
[1] "Data downloaded successfuly"
[1] "https://ftp.ncbi.nlm.nih.gov/geo/samples/GSM5927nnn/GSM5927958/suppl/GSM5927958_203497730072_R02C01_Grn.idat.gz"
[1] "Data downloaded successfuly"
[1] "https://ftp.ncbi.nlm.nih.gov/geo/samples/GSM5927nnn/GSM5927958/suppl/GSM5927958_203497730072_R02C01_Red.idat.gz"
[1] "Data downloaded successfuly"
[1] "https://ftp.ncbi.nlm.nih.gov/geo/samples/GSM5927nnn/GSM5927959/suppl/GSM5927959_203497730072_R03C01_Grn.idat.gz"
[1] "Data downloaded successfuly"
[1] "https://ftp.ncbi.nlm.nih.gov/geo/samples/GSM5927nnn/GSM5927959/suppl/GSM5927959_203497730072_R03C01_Red.idat.gz"
[1] "Data downloaded successfuly"
[1] "https://ftp.ncbi.nlm.nih.gov/geo/samples/GSM5927nnn/GSM5927960/suppl/GSM5927960_203497730072_R04C01_Grn.idat.gz"
[1] "Data downloaded successfuly"
[1] "https://ftp.ncbi.nlm.nih.gov/geo/samples/GSM5927nnn/GSM5927960/suppl/GSM5927960_203497730072_R04C01_Red.idat.gz"
[1] "Data downloaded successfuly"
[1] "https://ftp.ncbi.nlm.nih.gov/geo/samples/GSM5927nnn/GSM5927961/suppl/GSM5927961_203497730072_R05C01_Grn.idat.gz"
[1] "Data downloaded successfuly"
[1] "https://ftp.ncbi.nlm.nih.gov/geo/samples/GSM5927nnn/GSM5927961/suppl/GSM5927961_203497730072_R05C01_Red.idat.gz"
[1] "Data downloaded successfuly"
[1] "https://ftp.ncbi.nlm.nih.gov/geo/samples/GSM5927nnn/GSM5927962/suppl/GSM5927962_203497730072_R06C01_Grn.idat.gz"
[1] "Data downloaded successfuly"
[1] "https://ftp.ncbi.nlm.nih.gov/geo/samples/GSM5927nnn/GSM5927962/suppl/GSM5927962_203497730072_R06C01_Red.idat.gz"
[1] "Data downloaded successfuly"
[1] "https://ftp.ncbi.nlm.nih.gov/geo/samples/GSM5927nnn/GSM5927963/suppl/GSM5927963_203497730072_R07C01_Grn.idat.gz"
[1] "Data downloaded successfuly"
[1] "https://ftp.ncbi.nlm.nih.gov/geo/samples/GSM5927nnn/GSM5927963/suppl/GSM5927963_203497730072_R07C01_Red.idat.gz"
[1] "Data downloaded successfuly"
[1] "https://ftp.ncbi.nlm.nih.gov/geo/samples/GSM5927nnn/GSM5927964/suppl/GSM5927964_203497730072_R08C01_Grn.idat.gz"
[1] "Data downloaded successfuly"
[1] "https://ftp.ncbi.nlm.nih.gov/geo/samples/GSM5927nnn/GSM5927964/suppl/GSM5927964_203497730072_R08C01_Red.idat.gz"
[1] "Data downloaded successfuly"
[1] "https://ftp.ncbi.nlm.nih.gov/geo/samples/GSM5927nnn/GSM5927965/suppl/GSM5927965_203497730102_R01C01_Grn.idat.gz"
[1] "Data downloaded successfuly"
[1] "https://ftp.ncbi.nlm.nih.gov/geo/samples/GSM5927nnn/GSM5927965/suppl/GSM5927965_203497730102_R01C01_Red.idat.gz"
[1] "Data downloaded successfuly"
[1] "https://ftp.ncbi.nlm.nih.gov/geo/samples/GSM5927nnn/GSM5927966/suppl/GSM5927966_203497730102_R03C01_Grn.idat.gz"
[1] "Data downloaded successfuly"
[1] "https://ftp.ncbi.nlm.nih.gov/geo/samples/GSM5927nnn/GSM5927966/suppl/GSM5927966_203497730102_R03C01_Red.idat.gz"
[1] "Data downloaded successfuly"
[1] "https://ftp.ncbi.nlm.nih.gov/geo/samples/GSM5927nnn/GSM5927967/suppl/GSM5927967_203497730102_R04C01_Grn.idat.gz"
[1] "Data downloaded successfuly"
[1] "https://ftp.ncbi.nlm.nih.gov/geo/samples/GSM5927nnn/GSM5927967/suppl/GSM5927967_203497730102_R04C01_Red.idat.gz"
[1] "Data downloaded successfuly"
[1] "https://ftp.ncbi.nlm.nih.gov/geo/samples/GSM5927nnn/GSM5927968/suppl/GSM5927968_203497730102_R05C01_Grn.idat.gz"
[1] "Data downloaded successfuly"
[1] "https://ftp.ncbi.nlm.nih.gov/geo/samples/GSM5927nnn/GSM5927968/suppl/GSM5927968_203497730102_R05C01_Red.idat.gz"
[1] "Data downloaded successfuly"
[1] "https://ftp.ncbi.nlm.nih.gov/geo/samples/GSM5927nnn/GSM5927969/suppl/GSM5927969_203497730102_R06C01_Grn.idat.gz"
[1] "Data downloaded successfuly"
[1] "https://ftp.ncbi.nlm.nih.gov/geo/samples/GSM5927nnn/GSM5927969/suppl/GSM5927969_203497730102_R06C01_Red.idat.gz"
[1] "Data downloaded successfuly"
[1] "https://ftp.ncbi.nlm.nih.gov/geo/samples/GSM5927nnn/GSM5927970/suppl/GSM5927970_203497730102_R07C01_Grn.idat.gz"
[1] "Data downloaded successfuly"
[1] "https://ftp.ncbi.nlm.nih.gov/geo/samples/GSM5927nnn/GSM5927970/suppl/GSM5927970_203497730102_R07C01_Red.idat.gz"
[1] "Data downloaded successfuly"
[1] "https://ftp.ncbi.nlm.nih.gov/geo/samples/GSM5927nnn/GSM5927971/suppl/GSM5927971_203497730102_R08C01_Grn.idat.gz"
[1] "Data downloaded successfuly"
[1] "https://ftp.ncbi.nlm.nih.gov/geo/samples/GSM5927nnn/GSM5927971/suppl/GSM5927971_203497730102_R08C01_Red.idat.gz"
[1] "Data downloaded successfuly"
[1] "https://ftp.ncbi.nlm.nih.gov/geo/samples/GSM5927nnn/GSM5927972/suppl/GSM5927972_203504430026_R02C01_Grn.idat.gz"
[1] "Data downloaded successfuly"
[1] "https://ftp.ncbi.nlm.nih.gov/geo/samples/GSM5927nnn/GSM5927972/suppl/GSM5927972_203504430026_R02C01_Red.idat.gz"
[1] "Data downloaded successfuly"
[1] "https://ftp.ncbi.nlm.nih.gov/geo/samples/GSM5927nnn/GSM5927973/suppl/GSM5927973_203504430026_R03C01_Grn.idat.gz"
[1] "Data downloaded successfuly"
[1] "https://ftp.ncbi.nlm.nih.gov/geo/samples/GSM5927nnn/GSM5927973/suppl/GSM5927973_203504430026_R03C01_Red.idat.gz"
[1] "Data downloaded successfuly"
[1] "https://ftp.ncbi.nlm.nih.gov/geo/samples/GSM5927nnn/GSM5927974/suppl/GSM5927974_203504430026_R04C01_Grn.idat.gz"
[1] "Data downloaded successfuly"
[1] "https://ftp.ncbi.nlm.nih.gov/geo/samples/GSM5927nnn/GSM5927974/suppl/GSM5927974_203504430026_R04C01_Red.idat.gz"
[1] "Data downloaded successfuly"
[1] "https://ftp.ncbi.nlm.nih.gov/geo/samples/GSM5927nnn/GSM5927975/suppl/GSM5927975_203504430042_R01C01_Grn.idat.gz"
[1] "Data downloaded successfuly"
[1] "https://ftp.ncbi.nlm.nih.gov/geo/samples/GSM5927nnn/GSM5927975/suppl/GSM5927975_203504430042_R01C01_Red.idat.gz"
[1] "Data downloaded successfuly"
[1] "https://ftp.ncbi.nlm.nih.gov/geo/samples/GSM5927nnn/GSM5927976/suppl/GSM5927976_203504430042_R02C01_Grn.idat.gz"
[1] "Data downloaded successfuly"
[1] "https://ftp.ncbi.nlm.nih.gov/geo/samples/GSM5927nnn/GSM5927976/suppl/GSM5927976_203504430042_R02C01_Red.idat.gz"
[1] "Data downloaded successfuly"
[1] "https://ftp.ncbi.nlm.nih.gov/geo/samples/GSM5927nnn/GSM5927977/suppl/GSM5927977_203504430042_R03C01_Grn.idat.gz"
[1] "Data downloaded successfuly"
[1] "https://ftp.ncbi.nlm.nih.gov/geo/samples/GSM5927nnn/GSM5927977/suppl/GSM5927977_203504430042_R03C01_Red.idat.gz"
[1] "Data downloaded successfuly"
