[1] "Downloading batch from 201 to 400"
[1] "https://ftp.ncbi.nlm.nih.gov/geo/samples/GSM3853nnn/GSM3853325/suppl/GSM3853325_201114400018_R06C01_Grn.idat.gz"
[1] "Data downloaded successfuly"
[1] "https://ftp.ncbi.nlm.nih.gov/geo/samples/GSM3853nnn/GSM3853325/suppl/GSM3853325_201114400018_R06C01_Red.idat.gz"
[1] "Data downloaded successfuly"
[1] "https://ftp.ncbi.nlm.nih.gov/geo/samples/GSM3853nnn/GSM3853326/suppl/GSM3853326_201114400018_R07C01_Grn.idat.gz"
[1] "Data downloaded successfuly"
[1] "https://ftp.ncbi.nlm.nih.gov/geo/samples/GSM3853nnn/GSM3853326/suppl/GSM3853326_201114400018_R07C01_Red.idat.gz"
[1] "Data downloaded successfuly"
[1] "https://ftp.ncbi.nlm.nih.gov/geo/samples/GSM3853nnn/GSM3853327/suppl/GSM3853327_201114400018_R08C01_Grn.idat.gz"
[1] "Data downloaded successfuly"
[1] "https://ftp.ncbi.nlm.nih.gov/geo/samples/GSM3853nnn/GSM3853327/suppl/GSM3853327_201114400018_R08C01_Red.idat.gz"
[1] "Data downloaded successfuly"
[1] "https://ftp.ncbi.nlm.nih.gov/geo/samples/GSM3853nnn/GSM3853328/suppl/GSM3853328_201114400024_R01C01_Grn.idat.gz"
[1] "Data downloaded successfuly"
[1] "https://ftp.ncbi.nlm.nih.gov/geo/samples/GSM3853nnn/GSM3853328/suppl/GSM3853328_201114400024_R01C01_Red.idat.gz"
[1] "Data downloaded successfuly"
[1] "https://ftp.ncbi.nlm.nih.gov/geo/samples/GSM3853nnn/GSM3853329/suppl/GSM3853329_201114400024_R02C01_Grn.idat.gz"
[1] "Data downloaded successfuly"
[1] "https://ftp.ncbi.nlm.nih.gov/geo/samples/GSM3853nnn/GSM3853329/suppl/GSM3853329_201114400024_R02C01_Red.idat.gz"
[1] "Data downloaded successfuly"
[1] "https://ftp.ncbi.nlm.nih.gov/geo/samples/GSM3853nnn/GSM3853330/suppl/GSM3853330_201114400024_R03C01_Grn.idat.gz"
[1] "Data downloaded successfuly"
[1] "https://ftp.ncbi.nlm.nih.gov/geo/samples/GSM3853nnn/GSM3853330/suppl/GSM3853330_201114400024_R03C01_Red.idat.gz"
[1] "Data downloaded successfuly"
[1] "https://ftp.ncbi.nlm.nih.gov/geo/samples/GSM3853nnn/GSM3853331/suppl/GSM3853331_201114400024_R04C01_Grn.idat.gz"
[1] "Data downloaded successfuly"
[1] "https://ftp.ncbi.nlm.nih.gov/geo/samples/GSM3853nnn/GSM3853331/suppl/GSM3853331_201114400024_R04C01_Red.idat.gz"
[1] "Data downloaded successfuly"
[1] "https://ftp.ncbi.nlm.nih.gov/geo/samples/GSM3853nnn/GSM3853332/suppl/GSM3853332_201114400024_R05C01_Grn.idat.gz"
[1] "Data downloaded successfuly"
[1] "https://ftp.ncbi.nlm.nih.gov/geo/samples/GSM3853nnn/GSM3853332/suppl/GSM3853332_201114400024_R05C01_Red.idat.gz"
[1] "Data downloaded successfuly"
[1] "https://ftp.ncbi.nlm.nih.gov/geo/samples/GSM3853nnn/GSM3853333/suppl/GSM3853333_201114400024_R06C01_Grn.idat.gz"
[1] "Data downloaded successfuly"
[1] "https://ftp.ncbi.nlm.nih.gov/geo/samples/GSM3853nnn/GSM3853333/suppl/GSM3853333_201114400024_R06C01_Red.idat.gz"
[1] "Data downloaded successfuly"
[1] "https://ftp.ncbi.nlm.nih.gov/geo/samples/GSM3853nnn/GSM3853334/suppl/GSM3853334_201114400024_R07C01_Grn.idat.gz"
[1] "Data downloaded successfuly"
[1] "https://ftp.ncbi.nlm.nih.gov/geo/samples/GSM3853nnn/GSM3853334/suppl/GSM3853334_201114400024_R07C01_Red.idat.gz"
[1] "Data downloaded successfuly"
[1] "https://ftp.ncbi.nlm.nih.gov/geo/samples/GSM3853nnn/GSM3853335/suppl/GSM3853335_201114400024_R08C01_Grn.idat.gz"
[1] "Data downloaded successfuly"
[1] "https://ftp.ncbi.nlm.nih.gov/geo/samples/GSM3853nnn/GSM3853335/suppl/GSM3853335_201114400024_R08C01_Red.idat.gz"
[1] "Data downloaded successfuly"
[1] "https://ftp.ncbi.nlm.nih.gov/geo/samples/GSM3853nnn/GSM3853336/suppl/GSM3853336_201114400025_R01C01_Grn.idat.gz"
[1] "Data downloaded successfuly"
[1] "https://ftp.ncbi.nlm.nih.gov/geo/samples/GSM3853nnn/GSM3853336/suppl/GSM3853336_201114400025_R01C01_Red.idat.gz"
[1] "Data downloaded successfuly"
[1] "https://ftp.ncbi.nlm.nih.gov/geo/samples/GSM3853nnn/GSM3853337/suppl/GSM3853337_201114400025_R02C01_Grn.idat.gz"
[1] "Data downloaded successfuly"
[1] "https://ftp.ncbi.nlm.nih.gov/geo/samples/GSM3853nnn/GSM3853337/suppl/GSM3853337_201114400025_R02C01_Red.idat.gz"
[1] "Data downloaded successfuly"
[1] "https://ftp.ncbi.nlm.nih.gov/geo/samples/GSM3853nnn/GSM3853338/suppl/GSM3853338_201114400025_R03C01_Grn.idat.gz"
[1] "Data downloaded successfuly"
[1] "https://ftp.ncbi.nlm.nih.gov/geo/samples/GSM3853nnn/GSM3853338/suppl/GSM3853338_201114400025_R03C01_Red.idat.gz"
[1] "Data downloaded successfuly"
[1] "https://ftp.ncbi.nlm.nih.gov/geo/samples/GSM3853nnn/GSM3853339/suppl/GSM3853339_201114400025_R04C01_Grn.idat.gz"
[1] "Data downloaded successfuly"
[1] "https://ftp.ncbi.nlm.nih.gov/geo/samples/GSM3853nnn/GSM3853339/suppl/GSM3853339_201114400025_R04C01_Red.idat.gz"
[1] "Data downloaded successfuly"
[1] "https://ftp.ncbi.nlm.nih.gov/geo/samples/GSM3853nnn/GSM3853340/suppl/GSM3853340_201114400025_R05C01_Grn.idat.gz"
[1] "Data downloaded successfuly"
[1] "https://ftp.ncbi.nlm.nih.gov/geo/samples/GSM3853nnn/GSM3853340/suppl/GSM3853340_201114400025_R05C01_Red.idat.gz"
[1] "Data downloaded successfuly"
[1] "https://ftp.ncbi.nlm.nih.gov/geo/samples/GSM3853nnn/GSM3853341/suppl/GSM3853341_201114400025_R06C01_Grn.idat.gz"
[1] "Data downloaded successfuly"
[1] "https://ftp.ncbi.nlm.nih.gov/geo/samples/GSM3853nnn/GSM3853341/suppl/GSM3853341_201114400025_R06C01_Red.idat.gz"
[1] "Data downloaded successfuly"
[1] "https://ftp.ncbi.nlm.nih.gov/geo/samples/GSM3853nnn/GSM3853342/suppl/GSM3853342_201114400025_R08C01_Grn.idat.gz"
[1] "Data downloaded successfuly"
[1] "https://ftp.ncbi.nlm.nih.gov/geo/samples/GSM3853nnn/GSM3853342/suppl/GSM3853342_201114400025_R08C01_Red.idat.gz"
[1] "Data downloaded successfuly"
[1] "https://ftp.ncbi.nlm.nih.gov/geo/samples/GSM3853nnn/GSM3853343/suppl/GSM3853343_201114400026_R01C01_Grn.idat.gz"
[1] "Data downloaded successfuly"
[1] "https://ftp.ncbi.nlm.nih.gov/geo/samples/GSM3853nnn/GSM3853343/suppl/GSM3853343_201114400026_R01C01_Red.idat.gz"
[1] "Data downloaded successfuly"
[1] "https://ftp.ncbi.nlm.nih.gov/geo/samples/GSM3853nnn/GSM3853344/suppl/GSM3853344_201114400026_R02C01_Grn.idat.gz"
[1] "Data downloaded successfuly"
[1] "https://ftp.ncbi.nlm.nih.gov/geo/samples/GSM3853nnn/GSM3853344/suppl/GSM3853344_201114400026_R02C01_Red.idat.gz"
[1] "Data downloaded successfuly"
[1] "https://ftp.ncbi.nlm.nih.gov/geo/samples/GSM3853nnn/GSM3853345/suppl/GSM3853345_201114400026_R03C01_Grn.idat.gz"
[1] "Data downloaded successfuly"
[1] "https://ftp.ncbi.nlm.nih.gov/geo/samples/GSM3853nnn/GSM3853345/suppl/GSM3853345_201114400026_R03C01_Red.idat.gz"
[1] "Data downloaded successfuly"
[1] "https://ftp.ncbi.nlm.nih.gov/geo/samples/GSM3853nnn/GSM3853346/suppl/GSM3853346_201114400026_R04C01_Grn.idat.gz"
[1] "Data downloaded successfuly"
[1] "https://ftp.ncbi.nlm.nih.gov/geo/samples/GSM3853nnn/GSM3853346/suppl/GSM3853346_201114400026_R04C01_Red.idat.gz"
[1] "Data downloaded successfuly"
[1] "https://ftp.ncbi.nlm.nih.gov/geo/samples/GSM3853nnn/GSM3853347/suppl/GSM3853347_201114400026_R05C01_Grn.idat.gz"
[1] "Data downloaded successfuly"
[1] "https://ftp.ncbi.nlm.nih.gov/geo/samples/GSM3853nnn/GSM3853347/suppl/GSM3853347_201114400026_R05C01_Red.idat.gz"
[1] "Data downloaded successfuly"
[1] "https://ftp.ncbi.nlm.nih.gov/geo/samples/GSM3853nnn/GSM3853348/suppl/GSM3853348_201114400026_R06C01_Grn.idat.gz"
[1] "Data downloaded successfuly"
[1] "https://ftp.ncbi.nlm.nih.gov/geo/samples/GSM3853nnn/GSM3853348/suppl/GSM3853348_201114400026_R06C01_Red.idat.gz"
[1] "Data downloaded successfuly"
[1] "https://ftp.ncbi.nlm.nih.gov/geo/samples/GSM3853nnn/GSM3853349/suppl/GSM3853349_201114400026_R07C01_Grn.idat.gz"
[1] "Data downloaded successfuly"
[1] "https://ftp.ncbi.nlm.nih.gov/geo/samples/GSM3853nnn/GSM3853349/suppl/GSM3853349_201114400026_R07C01_Red.idat.gz"
[1] "Data downloaded successfuly"
[1] "https://ftp.ncbi.nlm.nih.gov/geo/samples/GSM3853nnn/GSM3853350/suppl/GSM3853350_201114400026_R08C01_Grn.idat.gz"
[1] "Data downloaded successfuly"
[1] "https://ftp.ncbi.nlm.nih.gov/geo/samples/GSM3853nnn/GSM3853350/suppl/GSM3853350_201114400026_R08C01_Red.idat.gz"
[1] "Data downloaded successfuly"
[1] "https://ftp.ncbi.nlm.nih.gov/geo/samples/GSM3853nnn/GSM3853351/suppl/GSM3853351_201114410002_R01C01_Grn.idat.gz"
[1] "Data downloaded successfuly"
[1] "https://ftp.ncbi.nlm.nih.gov/geo/samples/GSM3853nnn/GSM3853351/suppl/GSM3853351_201114410002_R01C01_Red.idat.gz"
[1] "Data downloaded successfuly"
[1] "https://ftp.ncbi.nlm.nih.gov/geo/samples/GSM3853nnn/GSM3853352/suppl/GSM3853352_201114410002_R02C01_Grn.idat.gz"
[1] "Data downloaded successfuly"
[1] "https://ftp.ncbi.nlm.nih.gov/geo/samples/GSM3853nnn/GSM3853352/suppl/GSM3853352_201114410002_R02C01_Red.idat.gz"
[1] "Data downloaded successfuly"
[1] "https://ftp.ncbi.nlm.nih.gov/geo/samples/GSM3853nnn/GSM3853353/suppl/GSM3853353_201114410002_R03C01_Grn.idat.gz"
[1] "Data downloaded successfuly"
[1] "https://ftp.ncbi.nlm.nih.gov/geo/samples/GSM3853nnn/GSM3853353/suppl/GSM3853353_201114410002_R03C01_Red.idat.gz"
[1] "Data downloaded successfuly"
[1] "https://ftp.ncbi.nlm.nih.gov/geo/samples/GSM3853nnn/GSM3853354/suppl/GSM3853354_201114410002_R04C01_Grn.idat.gz"
[1] "Data downloaded successfuly"
[1] "https://ftp.ncbi.nlm.nih.gov/geo/samples/GSM3853nnn/GSM3853354/suppl/GSM3853354_201114410002_R04C01_Red.idat.gz"
[1] "Data downloaded successfuly"
[1] "https://ftp.ncbi.nlm.nih.gov/geo/samples/GSM3853nnn/GSM3853355/suppl/GSM3853355_201114410002_R05C01_Grn.idat.gz"
[1] "Data downloaded successfuly"
[1] "https://ftp.ncbi.nlm.nih.gov/geo/samples/GSM3853nnn/GSM3853355/suppl/GSM3853355_201114410002_R05C01_Red.idat.gz"
[1] "Data downloaded successfuly"
[1] "https://ftp.ncbi.nlm.nih.gov/geo/samples/GSM3853nnn/GSM3853356/suppl/GSM3853356_201114410002_R06C01_Grn.idat.gz"
[1] "Data downloaded successfuly"
[1] "https://ftp.ncbi.nlm.nih.gov/geo/samples/GSM3853nnn/GSM3853356/suppl/GSM3853356_201114410002_R06C01_Red.idat.gz"
[1] "Data downloaded successfuly"
[1] "https://ftp.ncbi.nlm.nih.gov/geo/samples/GSM3853nnn/GSM3853357/suppl/GSM3853357_201114410002_R07C01_Grn.idat.gz"
[1] "Data downloaded successfuly"
[1] "https://ftp.ncbi.nlm.nih.gov/geo/samples/GSM3853nnn/GSM3853357/suppl/GSM3853357_201114410002_R07C01_Red.idat.gz"
[1] "Data downloaded successfuly"
[1] "https://ftp.ncbi.nlm.nih.gov/geo/samples/GSM3853nnn/GSM3853358/suppl/GSM3853358_201114410002_R08C01_Grn.idat.gz"
[1] "Data downloaded successfuly"
[1] "https://ftp.ncbi.nlm.nih.gov/geo/samples/GSM3853nnn/GSM3853358/suppl/GSM3853358_201114410002_R08C01_Red.idat.gz"
[1] "Data downloaded successfuly"
[1] "https://ftp.ncbi.nlm.nih.gov/geo/samples/GSM3853nnn/GSM3853359/suppl/GSM3853359_201114410003_R01C01_Grn.idat.gz"
[1] "Data downloaded successfuly"
[1] "https://ftp.ncbi.nlm.nih.gov/geo/samples/GSM3853nnn/GSM3853359/suppl/GSM3853359_201114410003_R01C01_Red.idat.gz"
[1] "Data downloaded successfuly"
[1] "https://ftp.ncbi.nlm.nih.gov/geo/samples/GSM3853nnn/GSM3853360/suppl/GSM3853360_201114410003_R02C01_Grn.idat.gz"
[1] "Data downloaded successfuly"
[1] "https://ftp.ncbi.nlm.nih.gov/geo/samples/GSM3853nnn/GSM3853360/suppl/GSM3853360_201114410003_R02C01_Red.idat.gz"
[1] "Data downloaded successfuly"
[1] "https://ftp.ncbi.nlm.nih.gov/geo/samples/GSM3853nnn/GSM3853361/suppl/GSM3853361_201114410003_R03C01_Grn.idat.gz"
[1] "Data downloaded successfuly"
[1] "https://ftp.ncbi.nlm.nih.gov/geo/samples/GSM3853nnn/GSM3853361/suppl/GSM3853361_201114410003_R03C01_Red.idat.gz"
[1] "Data downloaded successfuly"
[1] "https://ftp.ncbi.nlm.nih.gov/geo/samples/GSM3853nnn/GSM3853362/suppl/GSM3853362_201114410003_R04C01_Grn.idat.gz"
[1] "Data downloaded successfuly"
[1] "https://ftp.ncbi.nlm.nih.gov/geo/samples/GSM3853nnn/GSM3853362/suppl/GSM3853362_201114410003_R04C01_Red.idat.gz"
[1] "Data downloaded successfuly"
[1] "https://ftp.ncbi.nlm.nih.gov/geo/samples/GSM3853nnn/GSM3853363/suppl/GSM3853363_201114410003_R05C01_Grn.idat.gz"
[1] "Data downloaded successfuly"
[1] "https://ftp.ncbi.nlm.nih.gov/geo/samples/GSM3853nnn/GSM3853363/suppl/GSM3853363_201114410003_R05C01_Red.idat.gz"
[1] "Data downloaded successfuly"
[1] "https://ftp.ncbi.nlm.nih.gov/geo/samples/GSM3853nnn/GSM3853364/suppl/GSM3853364_201114410003_R06C01_Grn.idat.gz"
[1] "Data downloaded successfuly"
[1] "https://ftp.ncbi.nlm.nih.gov/geo/samples/GSM3853nnn/GSM3853364/suppl/GSM3853364_201114410003_R06C01_Red.idat.gz"
[1] "Data downloaded successfuly"
[1] "https://ftp.ncbi.nlm.nih.gov/geo/samples/GSM3853nnn/GSM3853365/suppl/GSM3853365_201114410003_R07C01_Grn.idat.gz"
[1] "Data downloaded successfuly"
[1] "https://ftp.ncbi.nlm.nih.gov/geo/samples/GSM3853nnn/GSM3853365/suppl/GSM3853365_201114410003_R07C01_Red.idat.gz"
[1] "Data downloaded successfuly"
[1] "https://ftp.ncbi.nlm.nih.gov/geo/samples/GSM3853nnn/GSM3853366/suppl/GSM3853366_201114410003_R08C01_Grn.idat.gz"
[1] "Data downloaded successfuly"
[1] "https://ftp.ncbi.nlm.nih.gov/geo/samples/GSM3853nnn/GSM3853366/suppl/GSM3853366_201114410003_R08C01_Red.idat.gz"
[1] "Data downloaded successfuly"
[1] "https://ftp.ncbi.nlm.nih.gov/geo/samples/GSM3853nnn/GSM3853367/suppl/GSM3853367_201114410004_R01C01_Grn.idat.gz"
[1] "Data downloaded successfuly"
[1] "https://ftp.ncbi.nlm.nih.gov/geo/samples/GSM3853nnn/GSM3853367/suppl/GSM3853367_201114410004_R01C01_Red.idat.gz"
[1] "Data downloaded successfuly"
[1] "https://ftp.ncbi.nlm.nih.gov/geo/samples/GSM3853nnn/GSM3853368/suppl/GSM3853368_201114410004_R02C01_Grn.idat.gz"
[1] "Data downloaded successfuly"
[1] "https://ftp.ncbi.nlm.nih.gov/geo/samples/GSM3853nnn/GSM3853368/suppl/GSM3853368_201114410004_R02C01_Red.idat.gz"
[1] "Data downloaded successfuly"
[1] "https://ftp.ncbi.nlm.nih.gov/geo/samples/GSM3853nnn/GSM3853369/suppl/GSM3853369_201114410004_R03C01_Grn.idat.gz"
[1] "Data downloaded successfuly"
[1] "https://ftp.ncbi.nlm.nih.gov/geo/samples/GSM3853nnn/GSM3853369/suppl/GSM3853369_201114410004_R03C01_Red.idat.gz"
[1] "Data downloaded successfuly"
[1] "https://ftp.ncbi.nlm.nih.gov/geo/samples/GSM3853nnn/GSM3853370/suppl/GSM3853370_201114410004_R04C01_Grn.idat.gz"
[1] "Data downloaded successfuly"
[1] "https://ftp.ncbi.nlm.nih.gov/geo/samples/GSM3853nnn/GSM3853370/suppl/GSM3853370_201114410004_R04C01_Red.idat.gz"
[1] "Data downloaded successfuly"
[1] "https://ftp.ncbi.nlm.nih.gov/geo/samples/GSM3853nnn/GSM3853371/suppl/GSM3853371_201114410004_R05C01_Grn.idat.gz"
[1] "Data downloaded successfuly"
[1] "https://ftp.ncbi.nlm.nih.gov/geo/samples/GSM3853nnn/GSM3853371/suppl/GSM3853371_201114410004_R05C01_Red.idat.gz"
[1] "Data downloaded successfuly"
[1] "https://ftp.ncbi.nlm.nih.gov/geo/samples/GSM3853nnn/GSM3853372/suppl/GSM3853372_201114410004_R06C01_Grn.idat.gz"
[1] "Data downloaded successfuly"
[1] "https://ftp.ncbi.nlm.nih.gov/geo/samples/GSM3853nnn/GSM3853372/suppl/GSM3853372_201114410004_R06C01_Red.idat.gz"
[1] "Data downloaded successfuly"
[1] "https://ftp.ncbi.nlm.nih.gov/geo/samples/GSM3853nnn/GSM3853373/suppl/GSM3853373_201114410004_R07C01_Grn.idat.gz"
[1] "Data downloaded successfuly"
[1] "https://ftp.ncbi.nlm.nih.gov/geo/samples/GSM3853nnn/GSM3853373/suppl/GSM3853373_201114410004_R07C01_Red.idat.gz"
[1] "Data downloaded successfuly"
[1] "https://ftp.ncbi.nlm.nih.gov/geo/samples/GSM3853nnn/GSM3853374/suppl/GSM3853374_201114410009_R01C01_Grn.idat.gz"
[1] "Data downloaded successfuly"
[1] "https://ftp.ncbi.nlm.nih.gov/geo/samples/GSM3853nnn/GSM3853374/suppl/GSM3853374_201114410009_R01C01_Red.idat.gz"
[1] "Data downloaded successfuly"
[1] "https://ftp.ncbi.nlm.nih.gov/geo/samples/GSM3853nnn/GSM3853375/suppl/GSM3853375_201114410009_R02C01_Grn.idat.gz"
[1] "Data downloaded successfuly"
[1] "https://ftp.ncbi.nlm.nih.gov/geo/samples/GSM3853nnn/GSM3853375/suppl/GSM3853375_201114410009_R02C01_Red.idat.gz"
[1] "Data downloaded successfuly"
[1] "https://ftp.ncbi.nlm.nih.gov/geo/samples/GSM3853nnn/GSM3853376/suppl/GSM3853376_201114410009_R03C01_Grn.idat.gz"
[1] "Data downloaded successfuly"
[1] "https://ftp.ncbi.nlm.nih.gov/geo/samples/GSM3853nnn/GSM3853376/suppl/GSM3853376_201114410009_R03C01_Red.idat.gz"
[1] "Data downloaded successfuly"
[1] "https://ftp.ncbi.nlm.nih.gov/geo/samples/GSM3853nnn/GSM3853377/suppl/GSM3853377_201114410009_R04C01_Grn.idat.gz"
[1] "Data downloaded successfuly"
[1] "https://ftp.ncbi.nlm.nih.gov/geo/samples/GSM3853nnn/GSM3853377/suppl/GSM3853377_201114410009_R04C01_Red.idat.gz"
[1] "Data downloaded successfuly"
[1] "https://ftp.ncbi.nlm.nih.gov/geo/samples/GSM3853nnn/GSM3853378/suppl/GSM3853378_201114410009_R05C01_Grn.idat.gz"
[1] "Data downloaded successfuly"
[1] "https://ftp.ncbi.nlm.nih.gov/geo/samples/GSM3853nnn/GSM3853378/suppl/GSM3853378_201114410009_R05C01_Red.idat.gz"
[1] "Data downloaded successfuly"
[1] "https://ftp.ncbi.nlm.nih.gov/geo/samples/GSM3853nnn/GSM3853379/suppl/GSM3853379_201114410009_R06C01_Grn.idat.gz"
[1] "Data downloaded successfuly"
[1] "https://ftp.ncbi.nlm.nih.gov/geo/samples/GSM3853nnn/GSM3853379/suppl/GSM3853379_201114410009_R06C01_Red.idat.gz"
[1] "Data downloaded successfuly"
[1] "https://ftp.ncbi.nlm.nih.gov/geo/samples/GSM3853nnn/GSM3853380/suppl/GSM3853380_201114410009_R07C01_Grn.idat.gz"
[1] "Data downloaded successfuly"
[1] "https://ftp.ncbi.nlm.nih.gov/geo/samples/GSM3853nnn/GSM3853380/suppl/GSM3853380_201114410009_R07C01_Red.idat.gz"
[1] "Data downloaded successfuly"
[1] "https://ftp.ncbi.nlm.nih.gov/geo/samples/GSM3853nnn/GSM3853381/suppl/GSM3853381_201114410009_R08C01_Grn.idat.gz"
[1] "Data downloaded successfuly"
[1] "https://ftp.ncbi.nlm.nih.gov/geo/samples/GSM3853nnn/GSM3853381/suppl/GSM3853381_201114410009_R08C01_Red.idat.gz"
[1] "Data downloaded successfuly"
[1] "https://ftp.ncbi.nlm.nih.gov/geo/samples/GSM3853nnn/GSM3853382/suppl/GSM3853382_201114410013_R01C01_Grn.idat.gz"
[1] "Data downloaded successfuly"
[1] "https://ftp.ncbi.nlm.nih.gov/geo/samples/GSM3853nnn/GSM3853382/suppl/GSM3853382_201114410013_R01C01_Red.idat.gz"
[1] "Data downloaded successfuly"
[1] "https://ftp.ncbi.nlm.nih.gov/geo/samples/GSM3853nnn/GSM3853383/suppl/GSM3853383_201114410013_R02C01_Grn.idat.gz"
[1] "Data downloaded successfuly"
[1] "https://ftp.ncbi.nlm.nih.gov/geo/samples/GSM3853nnn/GSM3853383/suppl/GSM3853383_201114410013_R02C01_Red.idat.gz"
[1] "Data downloaded successfuly"
[1] "https://ftp.ncbi.nlm.nih.gov/geo/samples/GSM3853nnn/GSM3853384/suppl/GSM3853384_201114410013_R03C01_Grn.idat.gz"
[1] "Data downloaded successfuly"
[1] "https://ftp.ncbi.nlm.nih.gov/geo/samples/GSM3853nnn/GSM3853384/suppl/GSM3853384_201114410013_R03C01_Red.idat.gz"
[1] "Data downloaded successfuly"
[1] "https://ftp.ncbi.nlm.nih.gov/geo/samples/GSM3853nnn/GSM3853385/suppl/GSM3853385_201114410013_R04C01_Grn.idat.gz"
[1] "Data downloaded successfuly"
[1] "https://ftp.ncbi.nlm.nih.gov/geo/samples/GSM3853nnn/GSM3853385/suppl/GSM3853385_201114410013_R04C01_Red.idat.gz"
[1] "Data downloaded successfuly"
[1] "https://ftp.ncbi.nlm.nih.gov/geo/samples/GSM3853nnn/GSM3853386/suppl/GSM3853386_201114410013_R05C01_Grn.idat.gz"
[1] "Data downloaded successfuly"
[1] "https://ftp.ncbi.nlm.nih.gov/geo/samples/GSM3853nnn/GSM3853386/suppl/GSM3853386_201114410013_R05C01_Red.idat.gz"
[1] "Data downloaded successfuly"
[1] "https://ftp.ncbi.nlm.nih.gov/geo/samples/GSM3853nnn/GSM3853387/suppl/GSM3853387_201114410013_R06C01_Grn.idat.gz"
[1] "Data downloaded successfuly"
[1] "https://ftp.ncbi.nlm.nih.gov/geo/samples/GSM3853nnn/GSM3853387/suppl/GSM3853387_201114410013_R06C01_Red.idat.gz"
[1] "Data downloaded successfuly"
[1] "https://ftp.ncbi.nlm.nih.gov/geo/samples/GSM3853nnn/GSM3853388/suppl/GSM3853388_201114410013_R07C01_Grn.idat.gz"
[1] "Data downloaded successfuly"
[1] "https://ftp.ncbi.nlm.nih.gov/geo/samples/GSM3853nnn/GSM3853388/suppl/GSM3853388_201114410013_R07C01_Red.idat.gz"
[1] "Data downloaded successfuly"
[1] "https://ftp.ncbi.nlm.nih.gov/geo/samples/GSM3853nnn/GSM3853389/suppl/GSM3853389_201114410013_R08C01_Grn.idat.gz"
[1] "Data downloaded successfuly"
[1] "https://ftp.ncbi.nlm.nih.gov/geo/samples/GSM3853nnn/GSM3853389/suppl/GSM3853389_201114410013_R08C01_Red.idat.gz"
[1] "Data downloaded successfuly"
[1] "https://ftp.ncbi.nlm.nih.gov/geo/samples/GSM3853nnn/GSM3853390/suppl/GSM3853390_201114410014_R01C01_Grn.idat.gz"
[1] "Data downloaded successfuly"
[1] "https://ftp.ncbi.nlm.nih.gov/geo/samples/GSM3853nnn/GSM3853390/suppl/GSM3853390_201114410014_R01C01_Red.idat.gz"
[1] "Data downloaded successfuly"
[1] "https://ftp.ncbi.nlm.nih.gov/geo/samples/GSM3853nnn/GSM3853391/suppl/GSM3853391_201114410014_R02C01_Grn.idat.gz"
[1] "Data downloaded successfuly"
[1] "https://ftp.ncbi.nlm.nih.gov/geo/samples/GSM3853nnn/GSM3853391/suppl/GSM3853391_201114410014_R02C01_Red.idat.gz"
[1] "Data downloaded successfuly"
[1] "https://ftp.ncbi.nlm.nih.gov/geo/samples/GSM3853nnn/GSM3853392/suppl/GSM3853392_201114410014_R03C01_Grn.idat.gz"
[1] "Data downloaded successfuly"
[1] "https://ftp.ncbi.nlm.nih.gov/geo/samples/GSM3853nnn/GSM3853392/suppl/GSM3853392_201114410014_R03C01_Red.idat.gz"
[1] "Data downloaded successfuly"
[1] "https://ftp.ncbi.nlm.nih.gov/geo/samples/GSM3853nnn/GSM3853393/suppl/GSM3853393_201114410014_R04C01_Grn.idat.gz"
[1] "Data downloaded successfuly"
[1] "https://ftp.ncbi.nlm.nih.gov/geo/samples/GSM3853nnn/GSM3853393/suppl/GSM3853393_201114410014_R04C01_Red.idat.gz"
[1] "Data downloaded successfuly"
[1] "https://ftp.ncbi.nlm.nih.gov/geo/samples/GSM3853nnn/GSM3853394/suppl/GSM3853394_201114410014_R05C01_Grn.idat.gz"
[1] "Data downloaded successfuly"
[1] "https://ftp.ncbi.nlm.nih.gov/geo/samples/GSM3853nnn/GSM3853394/suppl/GSM3853394_201114410014_R05C01_Red.idat.gz"
[1] "Data downloaded successfuly"
[1] "https://ftp.ncbi.nlm.nih.gov/geo/samples/GSM3853nnn/GSM3853395/suppl/GSM3853395_201114410014_R06C01_Grn.idat.gz"
[1] "Data downloaded successfuly"
[1] "https://ftp.ncbi.nlm.nih.gov/geo/samples/GSM3853nnn/GSM3853395/suppl/GSM3853395_201114410014_R06C01_Red.idat.gz"
[1] "Data downloaded successfuly"
[1] "https://ftp.ncbi.nlm.nih.gov/geo/samples/GSM3853nnn/GSM3853396/suppl/GSM3853396_201114410014_R07C01_Grn.idat.gz"
[1] "Data downloaded successfuly"
[1] "https://ftp.ncbi.nlm.nih.gov/geo/samples/GSM3853nnn/GSM3853396/suppl/GSM3853396_201114410014_R07C01_Red.idat.gz"
[1] "Data downloaded successfuly"
[1] "https://ftp.ncbi.nlm.nih.gov/geo/samples/GSM3853nnn/GSM3853397/suppl/GSM3853397_201114410014_R08C01_Grn.idat.gz"
[1] "Data downloaded successfuly"
[1] "https://ftp.ncbi.nlm.nih.gov/geo/samples/GSM3853nnn/GSM3853397/suppl/GSM3853397_201114410014_R08C01_Red.idat.gz"
[1] "Data downloaded successfuly"
[1] "https://ftp.ncbi.nlm.nih.gov/geo/samples/GSM3853nnn/GSM3853398/suppl/GSM3853398_201114410019_R01C01_Grn.idat.gz"
[1] "Data downloaded successfuly"
[1] "https://ftp.ncbi.nlm.nih.gov/geo/samples/GSM3853nnn/GSM3853398/suppl/GSM3853398_201114410019_R01C01_Red.idat.gz"
[1] "Data downloaded successfuly"
[1] "https://ftp.ncbi.nlm.nih.gov/geo/samples/GSM3853nnn/GSM3853399/suppl/GSM3853399_201114410019_R02C01_Grn.idat.gz"
[1] "Data downloaded successfuly"
[1] "https://ftp.ncbi.nlm.nih.gov/geo/samples/GSM3853nnn/GSM3853399/suppl/GSM3853399_201114410019_R02C01_Red.idat.gz"
[1] "Data downloaded successfuly"
[1] "https://ftp.ncbi.nlm.nih.gov/geo/samples/GSM3853nnn/GSM3853400/suppl/GSM3853400_201114410019_R03C01_Grn.idat.gz"
[1] "Data downloaded successfuly"
[1] "https://ftp.ncbi.nlm.nih.gov/geo/samples/GSM3853nnn/GSM3853400/suppl/GSM3853400_201114410019_R03C01_Red.idat.gz"
[1] "Data downloaded successfuly"
[1] "https://ftp.ncbi.nlm.nih.gov/geo/samples/GSM3853nnn/GSM3853401/suppl/GSM3853401_201114410019_R04C01_Grn.idat.gz"
[1] "Data downloaded successfuly"
[1] "https://ftp.ncbi.nlm.nih.gov/geo/samples/GSM3853nnn/GSM3853401/suppl/GSM3853401_201114410019_R04C01_Red.idat.gz"
[1] "Data downloaded successfuly"
[1] "https://ftp.ncbi.nlm.nih.gov/geo/samples/GSM3853nnn/GSM3853402/suppl/GSM3853402_201114410019_R06C01_Grn.idat.gz"
[1] "Data downloaded successfuly"
[1] "https://ftp.ncbi.nlm.nih.gov/geo/samples/GSM3853nnn/GSM3853402/suppl/GSM3853402_201114410019_R06C01_Red.idat.gz"
[1] "Data downloaded successfuly"
[1] "https://ftp.ncbi.nlm.nih.gov/geo/samples/GSM3853nnn/GSM3853403/suppl/GSM3853403_201114410019_R07C01_Grn.idat.gz"
[1] "Data downloaded successfuly"
[1] "https://ftp.ncbi.nlm.nih.gov/geo/samples/GSM3853nnn/GSM3853403/suppl/GSM3853403_201114410019_R07C01_Red.idat.gz"
[1] "Data downloaded successfuly"
[1] "https://ftp.ncbi.nlm.nih.gov/geo/samples/GSM3853nnn/GSM3853404/suppl/GSM3853404_201114410019_R08C01_Grn.idat.gz"
[1] "Data downloaded successfuly"
[1] "https://ftp.ncbi.nlm.nih.gov/geo/samples/GSM3853nnn/GSM3853404/suppl/GSM3853404_201114410019_R08C01_Red.idat.gz"
[1] "Data downloaded successfuly"
[1] "https://ftp.ncbi.nlm.nih.gov/geo/samples/GSM3853nnn/GSM3853405/suppl/GSM3853405_201114410022_R01C01_Grn.idat.gz"
[1] "Data downloaded successfuly"
[1] "https://ftp.ncbi.nlm.nih.gov/geo/samples/GSM3853nnn/GSM3853405/suppl/GSM3853405_201114410022_R01C01_Red.idat.gz"
[1] "Data downloaded successfuly"
[1] "https://ftp.ncbi.nlm.nih.gov/geo/samples/GSM3853nnn/GSM3853406/suppl/GSM3853406_201114410022_R02C01_Grn.idat.gz"
[1] "Data downloaded successfuly"
[1] "https://ftp.ncbi.nlm.nih.gov/geo/samples/GSM3853nnn/GSM3853406/suppl/GSM3853406_201114410022_R02C01_Red.idat.gz"
[1] "Data downloaded successfuly"
[1] "https://ftp.ncbi.nlm.nih.gov/geo/samples/GSM3853nnn/GSM3853407/suppl/GSM3853407_201114410022_R03C01_Grn.idat.gz"
[1] "Data downloaded successfuly"
[1] "https://ftp.ncbi.nlm.nih.gov/geo/samples/GSM3853nnn/GSM3853407/suppl/GSM3853407_201114410022_R03C01_Red.idat.gz"
[1] "Data downloaded successfuly"
[1] "https://ftp.ncbi.nlm.nih.gov/geo/samples/GSM3853nnn/GSM3853408/suppl/GSM3853408_201114410022_R08C01_Grn.idat.gz"
[1] "Data downloaded successfuly"
[1] "https://ftp.ncbi.nlm.nih.gov/geo/samples/GSM3853nnn/GSM3853408/suppl/GSM3853408_201114410022_R08C01_Red.idat.gz"
[1] "Data downloaded successfuly"
[1] "https://ftp.ncbi.nlm.nih.gov/geo/samples/GSM3853nnn/GSM3853409/suppl/GSM3853409_201114410023_R01C01_Grn.idat.gz"
[1] "Data downloaded successfuly"
[1] "https://ftp.ncbi.nlm.nih.gov/geo/samples/GSM3853nnn/GSM3853409/suppl/GSM3853409_201114410023_R01C01_Red.idat.gz"
[1] "Data downloaded successfuly"
[1] "https://ftp.ncbi.nlm.nih.gov/geo/samples/GSM3853nnn/GSM3853410/suppl/GSM3853410_201114410023_R02C01_Grn.idat.gz"
[1] "Data downloaded successfuly"
[1] "https://ftp.ncbi.nlm.nih.gov/geo/samples/GSM3853nnn/GSM3853410/suppl/GSM3853410_201114410023_R02C01_Red.idat.gz"
[1] "Data downloaded successfuly"
[1] "https://ftp.ncbi.nlm.nih.gov/geo/samples/GSM3853nnn/GSM3853411/suppl/GSM3853411_201114410023_R03C01_Grn.idat.gz"
[1] "Data downloaded successfuly"
[1] "https://ftp.ncbi.nlm.nih.gov/geo/samples/GSM3853nnn/GSM3853411/suppl/GSM3853411_201114410023_R03C01_Red.idat.gz"
[1] "Data downloaded successfuly"
[1] "https://ftp.ncbi.nlm.nih.gov/geo/samples/GSM3853nnn/GSM3853412/suppl/GSM3853412_201114410023_R04C01_Grn.idat.gz"
[1] "Data downloaded successfuly"
[1] "https://ftp.ncbi.nlm.nih.gov/geo/samples/GSM3853nnn/GSM3853412/suppl/GSM3853412_201114410023_R04C01_Red.idat.gz"
[1] "Data downloaded successfuly"
[1] "https://ftp.ncbi.nlm.nih.gov/geo/samples/GSM3853nnn/GSM3853413/suppl/GSM3853413_201114410023_R05C01_Grn.idat.gz"
[1] "Data downloaded successfuly"
[1] "https://ftp.ncbi.nlm.nih.gov/geo/samples/GSM3853nnn/GSM3853413/suppl/GSM3853413_201114410023_R05C01_Red.idat.gz"
[1] "Data downloaded successfuly"
[1] "https://ftp.ncbi.nlm.nih.gov/geo/samples/GSM3853nnn/GSM3853414/suppl/GSM3853414_201114410023_R07C01_Grn.idat.gz"
[1] "Data downloaded successfuly"
[1] "https://ftp.ncbi.nlm.nih.gov/geo/samples/GSM3853nnn/GSM3853414/suppl/GSM3853414_201114410023_R07C01_Red.idat.gz"
[1] "Data downloaded successfuly"
[1] "https://ftp.ncbi.nlm.nih.gov/geo/samples/GSM3853nnn/GSM3853415/suppl/GSM3853415_201114410023_R08C01_Grn.idat.gz"
[1] "Data downloaded successfuly"
[1] "https://ftp.ncbi.nlm.nih.gov/geo/samples/GSM3853nnn/GSM3853415/suppl/GSM3853415_201114410023_R08C01_Red.idat.gz"
[1] "Data downloaded successfuly"
[1] "https://ftp.ncbi.nlm.nih.gov/geo/samples/GSM3853nnn/GSM3853416/suppl/GSM3853416_201114410027_R01C01_Grn.idat.gz"
[1] "Data downloaded successfuly"
[1] "https://ftp.ncbi.nlm.nih.gov/geo/samples/GSM3853nnn/GSM3853416/suppl/GSM3853416_201114410027_R01C01_Red.idat.gz"
[1] "Data downloaded successfuly"
[1] "https://ftp.ncbi.nlm.nih.gov/geo/samples/GSM3853nnn/GSM3853417/suppl/GSM3853417_201114410027_R02C01_Grn.idat.gz"
[1] "Data downloaded successfuly"
[1] "https://ftp.ncbi.nlm.nih.gov/geo/samples/GSM3853nnn/GSM3853417/suppl/GSM3853417_201114410027_R02C01_Red.idat.gz"
[1] "Data downloaded successfuly"
[1] "https://ftp.ncbi.nlm.nih.gov/geo/samples/GSM3853nnn/GSM3853418/suppl/GSM3853418_201114410027_R03C01_Grn.idat.gz"
[1] "Data downloaded successfuly"
[1] "https://ftp.ncbi.nlm.nih.gov/geo/samples/GSM3853nnn/GSM3853418/suppl/GSM3853418_201114410027_R03C01_Red.idat.gz"
[1] "Data downloaded successfuly"
[1] "https://ftp.ncbi.nlm.nih.gov/geo/samples/GSM3853nnn/GSM3853419/suppl/GSM3853419_201114410027_R04C01_Grn.idat.gz"
[1] "Data downloaded successfuly"
[1] "https://ftp.ncbi.nlm.nih.gov/geo/samples/GSM3853nnn/GSM3853419/suppl/GSM3853419_201114410027_R04C01_Red.idat.gz"
[1] "Data downloaded successfuly"
[1] "https://ftp.ncbi.nlm.nih.gov/geo/samples/GSM3853nnn/GSM3853420/suppl/GSM3853420_201114410027_R05C01_Grn.idat.gz"
[1] "Data downloaded successfuly"
[1] "https://ftp.ncbi.nlm.nih.gov/geo/samples/GSM3853nnn/GSM3853420/suppl/GSM3853420_201114410027_R05C01_Red.idat.gz"
[1] "Data downloaded successfuly"
[1] "https://ftp.ncbi.nlm.nih.gov/geo/samples/GSM3853nnn/GSM3853421/suppl/GSM3853421_201114410027_R06C01_Grn.idat.gz"
[1] "Data downloaded successfuly"
[1] "https://ftp.ncbi.nlm.nih.gov/geo/samples/GSM3853nnn/GSM3853421/suppl/GSM3853421_201114410027_R06C01_Red.idat.gz"
[1] "Data downloaded successfuly"
[1] "https://ftp.ncbi.nlm.nih.gov/geo/samples/GSM3853nnn/GSM3853422/suppl/GSM3853422_201114410027_R07C01_Grn.idat.gz"
[1] "Data downloaded successfuly"
[1] "https://ftp.ncbi.nlm.nih.gov/geo/samples/GSM3853nnn/GSM3853422/suppl/GSM3853422_201114410027_R07C01_Red.idat.gz"
[1] "Data downloaded successfuly"
[1] "https://ftp.ncbi.nlm.nih.gov/geo/samples/GSM3853nnn/GSM3853423/suppl/GSM3853423_201114410027_R08C01_Grn.idat.gz"
[1] "Data downloaded successfuly"
[1] "https://ftp.ncbi.nlm.nih.gov/geo/samples/GSM3853nnn/GSM3853423/suppl/GSM3853423_201114410027_R08C01_Red.idat.gz"
[1] "Data downloaded successfuly"
[1] "https://ftp.ncbi.nlm.nih.gov/geo/samples/GSM3853nnn/GSM3853424/suppl/GSM3853424_201114410028_R01C01_Grn.idat.gz"
[1] "Data downloaded successfuly"
[1] "https://ftp.ncbi.nlm.nih.gov/geo/samples/GSM3853nnn/GSM3853424/suppl/GSM3853424_201114410028_R01C01_Red.idat.gz"
[1] "Data downloaded successfuly"
[1] "https://ftp.ncbi.nlm.nih.gov/geo/samples/GSM3853nnn/GSM3853425/suppl/GSM3853425_201114410028_R02C01_Grn.idat.gz"
[1] "Data downloaded successfuly"
[1] "https://ftp.ncbi.nlm.nih.gov/geo/samples/GSM3853nnn/GSM3853425/suppl/GSM3853425_201114410028_R02C01_Red.idat.gz"
[1] "Data downloaded successfuly"
[1] "https://ftp.ncbi.nlm.nih.gov/geo/samples/GSM3853nnn/GSM3853426/suppl/GSM3853426_201114410028_R03C01_Grn.idat.gz"
[1] "Data downloaded successfuly"
[1] "https://ftp.ncbi.nlm.nih.gov/geo/samples/GSM3853nnn/GSM3853426/suppl/GSM3853426_201114410028_R03C01_Red.idat.gz"
[1] "Data downloaded successfuly"
[1] "https://ftp.ncbi.nlm.nih.gov/geo/samples/GSM3853nnn/GSM3853427/suppl/GSM3853427_201114410028_R04C01_Grn.idat.gz"
[1] "Data downloaded successfuly"
[1] "https://ftp.ncbi.nlm.nih.gov/geo/samples/GSM3853nnn/GSM3853427/suppl/GSM3853427_201114410028_R04C01_Red.idat.gz"
[1] "Data downloaded successfuly"
[1] "https://ftp.ncbi.nlm.nih.gov/geo/samples/GSM3853nnn/GSM3853428/suppl/GSM3853428_201114410028_R05C01_Grn.idat.gz"
[1] "Data downloaded successfuly"
[1] "https://ftp.ncbi.nlm.nih.gov/geo/samples/GSM3853nnn/GSM3853428/suppl/GSM3853428_201114410028_R05C01_Red.idat.gz"
[1] "Data downloaded successfuly"
[1] "https://ftp.ncbi.nlm.nih.gov/geo/samples/GSM3853nnn/GSM3853429/suppl/GSM3853429_201114410028_R06C01_Grn.idat.gz"
[1] "Data downloaded successfuly"
[1] "https://ftp.ncbi.nlm.nih.gov/geo/samples/GSM3853nnn/GSM3853429/suppl/GSM3853429_201114410028_R06C01_Red.idat.gz"
[1] "Data downloaded successfuly"
[1] "https://ftp.ncbi.nlm.nih.gov/geo/samples/GSM3853nnn/GSM3853430/suppl/GSM3853430_201114410028_R07C01_Grn.idat.gz"
[1] "Data downloaded successfuly"
[1] "https://ftp.ncbi.nlm.nih.gov/geo/samples/GSM3853nnn/GSM3853430/suppl/GSM3853430_201114410028_R07C01_Red.idat.gz"
[1] "Data downloaded successfuly"
[1] "https://ftp.ncbi.nlm.nih.gov/geo/samples/GSM3853nnn/GSM3853431/suppl/GSM3853431_201114410028_R08C01_Grn.idat.gz"
[1] "Data downloaded successfuly"
[1] "https://ftp.ncbi.nlm.nih.gov/geo/samples/GSM3853nnn/GSM3853431/suppl/GSM3853431_201114410028_R08C01_Red.idat.gz"
[1] "Data downloaded successfuly"
[1] "https://ftp.ncbi.nlm.nih.gov/geo/samples/GSM3853nnn/GSM3853432/suppl/GSM3853432_201114410031_R01C01_Grn.idat.gz"
[1] "Data downloaded successfuly"
[1] "https://ftp.ncbi.nlm.nih.gov/geo/samples/GSM3853nnn/GSM3853432/suppl/GSM3853432_201114410031_R01C01_Red.idat.gz"
[1] "Data downloaded successfuly"
[1] "https://ftp.ncbi.nlm.nih.gov/geo/samples/GSM3853nnn/GSM3853433/suppl/GSM3853433_201114410031_R02C01_Grn.idat.gz"
[1] "Data downloaded successfuly"
[1] "https://ftp.ncbi.nlm.nih.gov/geo/samples/GSM3853nnn/GSM3853433/suppl/GSM3853433_201114410031_R02C01_Red.idat.gz"
[1] "Data downloaded successfuly"
[1] "https://ftp.ncbi.nlm.nih.gov/geo/samples/GSM3853nnn/GSM3853434/suppl/GSM3853434_201114410031_R03C01_Grn.idat.gz"
[1] "Data downloaded successfuly"
[1] "https://ftp.ncbi.nlm.nih.gov/geo/samples/GSM3853nnn/GSM3853434/suppl/GSM3853434_201114410031_R03C01_Red.idat.gz"
[1] "Data downloaded successfuly"
[1] "https://ftp.ncbi.nlm.nih.gov/geo/samples/GSM3853nnn/GSM3853435/suppl/GSM3853435_201114410031_R04C01_Grn.idat.gz"
[1] "Data downloaded successfuly"
[1] "https://ftp.ncbi.nlm.nih.gov/geo/samples/GSM3853nnn/GSM3853435/suppl/GSM3853435_201114410031_R04C01_Red.idat.gz"
[1] "Data downloaded successfuly"
[1] "https://ftp.ncbi.nlm.nih.gov/geo/samples/GSM3853nnn/GSM3853436/suppl/GSM3853436_201114410031_R05C01_Grn.idat.gz"
[1] "Data downloaded successfuly"
[1] "https://ftp.ncbi.nlm.nih.gov/geo/samples/GSM3853nnn/GSM3853436/suppl/GSM3853436_201114410031_R05C01_Red.idat.gz"
[1] "Data downloaded successfuly"
[1] "https://ftp.ncbi.nlm.nih.gov/geo/samples/GSM3853nnn/GSM3853437/suppl/GSM3853437_201114410031_R06C01_Grn.idat.gz"
[1] "Data downloaded successfuly"
[1] "https://ftp.ncbi.nlm.nih.gov/geo/samples/GSM3853nnn/GSM3853437/suppl/GSM3853437_201114410031_R06C01_Red.idat.gz"
[1] "Data downloaded successfuly"
[1] "https://ftp.ncbi.nlm.nih.gov/geo/samples/GSM3853nnn/GSM3853438/suppl/GSM3853438_201114410031_R07C01_Grn.idat.gz"
[1] "Data downloaded successfuly"
[1] "https://ftp.ncbi.nlm.nih.gov/geo/samples/GSM3853nnn/GSM3853438/suppl/GSM3853438_201114410031_R07C01_Red.idat.gz"
[1] "Data downloaded successfuly"
[1] "https://ftp.ncbi.nlm.nih.gov/geo/samples/GSM3853nnn/GSM3853439/suppl/GSM3853439_201114410031_R08C01_Grn.idat.gz"
[1] "Data downloaded successfuly"
[1] "https://ftp.ncbi.nlm.nih.gov/geo/samples/GSM3853nnn/GSM3853439/suppl/GSM3853439_201114410031_R08C01_Red.idat.gz"
[1] "Data downloaded successfuly"
[1] "https://ftp.ncbi.nlm.nih.gov/geo/samples/GSM3853nnn/GSM3853440/suppl/GSM3853440_201114410034_R01C01_Grn.idat.gz"
[1] "Data downloaded successfuly"
[1] "https://ftp.ncbi.nlm.nih.gov/geo/samples/GSM3853nnn/GSM3853440/suppl/GSM3853440_201114410034_R01C01_Red.idat.gz"
[1] "Data downloaded successfuly"
[1] "https://ftp.ncbi.nlm.nih.gov/geo/samples/GSM3853nnn/GSM3853441/suppl/GSM3853441_201114410034_R02C01_Grn.idat.gz"
[1] "Data downloaded successfuly"
[1] "https://ftp.ncbi.nlm.nih.gov/geo/samples/GSM3853nnn/GSM3853441/suppl/GSM3853441_201114410034_R02C01_Red.idat.gz"
[1] "Data downloaded successfuly"
[1] "https://ftp.ncbi.nlm.nih.gov/geo/samples/GSM3853nnn/GSM3853442/suppl/GSM3853442_201114410041_R01C01_Grn.idat.gz"
[1] "Data downloaded successfuly"
[1] "https://ftp.ncbi.nlm.nih.gov/geo/samples/GSM3853nnn/GSM3853442/suppl/GSM3853442_201114410041_R01C01_Red.idat.gz"
[1] "Data downloaded successfuly"
[1] "https://ftp.ncbi.nlm.nih.gov/geo/samples/GSM3853nnn/GSM3853443/suppl/GSM3853443_201114410041_R02C01_Grn.idat.gz"
[1] "Data downloaded successfuly"
[1] "https://ftp.ncbi.nlm.nih.gov/geo/samples/GSM3853nnn/GSM3853443/suppl/GSM3853443_201114410041_R02C01_Red.idat.gz"
[1] "Data downloaded successfuly"
[1] "https://ftp.ncbi.nlm.nih.gov/geo/samples/GSM3853nnn/GSM3853444/suppl/GSM3853444_201114410041_R03C01_Grn.idat.gz"
[1] "Data downloaded successfuly"
[1] "https://ftp.ncbi.nlm.nih.gov/geo/samples/GSM3853nnn/GSM3853444/suppl/GSM3853444_201114410041_R03C01_Red.idat.gz"
[1] "Data downloaded successfuly"
[1] "https://ftp.ncbi.nlm.nih.gov/geo/samples/GSM3853nnn/GSM3853445/suppl/GSM3853445_201114410041_R04C01_Grn.idat.gz"
[1] "Data downloaded successfuly"
[1] "https://ftp.ncbi.nlm.nih.gov/geo/samples/GSM3853nnn/GSM3853445/suppl/GSM3853445_201114410041_R04C01_Red.idat.gz"
[1] "Data downloaded successfuly"
[1] "https://ftp.ncbi.nlm.nih.gov/geo/samples/GSM3853nnn/GSM3853446/suppl/GSM3853446_201114410041_R06C01_Grn.idat.gz"
[1] "Data downloaded successfuly"
[1] "https://ftp.ncbi.nlm.nih.gov/geo/samples/GSM3853nnn/GSM3853446/suppl/GSM3853446_201114410041_R06C01_Red.idat.gz"
[1] "Data downloaded successfuly"
[1] "https://ftp.ncbi.nlm.nih.gov/geo/samples/GSM3853nnn/GSM3853447/suppl/GSM3853447_201114410041_R07C01_Grn.idat.gz"
[1] "Data downloaded successfuly"
[1] "https://ftp.ncbi.nlm.nih.gov/geo/samples/GSM3853nnn/GSM3853447/suppl/GSM3853447_201114410041_R07C01_Red.idat.gz"
[1] "Data downloaded successfuly"
[1] "https://ftp.ncbi.nlm.nih.gov/geo/samples/GSM3853nnn/GSM3853448/suppl/GSM3853448_201114410041_R08C01_Grn.idat.gz"
[1] "Data downloaded successfuly"
[1] "https://ftp.ncbi.nlm.nih.gov/geo/samples/GSM3853nnn/GSM3853448/suppl/GSM3853448_201114410041_R08C01_Red.idat.gz"
[1] "Data downloaded successfuly"
[1] "https://ftp.ncbi.nlm.nih.gov/geo/samples/GSM3853nnn/GSM3853449/suppl/GSM3853449_201114410042_R01C01_Grn.idat.gz"
[1] "Data downloaded successfuly"
[1] "https://ftp.ncbi.nlm.nih.gov/geo/samples/GSM3853nnn/GSM3853449/suppl/GSM3853449_201114410042_R01C01_Red.idat.gz"
[1] "Data downloaded successfuly"
[1] "https://ftp.ncbi.nlm.nih.gov/geo/samples/GSM3853nnn/GSM3853450/suppl/GSM3853450_201114410042_R02C01_Grn.idat.gz"
[1] "Data downloaded successfuly"
[1] "https://ftp.ncbi.nlm.nih.gov/geo/samples/GSM3853nnn/GSM3853450/suppl/GSM3853450_201114410042_R02C01_Red.idat.gz"
[1] "Data downloaded successfuly"
[1] "https://ftp.ncbi.nlm.nih.gov/geo/samples/GSM3853nnn/GSM3853451/suppl/GSM3853451_201114410042_R03C01_Grn.idat.gz"
[1] "Data downloaded successfuly"
[1] "https://ftp.ncbi.nlm.nih.gov/geo/samples/GSM3853nnn/GSM3853451/suppl/GSM3853451_201114410042_R03C01_Red.idat.gz"
[1] "Data downloaded successfuly"
[1] "https://ftp.ncbi.nlm.nih.gov/geo/samples/GSM3853nnn/GSM3853452/suppl/GSM3853452_201114410042_R04C01_Grn.idat.gz"
[1] "Data downloaded successfuly"
[1] "https://ftp.ncbi.nlm.nih.gov/geo/samples/GSM3853nnn/GSM3853452/suppl/GSM3853452_201114410042_R04C01_Red.idat.gz"
[1] "Data downloaded successfuly"
[1] "https://ftp.ncbi.nlm.nih.gov/geo/samples/GSM3853nnn/GSM3853453/suppl/GSM3853453_201114410042_R06C01_Grn.idat.gz"
[1] "Data downloaded successfuly"
[1] "https://ftp.ncbi.nlm.nih.gov/geo/samples/GSM3853nnn/GSM3853453/suppl/GSM3853453_201114410042_R06C01_Red.idat.gz"
[1] "Data downloaded successfuly"
[1] "https://ftp.ncbi.nlm.nih.gov/geo/samples/GSM3853nnn/GSM3853454/suppl/GSM3853454_201114410042_R07C01_Grn.idat.gz"
[1] "Data downloaded successfuly"
[1] "https://ftp.ncbi.nlm.nih.gov/geo/samples/GSM3853nnn/GSM3853454/suppl/GSM3853454_201114410042_R07C01_Red.idat.gz"
[1] "Data downloaded successfuly"
[1] "https://ftp.ncbi.nlm.nih.gov/geo/samples/GSM3853nnn/GSM3853455/suppl/GSM3853455_201114410042_R08C01_Grn.idat.gz"
[1] "Data downloaded successfuly"
[1] "https://ftp.ncbi.nlm.nih.gov/geo/samples/GSM3853nnn/GSM3853455/suppl/GSM3853455_201114410042_R08C01_Red.idat.gz"
[1] "Data downloaded successfuly"
[1] "https://ftp.ncbi.nlm.nih.gov/geo/samples/GSM3853nnn/GSM3853456/suppl/GSM3853456_201114410047_R01C01_Grn.idat.gz"
[1] "Data downloaded successfuly"
[1] "https://ftp.ncbi.nlm.nih.gov/geo/samples/GSM3853nnn/GSM3853456/suppl/GSM3853456_201114410047_R01C01_Red.idat.gz"
[1] "Data downloaded successfuly"
[1] "https://ftp.ncbi.nlm.nih.gov/geo/samples/GSM3853nnn/GSM3853457/suppl/GSM3853457_201114410047_R02C01_Grn.idat.gz"
[1] "Data downloaded successfuly"
[1] "https://ftp.ncbi.nlm.nih.gov/geo/samples/GSM3853nnn/GSM3853457/suppl/GSM3853457_201114410047_R02C01_Red.idat.gz"
[1] "Data downloaded successfuly"
[1] "https://ftp.ncbi.nlm.nih.gov/geo/samples/GSM3853nnn/GSM3853458/suppl/GSM3853458_201114410047_R03C01_Grn.idat.gz"
[1] "Data downloaded successfuly"
[1] "https://ftp.ncbi.nlm.nih.gov/geo/samples/GSM3853nnn/GSM3853458/suppl/GSM3853458_201114410047_R03C01_Red.idat.gz"
[1] "Data downloaded successfuly"
[1] "https://ftp.ncbi.nlm.nih.gov/geo/samples/GSM3853nnn/GSM3853459/suppl/GSM3853459_201114410047_R04C01_Grn.idat.gz"
[1] "Data downloaded successfuly"
[1] "https://ftp.ncbi.nlm.nih.gov/geo/samples/GSM3853nnn/GSM3853459/suppl/GSM3853459_201114410047_R04C01_Red.idat.gz"
[1] "Data downloaded successfuly"
[1] "https://ftp.ncbi.nlm.nih.gov/geo/samples/GSM3853nnn/GSM3853460/suppl/GSM3853460_201114410047_R05C01_Grn.idat.gz"
[1] "Data downloaded successfuly"
[1] "https://ftp.ncbi.nlm.nih.gov/geo/samples/GSM3853nnn/GSM3853460/suppl/GSM3853460_201114410047_R05C01_Red.idat.gz"
[1] "Data downloaded successfuly"
[1] "https://ftp.ncbi.nlm.nih.gov/geo/samples/GSM3853nnn/GSM3853461/suppl/GSM3853461_201114410047_R06C01_Grn.idat.gz"
[1] "Data downloaded successfuly"
[1] "https://ftp.ncbi.nlm.nih.gov/geo/samples/GSM3853nnn/GSM3853461/suppl/GSM3853461_201114410047_R06C01_Red.idat.gz"
[1] "Data downloaded successfuly"
[1] "https://ftp.ncbi.nlm.nih.gov/geo/samples/GSM3853nnn/GSM3853462/suppl/GSM3853462_201114410047_R07C01_Grn.idat.gz"
[1] "Data downloaded successfuly"
[1] "https://ftp.ncbi.nlm.nih.gov/geo/samples/GSM3853nnn/GSM3853462/suppl/GSM3853462_201114410047_R07C01_Red.idat.gz"
[1] "Data downloaded successfuly"
[1] "https://ftp.ncbi.nlm.nih.gov/geo/samples/GSM3853nnn/GSM3853463/suppl/GSM3853463_201114410047_R08C01_Grn.idat.gz"
[1] "Data downloaded successfuly"
[1] "https://ftp.ncbi.nlm.nih.gov/geo/samples/GSM3853nnn/GSM3853463/suppl/GSM3853463_201114410047_R08C01_Red.idat.gz"
[1] "Data downloaded successfuly"
[1] "https://ftp.ncbi.nlm.nih.gov/geo/samples/GSM3853nnn/GSM3853464/suppl/GSM3853464_201114410048_R02C01_Grn.idat.gz"
[1] "Data downloaded successfuly"
[1] "https://ftp.ncbi.nlm.nih.gov/geo/samples/GSM3853nnn/GSM3853464/suppl/GSM3853464_201114410048_R02C01_Red.idat.gz"
[1] "Data downloaded successfuly"
[1] "https://ftp.ncbi.nlm.nih.gov/geo/samples/GSM3853nnn/GSM3853465/suppl/GSM3853465_201114410048_R08C01_Grn.idat.gz"
[1] "Data downloaded successfuly"
[1] "https://ftp.ncbi.nlm.nih.gov/geo/samples/GSM3853nnn/GSM3853465/suppl/GSM3853465_201114410048_R08C01_Red.idat.gz"
[1] "Data downloaded successfuly"
[1] "https://ftp.ncbi.nlm.nih.gov/geo/samples/GSM3853nnn/GSM3853466/suppl/GSM3853466_201114410052_R01C01_Grn.idat.gz"
[1] "Data downloaded successfuly"
[1] "https://ftp.ncbi.nlm.nih.gov/geo/samples/GSM3853nnn/GSM3853466/suppl/GSM3853466_201114410052_R01C01_Red.idat.gz"
[1] "Data downloaded successfuly"
[1] "https://ftp.ncbi.nlm.nih.gov/geo/samples/GSM3853nnn/GSM3853467/suppl/GSM3853467_201114410052_R02C01_Grn.idat.gz"
[1] "Data downloaded successfuly"
[1] "https://ftp.ncbi.nlm.nih.gov/geo/samples/GSM3853nnn/GSM3853467/suppl/GSM3853467_201114410052_R02C01_Red.idat.gz"
[1] "Data downloaded successfuly"
[1] "https://ftp.ncbi.nlm.nih.gov/geo/samples/GSM3853nnn/GSM3853468/suppl/GSM3853468_201114410052_R03C01_Grn.idat.gz"
[1] "Data downloaded successfuly"
[1] "https://ftp.ncbi.nlm.nih.gov/geo/samples/GSM3853nnn/GSM3853468/suppl/GSM3853468_201114410052_R03C01_Red.idat.gz"
[1] "Data downloaded successfuly"
[1] "https://ftp.ncbi.nlm.nih.gov/geo/samples/GSM3853nnn/GSM3853469/suppl/GSM3853469_201114410059_R01C01_Grn.idat.gz"
[1] "Data downloaded successfuly"
[1] "https://ftp.ncbi.nlm.nih.gov/geo/samples/GSM3853nnn/GSM3853469/suppl/GSM3853469_201114410059_R01C01_Red.idat.gz"
[1] "Data downloaded successfuly"
[1] "https://ftp.ncbi.nlm.nih.gov/geo/samples/GSM3853nnn/GSM3853470/suppl/GSM3853470_201114410059_R02C01_Grn.idat.gz"
[1] "Data downloaded successfuly"
[1] "https://ftp.ncbi.nlm.nih.gov/geo/samples/GSM3853nnn/GSM3853470/suppl/GSM3853470_201114410059_R02C01_Red.idat.gz"
[1] "Data downloaded successfuly"
[1] "https://ftp.ncbi.nlm.nih.gov/geo/samples/GSM3853nnn/GSM3853471/suppl/GSM3853471_201114410059_R03C01_Grn.idat.gz"
[1] "Data downloaded successfuly"
[1] "https://ftp.ncbi.nlm.nih.gov/geo/samples/GSM3853nnn/GSM3853471/suppl/GSM3853471_201114410059_R03C01_Red.idat.gz"
[1] "Data downloaded successfuly"
[1] "https://ftp.ncbi.nlm.nih.gov/geo/samples/GSM3853nnn/GSM3853472/suppl/GSM3853472_201114410059_R04C01_Grn.idat.gz"
[1] "Data downloaded successfuly"
[1] "https://ftp.ncbi.nlm.nih.gov/geo/samples/GSM3853nnn/GSM3853472/suppl/GSM3853472_201114410059_R04C01_Red.idat.gz"
[1] "Data downloaded successfuly"
[1] "https://ftp.ncbi.nlm.nih.gov/geo/samples/GSM3853nnn/GSM3853473/suppl/GSM3853473_201114410059_R05C01_Grn.idat.gz"
[1] "Data downloaded successfuly"
[1] "https://ftp.ncbi.nlm.nih.gov/geo/samples/GSM3853nnn/GSM3853473/suppl/GSM3853473_201114410059_R05C01_Red.idat.gz"
[1] "Data downloaded successfuly"
[1] "https://ftp.ncbi.nlm.nih.gov/geo/samples/GSM3853nnn/GSM3853474/suppl/GSM3853474_201114410059_R06C01_Grn.idat.gz"
[1] "Data downloaded successfuly"
[1] "https://ftp.ncbi.nlm.nih.gov/geo/samples/GSM3853nnn/GSM3853474/suppl/GSM3853474_201114410059_R06C01_Red.idat.gz"
[1] "Data downloaded successfuly"
[1] "https://ftp.ncbi.nlm.nih.gov/geo/samples/GSM3853nnn/GSM3853475/suppl/GSM3853475_201114410059_R07C01_Grn.idat.gz"
[1] "Data downloaded successfuly"
[1] "https://ftp.ncbi.nlm.nih.gov/geo/samples/GSM3853nnn/GSM3853475/suppl/GSM3853475_201114410059_R07C01_Red.idat.gz"
[1] "Data downloaded successfuly"
[1] "https://ftp.ncbi.nlm.nih.gov/geo/samples/GSM3853nnn/GSM3853476/suppl/GSM3853476_201114410059_R08C01_Grn.idat.gz"
[1] "Data downloaded successfuly"
[1] "https://ftp.ncbi.nlm.nih.gov/geo/samples/GSM3853nnn/GSM3853476/suppl/GSM3853476_201114410059_R08C01_Red.idat.gz"
[1] "Data downloaded successfuly"
[1] "https://ftp.ncbi.nlm.nih.gov/geo/samples/GSM3853nnn/GSM3853477/suppl/GSM3853477_201114410060_R01C01_Grn.idat.gz"
[1] "Data downloaded successfuly"
[1] "https://ftp.ncbi.nlm.nih.gov/geo/samples/GSM3853nnn/GSM3853477/suppl/GSM3853477_201114410060_R01C01_Red.idat.gz"
[1] "Data downloaded successfuly"
[1] "https://ftp.ncbi.nlm.nih.gov/geo/samples/GSM3853nnn/GSM3853478/suppl/GSM3853478_201114410060_R02C01_Grn.idat.gz"
[1] "Data downloaded successfuly"
[1] "https://ftp.ncbi.nlm.nih.gov/geo/samples/GSM3853nnn/GSM3853478/suppl/GSM3853478_201114410060_R02C01_Red.idat.gz"
[1] "Data downloaded successfuly"
[1] "https://ftp.ncbi.nlm.nih.gov/geo/samples/GSM3853nnn/GSM3853479/suppl/GSM3853479_201114410060_R03C01_Grn.idat.gz"
[1] "Data downloaded successfuly"
[1] "https://ftp.ncbi.nlm.nih.gov/geo/samples/GSM3853nnn/GSM3853479/suppl/GSM3853479_201114410060_R03C01_Red.idat.gz"
[1] "Data downloaded successfuly"
[1] "https://ftp.ncbi.nlm.nih.gov/geo/samples/GSM3853nnn/GSM3853480/suppl/GSM3853480_201114410060_R04C01_Grn.idat.gz"
[1] "Data downloaded successfuly"
[1] "https://ftp.ncbi.nlm.nih.gov/geo/samples/GSM3853nnn/GSM3853480/suppl/GSM3853480_201114410060_R04C01_Red.idat.gz"
[1] "Data downloaded successfuly"
[1] "https://ftp.ncbi.nlm.nih.gov/geo/samples/GSM3853nnn/GSM3853481/suppl/GSM3853481_201114410060_R05C01_Grn.idat.gz"
[1] "Data downloaded successfuly"
[1] "https://ftp.ncbi.nlm.nih.gov/geo/samples/GSM3853nnn/GSM3853481/suppl/GSM3853481_201114410060_R05C01_Red.idat.gz"
[1] "Data downloaded successfuly"
[1] "https://ftp.ncbi.nlm.nih.gov/geo/samples/GSM3853nnn/GSM3853482/suppl/GSM3853482_201114410060_R06C01_Grn.idat.gz"
[1] "Data downloaded successfuly"
[1] "https://ftp.ncbi.nlm.nih.gov/geo/samples/GSM3853nnn/GSM3853482/suppl/GSM3853482_201114410060_R06C01_Red.idat.gz"
[1] "Data downloaded successfuly"
[1] "https://ftp.ncbi.nlm.nih.gov/geo/samples/GSM3853nnn/GSM3853483/suppl/GSM3853483_201114410060_R07C01_Grn.idat.gz"
[1] "Data downloaded successfuly"
[1] "https://ftp.ncbi.nlm.nih.gov/geo/samples/GSM3853nnn/GSM3853483/suppl/GSM3853483_201114410060_R07C01_Red.idat.gz"
[1] "Data downloaded successfuly"
[1] "https://ftp.ncbi.nlm.nih.gov/geo/samples/GSM3853nnn/GSM3853484/suppl/GSM3853484_201114410060_R08C01_Grn.idat.gz"
[1] "Data downloaded successfuly"
[1] "https://ftp.ncbi.nlm.nih.gov/geo/samples/GSM3853nnn/GSM3853484/suppl/GSM3853484_201114410060_R08C01_Red.idat.gz"
[1] "Data downloaded successfuly"
[1] "https://ftp.ncbi.nlm.nih.gov/geo/samples/GSM3853nnn/GSM3853485/suppl/GSM3853485_201114420001_R01C01_Grn.idat.gz"
[1] "Data downloaded successfuly"
[1] "https://ftp.ncbi.nlm.nih.gov/geo/samples/GSM3853nnn/GSM3853485/suppl/GSM3853485_201114420001_R01C01_Red.idat.gz"
[1] "Data downloaded successfuly"
[1] "https://ftp.ncbi.nlm.nih.gov/geo/samples/GSM3853nnn/GSM3853486/suppl/GSM3853486_201114420001_R02C01_Grn.idat.gz"
[1] "Data downloaded successfuly"
[1] "https://ftp.ncbi.nlm.nih.gov/geo/samples/GSM3853nnn/GSM3853486/suppl/GSM3853486_201114420001_R02C01_Red.idat.gz"
[1] "Data downloaded successfuly"
[1] "https://ftp.ncbi.nlm.nih.gov/geo/samples/GSM3853nnn/GSM3853487/suppl/GSM3853487_201114420001_R03C01_Grn.idat.gz"
[1] "Data downloaded successfuly"
[1] "https://ftp.ncbi.nlm.nih.gov/geo/samples/GSM3853nnn/GSM3853487/suppl/GSM3853487_201114420001_R03C01_Red.idat.gz"
[1] "Data downloaded successfuly"
[1] "https://ftp.ncbi.nlm.nih.gov/geo/samples/GSM3853nnn/GSM3853488/suppl/GSM3853488_201114420001_R04C01_Grn.idat.gz"
[1] "Data downloaded successfuly"
[1] "https://ftp.ncbi.nlm.nih.gov/geo/samples/GSM3853nnn/GSM3853488/suppl/GSM3853488_201114420001_R04C01_Red.idat.gz"
[1] "Data downloaded successfuly"
[1] "https://ftp.ncbi.nlm.nih.gov/geo/samples/GSM3853nnn/GSM3853489/suppl/GSM3853489_201114420001_R05C01_Grn.idat.gz"
[1] "Data downloaded successfuly"
[1] "https://ftp.ncbi.nlm.nih.gov/geo/samples/GSM3853nnn/GSM3853489/suppl/GSM3853489_201114420001_R05C01_Red.idat.gz"
[1] "Data downloaded successfuly"
[1] "https://ftp.ncbi.nlm.nih.gov/geo/samples/GSM3853nnn/GSM3853490/suppl/GSM3853490_201114420001_R06C01_Grn.idat.gz"
[1] "Data downloaded successfuly"
[1] "https://ftp.ncbi.nlm.nih.gov/geo/samples/GSM3853nnn/GSM3853490/suppl/GSM3853490_201114420001_R06C01_Red.idat.gz"
[1] "Data downloaded successfuly"
[1] "https://ftp.ncbi.nlm.nih.gov/geo/samples/GSM3853nnn/GSM3853491/suppl/GSM3853491_201114420001_R07C01_Grn.idat.gz"
[1] "Data downloaded successfuly"
[1] "https://ftp.ncbi.nlm.nih.gov/geo/samples/GSM3853nnn/GSM3853491/suppl/GSM3853491_201114420001_R07C01_Red.idat.gz"
[1] "Data downloaded successfuly"
[1] "https://ftp.ncbi.nlm.nih.gov/geo/samples/GSM3853nnn/GSM3853492/suppl/GSM3853492_201114420001_R08C01_Grn.idat.gz"
[1] "Data downloaded successfuly"
[1] "https://ftp.ncbi.nlm.nih.gov/geo/samples/GSM3853nnn/GSM3853492/suppl/GSM3853492_201114420001_R08C01_Red.idat.gz"
[1] "Data downloaded successfuly"
[1] "https://ftp.ncbi.nlm.nih.gov/geo/samples/GSM3853nnn/GSM3853493/suppl/GSM3853493_201114420002_R01C01_Grn.idat.gz"
[1] "Data downloaded successfuly"
[1] "https://ftp.ncbi.nlm.nih.gov/geo/samples/GSM3853nnn/GSM3853493/suppl/GSM3853493_201114420002_R01C01_Red.idat.gz"
[1] "Data downloaded successfuly"
[1] "https://ftp.ncbi.nlm.nih.gov/geo/samples/GSM3853nnn/GSM3853494/suppl/GSM3853494_201114420002_R02C01_Grn.idat.gz"
[1] "Data downloaded successfuly"
[1] "https://ftp.ncbi.nlm.nih.gov/geo/samples/GSM3853nnn/GSM3853494/suppl/GSM3853494_201114420002_R02C01_Red.idat.gz"
[1] "Data downloaded successfuly"
[1] "https://ftp.ncbi.nlm.nih.gov/geo/samples/GSM3853nnn/GSM3853495/suppl/GSM3853495_201114420002_R03C01_Grn.idat.gz"
[1] "Data downloaded successfuly"
[1] "https://ftp.ncbi.nlm.nih.gov/geo/samples/GSM3853nnn/GSM3853495/suppl/GSM3853495_201114420002_R03C01_Red.idat.gz"
[1] "Data downloaded successfuly"
[1] "https://ftp.ncbi.nlm.nih.gov/geo/samples/GSM3853nnn/GSM3853496/suppl/GSM3853496_201114420002_R04C01_Grn.idat.gz"
[1] "Data downloaded successfuly"
[1] "https://ftp.ncbi.nlm.nih.gov/geo/samples/GSM3853nnn/GSM3853496/suppl/GSM3853496_201114420002_R04C01_Red.idat.gz"
[1] "Data downloaded successfuly"
[1] "https://ftp.ncbi.nlm.nih.gov/geo/samples/GSM3853nnn/GSM3853497/suppl/GSM3853497_201114420002_R05C01_Grn.idat.gz"
[1] "Data downloaded successfuly"
[1] "https://ftp.ncbi.nlm.nih.gov/geo/samples/GSM3853nnn/GSM3853497/suppl/GSM3853497_201114420002_R05C01_Red.idat.gz"
[1] "Data downloaded successfuly"
[1] "https://ftp.ncbi.nlm.nih.gov/geo/samples/GSM3853nnn/GSM3853498/suppl/GSM3853498_201114420002_R06C01_Grn.idat.gz"
[1] "Data downloaded successfuly"
[1] "https://ftp.ncbi.nlm.nih.gov/geo/samples/GSM3853nnn/GSM3853498/suppl/GSM3853498_201114420002_R06C01_Red.idat.gz"
[1] "Data downloaded successfuly"
[1] "https://ftp.ncbi.nlm.nih.gov/geo/samples/GSM3853nnn/GSM3853499/suppl/GSM3853499_201114420002_R07C01_Grn.idat.gz"
[1] "Data downloaded successfuly"
[1] "https://ftp.ncbi.nlm.nih.gov/geo/samples/GSM3853nnn/GSM3853499/suppl/GSM3853499_201114420002_R07C01_Red.idat.gz"
[1] "Data downloaded successfuly"
[1] "https://ftp.ncbi.nlm.nih.gov/geo/samples/GSM3853nnn/GSM3853500/suppl/GSM3853500_201114420002_R08C01_Grn.idat.gz"
[1] "Data downloaded successfuly"
[1] "https://ftp.ncbi.nlm.nih.gov/geo/samples/GSM3853nnn/GSM3853500/suppl/GSM3853500_201114420002_R08C01_Red.idat.gz"
[1] "Data downloaded successfuly"
[1] "https://ftp.ncbi.nlm.nih.gov/geo/samples/GSM3853nnn/GSM3853501/suppl/GSM3853501_201114420003_R01C01_Grn.idat.gz"
[1] "Data downloaded successfuly"
[1] "https://ftp.ncbi.nlm.nih.gov/geo/samples/GSM3853nnn/GSM3853501/suppl/GSM3853501_201114420003_R01C01_Red.idat.gz"
[1] "Data downloaded successfuly"
[1] "https://ftp.ncbi.nlm.nih.gov/geo/samples/GSM3853nnn/GSM3853502/suppl/GSM3853502_201114420003_R02C01_Grn.idat.gz"
[1] "Data downloaded successfuly"
[1] "https://ftp.ncbi.nlm.nih.gov/geo/samples/GSM3853nnn/GSM3853502/suppl/GSM3853502_201114420003_R02C01_Red.idat.gz"
[1] "Data downloaded successfuly"
[1] "https://ftp.ncbi.nlm.nih.gov/geo/samples/GSM3853nnn/GSM3853503/suppl/GSM3853503_201114420003_R03C01_Grn.idat.gz"
[1] "Data downloaded successfuly"
[1] "https://ftp.ncbi.nlm.nih.gov/geo/samples/GSM3853nnn/GSM3853503/suppl/GSM3853503_201114420003_R03C01_Red.idat.gz"
[1] "Data downloaded successfuly"
[1] "https://ftp.ncbi.nlm.nih.gov/geo/samples/GSM3853nnn/GSM3853504/suppl/GSM3853504_201114420003_R04C01_Grn.idat.gz"
[1] "Data downloaded successfuly"
[1] "https://ftp.ncbi.nlm.nih.gov/geo/samples/GSM3853nnn/GSM3853504/suppl/GSM3853504_201114420003_R04C01_Red.idat.gz"
[1] "Data downloaded successfuly"
[1] "https://ftp.ncbi.nlm.nih.gov/geo/samples/GSM3853nnn/GSM3853505/suppl/GSM3853505_201114420003_R06C01_Grn.idat.gz"
[1] "Data downloaded successfuly"
[1] "https://ftp.ncbi.nlm.nih.gov/geo/samples/GSM3853nnn/GSM3853505/suppl/GSM3853505_201114420003_R06C01_Red.idat.gz"
[1] "Data downloaded successfuly"
[1] "https://ftp.ncbi.nlm.nih.gov/geo/samples/GSM3853nnn/GSM3853506/suppl/GSM3853506_201114420003_R07C01_Grn.idat.gz"
[1] "Data downloaded successfuly"
[1] "https://ftp.ncbi.nlm.nih.gov/geo/samples/GSM3853nnn/GSM3853506/suppl/GSM3853506_201114420003_R07C01_Red.idat.gz"
[1] "Data downloaded successfuly"
[1] "https://ftp.ncbi.nlm.nih.gov/geo/samples/GSM3853nnn/GSM3853507/suppl/GSM3853507_201114420003_R08C01_Grn.idat.gz"
[1] "Data downloaded successfuly"
[1] "https://ftp.ncbi.nlm.nih.gov/geo/samples/GSM3853nnn/GSM3853507/suppl/GSM3853507_201114420003_R08C01_Red.idat.gz"
[1] "Data downloaded successfuly"
[1] "https://ftp.ncbi.nlm.nih.gov/geo/samples/GSM3853nnn/GSM3853508/suppl/GSM3853508_201114420004_R01C01_Grn.idat.gz"
[1] "Data downloaded successfuly"
[1] "https://ftp.ncbi.nlm.nih.gov/geo/samples/GSM3853nnn/GSM3853508/suppl/GSM3853508_201114420004_R01C01_Red.idat.gz"
[1] "Data downloaded successfuly"
[1] "https://ftp.ncbi.nlm.nih.gov/geo/samples/GSM3853nnn/GSM3853509/suppl/GSM3853509_201114420004_R02C01_Grn.idat.gz"
[1] "Data downloaded successfuly"
[1] "https://ftp.ncbi.nlm.nih.gov/geo/samples/GSM3853nnn/GSM3853509/suppl/GSM3853509_201114420004_R02C01_Red.idat.gz"
[1] "Data downloaded successfuly"
[1] "https://ftp.ncbi.nlm.nih.gov/geo/samples/GSM3853nnn/GSM3853510/suppl/GSM3853510_201114420004_R03C01_Grn.idat.gz"
[1] "Data downloaded successfuly"
[1] "https://ftp.ncbi.nlm.nih.gov/geo/samples/GSM3853nnn/GSM3853510/suppl/GSM3853510_201114420004_R03C01_Red.idat.gz"
[1] "Data downloaded successfuly"
[1] "https://ftp.ncbi.nlm.nih.gov/geo/samples/GSM3853nnn/GSM3853511/suppl/GSM3853511_201114420004_R04C01_Grn.idat.gz"
[1] "Data downloaded successfuly"
[1] "https://ftp.ncbi.nlm.nih.gov/geo/samples/GSM3853nnn/GSM3853511/suppl/GSM3853511_201114420004_R04C01_Red.idat.gz"
[1] "Data downloaded successfuly"
[1] "https://ftp.ncbi.nlm.nih.gov/geo/samples/GSM3853nnn/GSM3853512/suppl/GSM3853512_201114420004_R05C01_Grn.idat.gz"
[1] "Data downloaded successfuly"
[1] "https://ftp.ncbi.nlm.nih.gov/geo/samples/GSM3853nnn/GSM3853512/suppl/GSM3853512_201114420004_R05C01_Red.idat.gz"
[1] "Data downloaded successfuly"
[1] "https://ftp.ncbi.nlm.nih.gov/geo/samples/GSM3853nnn/GSM3853513/suppl/GSM3853513_201114420004_R06C01_Grn.idat.gz"
[1] "Data downloaded successfuly"
[1] "https://ftp.ncbi.nlm.nih.gov/geo/samples/GSM3853nnn/GSM3853513/suppl/GSM3853513_201114420004_R06C01_Red.idat.gz"
[1] "Data downloaded successfuly"
[1] "https://ftp.ncbi.nlm.nih.gov/geo/samples/GSM3853nnn/GSM3853514/suppl/GSM3853514_201114420004_R07C01_Grn.idat.gz"
[1] "Data downloaded successfuly"
[1] "https://ftp.ncbi.nlm.nih.gov/geo/samples/GSM3853nnn/GSM3853514/suppl/GSM3853514_201114420004_R07C01_Red.idat.gz"
[1] "Data downloaded successfuly"
[1] "https://ftp.ncbi.nlm.nih.gov/geo/samples/GSM3853nnn/GSM3853515/suppl/GSM3853515_201114420004_R08C01_Grn.idat.gz"
[1] "Data downloaded successfuly"
[1] "https://ftp.ncbi.nlm.nih.gov/geo/samples/GSM3853nnn/GSM3853515/suppl/GSM3853515_201114420004_R08C01_Red.idat.gz"
[1] "Data downloaded successfuly"
[1] "https://ftp.ncbi.nlm.nih.gov/geo/samples/GSM3853nnn/GSM3853516/suppl/GSM3853516_201114420005_R01C01_Grn.idat.gz"
[1] "Data downloaded successfuly"
[1] "https://ftp.ncbi.nlm.nih.gov/geo/samples/GSM3853nnn/GSM3853516/suppl/GSM3853516_201114420005_R01C01_Red.idat.gz"
[1] "Data downloaded successfuly"
[1] "https://ftp.ncbi.nlm.nih.gov/geo/samples/GSM3853nnn/GSM3853517/suppl/GSM3853517_201114420005_R02C01_Grn.idat.gz"
[1] "Data downloaded successfuly"
[1] "https://ftp.ncbi.nlm.nih.gov/geo/samples/GSM3853nnn/GSM3853517/suppl/GSM3853517_201114420005_R02C01_Red.idat.gz"
[1] "Data downloaded successfuly"
[1] "https://ftp.ncbi.nlm.nih.gov/geo/samples/GSM3853nnn/GSM3853518/suppl/GSM3853518_201114420005_R03C01_Grn.idat.gz"
[1] "Data downloaded successfuly"
[1] "https://ftp.ncbi.nlm.nih.gov/geo/samples/GSM3853nnn/GSM3853518/suppl/GSM3853518_201114420005_R03C01_Red.idat.gz"
[1] "Data downloaded successfuly"
[1] "https://ftp.ncbi.nlm.nih.gov/geo/samples/GSM3853nnn/GSM3853519/suppl/GSM3853519_201114420005_R04C01_Grn.idat.gz"
[1] "Data downloaded successfuly"
[1] "https://ftp.ncbi.nlm.nih.gov/geo/samples/GSM3853nnn/GSM3853519/suppl/GSM3853519_201114420005_R04C01_Red.idat.gz"
[1] "Data downloaded successfuly"
[1] "https://ftp.ncbi.nlm.nih.gov/geo/samples/GSM3853nnn/GSM3853520/suppl/GSM3853520_201114420005_R05C01_Grn.idat.gz"
[1] "Data downloaded successfuly"
[1] "https://ftp.ncbi.nlm.nih.gov/geo/samples/GSM3853nnn/GSM3853520/suppl/GSM3853520_201114420005_R05C01_Red.idat.gz"
[1] "Data downloaded successfuly"
[1] "https://ftp.ncbi.nlm.nih.gov/geo/samples/GSM3853nnn/GSM3853521/suppl/GSM3853521_201114420005_R06C01_Grn.idat.gz"
[1] "Data downloaded successfuly"
[1] "https://ftp.ncbi.nlm.nih.gov/geo/samples/GSM3853nnn/GSM3853521/suppl/GSM3853521_201114420005_R06C01_Red.idat.gz"
[1] "Data downloaded successfuly"
[1] "https://ftp.ncbi.nlm.nih.gov/geo/samples/GSM3853nnn/GSM3853522/suppl/GSM3853522_201114420005_R07C01_Grn.idat.gz"
[1] "Data downloaded successfuly"
[1] "https://ftp.ncbi.nlm.nih.gov/geo/samples/GSM3853nnn/GSM3853522/suppl/GSM3853522_201114420005_R07C01_Red.idat.gz"
[1] "Data downloaded successfuly"
[1] "https://ftp.ncbi.nlm.nih.gov/geo/samples/GSM3853nnn/GSM3853523/suppl/GSM3853523_201114420005_R08C01_Grn.idat.gz"
[1] "Data downloaded successfuly"
[1] "https://ftp.ncbi.nlm.nih.gov/geo/samples/GSM3853nnn/GSM3853523/suppl/GSM3853523_201114420005_R08C01_Red.idat.gz"
[1] "Data downloaded successfuly"
[1] "https://ftp.ncbi.nlm.nih.gov/geo/samples/GSM3853nnn/GSM3853524/suppl/GSM3853524_201114420006_R02C01_Grn.idat.gz"
[1] "Data downloaded successfuly"
[1] "https://ftp.ncbi.nlm.nih.gov/geo/samples/GSM3853nnn/GSM3853524/suppl/GSM3853524_201114420006_R02C01_Red.idat.gz"
[1] "Data downloaded successfuly"
