[1] "Downloading batch from 1 to 200"
[1] "https://ftp.ncbi.nlm.nih.gov/geo/samples/GSM6425nnn/GSM6425154/suppl/GSM6425154_Methylation_EPIC_1_Grn.idat.gz"
[1] "Data downloaded successfuly"
[1] "https://ftp.ncbi.nlm.nih.gov/geo/samples/GSM6425nnn/GSM6425154/suppl/GSM6425154_Methylation_EPIC_1_Red.idat.gz"
[1] "Data downloaded successfuly"
[1] "https://ftp.ncbi.nlm.nih.gov/geo/samples/GSM6425nnn/GSM6425155/suppl/GSM6425155_Methylation_EPIC_2_Grn.idat.gz"
[1] "Data downloaded successfuly"
[1] "https://ftp.ncbi.nlm.nih.gov/geo/samples/GSM6425nnn/GSM6425155/suppl/GSM6425155_Methylation_EPIC_2_Red.idat.gz"
[1] "Data downloaded successfuly"
[1] "https://ftp.ncbi.nlm.nih.gov/geo/samples/GSM6425nnn/GSM6425156/suppl/GSM6425156_Methylation_EPIC_3_Grn.idat.gz"
[1] "Data downloaded successfuly"
[1] "https://ftp.ncbi.nlm.nih.gov/geo/samples/GSM6425nnn/GSM6425156/suppl/GSM6425156_Methylation_EPIC_3_Red.idat.gz"
[1] "Data downloaded successfuly"
[1] "https://ftp.ncbi.nlm.nih.gov/geo/samples/GSM6425nnn/GSM6425157/suppl/GSM6425157_Methylation_EPIC_4_Grn.idat.gz"
[1] "Data downloaded successfuly"
[1] "https://ftp.ncbi.nlm.nih.gov/geo/samples/GSM6425nnn/GSM6425157/suppl/GSM6425157_Methylation_EPIC_4_Red.idat.gz"
[1] "Data downloaded successfuly"
[1] "https://ftp.ncbi.nlm.nih.gov/geo/samples/GSM6425nnn/GSM6425158/suppl/GSM6425158_Methylation_EPIC_5_Grn.idat.gz"
[1] "Data downloaded successfuly"
[1] "https://ftp.ncbi.nlm.nih.gov/geo/samples/GSM6425nnn/GSM6425158/suppl/GSM6425158_Methylation_EPIC_5_Red.idat.gz"
[1] "Data downloaded successfuly"
[1] "https://ftp.ncbi.nlm.nih.gov/geo/samples/GSM6425nnn/GSM6425159/suppl/GSM6425159_Methylation_EPIC_6_Grn.idat.gz"
[1] "Data downloaded successfuly"
[1] "https://ftp.ncbi.nlm.nih.gov/geo/samples/GSM6425nnn/GSM6425159/suppl/GSM6425159_Methylation_EPIC_6_Red.idat.gz"
[1] "Data downloaded successfuly"
[1] "https://ftp.ncbi.nlm.nih.gov/geo/samples/GSM6425nnn/GSM6425160/suppl/GSM6425160_Methylation_EPIC_7_Grn.idat.gz"
[1] "Data downloaded successfuly"
[1] "https://ftp.ncbi.nlm.nih.gov/geo/samples/GSM6425nnn/GSM6425160/suppl/GSM6425160_Methylation_EPIC_7_Red.idat.gz"
[1] "Data downloaded successfuly"
[1] "https://ftp.ncbi.nlm.nih.gov/geo/samples/GSM6425nnn/GSM6425161/suppl/GSM6425161_Methylation_EPIC_8_Grn.idat.gz"
[1] "Data downloaded successfuly"
[1] "https://ftp.ncbi.nlm.nih.gov/geo/samples/GSM6425nnn/GSM6425161/suppl/GSM6425161_Methylation_EPIC_8_Red.idat.gz"
[1] "Data downloaded successfuly"
[1] "https://ftp.ncbi.nlm.nih.gov/geo/samples/GSM6425nnn/GSM6425162/suppl/GSM6425162_Methylation_EPIC_9_Grn.idat.gz"
[1] "Data downloaded successfuly"
[1] "https://ftp.ncbi.nlm.nih.gov/geo/samples/GSM6425nnn/GSM6425162/suppl/GSM6425162_Methylation_EPIC_9_Red.idat.gz"
[1] "Data downloaded successfuly"
[1] "https://ftp.ncbi.nlm.nih.gov/geo/samples/GSM6425nnn/GSM6425163/suppl/GSM6425163_Methylation_EPIC_10_Grn.idat.gz"
[1] "Data downloaded successfuly"
[1] "https://ftp.ncbi.nlm.nih.gov/geo/samples/GSM6425nnn/GSM6425163/suppl/GSM6425163_Methylation_EPIC_10_Red.idat.gz"
[1] "Data downloaded successfuly"
[1] "https://ftp.ncbi.nlm.nih.gov/geo/samples/GSM6425nnn/GSM6425164/suppl/GSM6425164_Methylation_EPIC_11_Grn.idat.gz"
[1] "Data downloaded successfuly"
[1] "https://ftp.ncbi.nlm.nih.gov/geo/samples/GSM6425nnn/GSM6425164/suppl/GSM6425164_Methylation_EPIC_11_Red.idat.gz"
[1] "Data downloaded successfuly"
[1] "https://ftp.ncbi.nlm.nih.gov/geo/samples/GSM6425nnn/GSM6425165/suppl/GSM6425165_Methylation_EPIC_12_Grn.idat.gz"
[1] "Data downloaded successfuly"
[1] "https://ftp.ncbi.nlm.nih.gov/geo/samples/GSM6425nnn/GSM6425165/suppl/GSM6425165_Methylation_EPIC_12_Red.idat.gz"
[1] "Data downloaded successfuly"
[1] "https://ftp.ncbi.nlm.nih.gov/geo/samples/GSM6425nnn/GSM6425166/suppl/GSM6425166_Methylation_EPIC_13_Grn.idat.gz"
[1] "Data downloaded successfuly"
[1] "https://ftp.ncbi.nlm.nih.gov/geo/samples/GSM6425nnn/GSM6425166/suppl/GSM6425166_Methylation_EPIC_13_Red.idat.gz"
[1] "Data downloaded successfuly"
[1] "https://ftp.ncbi.nlm.nih.gov/geo/samples/GSM6425nnn/GSM6425167/suppl/GSM6425167_Methylation_EPIC_14_Grn.idat.gz"
[1] "Data downloaded successfuly"
[1] "https://ftp.ncbi.nlm.nih.gov/geo/samples/GSM6425nnn/GSM6425167/suppl/GSM6425167_Methylation_EPIC_14_Red.idat.gz"
[1] "Data downloaded successfuly"
[1] "https://ftp.ncbi.nlm.nih.gov/geo/samples/GSM6425nnn/GSM6425168/suppl/GSM6425168_Methylation_EPIC_15_Grn.idat.gz"
[1] "Data downloaded successfuly"
[1] "https://ftp.ncbi.nlm.nih.gov/geo/samples/GSM6425nnn/GSM6425168/suppl/GSM6425168_Methylation_EPIC_15_Red.idat.gz"
[1] "Data downloaded successfuly"
[1] "https://ftp.ncbi.nlm.nih.gov/geo/samples/GSM6425nnn/GSM6425169/suppl/GSM6425169_Methylation_EPIC_16_Grn.idat.gz"
[1] "Data downloaded successfuly"
[1] "https://ftp.ncbi.nlm.nih.gov/geo/samples/GSM6425nnn/GSM6425169/suppl/GSM6425169_Methylation_EPIC_16_Red.idat.gz"
[1] "Data downloaded successfuly"
[1] "https://ftp.ncbi.nlm.nih.gov/geo/samples/GSM6425nnn/GSM6425170/suppl/GSM6425170_Methylation_EPIC_17_Grn.idat.gz"
[1] "Data downloaded successfuly"
[1] "https://ftp.ncbi.nlm.nih.gov/geo/samples/GSM6425nnn/GSM6425170/suppl/GSM6425170_Methylation_EPIC_17_Red.idat.gz"
[1] "Data downloaded successfuly"
[1] "https://ftp.ncbi.nlm.nih.gov/geo/samples/GSM6425nnn/GSM6425171/suppl/GSM6425171_Methylation_EPIC_18_Grn.idat.gz"
[1] "Data downloaded successfuly"
[1] "https://ftp.ncbi.nlm.nih.gov/geo/samples/GSM6425nnn/GSM6425171/suppl/GSM6425171_Methylation_EPIC_18_Red.idat.gz"
[1] "Data downloaded successfuly"
[1] "https://ftp.ncbi.nlm.nih.gov/geo/samples/GSM6425nnn/GSM6425172/suppl/GSM6425172_Methylation_EPIC_19_Grn.idat.gz"
[1] "Data downloaded successfuly"
[1] "https://ftp.ncbi.nlm.nih.gov/geo/samples/GSM6425nnn/GSM6425172/suppl/GSM6425172_Methylation_EPIC_19_Red.idat.gz"
[1] "Data downloaded successfuly"
[1] "https://ftp.ncbi.nlm.nih.gov/geo/samples/GSM6425nnn/GSM6425173/suppl/GSM6425173_Methylation_EPIC_20_Grn.idat.gz"
[1] "Data downloaded successfuly"
[1] "https://ftp.ncbi.nlm.nih.gov/geo/samples/GSM6425nnn/GSM6425173/suppl/GSM6425173_Methylation_EPIC_20_Red.idat.gz"
[1] "Data downloaded successfuly"
[1] "https://ftp.ncbi.nlm.nih.gov/geo/samples/GSM6425nnn/GSM6425174/suppl/GSM6425174_Methylation_EPIC_21_Grn.idat.gz"
[1] "Data downloaded successfuly"
[1] "https://ftp.ncbi.nlm.nih.gov/geo/samples/GSM6425nnn/GSM6425174/suppl/GSM6425174_Methylation_EPIC_21_Red.idat.gz"
[1] "Data downloaded successfuly"
[1] "https://ftp.ncbi.nlm.nih.gov/geo/samples/GSM6425nnn/GSM6425175/suppl/GSM6425175_Methylation_EPIC_22_Grn.idat.gz"
[1] "Data downloaded successfuly"
[1] "https://ftp.ncbi.nlm.nih.gov/geo/samples/GSM6425nnn/GSM6425175/suppl/GSM6425175_Methylation_EPIC_22_Red.idat.gz"
[1] "Data downloaded successfuly"
[1] "https://ftp.ncbi.nlm.nih.gov/geo/samples/GSM6425nnn/GSM6425176/suppl/GSM6425176_Methylation_EPIC_23_Grn.idat.gz"
[1] "Data downloaded successfuly"
[1] "https://ftp.ncbi.nlm.nih.gov/geo/samples/GSM6425nnn/GSM6425176/suppl/GSM6425176_Methylation_EPIC_23_Red.idat.gz"
[1] "Data downloaded successfuly"
[1] "https://ftp.ncbi.nlm.nih.gov/geo/samples/GSM6425nnn/GSM6425177/suppl/GSM6425177_Methylation_EPIC_24_Grn.idat.gz"
[1] "Data downloaded successfuly"
[1] "https://ftp.ncbi.nlm.nih.gov/geo/samples/GSM6425nnn/GSM6425177/suppl/GSM6425177_Methylation_EPIC_24_Red.idat.gz"
[1] "Data downloaded successfuly"
[1] "https://ftp.ncbi.nlm.nih.gov/geo/samples/GSM6425nnn/GSM6425178/suppl/GSM6425178_Methylation_EPIC_25_Grn.idat.gz"
[1] "Data downloaded successfuly"
[1] "https://ftp.ncbi.nlm.nih.gov/geo/samples/GSM6425nnn/GSM6425178/suppl/GSM6425178_Methylation_EPIC_25_Red.idat.gz"
[1] "Data downloaded successfuly"
[1] "https://ftp.ncbi.nlm.nih.gov/geo/samples/GSM6425nnn/GSM6425179/suppl/GSM6425179_Methylation_EPIC_26_Grn.idat.gz"
[1] "Data downloaded successfuly"
[1] "https://ftp.ncbi.nlm.nih.gov/geo/samples/GSM6425nnn/GSM6425179/suppl/GSM6425179_Methylation_EPIC_26_Red.idat.gz"
[1] "Data downloaded successfuly"
[1] "https://ftp.ncbi.nlm.nih.gov/geo/samples/GSM6425nnn/GSM6425180/suppl/GSM6425180_Methylation_EPIC_27_Grn.idat.gz"
[1] "Data downloaded successfuly"
[1] "https://ftp.ncbi.nlm.nih.gov/geo/samples/GSM6425nnn/GSM6425180/suppl/GSM6425180_Methylation_EPIC_27_Red.idat.gz"
[1] "Data downloaded successfuly"
[1] "https://ftp.ncbi.nlm.nih.gov/geo/samples/GSM6425nnn/GSM6425181/suppl/GSM6425181_Methylation_EPIC_28_Grn.idat.gz"
[1] "Data downloaded successfuly"
[1] "https://ftp.ncbi.nlm.nih.gov/geo/samples/GSM6425nnn/GSM6425181/suppl/GSM6425181_Methylation_EPIC_28_Red.idat.gz"
[1] "Data downloaded successfuly"
[1] "https://ftp.ncbi.nlm.nih.gov/geo/samples/GSM6425nnn/GSM6425182/suppl/GSM6425182_Methylation_EPIC_29_Grn.idat.gz"
[1] "Data downloaded successfuly"
[1] "https://ftp.ncbi.nlm.nih.gov/geo/samples/GSM6425nnn/GSM6425182/suppl/GSM6425182_Methylation_EPIC_29_Red.idat.gz"
[1] "Data downloaded successfuly"
[1] "https://ftp.ncbi.nlm.nih.gov/geo/samples/GSM6425nnn/GSM6425183/suppl/GSM6425183_Methylation_EPIC_30_Grn.idat.gz"
[1] "Data downloaded successfuly"
[1] "https://ftp.ncbi.nlm.nih.gov/geo/samples/GSM6425nnn/GSM6425183/suppl/GSM6425183_Methylation_EPIC_30_Red.idat.gz"
[1] "Data downloaded successfuly"
[1] "https://ftp.ncbi.nlm.nih.gov/geo/samples/GSM6425nnn/GSM6425184/suppl/GSM6425184_Methylation_EPIC_31_Grn.idat.gz"
[1] "Data downloaded successfuly"
[1] "https://ftp.ncbi.nlm.nih.gov/geo/samples/GSM6425nnn/GSM6425184/suppl/GSM6425184_Methylation_EPIC_31_Red.idat.gz"
[1] "Data downloaded successfuly"
[1] "https://ftp.ncbi.nlm.nih.gov/geo/samples/GSM6425nnn/GSM6425185/suppl/GSM6425185_Methylation_EPIC_32_Grn.idat.gz"
[1] "Data downloaded successfuly"
[1] "https://ftp.ncbi.nlm.nih.gov/geo/samples/GSM6425nnn/GSM6425185/suppl/GSM6425185_Methylation_EPIC_32_Red.idat.gz"
[1] "Data downloaded successfuly"
[1] "https://ftp.ncbi.nlm.nih.gov/geo/samples/GSM6425nnn/GSM6425186/suppl/GSM6425186_Methylation_EPIC_33_Grn.idat.gz"
[1] "Data downloaded successfuly"
[1] "https://ftp.ncbi.nlm.nih.gov/geo/samples/GSM6425nnn/GSM6425186/suppl/GSM6425186_Methylation_EPIC_33_Red.idat.gz"
[1] "Data downloaded successfuly"
[1] "https://ftp.ncbi.nlm.nih.gov/geo/samples/GSM6425nnn/GSM6425187/suppl/GSM6425187_Methylation_EPIC_34_Grn.idat.gz"
[1] "Data downloaded successfuly"
[1] "https://ftp.ncbi.nlm.nih.gov/geo/samples/GSM6425nnn/GSM6425187/suppl/GSM6425187_Methylation_EPIC_34_Red.idat.gz"
[1] "Data downloaded successfuly"
[1] "https://ftp.ncbi.nlm.nih.gov/geo/samples/GSM6425nnn/GSM6425188/suppl/GSM6425188_Methylation_EPIC_35_Grn.idat.gz"
[1] "Data downloaded successfuly"
[1] "https://ftp.ncbi.nlm.nih.gov/geo/samples/GSM6425nnn/GSM6425188/suppl/GSM6425188_Methylation_EPIC_35_Red.idat.gz"
[1] "Data downloaded successfuly"
[1] "https://ftp.ncbi.nlm.nih.gov/geo/samples/GSM6425nnn/GSM6425189/suppl/GSM6425189_Methylation_EPIC_36_Grn.idat.gz"
[1] "Data downloaded successfuly"
[1] "https://ftp.ncbi.nlm.nih.gov/geo/samples/GSM6425nnn/GSM6425189/suppl/GSM6425189_Methylation_EPIC_36_Red.idat.gz"
[1] "Data downloaded successfuly"
[1] "https://ftp.ncbi.nlm.nih.gov/geo/samples/GSM6425nnn/GSM6425190/suppl/GSM6425190_Methylation_EPIC_37_Grn.idat.gz"
[1] "Data downloaded successfuly"
[1] "https://ftp.ncbi.nlm.nih.gov/geo/samples/GSM6425nnn/GSM6425190/suppl/GSM6425190_Methylation_EPIC_37_Red.idat.gz"
[1] "Data downloaded successfuly"
[1] "https://ftp.ncbi.nlm.nih.gov/geo/samples/GSM6425nnn/GSM6425191/suppl/GSM6425191_Methylation_EPIC_38_Grn.idat.gz"
[1] "Data downloaded successfuly"
[1] "https://ftp.ncbi.nlm.nih.gov/geo/samples/GSM6425nnn/GSM6425191/suppl/GSM6425191_Methylation_EPIC_38_Red.idat.gz"
[1] "Data downloaded successfuly"
[1] "https://ftp.ncbi.nlm.nih.gov/geo/samples/GSM6425nnn/GSM6425192/suppl/GSM6425192_Methylation_EPIC_39_Grn.idat.gz"
[1] "Data downloaded successfuly"
[1] "https://ftp.ncbi.nlm.nih.gov/geo/samples/GSM6425nnn/GSM6425192/suppl/GSM6425192_Methylation_EPIC_39_Red.idat.gz"
[1] "Data downloaded successfuly"
[1] "https://ftp.ncbi.nlm.nih.gov/geo/samples/GSM6425nnn/GSM6425193/suppl/GSM6425193_Methylation_EPIC_40_Grn.idat.gz"
[1] "Data downloaded successfuly"
[1] "https://ftp.ncbi.nlm.nih.gov/geo/samples/GSM6425nnn/GSM6425193/suppl/GSM6425193_Methylation_EPIC_40_Red.idat.gz"
[1] "Data downloaded successfuly"
[1] "https://ftp.ncbi.nlm.nih.gov/geo/samples/GSM6425nnn/GSM6425194/suppl/GSM6425194_Methylation_EPIC_41_Grn.idat.gz"
[1] "Data downloaded successfuly"
[1] "https://ftp.ncbi.nlm.nih.gov/geo/samples/GSM6425nnn/GSM6425194/suppl/GSM6425194_Methylation_EPIC_41_Red.idat.gz"
[1] "Data downloaded successfuly"
[1] "https://ftp.ncbi.nlm.nih.gov/geo/samples/GSM6425nnn/GSM6425195/suppl/GSM6425195_Methylation_EPIC_42_Grn.idat.gz"
[1] "Data downloaded successfuly"
[1] "https://ftp.ncbi.nlm.nih.gov/geo/samples/GSM6425nnn/GSM6425195/suppl/GSM6425195_Methylation_EPIC_42_Red.idat.gz"
[1] "Data downloaded successfuly"
[1] "https://ftp.ncbi.nlm.nih.gov/geo/samples/GSM6425nnn/GSM6425196/suppl/GSM6425196_Methylation_EPIC_43_Grn.idat.gz"
[1] "Data downloaded successfuly"
[1] "https://ftp.ncbi.nlm.nih.gov/geo/samples/GSM6425nnn/GSM6425196/suppl/GSM6425196_Methylation_EPIC_43_Red.idat.gz"
[1] "Data downloaded successfuly"
[1] "https://ftp.ncbi.nlm.nih.gov/geo/samples/GSM6425nnn/GSM6425197/suppl/GSM6425197_Methylation_EPIC_44_Grn.idat.gz"
[1] "Data downloaded successfuly"
[1] "https://ftp.ncbi.nlm.nih.gov/geo/samples/GSM6425nnn/GSM6425197/suppl/GSM6425197_Methylation_EPIC_44_Red.idat.gz"
[1] "Data downloaded successfuly"
[1] "https://ftp.ncbi.nlm.nih.gov/geo/samples/GSM6425nnn/GSM6425198/suppl/GSM6425198_Methylation_EPIC_45_Grn.idat.gz"
[1] "Data downloaded successfuly"
[1] "https://ftp.ncbi.nlm.nih.gov/geo/samples/GSM6425nnn/GSM6425198/suppl/GSM6425198_Methylation_EPIC_45_Red.idat.gz"
[1] "Data downloaded successfuly"
[1] "https://ftp.ncbi.nlm.nih.gov/geo/samples/GSM6425nnn/GSM6425199/suppl/GSM6425199_Methylation_EPIC_46_Grn.idat.gz"
[1] "Data downloaded successfuly"
[1] "https://ftp.ncbi.nlm.nih.gov/geo/samples/GSM6425nnn/GSM6425199/suppl/GSM6425199_Methylation_EPIC_46_Red.idat.gz"
[1] "Data downloaded successfuly"
[1] "https://ftp.ncbi.nlm.nih.gov/geo/samples/GSM6425nnn/GSM6425200/suppl/GSM6425200_Methylation_EPIC_47_Grn.idat.gz"
[1] "Data downloaded successfuly"
[1] "https://ftp.ncbi.nlm.nih.gov/geo/samples/GSM6425nnn/GSM6425200/suppl/GSM6425200_Methylation_EPIC_47_Red.idat.gz"
[1] "Data downloaded successfuly"
[1] "https://ftp.ncbi.nlm.nih.gov/geo/samples/GSM6425nnn/GSM6425201/suppl/GSM6425201_Methylation_EPIC_48_Grn.idat.gz"
[1] "Data downloaded successfuly"
[1] "https://ftp.ncbi.nlm.nih.gov/geo/samples/GSM6425nnn/GSM6425201/suppl/GSM6425201_Methylation_EPIC_48_Red.idat.gz"
[1] "Data downloaded successfuly"
[1] "https://ftp.ncbi.nlm.nih.gov/geo/samples/GSM6425nnn/GSM6425202/suppl/GSM6425202_Methylation_EPIC_49_Grn.idat.gz"
[1] "Data downloaded successfuly"
[1] "https://ftp.ncbi.nlm.nih.gov/geo/samples/GSM6425nnn/GSM6425202/suppl/GSM6425202_Methylation_EPIC_49_Red.idat.gz"
[1] "Data downloaded successfuly"
[1] "https://ftp.ncbi.nlm.nih.gov/geo/samples/GSM6425nnn/GSM6425203/suppl/GSM6425203_Methylation_EPIC_50_Grn.idat.gz"
[1] "Data downloaded successfuly"
[1] "https://ftp.ncbi.nlm.nih.gov/geo/samples/GSM6425nnn/GSM6425203/suppl/GSM6425203_Methylation_EPIC_50_Red.idat.gz"
[1] "Data downloaded successfuly"
[1] "https://ftp.ncbi.nlm.nih.gov/geo/samples/GSM6425nnn/GSM6425204/suppl/GSM6425204_Methylation_EPIC_51_Grn.idat.gz"
[1] "Data downloaded successfuly"
[1] "https://ftp.ncbi.nlm.nih.gov/geo/samples/GSM6425nnn/GSM6425204/suppl/GSM6425204_Methylation_EPIC_51_Red.idat.gz"
[1] "Data downloaded successfuly"
[1] "https://ftp.ncbi.nlm.nih.gov/geo/samples/GSM6425nnn/GSM6425205/suppl/GSM6425205_Methylation_EPIC_52_Grn.idat.gz"
[1] "Data downloaded successfuly"
[1] "https://ftp.ncbi.nlm.nih.gov/geo/samples/GSM6425nnn/GSM6425205/suppl/GSM6425205_Methylation_EPIC_52_Red.idat.gz"
[1] "Data downloaded successfuly"
[1] "https://ftp.ncbi.nlm.nih.gov/geo/samples/GSM6425nnn/GSM6425206/suppl/GSM6425206_Methylation_EPIC_53_Grn.idat.gz"
[1] "Data downloaded successfuly"
[1] "https://ftp.ncbi.nlm.nih.gov/geo/samples/GSM6425nnn/GSM6425206/suppl/GSM6425206_Methylation_EPIC_53_Red.idat.gz"
[1] "Data downloaded successfuly"
[1] "https://ftp.ncbi.nlm.nih.gov/geo/samples/GSM6425nnn/GSM6425207/suppl/GSM6425207_Methylation_EPIC_54_Grn.idat.gz"
[1] "Data downloaded successfuly"
[1] "https://ftp.ncbi.nlm.nih.gov/geo/samples/GSM6425nnn/GSM6425207/suppl/GSM6425207_Methylation_EPIC_54_Red.idat.gz"
[1] "Data downloaded successfuly"
[1] "https://ftp.ncbi.nlm.nih.gov/geo/samples/GSM6425nnn/GSM6425208/suppl/GSM6425208_Methylation_EPIC_55_Grn.idat.gz"
[1] "Data downloaded successfuly"
[1] "https://ftp.ncbi.nlm.nih.gov/geo/samples/GSM6425nnn/GSM6425208/suppl/GSM6425208_Methylation_EPIC_55_Red.idat.gz"
[1] "Data downloaded successfuly"
[1] "https://ftp.ncbi.nlm.nih.gov/geo/samples/GSM6425nnn/GSM6425209/suppl/GSM6425209_Methylation_EPIC_56_Grn.idat.gz"
[1] "Data downloaded successfuly"
[1] "https://ftp.ncbi.nlm.nih.gov/geo/samples/GSM6425nnn/GSM6425209/suppl/GSM6425209_Methylation_EPIC_56_Red.idat.gz"
[1] "Data downloaded successfuly"
[1] "https://ftp.ncbi.nlm.nih.gov/geo/samples/GSM6425nnn/GSM6425210/suppl/GSM6425210_Methylation_EPIC_57_Grn.idat.gz"
[1] "Data downloaded successfuly"
[1] "https://ftp.ncbi.nlm.nih.gov/geo/samples/GSM6425nnn/GSM6425210/suppl/GSM6425210_Methylation_EPIC_57_Red.idat.gz"
[1] "Data downloaded successfuly"
[1] "https://ftp.ncbi.nlm.nih.gov/geo/samples/GSM6425nnn/GSM6425211/suppl/GSM6425211_Methylation_EPIC_58_Grn.idat.gz"
[1] "Data downloaded successfuly"
[1] "https://ftp.ncbi.nlm.nih.gov/geo/samples/GSM6425nnn/GSM6425211/suppl/GSM6425211_Methylation_EPIC_58_Red.idat.gz"
[1] "Data downloaded successfuly"
[1] "https://ftp.ncbi.nlm.nih.gov/geo/samples/GSM6425nnn/GSM6425212/suppl/GSM6425212_Methylation_EPIC_59_Grn.idat.gz"
[1] "Data downloaded successfuly"
[1] "https://ftp.ncbi.nlm.nih.gov/geo/samples/GSM6425nnn/GSM6425212/suppl/GSM6425212_Methylation_EPIC_59_Red.idat.gz"
[1] "Data downloaded successfuly"
[1] "https://ftp.ncbi.nlm.nih.gov/geo/samples/GSM6425nnn/GSM6425213/suppl/GSM6425213_Methylation_EPIC_60_Grn.idat.gz"
[1] "Data downloaded successfuly"
[1] "https://ftp.ncbi.nlm.nih.gov/geo/samples/GSM6425nnn/GSM6425213/suppl/GSM6425213_Methylation_EPIC_60_Red.idat.gz"
[1] "Data downloaded successfuly"
[1] "https://ftp.ncbi.nlm.nih.gov/geo/samples/GSM6425nnn/GSM6425214/suppl/GSM6425214_Methylation_EPIC_61_Grn.idat.gz"
[1] "Data downloaded successfuly"
[1] "https://ftp.ncbi.nlm.nih.gov/geo/samples/GSM6425nnn/GSM6425214/suppl/GSM6425214_Methylation_EPIC_61_Red.idat.gz"
[1] "Data downloaded successfuly"
[1] "https://ftp.ncbi.nlm.nih.gov/geo/samples/GSM6425nnn/GSM6425215/suppl/GSM6425215_Methylation_EPIC_62_Grn.idat.gz"
[1] "Data downloaded successfuly"
[1] "https://ftp.ncbi.nlm.nih.gov/geo/samples/GSM6425nnn/GSM6425215/suppl/GSM6425215_Methylation_EPIC_62_Red.idat.gz"
[1] "Data downloaded successfuly"
[1] "https://ftp.ncbi.nlm.nih.gov/geo/samples/GSM6425nnn/GSM6425216/suppl/GSM6425216_Methylation_EPIC_63_Grn.idat.gz"
[1] "Data downloaded successfuly"
[1] "https://ftp.ncbi.nlm.nih.gov/geo/samples/GSM6425nnn/GSM6425216/suppl/GSM6425216_Methylation_EPIC_63_Red.idat.gz"
[1] "Data downloaded successfuly"
[1] "https://ftp.ncbi.nlm.nih.gov/geo/samples/GSM6425nnn/GSM6425217/suppl/GSM6425217_Methylation_EPIC_64_Grn.idat.gz"
[1] "Data downloaded successfuly"
[1] "https://ftp.ncbi.nlm.nih.gov/geo/samples/GSM6425nnn/GSM6425217/suppl/GSM6425217_Methylation_EPIC_64_Red.idat.gz"
[1] "Data downloaded successfuly"
[1] "https://ftp.ncbi.nlm.nih.gov/geo/samples/GSM6425nnn/GSM6425218/suppl/GSM6425218_Methylation_EPIC_65_Grn.idat.gz"
[1] "Data downloaded successfuly"
[1] "https://ftp.ncbi.nlm.nih.gov/geo/samples/GSM6425nnn/GSM6425218/suppl/GSM6425218_Methylation_EPIC_65_Red.idat.gz"
[1] "Data downloaded successfuly"
[1] "https://ftp.ncbi.nlm.nih.gov/geo/samples/GSM6425nnn/GSM6425219/suppl/GSM6425219_Methylation_EPIC_66_Grn.idat.gz"
[1] "Data downloaded successfuly"
[1] "https://ftp.ncbi.nlm.nih.gov/geo/samples/GSM6425nnn/GSM6425219/suppl/GSM6425219_Methylation_EPIC_66_Red.idat.gz"
[1] "Data downloaded successfuly"
[1] "https://ftp.ncbi.nlm.nih.gov/geo/samples/GSM6425nnn/GSM6425220/suppl/GSM6425220_Methylation_EPIC_67_Grn.idat.gz"
[1] "Data downloaded successfuly"
[1] "https://ftp.ncbi.nlm.nih.gov/geo/samples/GSM6425nnn/GSM6425220/suppl/GSM6425220_Methylation_EPIC_67_Red.idat.gz"
[1] "Data downloaded successfuly"
[1] "https://ftp.ncbi.nlm.nih.gov/geo/samples/GSM6425nnn/GSM6425221/suppl/GSM6425221_Methylation_EPIC_68_Grn.idat.gz"
[1] "Data downloaded successfuly"
[1] "https://ftp.ncbi.nlm.nih.gov/geo/samples/GSM6425nnn/GSM6425221/suppl/GSM6425221_Methylation_EPIC_68_Red.idat.gz"
[1] "Data downloaded successfuly"
[1] "https://ftp.ncbi.nlm.nih.gov/geo/samples/GSM6425nnn/GSM6425222/suppl/GSM6425222_Methylation_EPIC_69_Grn.idat.gz"
[1] "Data downloaded successfuly"
[1] "https://ftp.ncbi.nlm.nih.gov/geo/samples/GSM6425nnn/GSM6425222/suppl/GSM6425222_Methylation_EPIC_69_Red.idat.gz"
[1] "Data downloaded successfuly"
[1] "https://ftp.ncbi.nlm.nih.gov/geo/samples/GSM6425nnn/GSM6425223/suppl/GSM6425223_Methylation_EPIC_70_Grn.idat.gz"
[1] "Data downloaded successfuly"
[1] "https://ftp.ncbi.nlm.nih.gov/geo/samples/GSM6425nnn/GSM6425223/suppl/GSM6425223_Methylation_EPIC_70_Red.idat.gz"
[1] "Data downloaded successfuly"
[1] "https://ftp.ncbi.nlm.nih.gov/geo/samples/GSM6425nnn/GSM6425224/suppl/GSM6425224_Methylation_EPIC_71_Grn.idat.gz"
[1] "Data downloaded successfuly"
[1] "https://ftp.ncbi.nlm.nih.gov/geo/samples/GSM6425nnn/GSM6425224/suppl/GSM6425224_Methylation_EPIC_71_Red.idat.gz"
[1] "Data downloaded successfuly"
[1] "https://ftp.ncbi.nlm.nih.gov/geo/samples/GSM6425nnn/GSM6425225/suppl/GSM6425225_Methylation_EPIC_72_Grn.idat.gz"
[1] "Data downloaded successfuly"
[1] "https://ftp.ncbi.nlm.nih.gov/geo/samples/GSM6425nnn/GSM6425225/suppl/GSM6425225_Methylation_EPIC_72_Red.idat.gz"
[1] "Data downloaded successfuly"
[1] "https://ftp.ncbi.nlm.nih.gov/geo/samples/GSM6425nnn/GSM6425226/suppl/GSM6425226_Methylation_EPIC_73_Grn.idat.gz"
[1] "Data downloaded successfuly"
[1] "https://ftp.ncbi.nlm.nih.gov/geo/samples/GSM6425nnn/GSM6425226/suppl/GSM6425226_Methylation_EPIC_73_Red.idat.gz"
[1] "Data downloaded successfuly"
[1] "https://ftp.ncbi.nlm.nih.gov/geo/samples/GSM6425nnn/GSM6425227/suppl/GSM6425227_Methylation_EPIC_74_Grn.idat.gz"
[1] "Data downloaded successfuly"
[1] "https://ftp.ncbi.nlm.nih.gov/geo/samples/GSM6425nnn/GSM6425227/suppl/GSM6425227_Methylation_EPIC_74_Red.idat.gz"
[1] "Data downloaded successfuly"
[1] "https://ftp.ncbi.nlm.nih.gov/geo/samples/GSM6425nnn/GSM6425228/suppl/GSM6425228_Methylation_EPIC_75_Grn.idat.gz"
[1] "Data downloaded successfuly"
[1] "https://ftp.ncbi.nlm.nih.gov/geo/samples/GSM6425nnn/GSM6425228/suppl/GSM6425228_Methylation_EPIC_75_Red.idat.gz"
[1] "Data downloaded successfuly"
[1] "https://ftp.ncbi.nlm.nih.gov/geo/samples/GSM6425nnn/GSM6425229/suppl/GSM6425229_Methylation_EPIC_76_Grn.idat.gz"
[1] "Data downloaded successfuly"
[1] "https://ftp.ncbi.nlm.nih.gov/geo/samples/GSM6425nnn/GSM6425229/suppl/GSM6425229_Methylation_EPIC_76_Red.idat.gz"
[1] "Data downloaded successfuly"
[1] "https://ftp.ncbi.nlm.nih.gov/geo/samples/GSM6425nnn/GSM6425230/suppl/GSM6425230_Methylation_EPIC_77_Grn.idat.gz"
[1] "Data downloaded successfuly"
[1] "https://ftp.ncbi.nlm.nih.gov/geo/samples/GSM6425nnn/GSM6425230/suppl/GSM6425230_Methylation_EPIC_77_Red.idat.gz"
[1] "Data downloaded successfuly"
[1] "https://ftp.ncbi.nlm.nih.gov/geo/samples/GSM6425nnn/GSM6425231/suppl/GSM6425231_Methylation_EPIC_78_Grn.idat.gz"
[1] "Data downloaded successfuly"
[1] "https://ftp.ncbi.nlm.nih.gov/geo/samples/GSM6425nnn/GSM6425231/suppl/GSM6425231_Methylation_EPIC_78_Red.idat.gz"
[1] "Data downloaded successfuly"
[1] "https://ftp.ncbi.nlm.nih.gov/geo/samples/GSM6425nnn/GSM6425232/suppl/GSM6425232_Methylation_EPIC_79_Grn.idat.gz"
[1] "Data downloaded successfuly"
[1] "https://ftp.ncbi.nlm.nih.gov/geo/samples/GSM6425nnn/GSM6425232/suppl/GSM6425232_Methylation_EPIC_79_Red.idat.gz"
[1] "Data downloaded successfuly"
[1] "https://ftp.ncbi.nlm.nih.gov/geo/samples/GSM6425nnn/GSM6425233/suppl/GSM6425233_Methylation_EPIC_80_Grn.idat.gz"
[1] "Data downloaded successfuly"
[1] "https://ftp.ncbi.nlm.nih.gov/geo/samples/GSM6425nnn/GSM6425233/suppl/GSM6425233_Methylation_EPIC_80_Red.idat.gz"
[1] "Data downloaded successfuly"
[1] "https://ftp.ncbi.nlm.nih.gov/geo/samples/GSM6425nnn/GSM6425234/suppl/GSM6425234_Methylation_EPIC_81_Grn.idat.gz"
[1] "Data downloaded successfuly"
[1] "https://ftp.ncbi.nlm.nih.gov/geo/samples/GSM6425nnn/GSM6425234/suppl/GSM6425234_Methylation_EPIC_81_Red.idat.gz"
[1] "Data downloaded successfuly"
[1] "https://ftp.ncbi.nlm.nih.gov/geo/samples/GSM6425nnn/GSM6425235/suppl/GSM6425235_Methylation_EPIC_82_Grn.idat.gz"
[1] "Data downloaded successfuly"
[1] "https://ftp.ncbi.nlm.nih.gov/geo/samples/GSM6425nnn/GSM6425235/suppl/GSM6425235_Methylation_EPIC_82_Red.idat.gz"
[1] "Data downloaded successfuly"
[1] "https://ftp.ncbi.nlm.nih.gov/geo/samples/GSM6425nnn/GSM6425236/suppl/GSM6425236_Methylation_EPIC_83_Grn.idat.gz"
[1] "Data downloaded successfuly"
[1] "https://ftp.ncbi.nlm.nih.gov/geo/samples/GSM6425nnn/GSM6425236/suppl/GSM6425236_Methylation_EPIC_83_Red.idat.gz"
[1] "Data downloaded successfuly"
[1] "https://ftp.ncbi.nlm.nih.gov/geo/samples/GSM6425nnn/GSM6425237/suppl/GSM6425237_Methylation_EPIC_84_Grn.idat.gz"
[1] "Data downloaded successfuly"
[1] "https://ftp.ncbi.nlm.nih.gov/geo/samples/GSM6425nnn/GSM6425237/suppl/GSM6425237_Methylation_EPIC_84_Red.idat.gz"
[1] "Data downloaded successfuly"
[1] "https://ftp.ncbi.nlm.nih.gov/geo/samples/GSM6425nnn/GSM6425238/suppl/GSM6425238_Methylation_EPIC_85_Grn.idat.gz"
[1] "Data downloaded successfuly"
[1] "https://ftp.ncbi.nlm.nih.gov/geo/samples/GSM6425nnn/GSM6425238/suppl/GSM6425238_Methylation_EPIC_85_Red.idat.gz"
[1] "Data downloaded successfuly"
[1] "https://ftp.ncbi.nlm.nih.gov/geo/samples/GSM6425nnn/GSM6425239/suppl/GSM6425239_Methylation_EPIC_86_Grn.idat.gz"
[1] "Data downloaded successfuly"
[1] "https://ftp.ncbi.nlm.nih.gov/geo/samples/GSM6425nnn/GSM6425239/suppl/GSM6425239_Methylation_EPIC_86_Red.idat.gz"
[1] "Data downloaded successfuly"
[1] "https://ftp.ncbi.nlm.nih.gov/geo/samples/GSM6425nnn/GSM6425240/suppl/GSM6425240_Methylation_EPIC_87_Grn.idat.gz"
[1] "Data downloaded successfuly"
[1] "https://ftp.ncbi.nlm.nih.gov/geo/samples/GSM6425nnn/GSM6425240/suppl/GSM6425240_Methylation_EPIC_87_Red.idat.gz"
[1] "Data downloaded successfuly"
[1] "https://ftp.ncbi.nlm.nih.gov/geo/samples/GSM6425nnn/GSM6425241/suppl/GSM6425241_Methylation_EPIC_88_Grn.idat.gz"
[1] "Data downloaded successfuly"
[1] "https://ftp.ncbi.nlm.nih.gov/geo/samples/GSM6425nnn/GSM6425241/suppl/GSM6425241_Methylation_EPIC_88_Red.idat.gz"
[1] "Data downloaded successfuly"
[1] "https://ftp.ncbi.nlm.nih.gov/geo/samples/GSM6425nnn/GSM6425242/suppl/GSM6425242_Methylation_EPIC_89_Grn.idat.gz"
[1] "Data downloaded successfuly"
[1] "https://ftp.ncbi.nlm.nih.gov/geo/samples/GSM6425nnn/GSM6425242/suppl/GSM6425242_Methylation_EPIC_89_Red.idat.gz"
[1] "Data downloaded successfuly"
[1] "https://ftp.ncbi.nlm.nih.gov/geo/samples/GSM6425nnn/GSM6425243/suppl/GSM6425243_Methylation_EPIC_90_Grn.idat.gz"
[1] "Data downloaded successfuly"
[1] "https://ftp.ncbi.nlm.nih.gov/geo/samples/GSM6425nnn/GSM6425243/suppl/GSM6425243_Methylation_EPIC_90_Red.idat.gz"
[1] "Data downloaded successfuly"
[1] "https://ftp.ncbi.nlm.nih.gov/geo/samples/GSM6425nnn/GSM6425244/suppl/GSM6425244_Methylation_EPIC_91_Grn.idat.gz"
[1] "Data downloaded successfuly"
[1] "https://ftp.ncbi.nlm.nih.gov/geo/samples/GSM6425nnn/GSM6425244/suppl/GSM6425244_Methylation_EPIC_91_Red.idat.gz"
[1] "Data downloaded successfuly"
[1] "https://ftp.ncbi.nlm.nih.gov/geo/samples/GSM6425nnn/GSM6425245/suppl/GSM6425245_Methylation_EPIC_92_Grn.idat.gz"
[1] "Data downloaded successfuly"
[1] "https://ftp.ncbi.nlm.nih.gov/geo/samples/GSM6425nnn/GSM6425245/suppl/GSM6425245_Methylation_EPIC_92_Red.idat.gz"
[1] "Data downloaded successfuly"
[1] "https://ftp.ncbi.nlm.nih.gov/geo/samples/GSM6425nnn/GSM6425246/suppl/GSM6425246_Methylation_EPIC_93_Grn.idat.gz"
[1] "Data downloaded successfuly"
[1] "https://ftp.ncbi.nlm.nih.gov/geo/samples/GSM6425nnn/GSM6425246/suppl/GSM6425246_Methylation_EPIC_93_Red.idat.gz"
[1] "Data downloaded successfuly"
[1] "https://ftp.ncbi.nlm.nih.gov/geo/samples/GSM6425nnn/GSM6425247/suppl/GSM6425247_Methylation_EPIC_94_Grn.idat.gz"
[1] "Data downloaded successfuly"
[1] "https://ftp.ncbi.nlm.nih.gov/geo/samples/GSM6425nnn/GSM6425247/suppl/GSM6425247_Methylation_EPIC_94_Red.idat.gz"
[1] "Data downloaded successfuly"
[1] "https://ftp.ncbi.nlm.nih.gov/geo/samples/GSM6425nnn/GSM6425248/suppl/GSM6425248_Methylation_EPIC_95_Grn.idat.gz"
[1] "Data downloaded successfuly"
[1] "https://ftp.ncbi.nlm.nih.gov/geo/samples/GSM6425nnn/GSM6425248/suppl/GSM6425248_Methylation_EPIC_95_Red.idat.gz"
[1] "Data downloaded successfuly"
[1] "https://ftp.ncbi.nlm.nih.gov/geo/samples/GSM6425nnn/GSM6425249/suppl/GSM6425249_Methylation_EPIC_96_Grn.idat.gz"
[1] "Data downloaded successfuly"
[1] "https://ftp.ncbi.nlm.nih.gov/geo/samples/GSM6425nnn/GSM6425249/suppl/GSM6425249_Methylation_EPIC_96_Red.idat.gz"
[1] "Data downloaded successfuly"
[1] "https://ftp.ncbi.nlm.nih.gov/geo/samples/GSM6425nnn/GSM6425250/suppl/GSM6425250_Methylation_EPIC_97_Grn.idat.gz"
[1] "Data downloaded successfuly"
[1] "https://ftp.ncbi.nlm.nih.gov/geo/samples/GSM6425nnn/GSM6425250/suppl/GSM6425250_Methylation_EPIC_97_Red.idat.gz"
[1] "Data downloaded successfuly"
[1] "https://ftp.ncbi.nlm.nih.gov/geo/samples/GSM6425nnn/GSM6425251/suppl/GSM6425251_Methylation_EPIC_98_Grn.idat.gz"
[1] "Data downloaded successfuly"
[1] "https://ftp.ncbi.nlm.nih.gov/geo/samples/GSM6425nnn/GSM6425251/suppl/GSM6425251_Methylation_EPIC_98_Red.idat.gz"
[1] "Data downloaded successfuly"
[1] "https://ftp.ncbi.nlm.nih.gov/geo/samples/GSM6425nnn/GSM6425252/suppl/GSM6425252_Methylation_EPIC_99_Grn.idat.gz"
[1] "Data downloaded successfuly"
[1] "https://ftp.ncbi.nlm.nih.gov/geo/samples/GSM6425nnn/GSM6425252/suppl/GSM6425252_Methylation_EPIC_99_Red.idat.gz"
[1] "Data downloaded successfuly"
[1] "https://ftp.ncbi.nlm.nih.gov/geo/samples/GSM6425nnn/GSM6425253/suppl/GSM6425253_Methylation_EPIC_100_Grn.idat.gz"
[1] "Data downloaded successfuly"
[1] "https://ftp.ncbi.nlm.nih.gov/geo/samples/GSM6425nnn/GSM6425253/suppl/GSM6425253_Methylation_EPIC_100_Red.idat.gz"
[1] "Data downloaded successfuly"
[1] "https://ftp.ncbi.nlm.nih.gov/geo/samples/GSM6425nnn/GSM6425254/suppl/GSM6425254_Methylation_EPIC_101_Grn.idat.gz"
[1] "Data downloaded successfuly"
[1] "https://ftp.ncbi.nlm.nih.gov/geo/samples/GSM6425nnn/GSM6425254/suppl/GSM6425254_Methylation_EPIC_101_Red.idat.gz"
[1] "Data downloaded successfuly"
[1] "https://ftp.ncbi.nlm.nih.gov/geo/samples/GSM6425nnn/GSM6425255/suppl/GSM6425255_Methylation_EPIC_102_Grn.idat.gz"
[1] "Data downloaded successfuly"
[1] "https://ftp.ncbi.nlm.nih.gov/geo/samples/GSM6425nnn/GSM6425255/suppl/GSM6425255_Methylation_EPIC_102_Red.idat.gz"
[1] "Data downloaded successfuly"
[1] "https://ftp.ncbi.nlm.nih.gov/geo/samples/GSM6425nnn/GSM6425256/suppl/GSM6425256_Methylation_EPIC_103_Grn.idat.gz"
[1] "Data downloaded successfuly"
[1] "https://ftp.ncbi.nlm.nih.gov/geo/samples/GSM6425nnn/GSM6425256/suppl/GSM6425256_Methylation_EPIC_103_Red.idat.gz"
[1] "Data downloaded successfuly"
[1] "https://ftp.ncbi.nlm.nih.gov/geo/samples/GSM6425nnn/GSM6425257/suppl/GSM6425257_Methylation_EPIC_104_Grn.idat.gz"
[1] "Data downloaded successfuly"
[1] "https://ftp.ncbi.nlm.nih.gov/geo/samples/GSM6425nnn/GSM6425257/suppl/GSM6425257_Methylation_EPIC_104_Red.idat.gz"
[1] "Data downloaded successfuly"
[1] "https://ftp.ncbi.nlm.nih.gov/geo/samples/GSM6425nnn/GSM6425258/suppl/GSM6425258_Methylation_EPIC_105_Grn.idat.gz"
[1] "Data downloaded successfuly"
[1] "https://ftp.ncbi.nlm.nih.gov/geo/samples/GSM6425nnn/GSM6425258/suppl/GSM6425258_Methylation_EPIC_105_Red.idat.gz"
[1] "Data downloaded successfuly"
[1] "https://ftp.ncbi.nlm.nih.gov/geo/samples/GSM6425nnn/GSM6425259/suppl/GSM6425259_Methylation_EPIC_106_Grn.idat.gz"
[1] "Data downloaded successfuly"
[1] "https://ftp.ncbi.nlm.nih.gov/geo/samples/GSM6425nnn/GSM6425259/suppl/GSM6425259_Methylation_EPIC_106_Red.idat.gz"
[1] "Data downloaded successfuly"
[1] "https://ftp.ncbi.nlm.nih.gov/geo/samples/GSM6425nnn/GSM6425260/suppl/GSM6425260_Methylation_EPIC_107_Grn.idat.gz"
[1] "Data downloaded successfuly"
[1] "https://ftp.ncbi.nlm.nih.gov/geo/samples/GSM6425nnn/GSM6425260/suppl/GSM6425260_Methylation_EPIC_107_Red.idat.gz"
[1] "Data downloaded successfuly"
[1] "https://ftp.ncbi.nlm.nih.gov/geo/samples/GSM6425nnn/GSM6425261/suppl/GSM6425261_Methylation_EPIC_108_Grn.idat.gz"
[1] "Data downloaded successfuly"
[1] "https://ftp.ncbi.nlm.nih.gov/geo/samples/GSM6425nnn/GSM6425261/suppl/GSM6425261_Methylation_EPIC_108_Red.idat.gz"
[1] "Data downloaded successfuly"
[1] "https://ftp.ncbi.nlm.nih.gov/geo/samples/GSM6425nnn/GSM6425262/suppl/GSM6425262_Methylation_EPIC_109_Grn.idat.gz"
[1] "Data downloaded successfuly"
[1] "https://ftp.ncbi.nlm.nih.gov/geo/samples/GSM6425nnn/GSM6425262/suppl/GSM6425262_Methylation_EPIC_109_Red.idat.gz"
[1] "Data downloaded successfuly"
[1] "https://ftp.ncbi.nlm.nih.gov/geo/samples/GSM6425nnn/GSM6425263/suppl/GSM6425263_Methylation_EPIC_110_Grn.idat.gz"
[1] "Data downloaded successfuly"
[1] "https://ftp.ncbi.nlm.nih.gov/geo/samples/GSM6425nnn/GSM6425263/suppl/GSM6425263_Methylation_EPIC_110_Red.idat.gz"
[1] "Data downloaded successfuly"
[1] "https://ftp.ncbi.nlm.nih.gov/geo/samples/GSM6425nnn/GSM6425264/suppl/GSM6425264_Methylation_EPIC_111_Grn.idat.gz"
[1] "Data downloaded successfuly"
[1] "https://ftp.ncbi.nlm.nih.gov/geo/samples/GSM6425nnn/GSM6425264/suppl/GSM6425264_Methylation_EPIC_111_Red.idat.gz"
[1] "Data downloaded successfuly"
[1] "https://ftp.ncbi.nlm.nih.gov/geo/samples/GSM6425nnn/GSM6425265/suppl/GSM6425265_Methylation_EPIC_112_Grn.idat.gz"
[1] "Data downloaded successfuly"
[1] "https://ftp.ncbi.nlm.nih.gov/geo/samples/GSM6425nnn/GSM6425265/suppl/GSM6425265_Methylation_EPIC_112_Red.idat.gz"
[1] "Data downloaded successfuly"
[1] "https://ftp.ncbi.nlm.nih.gov/geo/samples/GSM6425nnn/GSM6425266/suppl/GSM6425266_Methylation_EPIC_113_Grn.idat.gz"
[1] "Data downloaded successfuly"
[1] "https://ftp.ncbi.nlm.nih.gov/geo/samples/GSM6425nnn/GSM6425266/suppl/GSM6425266_Methylation_EPIC_113_Red.idat.gz"
[1] "Data downloaded successfuly"
[1] "https://ftp.ncbi.nlm.nih.gov/geo/samples/GSM6425nnn/GSM6425267/suppl/GSM6425267_Methylation_EPIC_114_Grn.idat.gz"
[1] "Data downloaded successfuly"
[1] "https://ftp.ncbi.nlm.nih.gov/geo/samples/GSM6425nnn/GSM6425267/suppl/GSM6425267_Methylation_EPIC_114_Red.idat.gz"
[1] "Data downloaded successfuly"
[1] "https://ftp.ncbi.nlm.nih.gov/geo/samples/GSM6425nnn/GSM6425268/suppl/GSM6425268_Methylation_EPIC_115_Grn.idat.gz"
[1] "Data downloaded successfuly"
[1] "https://ftp.ncbi.nlm.nih.gov/geo/samples/GSM6425nnn/GSM6425268/suppl/GSM6425268_Methylation_EPIC_115_Red.idat.gz"
[1] "Data downloaded successfuly"
[1] "https://ftp.ncbi.nlm.nih.gov/geo/samples/GSM6425nnn/GSM6425269/suppl/GSM6425269_Methylation_EPIC_116_Grn.idat.gz"
[1] "Data downloaded successfuly"
[1] "https://ftp.ncbi.nlm.nih.gov/geo/samples/GSM6425nnn/GSM6425269/suppl/GSM6425269_Methylation_EPIC_116_Red.idat.gz"
[1] "Data downloaded successfuly"
[1] "https://ftp.ncbi.nlm.nih.gov/geo/samples/GSM6425nnn/GSM6425270/suppl/GSM6425270_Methylation_EPIC_117_Grn.idat.gz"
[1] "Data downloaded successfuly"
[1] "https://ftp.ncbi.nlm.nih.gov/geo/samples/GSM6425nnn/GSM6425270/suppl/GSM6425270_Methylation_EPIC_117_Red.idat.gz"
[1] "Data downloaded successfuly"
[1] "https://ftp.ncbi.nlm.nih.gov/geo/samples/GSM6425nnn/GSM6425271/suppl/GSM6425271_Methylation_EPIC_118_Grn.idat.gz"
[1] "Data downloaded successfuly"
[1] "https://ftp.ncbi.nlm.nih.gov/geo/samples/GSM6425nnn/GSM6425271/suppl/GSM6425271_Methylation_EPIC_118_Red.idat.gz"
[1] "Data downloaded successfuly"
[1] "https://ftp.ncbi.nlm.nih.gov/geo/samples/GSM6425nnn/GSM6425272/suppl/GSM6425272_Methylation_EPIC_119_Grn.idat.gz"
[1] "Data downloaded successfuly"
[1] "https://ftp.ncbi.nlm.nih.gov/geo/samples/GSM6425nnn/GSM6425272/suppl/GSM6425272_Methylation_EPIC_119_Red.idat.gz"
[1] "Data downloaded successfuly"
[1] "https://ftp.ncbi.nlm.nih.gov/geo/samples/GSM6425nnn/GSM6425273/suppl/GSM6425273_Methylation_EPIC_120_Grn.idat.gz"
[1] "Data downloaded successfuly"
[1] "https://ftp.ncbi.nlm.nih.gov/geo/samples/GSM6425nnn/GSM6425273/suppl/GSM6425273_Methylation_EPIC_120_Red.idat.gz"
[1] "Data downloaded successfuly"
[1] "https://ftp.ncbi.nlm.nih.gov/geo/samples/GSM6425nnn/GSM6425274/suppl/GSM6425274_Methylation_EPIC_121_Grn.idat.gz"
[1] "Data downloaded successfuly"
[1] "https://ftp.ncbi.nlm.nih.gov/geo/samples/GSM6425nnn/GSM6425274/suppl/GSM6425274_Methylation_EPIC_121_Red.idat.gz"
[1] "Data downloaded successfuly"
[1] "https://ftp.ncbi.nlm.nih.gov/geo/samples/GSM6425nnn/GSM6425275/suppl/GSM6425275_Methylation_EPIC_122_Grn.idat.gz"
[1] "Data downloaded successfuly"
[1] "https://ftp.ncbi.nlm.nih.gov/geo/samples/GSM6425nnn/GSM6425275/suppl/GSM6425275_Methylation_EPIC_122_Red.idat.gz"
[1] "Data downloaded successfuly"
[1] "https://ftp.ncbi.nlm.nih.gov/geo/samples/GSM6425nnn/GSM6425276/suppl/GSM6425276_Methylation_EPIC_123_Grn.idat.gz"
[1] "Data downloaded successfuly"
[1] "https://ftp.ncbi.nlm.nih.gov/geo/samples/GSM6425nnn/GSM6425276/suppl/GSM6425276_Methylation_EPIC_123_Red.idat.gz"
[1] "Data downloaded successfuly"
[1] "https://ftp.ncbi.nlm.nih.gov/geo/samples/GSM6425nnn/GSM6425277/suppl/GSM6425277_Methylation_EPIC_124_Grn.idat.gz"
[1] "Data downloaded successfuly"
[1] "https://ftp.ncbi.nlm.nih.gov/geo/samples/GSM6425nnn/GSM6425277/suppl/GSM6425277_Methylation_EPIC_124_Red.idat.gz"
[1] "Data downloaded successfuly"
[1] "https://ftp.ncbi.nlm.nih.gov/geo/samples/GSM6425nnn/GSM6425278/suppl/GSM6425278_Methylation_EPIC_125_Grn.idat.gz"
[1] "Data downloaded successfuly"
[1] "https://ftp.ncbi.nlm.nih.gov/geo/samples/GSM6425nnn/GSM6425278/suppl/GSM6425278_Methylation_EPIC_125_Red.idat.gz"
[1] "Data downloaded successfuly"
[1] "https://ftp.ncbi.nlm.nih.gov/geo/samples/GSM6425nnn/GSM6425279/suppl/GSM6425279_Methylation_EPIC_126_Grn.idat.gz"
[1] "Data downloaded successfuly"
[1] "https://ftp.ncbi.nlm.nih.gov/geo/samples/GSM6425nnn/GSM6425279/suppl/GSM6425279_Methylation_EPIC_126_Red.idat.gz"
[1] "Data downloaded successfuly"
[1] "https://ftp.ncbi.nlm.nih.gov/geo/samples/GSM6425nnn/GSM6425280/suppl/GSM6425280_Methylation_EPIC_127_Grn.idat.gz"
[1] "Data downloaded successfuly"
[1] "https://ftp.ncbi.nlm.nih.gov/geo/samples/GSM6425nnn/GSM6425280/suppl/GSM6425280_Methylation_EPIC_127_Red.idat.gz"
[1] "Data downloaded successfuly"
[1] "https://ftp.ncbi.nlm.nih.gov/geo/samples/GSM6425nnn/GSM6425281/suppl/GSM6425281_Methylation_EPIC_128_Grn.idat.gz"
[1] "Data downloaded successfuly"
[1] "https://ftp.ncbi.nlm.nih.gov/geo/samples/GSM6425nnn/GSM6425281/suppl/GSM6425281_Methylation_EPIC_128_Red.idat.gz"
[1] "Data downloaded successfuly"
[1] "https://ftp.ncbi.nlm.nih.gov/geo/samples/GSM6425nnn/GSM6425282/suppl/GSM6425282_Methylation_EPIC_129_Grn.idat.gz"
[1] "Data downloaded successfuly"
[1] "https://ftp.ncbi.nlm.nih.gov/geo/samples/GSM6425nnn/GSM6425282/suppl/GSM6425282_Methylation_EPIC_129_Red.idat.gz"
[1] "Data downloaded successfuly"
[1] "https://ftp.ncbi.nlm.nih.gov/geo/samples/GSM6425nnn/GSM6425283/suppl/GSM6425283_Methylation_EPIC_130_Grn.idat.gz"
[1] "Data downloaded successfuly"
[1] "https://ftp.ncbi.nlm.nih.gov/geo/samples/GSM6425nnn/GSM6425283/suppl/GSM6425283_Methylation_EPIC_130_Red.idat.gz"
[1] "Data downloaded successfuly"
[1] "https://ftp.ncbi.nlm.nih.gov/geo/samples/GSM6425nnn/GSM6425284/suppl/GSM6425284_Methylation_EPIC_131_Grn.idat.gz"
[1] "Data downloaded successfuly"
[1] "https://ftp.ncbi.nlm.nih.gov/geo/samples/GSM6425nnn/GSM6425284/suppl/GSM6425284_Methylation_EPIC_131_Red.idat.gz"
[1] "Data downloaded successfuly"
[1] "https://ftp.ncbi.nlm.nih.gov/geo/samples/GSM6425nnn/GSM6425285/suppl/GSM6425285_Methylation_EPIC_132_Grn.idat.gz"
[1] "Data downloaded successfuly"
[1] "https://ftp.ncbi.nlm.nih.gov/geo/samples/GSM6425nnn/GSM6425285/suppl/GSM6425285_Methylation_EPIC_132_Red.idat.gz"
[1] "Data downloaded successfuly"
[1] "https://ftp.ncbi.nlm.nih.gov/geo/samples/GSM6425nnn/GSM6425286/suppl/GSM6425286_Methylation_EPIC_133_Grn.idat.gz"
[1] "Data downloaded successfuly"
[1] "https://ftp.ncbi.nlm.nih.gov/geo/samples/GSM6425nnn/GSM6425286/suppl/GSM6425286_Methylation_EPIC_133_Red.idat.gz"
[1] "Data downloaded successfuly"
[1] "https://ftp.ncbi.nlm.nih.gov/geo/samples/GSM6425nnn/GSM6425287/suppl/GSM6425287_Methylation_EPIC_134_Grn.idat.gz"
[1] "Data downloaded successfuly"
[1] "https://ftp.ncbi.nlm.nih.gov/geo/samples/GSM6425nnn/GSM6425287/suppl/GSM6425287_Methylation_EPIC_134_Red.idat.gz"
[1] "Data downloaded successfuly"
[1] "https://ftp.ncbi.nlm.nih.gov/geo/samples/GSM6425nnn/GSM6425288/suppl/GSM6425288_Methylation_EPIC_135_Grn.idat.gz"
[1] "Data downloaded successfuly"
[1] "https://ftp.ncbi.nlm.nih.gov/geo/samples/GSM6425nnn/GSM6425288/suppl/GSM6425288_Methylation_EPIC_135_Red.idat.gz"
[1] "Data downloaded successfuly"
[1] "https://ftp.ncbi.nlm.nih.gov/geo/samples/GSM6425nnn/GSM6425289/suppl/GSM6425289_Methylation_EPIC_136_Grn.idat.gz"
[1] "Data downloaded successfuly"
[1] "https://ftp.ncbi.nlm.nih.gov/geo/samples/GSM6425nnn/GSM6425289/suppl/GSM6425289_Methylation_EPIC_136_Red.idat.gz"
[1] "Data downloaded successfuly"
[1] "https://ftp.ncbi.nlm.nih.gov/geo/samples/GSM6425nnn/GSM6425290/suppl/GSM6425290_Methylation_EPIC_137_Grn.idat.gz"
[1] "Data downloaded successfuly"
[1] "https://ftp.ncbi.nlm.nih.gov/geo/samples/GSM6425nnn/GSM6425290/suppl/GSM6425290_Methylation_EPIC_137_Red.idat.gz"
[1] "Data downloaded successfuly"
[1] "https://ftp.ncbi.nlm.nih.gov/geo/samples/GSM6425nnn/GSM6425291/suppl/GSM6425291_Methylation_EPIC_138_Grn.idat.gz"
[1] "Data downloaded successfuly"
[1] "https://ftp.ncbi.nlm.nih.gov/geo/samples/GSM6425nnn/GSM6425291/suppl/GSM6425291_Methylation_EPIC_138_Red.idat.gz"
[1] "Data downloaded successfuly"
[1] "https://ftp.ncbi.nlm.nih.gov/geo/samples/GSM6425nnn/GSM6425292/suppl/GSM6425292_Methylation_EPIC_139_Grn.idat.gz"
[1] "Data downloaded successfuly"
[1] "https://ftp.ncbi.nlm.nih.gov/geo/samples/GSM6425nnn/GSM6425292/suppl/GSM6425292_Methylation_EPIC_139_Red.idat.gz"
[1] "Data downloaded successfuly"
[1] "https://ftp.ncbi.nlm.nih.gov/geo/samples/GSM6425nnn/GSM6425293/suppl/GSM6425293_Methylation_EPIC_140_Grn.idat.gz"
[1] "Data downloaded successfuly"
[1] "https://ftp.ncbi.nlm.nih.gov/geo/samples/GSM6425nnn/GSM6425293/suppl/GSM6425293_Methylation_EPIC_140_Red.idat.gz"
[1] "Data downloaded successfuly"
[1] "https://ftp.ncbi.nlm.nih.gov/geo/samples/GSM6425nnn/GSM6425294/suppl/GSM6425294_Methylation_EPIC_141_Grn.idat.gz"
[1] "Data downloaded successfuly"
[1] "https://ftp.ncbi.nlm.nih.gov/geo/samples/GSM6425nnn/GSM6425294/suppl/GSM6425294_Methylation_EPIC_141_Red.idat.gz"
[1] "Data downloaded successfuly"
[1] "https://ftp.ncbi.nlm.nih.gov/geo/samples/GSM6425nnn/GSM6425295/suppl/GSM6425295_Methylation_EPIC_142_Grn.idat.gz"
[1] "Data downloaded successfuly"
[1] "https://ftp.ncbi.nlm.nih.gov/geo/samples/GSM6425nnn/GSM6425295/suppl/GSM6425295_Methylation_EPIC_142_Red.idat.gz"
[1] "Data downloaded successfuly"
[1] "https://ftp.ncbi.nlm.nih.gov/geo/samples/GSM6425nnn/GSM6425296/suppl/GSM6425296_Methylation_EPIC_143_Grn.idat.gz"
[1] "Data downloaded successfuly"
[1] "https://ftp.ncbi.nlm.nih.gov/geo/samples/GSM6425nnn/GSM6425296/suppl/GSM6425296_Methylation_EPIC_143_Red.idat.gz"
[1] "Data downloaded successfuly"
[1] "https://ftp.ncbi.nlm.nih.gov/geo/samples/GSM6425nnn/GSM6425297/suppl/GSM6425297_Methylation_EPIC_144_Grn.idat.gz"
[1] "Data downloaded successfuly"
[1] "https://ftp.ncbi.nlm.nih.gov/geo/samples/GSM6425nnn/GSM6425297/suppl/GSM6425297_Methylation_EPIC_144_Red.idat.gz"
[1] "Data downloaded successfuly"
[1] "https://ftp.ncbi.nlm.nih.gov/geo/samples/GSM6425nnn/GSM6425298/suppl/GSM6425298_Methylation_EPIC_145_Grn.idat.gz"
[1] "Data downloaded successfuly"
[1] "https://ftp.ncbi.nlm.nih.gov/geo/samples/GSM6425nnn/GSM6425298/suppl/GSM6425298_Methylation_EPIC_145_Red.idat.gz"
[1] "Data downloaded successfuly"
[1] "https://ftp.ncbi.nlm.nih.gov/geo/samples/GSM6425nnn/GSM6425299/suppl/GSM6425299_Methylation_EPIC_146_Grn.idat.gz"
[1] "Data downloaded successfuly"
[1] "https://ftp.ncbi.nlm.nih.gov/geo/samples/GSM6425nnn/GSM6425299/suppl/GSM6425299_Methylation_EPIC_146_Red.idat.gz"
[1] "Data downloaded successfuly"
[1] "https://ftp.ncbi.nlm.nih.gov/geo/samples/GSM6425nnn/GSM6425300/suppl/GSM6425300_Methylation_EPIC_147_Grn.idat.gz"
[1] "Data downloaded successfuly"
[1] "https://ftp.ncbi.nlm.nih.gov/geo/samples/GSM6425nnn/GSM6425300/suppl/GSM6425300_Methylation_EPIC_147_Red.idat.gz"
[1] "Data downloaded successfuly"
[1] "https://ftp.ncbi.nlm.nih.gov/geo/samples/GSM6425nnn/GSM6425301/suppl/GSM6425301_Methylation_EPIC_148_Grn.idat.gz"
[1] "Data downloaded successfuly"
[1] "https://ftp.ncbi.nlm.nih.gov/geo/samples/GSM6425nnn/GSM6425301/suppl/GSM6425301_Methylation_EPIC_148_Red.idat.gz"
[1] "Data downloaded successfuly"
[1] "https://ftp.ncbi.nlm.nih.gov/geo/samples/GSM6425nnn/GSM6425302/suppl/GSM6425302_Methylation_EPIC_149_Grn.idat.gz"
[1] "Data downloaded successfuly"
[1] "https://ftp.ncbi.nlm.nih.gov/geo/samples/GSM6425nnn/GSM6425302/suppl/GSM6425302_Methylation_EPIC_149_Red.idat.gz"
[1] "Data downloaded successfuly"
[1] "https://ftp.ncbi.nlm.nih.gov/geo/samples/GSM6425nnn/GSM6425303/suppl/GSM6425303_Methylation_EPIC_150_Grn.idat.gz"
[1] "Data downloaded successfuly"
[1] "https://ftp.ncbi.nlm.nih.gov/geo/samples/GSM6425nnn/GSM6425303/suppl/GSM6425303_Methylation_EPIC_150_Red.idat.gz"
[1] "Data downloaded successfuly"
[1] "https://ftp.ncbi.nlm.nih.gov/geo/samples/GSM6425nnn/GSM6425304/suppl/GSM6425304_Methylation_EPIC_151_Grn.idat.gz"
[1] "Data downloaded successfuly"
[1] "https://ftp.ncbi.nlm.nih.gov/geo/samples/GSM6425nnn/GSM6425304/suppl/GSM6425304_Methylation_EPIC_151_Red.idat.gz"
[1] "Data downloaded successfuly"
[1] "https://ftp.ncbi.nlm.nih.gov/geo/samples/GSM6425nnn/GSM6425305/suppl/GSM6425305_Methylation_EPIC_152_Grn.idat.gz"
[1] "Data downloaded successfuly"
[1] "https://ftp.ncbi.nlm.nih.gov/geo/samples/GSM6425nnn/GSM6425305/suppl/GSM6425305_Methylation_EPIC_152_Red.idat.gz"
[1] "Data downloaded successfuly"
[1] "https://ftp.ncbi.nlm.nih.gov/geo/samples/GSM6425nnn/GSM6425306/suppl/GSM6425306_Methylation_EPIC_153_Grn.idat.gz"
[1] "Data downloaded successfuly"
[1] "https://ftp.ncbi.nlm.nih.gov/geo/samples/GSM6425nnn/GSM6425306/suppl/GSM6425306_Methylation_EPIC_153_Red.idat.gz"
[1] "Data downloaded successfuly"
[1] "https://ftp.ncbi.nlm.nih.gov/geo/samples/GSM6425nnn/GSM6425307/suppl/GSM6425307_Methylation_EPIC_154_Grn.idat.gz"
[1] "Data downloaded successfuly"
[1] "https://ftp.ncbi.nlm.nih.gov/geo/samples/GSM6425nnn/GSM6425307/suppl/GSM6425307_Methylation_EPIC_154_Red.idat.gz"
[1] "Data downloaded successfuly"
[1] "https://ftp.ncbi.nlm.nih.gov/geo/samples/GSM6425nnn/GSM6425308/suppl/GSM6425308_Methylation_EPIC_155_Grn.idat.gz"
[1] "Data downloaded successfuly"
[1] "https://ftp.ncbi.nlm.nih.gov/geo/samples/GSM6425nnn/GSM6425308/suppl/GSM6425308_Methylation_EPIC_155_Red.idat.gz"
[1] "Data downloaded successfuly"
[1] "https://ftp.ncbi.nlm.nih.gov/geo/samples/GSM6425nnn/GSM6425309/suppl/GSM6425309_Methylation_EPIC_156_Grn.idat.gz"
[1] "Data downloaded successfuly"
[1] "https://ftp.ncbi.nlm.nih.gov/geo/samples/GSM6425nnn/GSM6425309/suppl/GSM6425309_Methylation_EPIC_156_Red.idat.gz"
[1] "Data downloaded successfuly"
[1] "https://ftp.ncbi.nlm.nih.gov/geo/samples/GSM6425nnn/GSM6425310/suppl/GSM6425310_Methylation_EPIC_157_Grn.idat.gz"
[1] "Data downloaded successfuly"
[1] "https://ftp.ncbi.nlm.nih.gov/geo/samples/GSM6425nnn/GSM6425310/suppl/GSM6425310_Methylation_EPIC_157_Red.idat.gz"
[1] "Data downloaded successfuly"
[1] "https://ftp.ncbi.nlm.nih.gov/geo/samples/GSM6425nnn/GSM6425311/suppl/GSM6425311_Methylation_EPIC_158_Grn.idat.gz"
[1] "Data downloaded successfuly"
[1] "https://ftp.ncbi.nlm.nih.gov/geo/samples/GSM6425nnn/GSM6425311/suppl/GSM6425311_Methylation_EPIC_158_Red.idat.gz"
[1] "Data downloaded successfuly"
[1] "https://ftp.ncbi.nlm.nih.gov/geo/samples/GSM6425nnn/GSM6425312/suppl/GSM6425312_Methylation_EPIC_159_Grn.idat.gz"
[1] "Data downloaded successfuly"
[1] "https://ftp.ncbi.nlm.nih.gov/geo/samples/GSM6425nnn/GSM6425312/suppl/GSM6425312_Methylation_EPIC_159_Red.idat.gz"
[1] "Data downloaded successfuly"
[1] "https://ftp.ncbi.nlm.nih.gov/geo/samples/GSM6425nnn/GSM6425313/suppl/GSM6425313_Methylation_EPIC_160_Grn.idat.gz"
[1] "Data downloaded successfuly"
[1] "https://ftp.ncbi.nlm.nih.gov/geo/samples/GSM6425nnn/GSM6425313/suppl/GSM6425313_Methylation_EPIC_160_Red.idat.gz"
[1] "Data downloaded successfuly"
[1] "https://ftp.ncbi.nlm.nih.gov/geo/samples/GSM6425nnn/GSM6425314/suppl/GSM6425314_Methylation_EPIC_161_Grn.idat.gz"
[1] "Data downloaded successfuly"
[1] "https://ftp.ncbi.nlm.nih.gov/geo/samples/GSM6425nnn/GSM6425314/suppl/GSM6425314_Methylation_EPIC_161_Red.idat.gz"
[1] "Data downloaded successfuly"
[1] "https://ftp.ncbi.nlm.nih.gov/geo/samples/GSM6425nnn/GSM6425315/suppl/GSM6425315_Methylation_EPIC_162_Grn.idat.gz"
[1] "Data downloaded successfuly"
[1] "https://ftp.ncbi.nlm.nih.gov/geo/samples/GSM6425nnn/GSM6425315/suppl/GSM6425315_Methylation_EPIC_162_Red.idat.gz"
[1] "Data downloaded successfuly"
[1] "https://ftp.ncbi.nlm.nih.gov/geo/samples/GSM6425nnn/GSM6425316/suppl/GSM6425316_Methylation_EPIC_163_Grn.idat.gz"
[1] "Data downloaded successfuly"
[1] "https://ftp.ncbi.nlm.nih.gov/geo/samples/GSM6425nnn/GSM6425316/suppl/GSM6425316_Methylation_EPIC_163_Red.idat.gz"
[1] "Data downloaded successfuly"
[1] "https://ftp.ncbi.nlm.nih.gov/geo/samples/GSM6425nnn/GSM6425317/suppl/GSM6425317_Methylation_EPIC_164_Grn.idat.gz"
[1] "Data downloaded successfuly"
[1] "https://ftp.ncbi.nlm.nih.gov/geo/samples/GSM6425nnn/GSM6425317/suppl/GSM6425317_Methylation_EPIC_164_Red.idat.gz"
[1] "Data downloaded successfuly"
[1] "https://ftp.ncbi.nlm.nih.gov/geo/samples/GSM6425nnn/GSM6425318/suppl/GSM6425318_Methylation_EPIC_165_Grn.idat.gz"
[1] "Data downloaded successfuly"
[1] "https://ftp.ncbi.nlm.nih.gov/geo/samples/GSM6425nnn/GSM6425318/suppl/GSM6425318_Methylation_EPIC_165_Red.idat.gz"
[1] "Data downloaded successfuly"
[1] "https://ftp.ncbi.nlm.nih.gov/geo/samples/GSM6425nnn/GSM6425319/suppl/GSM6425319_Methylation_EPIC_166_Grn.idat.gz"
[1] "Data downloaded successfuly"
[1] "https://ftp.ncbi.nlm.nih.gov/geo/samples/GSM6425nnn/GSM6425319/suppl/GSM6425319_Methylation_EPIC_166_Red.idat.gz"
[1] "Data downloaded successfuly"
[1] "https://ftp.ncbi.nlm.nih.gov/geo/samples/GSM6425nnn/GSM6425320/suppl/GSM6425320_Methylation_EPIC_167_Grn.idat.gz"
[1] "Data downloaded successfuly"
[1] "https://ftp.ncbi.nlm.nih.gov/geo/samples/GSM6425nnn/GSM6425320/suppl/GSM6425320_Methylation_EPIC_167_Red.idat.gz"
[1] "Data downloaded successfuly"
[1] "https://ftp.ncbi.nlm.nih.gov/geo/samples/GSM6425nnn/GSM6425321/suppl/GSM6425321_Methylation_EPIC_168_Grn.idat.gz"
[1] "Data downloaded successfuly"
[1] "https://ftp.ncbi.nlm.nih.gov/geo/samples/GSM6425nnn/GSM6425321/suppl/GSM6425321_Methylation_EPIC_168_Red.idat.gz"
[1] "Data downloaded successfuly"
[1] "https://ftp.ncbi.nlm.nih.gov/geo/samples/GSM6425nnn/GSM6425322/suppl/GSM6425322_Methylation_EPIC_169_Grn.idat.gz"
[1] "Data downloaded successfuly"
[1] "https://ftp.ncbi.nlm.nih.gov/geo/samples/GSM6425nnn/GSM6425322/suppl/GSM6425322_Methylation_EPIC_169_Red.idat.gz"
[1] "Data downloaded successfuly"
[1] "https://ftp.ncbi.nlm.nih.gov/geo/samples/GSM6425nnn/GSM6425323/suppl/GSM6425323_Methylation_EPIC_170_Grn.idat.gz"
[1] "Data downloaded successfuly"
[1] "https://ftp.ncbi.nlm.nih.gov/geo/samples/GSM6425nnn/GSM6425323/suppl/GSM6425323_Methylation_EPIC_170_Red.idat.gz"
[1] "Data downloaded successfuly"
[1] "https://ftp.ncbi.nlm.nih.gov/geo/samples/GSM6425nnn/GSM6425324/suppl/GSM6425324_Methylation_EPIC_171_Grn.idat.gz"
[1] "Data downloaded successfuly"
[1] "https://ftp.ncbi.nlm.nih.gov/geo/samples/GSM6425nnn/GSM6425324/suppl/GSM6425324_Methylation_EPIC_171_Red.idat.gz"
[1] "Data downloaded successfuly"
[1] "https://ftp.ncbi.nlm.nih.gov/geo/samples/GSM6425nnn/GSM6425325/suppl/GSM6425325_Methylation_EPIC_172_Grn.idat.gz"
[1] "Data downloaded successfuly"
[1] "https://ftp.ncbi.nlm.nih.gov/geo/samples/GSM6425nnn/GSM6425325/suppl/GSM6425325_Methylation_EPIC_172_Red.idat.gz"
[1] "Data downloaded successfuly"
[1] "https://ftp.ncbi.nlm.nih.gov/geo/samples/GSM6425nnn/GSM6425326/suppl/GSM6425326_Methylation_EPIC_173_Grn.idat.gz"
[1] "Data downloaded successfuly"
[1] "https://ftp.ncbi.nlm.nih.gov/geo/samples/GSM6425nnn/GSM6425326/suppl/GSM6425326_Methylation_EPIC_173_Red.idat.gz"
[1] "Data downloaded successfuly"
[1] "https://ftp.ncbi.nlm.nih.gov/geo/samples/GSM6425nnn/GSM6425327/suppl/GSM6425327_Methylation_EPIC_174_Grn.idat.gz"
[1] "Data downloaded successfuly"
[1] "https://ftp.ncbi.nlm.nih.gov/geo/samples/GSM6425nnn/GSM6425327/suppl/GSM6425327_Methylation_EPIC_174_Red.idat.gz"
[1] "Data downloaded successfuly"
[1] "https://ftp.ncbi.nlm.nih.gov/geo/samples/GSM6425nnn/GSM6425328/suppl/GSM6425328_Methylation_EPIC_175_Grn.idat.gz"
[1] "Data downloaded successfuly"
[1] "https://ftp.ncbi.nlm.nih.gov/geo/samples/GSM6425nnn/GSM6425328/suppl/GSM6425328_Methylation_EPIC_175_Red.idat.gz"
[1] "Data downloaded successfuly"
[1] "https://ftp.ncbi.nlm.nih.gov/geo/samples/GSM6425nnn/GSM6425329/suppl/GSM6425329_Methylation_EPIC_176_Grn.idat.gz"
[1] "Data downloaded successfuly"
[1] "https://ftp.ncbi.nlm.nih.gov/geo/samples/GSM6425nnn/GSM6425329/suppl/GSM6425329_Methylation_EPIC_176_Red.idat.gz"
[1] "Data downloaded successfuly"
[1] "https://ftp.ncbi.nlm.nih.gov/geo/samples/GSM6425nnn/GSM6425330/suppl/GSM6425330_Methylation_EPIC_177_Grn.idat.gz"
[1] "Data downloaded successfuly"
[1] "https://ftp.ncbi.nlm.nih.gov/geo/samples/GSM6425nnn/GSM6425330/suppl/GSM6425330_Methylation_EPIC_177_Red.idat.gz"
[1] "Data downloaded successfuly"
[1] "https://ftp.ncbi.nlm.nih.gov/geo/samples/GSM6425nnn/GSM6425331/suppl/GSM6425331_Methylation_EPIC_178_Grn.idat.gz"
[1] "Data downloaded successfuly"
[1] "https://ftp.ncbi.nlm.nih.gov/geo/samples/GSM6425nnn/GSM6425331/suppl/GSM6425331_Methylation_EPIC_178_Red.idat.gz"
[1] "Data downloaded successfuly"
[1] "https://ftp.ncbi.nlm.nih.gov/geo/samples/GSM6425nnn/GSM6425332/suppl/GSM6425332_Methylation_EPIC_179_Grn.idat.gz"
[1] "Data downloaded successfuly"
[1] "https://ftp.ncbi.nlm.nih.gov/geo/samples/GSM6425nnn/GSM6425332/suppl/GSM6425332_Methylation_EPIC_179_Red.idat.gz"
[1] "Data downloaded successfuly"
[1] "https://ftp.ncbi.nlm.nih.gov/geo/samples/GSM6425nnn/GSM6425333/suppl/GSM6425333_Methylation_EPIC_180_Grn.idat.gz"
[1] "Data downloaded successfuly"
[1] "https://ftp.ncbi.nlm.nih.gov/geo/samples/GSM6425nnn/GSM6425333/suppl/GSM6425333_Methylation_EPIC_180_Red.idat.gz"
[1] "Data downloaded successfuly"
[1] "https://ftp.ncbi.nlm.nih.gov/geo/samples/GSM6425nnn/GSM6425334/suppl/GSM6425334_Methylation_EPIC_181_Grn.idat.gz"
[1] "Data downloaded successfuly"
[1] "https://ftp.ncbi.nlm.nih.gov/geo/samples/GSM6425nnn/GSM6425334/suppl/GSM6425334_Methylation_EPIC_181_Red.idat.gz"
[1] "Data downloaded successfuly"
[1] "https://ftp.ncbi.nlm.nih.gov/geo/samples/GSM6425nnn/GSM6425335/suppl/GSM6425335_Methylation_EPIC_182_Grn.idat.gz"
[1] "Data downloaded successfuly"
[1] "https://ftp.ncbi.nlm.nih.gov/geo/samples/GSM6425nnn/GSM6425335/suppl/GSM6425335_Methylation_EPIC_182_Red.idat.gz"
[1] "Data downloaded successfuly"
[1] "https://ftp.ncbi.nlm.nih.gov/geo/samples/GSM6425nnn/GSM6425336/suppl/GSM6425336_Methylation_EPIC_183_Grn.idat.gz"
[1] "Data downloaded successfuly"
[1] "https://ftp.ncbi.nlm.nih.gov/geo/samples/GSM6425nnn/GSM6425336/suppl/GSM6425336_Methylation_EPIC_183_Red.idat.gz"
[1] "Data downloaded successfuly"
[1] "https://ftp.ncbi.nlm.nih.gov/geo/samples/GSM6425nnn/GSM6425337/suppl/GSM6425337_Methylation_EPIC_184_Grn.idat.gz"
[1] "Data downloaded successfuly"
[1] "https://ftp.ncbi.nlm.nih.gov/geo/samples/GSM6425nnn/GSM6425337/suppl/GSM6425337_Methylation_EPIC_184_Red.idat.gz"
[1] "Data downloaded successfuly"
[1] "https://ftp.ncbi.nlm.nih.gov/geo/samples/GSM6425nnn/GSM6425338/suppl/GSM6425338_Methylation_EPIC_185_Grn.idat.gz"
[1] "Data downloaded successfuly"
[1] "https://ftp.ncbi.nlm.nih.gov/geo/samples/GSM6425nnn/GSM6425338/suppl/GSM6425338_Methylation_EPIC_185_Red.idat.gz"
[1] "Data downloaded successfuly"
[1] "https://ftp.ncbi.nlm.nih.gov/geo/samples/GSM6425nnn/GSM6425339/suppl/GSM6425339_Methylation_EPIC_186_Grn.idat.gz"
[1] "Data downloaded successfuly"
[1] "https://ftp.ncbi.nlm.nih.gov/geo/samples/GSM6425nnn/GSM6425339/suppl/GSM6425339_Methylation_EPIC_186_Red.idat.gz"
[1] "Data downloaded successfuly"
[1] "https://ftp.ncbi.nlm.nih.gov/geo/samples/GSM6425nnn/GSM6425340/suppl/GSM6425340_Methylation_EPIC_187_Grn.idat.gz"
[1] "Data downloaded successfuly"
[1] "https://ftp.ncbi.nlm.nih.gov/geo/samples/GSM6425nnn/GSM6425340/suppl/GSM6425340_Methylation_EPIC_187_Red.idat.gz"
[1] "Data downloaded successfuly"
[1] "https://ftp.ncbi.nlm.nih.gov/geo/samples/GSM6425nnn/GSM6425341/suppl/GSM6425341_Methylation_EPIC_188_Grn.idat.gz"
[1] "Data downloaded successfuly"
[1] "https://ftp.ncbi.nlm.nih.gov/geo/samples/GSM6425nnn/GSM6425341/suppl/GSM6425341_Methylation_EPIC_188_Red.idat.gz"
[1] "Data downloaded successfuly"
[1] "https://ftp.ncbi.nlm.nih.gov/geo/samples/GSM6425nnn/GSM6425342/suppl/GSM6425342_Methylation_EPIC_189_Grn.idat.gz"
[1] "Data downloaded successfuly"
[1] "https://ftp.ncbi.nlm.nih.gov/geo/samples/GSM6425nnn/GSM6425342/suppl/GSM6425342_Methylation_EPIC_189_Red.idat.gz"
[1] "Data downloaded successfuly"
[1] "https://ftp.ncbi.nlm.nih.gov/geo/samples/GSM6425nnn/GSM6425343/suppl/GSM6425343_Methylation_EPIC_190_Grn.idat.gz"
[1] "Data downloaded successfuly"
[1] "https://ftp.ncbi.nlm.nih.gov/geo/samples/GSM6425nnn/GSM6425343/suppl/GSM6425343_Methylation_EPIC_190_Red.idat.gz"
[1] "Data downloaded successfuly"
[1] "https://ftp.ncbi.nlm.nih.gov/geo/samples/GSM6425nnn/GSM6425344/suppl/GSM6425344_Methylation_EPIC_191_Grn.idat.gz"
[1] "Data downloaded successfuly"
[1] "https://ftp.ncbi.nlm.nih.gov/geo/samples/GSM6425nnn/GSM6425344/suppl/GSM6425344_Methylation_EPIC_191_Red.idat.gz"
[1] "Data downloaded successfuly"
[1] "https://ftp.ncbi.nlm.nih.gov/geo/samples/GSM6425nnn/GSM6425345/suppl/GSM6425345_Methylation_EPIC_192_Grn.idat.gz"
[1] "Data downloaded successfuly"
[1] "https://ftp.ncbi.nlm.nih.gov/geo/samples/GSM6425nnn/GSM6425345/suppl/GSM6425345_Methylation_EPIC_192_Red.idat.gz"
[1] "Data downloaded successfuly"
[1] "https://ftp.ncbi.nlm.nih.gov/geo/samples/GSM6425nnn/GSM6425346/suppl/GSM6425346_Methylation_EPIC_193_Grn.idat.gz"
[1] "Data downloaded successfuly"
[1] "https://ftp.ncbi.nlm.nih.gov/geo/samples/GSM6425nnn/GSM6425346/suppl/GSM6425346_Methylation_EPIC_193_Red.idat.gz"
[1] "Data downloaded successfuly"
[1] "https://ftp.ncbi.nlm.nih.gov/geo/samples/GSM6425nnn/GSM6425347/suppl/GSM6425347_Methylation_EPIC_194_Grn.idat.gz"
[1] "Data downloaded successfuly"
[1] "https://ftp.ncbi.nlm.nih.gov/geo/samples/GSM6425nnn/GSM6425347/suppl/GSM6425347_Methylation_EPIC_194_Red.idat.gz"
[1] "Data downloaded successfuly"
[1] "https://ftp.ncbi.nlm.nih.gov/geo/samples/GSM6425nnn/GSM6425348/suppl/GSM6425348_Methylation_EPIC_195_Grn.idat.gz"
[1] "Data downloaded successfuly"
[1] "https://ftp.ncbi.nlm.nih.gov/geo/samples/GSM6425nnn/GSM6425348/suppl/GSM6425348_Methylation_EPIC_195_Red.idat.gz"
[1] "Data downloaded successfuly"
[1] "https://ftp.ncbi.nlm.nih.gov/geo/samples/GSM6425nnn/GSM6425349/suppl/GSM6425349_Methylation_EPIC_196_Grn.idat.gz"
[1] "Data downloaded successfuly"
[1] "https://ftp.ncbi.nlm.nih.gov/geo/samples/GSM6425nnn/GSM6425349/suppl/GSM6425349_Methylation_EPIC_196_Red.idat.gz"
[1] "Data downloaded successfuly"
[1] "https://ftp.ncbi.nlm.nih.gov/geo/samples/GSM6425nnn/GSM6425350/suppl/GSM6425350_Methylation_EPIC_197_Grn.idat.gz"
[1] "Data downloaded successfuly"
[1] "https://ftp.ncbi.nlm.nih.gov/geo/samples/GSM6425nnn/GSM6425350/suppl/GSM6425350_Methylation_EPIC_197_Red.idat.gz"
[1] "Data downloaded successfuly"
[1] "https://ftp.ncbi.nlm.nih.gov/geo/samples/GSM6425nnn/GSM6425351/suppl/GSM6425351_Methylation_EPIC_198_Grn.idat.gz"
[1] "Data downloaded successfuly"
[1] "https://ftp.ncbi.nlm.nih.gov/geo/samples/GSM6425nnn/GSM6425351/suppl/GSM6425351_Methylation_EPIC_198_Red.idat.gz"
[1] "Data downloaded successfuly"
[1] "https://ftp.ncbi.nlm.nih.gov/geo/samples/GSM6425nnn/GSM6425352/suppl/GSM6425352_Methylation_EPIC_199_Grn.idat.gz"
[1] "Data downloaded successfuly"
[1] "https://ftp.ncbi.nlm.nih.gov/geo/samples/GSM6425nnn/GSM6425352/suppl/GSM6425352_Methylation_EPIC_199_Red.idat.gz"
[1] "Data downloaded successfuly"
[1] "https://ftp.ncbi.nlm.nih.gov/geo/samples/GSM6425nnn/GSM6425353/suppl/GSM6425353_Methylation_EPIC_200_Grn.idat.gz"
[1] "Data downloaded successfuly"
[1] "https://ftp.ncbi.nlm.nih.gov/geo/samples/GSM6425nnn/GSM6425353/suppl/GSM6425353_Methylation_EPIC_200_Red.idat.gz"
[1] "Data downloaded successfuly"
