[1] "Downloading batch from 201 to 400"
[1] "https://ftp.ncbi.nlm.nih.gov/geo/samples/GSM6425nnn/GSM6425354/suppl/GSM6425354_Methylation_EPIC_201_Grn.idat.gz"
[1] "Data downloaded successfuly"
[1] "https://ftp.ncbi.nlm.nih.gov/geo/samples/GSM6425nnn/GSM6425354/suppl/GSM6425354_Methylation_EPIC_201_Red.idat.gz"
[1] "Data downloaded successfuly"
[1] "https://ftp.ncbi.nlm.nih.gov/geo/samples/GSM6425nnn/GSM6425355/suppl/GSM6425355_Methylation_EPIC_202_Grn.idat.gz"
[1] "Data downloaded successfuly"
[1] "https://ftp.ncbi.nlm.nih.gov/geo/samples/GSM6425nnn/GSM6425355/suppl/GSM6425355_Methylation_EPIC_202_Red.idat.gz"
[1] "Data downloaded successfuly"
[1] "https://ftp.ncbi.nlm.nih.gov/geo/samples/GSM6425nnn/GSM6425356/suppl/GSM6425356_Methylation_EPIC_203_Grn.idat.gz"
[1] "Data downloaded successfuly"
[1] "https://ftp.ncbi.nlm.nih.gov/geo/samples/GSM6425nnn/GSM6425356/suppl/GSM6425356_Methylation_EPIC_203_Red.idat.gz"
[1] "Data downloaded successfuly"
[1] "https://ftp.ncbi.nlm.nih.gov/geo/samples/GSM6425nnn/GSM6425357/suppl/GSM6425357_Methylation_EPIC_204_Grn.idat.gz"
[1] "Data downloaded successfuly"
[1] "https://ftp.ncbi.nlm.nih.gov/geo/samples/GSM6425nnn/GSM6425357/suppl/GSM6425357_Methylation_EPIC_204_Red.idat.gz"
[1] "Data downloaded successfuly"
[1] "https://ftp.ncbi.nlm.nih.gov/geo/samples/GSM6425nnn/GSM6425358/suppl/GSM6425358_Methylation_EPIC_205_Grn.idat.gz"
[1] "Data downloaded successfuly"
[1] "https://ftp.ncbi.nlm.nih.gov/geo/samples/GSM6425nnn/GSM6425358/suppl/GSM6425358_Methylation_EPIC_205_Red.idat.gz"
[1] "Data downloaded successfuly"
[1] "https://ftp.ncbi.nlm.nih.gov/geo/samples/GSM6425nnn/GSM6425359/suppl/GSM6425359_Methylation_EPIC_206_Grn.idat.gz"
[1] "Data downloaded successfuly"
[1] "https://ftp.ncbi.nlm.nih.gov/geo/samples/GSM6425nnn/GSM6425359/suppl/GSM6425359_Methylation_EPIC_206_Red.idat.gz"
[1] "Data downloaded successfuly"
[1] "https://ftp.ncbi.nlm.nih.gov/geo/samples/GSM6425nnn/GSM6425360/suppl/GSM6425360_Methylation_EPIC_207_Grn.idat.gz"
[1] "Data downloaded successfuly"
[1] "https://ftp.ncbi.nlm.nih.gov/geo/samples/GSM6425nnn/GSM6425360/suppl/GSM6425360_Methylation_EPIC_207_Red.idat.gz"
[1] "Data downloaded successfuly"
[1] "https://ftp.ncbi.nlm.nih.gov/geo/samples/GSM6425nnn/GSM6425361/suppl/GSM6425361_Methylation_EPIC_208_Grn.idat.gz"
[1] "Data downloaded successfuly"
[1] "https://ftp.ncbi.nlm.nih.gov/geo/samples/GSM6425nnn/GSM6425361/suppl/GSM6425361_Methylation_EPIC_208_Red.idat.gz"
[1] "Data downloaded successfuly"
[1] "https://ftp.ncbi.nlm.nih.gov/geo/samples/GSM6425nnn/GSM6425362/suppl/GSM6425362_Methylation_EPIC_209_Grn.idat.gz"
[1] "Data downloaded successfuly"
[1] "https://ftp.ncbi.nlm.nih.gov/geo/samples/GSM6425nnn/GSM6425362/suppl/GSM6425362_Methylation_EPIC_209_Red.idat.gz"
[1] "Data downloaded successfuly"
[1] "https://ftp.ncbi.nlm.nih.gov/geo/samples/GSM6425nnn/GSM6425363/suppl/GSM6425363_Methylation_EPIC_210_Grn.idat.gz"
[1] "Data downloaded successfuly"
[1] "https://ftp.ncbi.nlm.nih.gov/geo/samples/GSM6425nnn/GSM6425363/suppl/GSM6425363_Methylation_EPIC_210_Red.idat.gz"
[1] "Data downloaded successfuly"
[1] "https://ftp.ncbi.nlm.nih.gov/geo/samples/GSM6425nnn/GSM6425364/suppl/GSM6425364_Methylation_EPIC_211_Grn.idat.gz"
[1] "Data downloaded successfuly"
[1] "https://ftp.ncbi.nlm.nih.gov/geo/samples/GSM6425nnn/GSM6425364/suppl/GSM6425364_Methylation_EPIC_211_Red.idat.gz"
[1] "Data downloaded successfuly"
[1] "https://ftp.ncbi.nlm.nih.gov/geo/samples/GSM6425nnn/GSM6425365/suppl/GSM6425365_Methylation_EPIC_212_Grn.idat.gz"
[1] "Data downloaded successfuly"
[1] "https://ftp.ncbi.nlm.nih.gov/geo/samples/GSM6425nnn/GSM6425365/suppl/GSM6425365_Methylation_EPIC_212_Red.idat.gz"
[1] "Data downloaded successfuly"
[1] "https://ftp.ncbi.nlm.nih.gov/geo/samples/GSM6425nnn/GSM6425366/suppl/GSM6425366_Methylation_EPIC_213_Grn.idat.gz"
[1] "Data downloaded successfuly"
[1] "https://ftp.ncbi.nlm.nih.gov/geo/samples/GSM6425nnn/GSM6425366/suppl/GSM6425366_Methylation_EPIC_213_Red.idat.gz"
[1] "Data downloaded successfuly"
[1] "https://ftp.ncbi.nlm.nih.gov/geo/samples/GSM6425nnn/GSM6425367/suppl/GSM6425367_Methylation_EPIC_214_Grn.idat.gz"
[1] "Data downloaded successfuly"
[1] "https://ftp.ncbi.nlm.nih.gov/geo/samples/GSM6425nnn/GSM6425367/suppl/GSM6425367_Methylation_EPIC_214_Red.idat.gz"
[1] "Data downloaded successfuly"
[1] "https://ftp.ncbi.nlm.nih.gov/geo/samples/GSM6425nnn/GSM6425368/suppl/GSM6425368_Methylation_EPIC_215_Grn.idat.gz"
[1] "Data downloaded successfuly"
[1] "https://ftp.ncbi.nlm.nih.gov/geo/samples/GSM6425nnn/GSM6425368/suppl/GSM6425368_Methylation_EPIC_215_Red.idat.gz"
[1] "Data downloaded successfuly"
[1] "https://ftp.ncbi.nlm.nih.gov/geo/samples/GSM6425nnn/GSM6425369/suppl/GSM6425369_Methylation_EPIC_216_Grn.idat.gz"
[1] "Data downloaded successfuly"
[1] "https://ftp.ncbi.nlm.nih.gov/geo/samples/GSM6425nnn/GSM6425369/suppl/GSM6425369_Methylation_EPIC_216_Red.idat.gz"
[1] "Data downloaded successfuly"
[1] "https://ftp.ncbi.nlm.nih.gov/geo/samples/GSM6425nnn/GSM6425370/suppl/GSM6425370_Methylation_EPIC_217_Grn.idat.gz"
[1] "Data downloaded successfuly"
[1] "https://ftp.ncbi.nlm.nih.gov/geo/samples/GSM6425nnn/GSM6425370/suppl/GSM6425370_Methylation_EPIC_217_Red.idat.gz"
[1] "Data downloaded successfuly"
[1] "https://ftp.ncbi.nlm.nih.gov/geo/samples/GSM6425nnn/GSM6425371/suppl/GSM6425371_Methylation_EPIC_218_Grn.idat.gz"
[1] "Data downloaded successfuly"
[1] "https://ftp.ncbi.nlm.nih.gov/geo/samples/GSM6425nnn/GSM6425371/suppl/GSM6425371_Methylation_EPIC_218_Red.idat.gz"
[1] "Data downloaded successfuly"
[1] "https://ftp.ncbi.nlm.nih.gov/geo/samples/GSM6425nnn/GSM6425372/suppl/GSM6425372_Methylation_EPIC_219_Grn.idat.gz"
[1] "Data downloaded successfuly"
[1] "https://ftp.ncbi.nlm.nih.gov/geo/samples/GSM6425nnn/GSM6425372/suppl/GSM6425372_Methylation_EPIC_219_Red.idat.gz"
[1] "Data downloaded successfuly"
[1] "https://ftp.ncbi.nlm.nih.gov/geo/samples/GSM6425nnn/GSM6425373/suppl/GSM6425373_Methylation_EPIC_220_Grn.idat.gz"
[1] "Data downloaded successfuly"
[1] "https://ftp.ncbi.nlm.nih.gov/geo/samples/GSM6425nnn/GSM6425373/suppl/GSM6425373_Methylation_EPIC_220_Red.idat.gz"
[1] "Data downloaded successfuly"
[1] "https://ftp.ncbi.nlm.nih.gov/geo/samples/GSM6425nnn/GSM6425374/suppl/GSM6425374_Methylation_EPIC_221_Grn.idat.gz"
[1] "Data downloaded successfuly"
[1] "https://ftp.ncbi.nlm.nih.gov/geo/samples/GSM6425nnn/GSM6425374/suppl/GSM6425374_Methylation_EPIC_221_Red.idat.gz"
[1] "Data downloaded successfuly"
[1] "https://ftp.ncbi.nlm.nih.gov/geo/samples/GSM6425nnn/GSM6425375/suppl/GSM6425375_Methylation_EPIC_222_Grn.idat.gz"
[1] "Data downloaded successfuly"
[1] "https://ftp.ncbi.nlm.nih.gov/geo/samples/GSM6425nnn/GSM6425375/suppl/GSM6425375_Methylation_EPIC_222_Red.idat.gz"
[1] "Data downloaded successfuly"
[1] "https://ftp.ncbi.nlm.nih.gov/geo/samples/GSM6425nnn/GSM6425376/suppl/GSM6425376_Methylation_EPIC_223_Grn.idat.gz"
[1] "Data downloaded successfuly"
[1] "https://ftp.ncbi.nlm.nih.gov/geo/samples/GSM6425nnn/GSM6425376/suppl/GSM6425376_Methylation_EPIC_223_Red.idat.gz"
[1] "Data downloaded successfuly"
[1] "https://ftp.ncbi.nlm.nih.gov/geo/samples/GSM6425nnn/GSM6425377/suppl/GSM6425377_Methylation_EPIC_224_Grn.idat.gz"
[1] "Data downloaded successfuly"
[1] "https://ftp.ncbi.nlm.nih.gov/geo/samples/GSM6425nnn/GSM6425377/suppl/GSM6425377_Methylation_EPIC_224_Red.idat.gz"
[1] "Data downloaded successfuly"
[1] "https://ftp.ncbi.nlm.nih.gov/geo/samples/GSM6425nnn/GSM6425378/suppl/GSM6425378_Methylation_EPIC_225_Grn.idat.gz"
[1] "Data downloaded successfuly"
[1] "https://ftp.ncbi.nlm.nih.gov/geo/samples/GSM6425nnn/GSM6425378/suppl/GSM6425378_Methylation_EPIC_225_Red.idat.gz"
[1] "Data downloaded successfuly"
[1] "https://ftp.ncbi.nlm.nih.gov/geo/samples/GSM6425nnn/GSM6425379/suppl/GSM6425379_Methylation_EPIC_226_Grn.idat.gz"
[1] "Data downloaded successfuly"
[1] "https://ftp.ncbi.nlm.nih.gov/geo/samples/GSM6425nnn/GSM6425379/suppl/GSM6425379_Methylation_EPIC_226_Red.idat.gz"
[1] "Data downloaded successfuly"
[1] "https://ftp.ncbi.nlm.nih.gov/geo/samples/GSM6425nnn/GSM6425380/suppl/GSM6425380_Methylation_EPIC_227_Grn.idat.gz"
[1] "Data downloaded successfuly"
[1] "https://ftp.ncbi.nlm.nih.gov/geo/samples/GSM6425nnn/GSM6425380/suppl/GSM6425380_Methylation_EPIC_227_Red.idat.gz"
[1] "Data downloaded successfuly"
[1] "https://ftp.ncbi.nlm.nih.gov/geo/samples/GSM6425nnn/GSM6425381/suppl/GSM6425381_Methylation_EPIC_228_Grn.idat.gz"
[1] "Data downloaded successfuly"
[1] "https://ftp.ncbi.nlm.nih.gov/geo/samples/GSM6425nnn/GSM6425381/suppl/GSM6425381_Methylation_EPIC_228_Red.idat.gz"
[1] "Data downloaded successfuly"
[1] "https://ftp.ncbi.nlm.nih.gov/geo/samples/GSM6425nnn/GSM6425382/suppl/GSM6425382_Methylation_EPIC_229_Grn.idat.gz"
[1] "Data downloaded successfuly"
[1] "https://ftp.ncbi.nlm.nih.gov/geo/samples/GSM6425nnn/GSM6425382/suppl/GSM6425382_Methylation_EPIC_229_Red.idat.gz"
[1] "Data downloaded successfuly"
[1] "https://ftp.ncbi.nlm.nih.gov/geo/samples/GSM6425nnn/GSM6425383/suppl/GSM6425383_Methylation_EPIC_230_Grn.idat.gz"
[1] "Data downloaded successfuly"
[1] "https://ftp.ncbi.nlm.nih.gov/geo/samples/GSM6425nnn/GSM6425383/suppl/GSM6425383_Methylation_EPIC_230_Red.idat.gz"
[1] "Data downloaded successfuly"
[1] "https://ftp.ncbi.nlm.nih.gov/geo/samples/GSM6425nnn/GSM6425384/suppl/GSM6425384_Methylation_EPIC_231_Grn.idat.gz"
[1] "Data downloaded successfuly"
[1] "https://ftp.ncbi.nlm.nih.gov/geo/samples/GSM6425nnn/GSM6425384/suppl/GSM6425384_Methylation_EPIC_231_Red.idat.gz"
[1] "Data downloaded successfuly"
[1] "https://ftp.ncbi.nlm.nih.gov/geo/samples/GSM6425nnn/GSM6425385/suppl/GSM6425385_Methylation_EPIC_232_Grn.idat.gz"
[1] "Data downloaded successfuly"
[1] "https://ftp.ncbi.nlm.nih.gov/geo/samples/GSM6425nnn/GSM6425385/suppl/GSM6425385_Methylation_EPIC_232_Red.idat.gz"
[1] "Data downloaded successfuly"
[1] "https://ftp.ncbi.nlm.nih.gov/geo/samples/GSM6425nnn/GSM6425386/suppl/GSM6425386_Methylation_EPIC_233_Grn.idat.gz"
[1] "Data downloaded successfuly"
[1] "https://ftp.ncbi.nlm.nih.gov/geo/samples/GSM6425nnn/GSM6425386/suppl/GSM6425386_Methylation_EPIC_233_Red.idat.gz"
[1] "Data downloaded successfuly"
[1] "https://ftp.ncbi.nlm.nih.gov/geo/samples/GSM6425nnn/GSM6425387/suppl/GSM6425387_Methylation_EPIC_234_Grn.idat.gz"
[1] "Data downloaded successfuly"
[1] "https://ftp.ncbi.nlm.nih.gov/geo/samples/GSM6425nnn/GSM6425387/suppl/GSM6425387_Methylation_EPIC_234_Red.idat.gz"
[1] "Data downloaded successfuly"
[1] "https://ftp.ncbi.nlm.nih.gov/geo/samples/GSM6425nnn/GSM6425388/suppl/GSM6425388_Methylation_EPIC_235_Grn.idat.gz"
[1] "Data downloaded successfuly"
[1] "https://ftp.ncbi.nlm.nih.gov/geo/samples/GSM6425nnn/GSM6425388/suppl/GSM6425388_Methylation_EPIC_235_Red.idat.gz"
[1] "Data downloaded successfuly"
[1] "https://ftp.ncbi.nlm.nih.gov/geo/samples/GSM6425nnn/GSM6425389/suppl/GSM6425389_Methylation_EPIC_236_Grn.idat.gz"
[1] "Data downloaded successfuly"
[1] "https://ftp.ncbi.nlm.nih.gov/geo/samples/GSM6425nnn/GSM6425389/suppl/GSM6425389_Methylation_EPIC_236_Red.idat.gz"
[1] "Data downloaded successfuly"
[1] "https://ftp.ncbi.nlm.nih.gov/geo/samples/GSM6425nnn/GSM6425390/suppl/GSM6425390_Methylation_EPIC_237_Grn.idat.gz"
[1] "Data downloaded successfuly"
[1] "https://ftp.ncbi.nlm.nih.gov/geo/samples/GSM6425nnn/GSM6425390/suppl/GSM6425390_Methylation_EPIC_237_Red.idat.gz"
[1] "Data downloaded successfuly"
[1] "https://ftp.ncbi.nlm.nih.gov/geo/samples/GSM6425nnn/GSM6425391/suppl/GSM6425391_Methylation_EPIC_238_Grn.idat.gz"
[1] "Data downloaded successfuly"
[1] "https://ftp.ncbi.nlm.nih.gov/geo/samples/GSM6425nnn/GSM6425391/suppl/GSM6425391_Methylation_EPIC_238_Red.idat.gz"
[1] "Data downloaded successfuly"
[1] "https://ftp.ncbi.nlm.nih.gov/geo/samples/GSM6425nnn/GSM6425392/suppl/GSM6425392_Methylation_EPIC_239_Grn.idat.gz"
[1] "Data downloaded successfuly"
[1] "https://ftp.ncbi.nlm.nih.gov/geo/samples/GSM6425nnn/GSM6425392/suppl/GSM6425392_Methylation_EPIC_239_Red.idat.gz"
[1] "Data downloaded successfuly"
[1] "https://ftp.ncbi.nlm.nih.gov/geo/samples/GSM6425nnn/GSM6425393/suppl/GSM6425393_Methylation_EPIC_240_Grn.idat.gz"
[1] "Data downloaded successfuly"
[1] "https://ftp.ncbi.nlm.nih.gov/geo/samples/GSM6425nnn/GSM6425393/suppl/GSM6425393_Methylation_EPIC_240_Red.idat.gz"
[1] "Data downloaded successfuly"
[1] "https://ftp.ncbi.nlm.nih.gov/geo/samples/GSM6425nnn/GSM6425394/suppl/GSM6425394_Methylation_EPIC_241_Grn.idat.gz"
[1] "Data downloaded successfuly"
[1] "https://ftp.ncbi.nlm.nih.gov/geo/samples/GSM6425nnn/GSM6425394/suppl/GSM6425394_Methylation_EPIC_241_Red.idat.gz"
[1] "Data downloaded successfuly"
[1] "https://ftp.ncbi.nlm.nih.gov/geo/samples/GSM6425nnn/GSM6425395/suppl/GSM6425395_Methylation_EPIC_242_Grn.idat.gz"
[1] "Data downloaded successfuly"
[1] "https://ftp.ncbi.nlm.nih.gov/geo/samples/GSM6425nnn/GSM6425395/suppl/GSM6425395_Methylation_EPIC_242_Red.idat.gz"
[1] "Data downloaded successfuly"
[1] "https://ftp.ncbi.nlm.nih.gov/geo/samples/GSM6425nnn/GSM6425396/suppl/GSM6425396_Methylation_EPIC_243_Grn.idat.gz"
[1] "Data downloaded successfuly"
[1] "https://ftp.ncbi.nlm.nih.gov/geo/samples/GSM6425nnn/GSM6425396/suppl/GSM6425396_Methylation_EPIC_243_Red.idat.gz"
[1] "Data downloaded successfuly"
[1] "https://ftp.ncbi.nlm.nih.gov/geo/samples/GSM6425nnn/GSM6425397/suppl/GSM6425397_Methylation_EPIC_244_Grn.idat.gz"
[1] "Data downloaded successfuly"
[1] "https://ftp.ncbi.nlm.nih.gov/geo/samples/GSM6425nnn/GSM6425397/suppl/GSM6425397_Methylation_EPIC_244_Red.idat.gz"
[1] "Data downloaded successfuly"
[1] "https://ftp.ncbi.nlm.nih.gov/geo/samples/GSM6425nnn/GSM6425398/suppl/GSM6425398_Methylation_EPIC_245_Grn.idat.gz"
[1] "Data downloaded successfuly"
[1] "https://ftp.ncbi.nlm.nih.gov/geo/samples/GSM6425nnn/GSM6425398/suppl/GSM6425398_Methylation_EPIC_245_Red.idat.gz"
[1] "Data downloaded successfuly"
[1] "https://ftp.ncbi.nlm.nih.gov/geo/samples/GSM6425nnn/GSM6425399/suppl/GSM6425399_Methylation_EPIC_246_Grn.idat.gz"
[1] "Data downloaded successfuly"
[1] "https://ftp.ncbi.nlm.nih.gov/geo/samples/GSM6425nnn/GSM6425399/suppl/GSM6425399_Methylation_EPIC_246_Red.idat.gz"
[1] "Data downloaded successfuly"
[1] "https://ftp.ncbi.nlm.nih.gov/geo/samples/GSM6425nnn/GSM6425400/suppl/GSM6425400_Methylation_EPIC_247_Grn.idat.gz"
[1] "Data downloaded successfuly"
[1] "https://ftp.ncbi.nlm.nih.gov/geo/samples/GSM6425nnn/GSM6425400/suppl/GSM6425400_Methylation_EPIC_247_Red.idat.gz"
[1] "Data downloaded successfuly"
[1] "https://ftp.ncbi.nlm.nih.gov/geo/samples/GSM6425nnn/GSM6425401/suppl/GSM6425401_Methylation_EPIC_248_Grn.idat.gz"
[1] "Data downloaded successfuly"
[1] "https://ftp.ncbi.nlm.nih.gov/geo/samples/GSM6425nnn/GSM6425401/suppl/GSM6425401_Methylation_EPIC_248_Red.idat.gz"
[1] "Data downloaded successfuly"
[1] "https://ftp.ncbi.nlm.nih.gov/geo/samples/GSM6425nnn/GSM6425402/suppl/GSM6425402_Methylation_EPIC_249_Grn.idat.gz"
[1] "Data downloaded successfuly"
[1] "https://ftp.ncbi.nlm.nih.gov/geo/samples/GSM6425nnn/GSM6425402/suppl/GSM6425402_Methylation_EPIC_249_Red.idat.gz"
[1] "Data downloaded successfuly"
[1] "https://ftp.ncbi.nlm.nih.gov/geo/samples/GSM6425nnn/GSM6425403/suppl/GSM6425403_Methylation_EPIC_250_Grn.idat.gz"
[1] "Data downloaded successfuly"
[1] "https://ftp.ncbi.nlm.nih.gov/geo/samples/GSM6425nnn/GSM6425403/suppl/GSM6425403_Methylation_EPIC_250_Red.idat.gz"
[1] "Data downloaded successfuly"
[1] "https://ftp.ncbi.nlm.nih.gov/geo/samples/GSM6425nnn/GSM6425404/suppl/GSM6425404_Methylation_EPIC_251_Grn.idat.gz"
[1] "Data downloaded successfuly"
[1] "https://ftp.ncbi.nlm.nih.gov/geo/samples/GSM6425nnn/GSM6425404/suppl/GSM6425404_Methylation_EPIC_251_Red.idat.gz"
[1] "Data downloaded successfuly"
[1] "https://ftp.ncbi.nlm.nih.gov/geo/samples/GSM6425nnn/GSM6425405/suppl/GSM6425405_Methylation_EPIC_252_Grn.idat.gz"
[1] "Data downloaded successfuly"
[1] "https://ftp.ncbi.nlm.nih.gov/geo/samples/GSM6425nnn/GSM6425405/suppl/GSM6425405_Methylation_EPIC_252_Red.idat.gz"
[1] "Data downloaded successfuly"
[1] "https://ftp.ncbi.nlm.nih.gov/geo/samples/GSM6425nnn/GSM6425406/suppl/GSM6425406_Methylation_EPIC_253_Grn.idat.gz"
[1] "Data downloaded successfuly"
[1] "https://ftp.ncbi.nlm.nih.gov/geo/samples/GSM6425nnn/GSM6425406/suppl/GSM6425406_Methylation_EPIC_253_Red.idat.gz"
[1] "Data downloaded successfuly"
[1] "https://ftp.ncbi.nlm.nih.gov/geo/samples/GSM6425nnn/GSM6425407/suppl/GSM6425407_Methylation_EPIC_254_Grn.idat.gz"
[1] "Data downloaded successfuly"
[1] "https://ftp.ncbi.nlm.nih.gov/geo/samples/GSM6425nnn/GSM6425407/suppl/GSM6425407_Methylation_EPIC_254_Red.idat.gz"
[1] "Data downloaded successfuly"
[1] "https://ftp.ncbi.nlm.nih.gov/geo/samples/GSM6425nnn/GSM6425408/suppl/GSM6425408_Methylation_EPIC_255_Grn.idat.gz"
[1] "Data downloaded successfuly"
[1] "https://ftp.ncbi.nlm.nih.gov/geo/samples/GSM6425nnn/GSM6425408/suppl/GSM6425408_Methylation_EPIC_255_Red.idat.gz"
[1] "Data downloaded successfuly"
[1] "https://ftp.ncbi.nlm.nih.gov/geo/samples/GSM6425nnn/GSM6425409/suppl/GSM6425409_Methylation_EPIC_256_Grn.idat.gz"
[1] "Data downloaded successfuly"
[1] "https://ftp.ncbi.nlm.nih.gov/geo/samples/GSM6425nnn/GSM6425409/suppl/GSM6425409_Methylation_EPIC_256_Red.idat.gz"
[1] "Data downloaded successfuly"
[1] "https://ftp.ncbi.nlm.nih.gov/geo/samples/GSM6425nnn/GSM6425410/suppl/GSM6425410_Methylation_EPIC_257_Grn.idat.gz"
[1] "Data downloaded successfuly"
[1] "https://ftp.ncbi.nlm.nih.gov/geo/samples/GSM6425nnn/GSM6425410/suppl/GSM6425410_Methylation_EPIC_257_Red.idat.gz"
[1] "Data downloaded successfuly"
[1] "https://ftp.ncbi.nlm.nih.gov/geo/samples/GSM6425nnn/GSM6425411/suppl/GSM6425411_Methylation_EPIC_258_Grn.idat.gz"
[1] "Data downloaded successfuly"
[1] "https://ftp.ncbi.nlm.nih.gov/geo/samples/GSM6425nnn/GSM6425411/suppl/GSM6425411_Methylation_EPIC_258_Red.idat.gz"
[1] "Data downloaded successfuly"
[1] "https://ftp.ncbi.nlm.nih.gov/geo/samples/GSM6425nnn/GSM6425412/suppl/GSM6425412_Methylation_EPIC_259_Grn.idat.gz"
[1] "Data downloaded successfuly"
[1] "https://ftp.ncbi.nlm.nih.gov/geo/samples/GSM6425nnn/GSM6425412/suppl/GSM6425412_Methylation_EPIC_259_Red.idat.gz"
[1] "Data downloaded successfuly"
[1] "https://ftp.ncbi.nlm.nih.gov/geo/samples/GSM6425nnn/GSM6425413/suppl/GSM6425413_Methylation_EPIC_260_Grn.idat.gz"
[1] "Data downloaded successfuly"
[1] "https://ftp.ncbi.nlm.nih.gov/geo/samples/GSM6425nnn/GSM6425413/suppl/GSM6425413_Methylation_EPIC_260_Red.idat.gz"
[1] "Data downloaded successfuly"
[1] "https://ftp.ncbi.nlm.nih.gov/geo/samples/GSM6425nnn/GSM6425414/suppl/GSM6425414_Methylation_EPIC_261_Grn.idat.gz"
[1] "Data downloaded successfuly"
[1] "https://ftp.ncbi.nlm.nih.gov/geo/samples/GSM6425nnn/GSM6425414/suppl/GSM6425414_Methylation_EPIC_261_Red.idat.gz"
[1] "Data downloaded successfuly"
[1] "https://ftp.ncbi.nlm.nih.gov/geo/samples/GSM6425nnn/GSM6425415/suppl/GSM6425415_Methylation_EPIC_262_Grn.idat.gz"
[1] "Data downloaded successfuly"
[1] "https://ftp.ncbi.nlm.nih.gov/geo/samples/GSM6425nnn/GSM6425415/suppl/GSM6425415_Methylation_EPIC_262_Red.idat.gz"
[1] "Data downloaded successfuly"
[1] "https://ftp.ncbi.nlm.nih.gov/geo/samples/GSM6425nnn/GSM6425416/suppl/GSM6425416_Methylation_EPIC_263_Grn.idat.gz"
[1] "Data downloaded successfuly"
[1] "https://ftp.ncbi.nlm.nih.gov/geo/samples/GSM6425nnn/GSM6425416/suppl/GSM6425416_Methylation_EPIC_263_Red.idat.gz"
[1] "Data downloaded successfuly"
[1] "https://ftp.ncbi.nlm.nih.gov/geo/samples/GSM6425nnn/GSM6425417/suppl/GSM6425417_Methylation_EPIC_264_Grn.idat.gz"
[1] "Data downloaded successfuly"
[1] "https://ftp.ncbi.nlm.nih.gov/geo/samples/GSM6425nnn/GSM6425417/suppl/GSM6425417_Methylation_EPIC_264_Red.idat.gz"
[1] "Data downloaded successfuly"
[1] "https://ftp.ncbi.nlm.nih.gov/geo/samples/GSM6425nnn/GSM6425418/suppl/GSM6425418_Methylation_EPIC_265_Grn.idat.gz"
[1] "Data downloaded successfuly"
[1] "https://ftp.ncbi.nlm.nih.gov/geo/samples/GSM6425nnn/GSM6425418/suppl/GSM6425418_Methylation_EPIC_265_Red.idat.gz"
[1] "Data downloaded successfuly"
[1] "https://ftp.ncbi.nlm.nih.gov/geo/samples/GSM6425nnn/GSM6425419/suppl/GSM6425419_Methylation_EPIC_266_Grn.idat.gz"
[1] "Data downloaded successfuly"
[1] "https://ftp.ncbi.nlm.nih.gov/geo/samples/GSM6425nnn/GSM6425419/suppl/GSM6425419_Methylation_EPIC_266_Red.idat.gz"
[1] "Data downloaded successfuly"
[1] "https://ftp.ncbi.nlm.nih.gov/geo/samples/GSM6425nnn/GSM6425420/suppl/GSM6425420_Methylation_EPIC_267_Grn.idat.gz"
[1] "Data downloaded successfuly"
[1] "https://ftp.ncbi.nlm.nih.gov/geo/samples/GSM6425nnn/GSM6425420/suppl/GSM6425420_Methylation_EPIC_267_Red.idat.gz"
[1] "Data downloaded successfuly"
[1] "https://ftp.ncbi.nlm.nih.gov/geo/samples/GSM6425nnn/GSM6425421/suppl/GSM6425421_Methylation_EPIC_268_Grn.idat.gz"
[1] "Data downloaded successfuly"
[1] "https://ftp.ncbi.nlm.nih.gov/geo/samples/GSM6425nnn/GSM6425421/suppl/GSM6425421_Methylation_EPIC_268_Red.idat.gz"
[1] "Data downloaded successfuly"
[1] "https://ftp.ncbi.nlm.nih.gov/geo/samples/GSM6425nnn/GSM6425422/suppl/GSM6425422_Methylation_EPIC_269_Grn.idat.gz"
[1] "Data downloaded successfuly"
[1] "https://ftp.ncbi.nlm.nih.gov/geo/samples/GSM6425nnn/GSM6425422/suppl/GSM6425422_Methylation_EPIC_269_Red.idat.gz"
[1] "Data downloaded successfuly"
[1] "https://ftp.ncbi.nlm.nih.gov/geo/samples/GSM6425nnn/GSM6425423/suppl/GSM6425423_Methylation_EPIC_270_Grn.idat.gz"
[1] "Data downloaded successfuly"
[1] "https://ftp.ncbi.nlm.nih.gov/geo/samples/GSM6425nnn/GSM6425423/suppl/GSM6425423_Methylation_EPIC_270_Red.idat.gz"
[1] "Data downloaded successfuly"
[1] "https://ftp.ncbi.nlm.nih.gov/geo/samples/GSM6425nnn/GSM6425424/suppl/GSM6425424_Methylation_EPIC_271_Grn.idat.gz"
[1] "Data downloaded successfuly"
[1] "https://ftp.ncbi.nlm.nih.gov/geo/samples/GSM6425nnn/GSM6425424/suppl/GSM6425424_Methylation_EPIC_271_Red.idat.gz"
[1] "Data downloaded successfuly"
[1] "https://ftp.ncbi.nlm.nih.gov/geo/samples/GSM6425nnn/GSM6425425/suppl/GSM6425425_Methylation_EPIC_272_Grn.idat.gz"
[1] "Data downloaded successfuly"
[1] "https://ftp.ncbi.nlm.nih.gov/geo/samples/GSM6425nnn/GSM6425425/suppl/GSM6425425_Methylation_EPIC_272_Red.idat.gz"
[1] "Data downloaded successfuly"
[1] "https://ftp.ncbi.nlm.nih.gov/geo/samples/GSM6425nnn/GSM6425426/suppl/GSM6425426_Methylation_EPIC_273_Grn.idat.gz"
[1] "Data downloaded successfuly"
[1] "https://ftp.ncbi.nlm.nih.gov/geo/samples/GSM6425nnn/GSM6425426/suppl/GSM6425426_Methylation_EPIC_273_Red.idat.gz"
[1] "Data downloaded successfuly"
[1] "https://ftp.ncbi.nlm.nih.gov/geo/samples/GSM6425nnn/GSM6425427/suppl/GSM6425427_Methylation_EPIC_274_Grn.idat.gz"
[1] "Data downloaded successfuly"
[1] "https://ftp.ncbi.nlm.nih.gov/geo/samples/GSM6425nnn/GSM6425427/suppl/GSM6425427_Methylation_EPIC_274_Red.idat.gz"
[1] "Data downloaded successfuly"
[1] "https://ftp.ncbi.nlm.nih.gov/geo/samples/GSM6425nnn/GSM6425428/suppl/GSM6425428_Methylation_EPIC_275_Grn.idat.gz"
[1] "Data downloaded successfuly"
[1] "https://ftp.ncbi.nlm.nih.gov/geo/samples/GSM6425nnn/GSM6425428/suppl/GSM6425428_Methylation_EPIC_275_Red.idat.gz"
[1] "Data downloaded successfuly"
[1] "https://ftp.ncbi.nlm.nih.gov/geo/samples/GSM6425nnn/GSM6425429/suppl/GSM6425429_Methylation_EPIC_276_Grn.idat.gz"
[1] "Data downloaded successfuly"
[1] "https://ftp.ncbi.nlm.nih.gov/geo/samples/GSM6425nnn/GSM6425429/suppl/GSM6425429_Methylation_EPIC_276_Red.idat.gz"
[1] "Data downloaded successfuly"
[1] "https://ftp.ncbi.nlm.nih.gov/geo/samples/GSM6425nnn/GSM6425430/suppl/GSM6425430_Methylation_EPIC_277_Grn.idat.gz"
[1] "Data downloaded successfuly"
[1] "https://ftp.ncbi.nlm.nih.gov/geo/samples/GSM6425nnn/GSM6425430/suppl/GSM6425430_Methylation_EPIC_277_Red.idat.gz"
[1] "Data downloaded successfuly"
[1] "https://ftp.ncbi.nlm.nih.gov/geo/samples/GSM6425nnn/GSM6425431/suppl/GSM6425431_Methylation_EPIC_278_Grn.idat.gz"
[1] "Data downloaded successfuly"
[1] "https://ftp.ncbi.nlm.nih.gov/geo/samples/GSM6425nnn/GSM6425431/suppl/GSM6425431_Methylation_EPIC_278_Red.idat.gz"
[1] "Data downloaded successfuly"
[1] "https://ftp.ncbi.nlm.nih.gov/geo/samples/GSM6425nnn/GSM6425432/suppl/GSM6425432_Methylation_EPIC_279_Grn.idat.gz"
[1] "Data downloaded successfuly"
[1] "https://ftp.ncbi.nlm.nih.gov/geo/samples/GSM6425nnn/GSM6425432/suppl/GSM6425432_Methylation_EPIC_279_Red.idat.gz"
[1] "Data downloaded successfuly"
[1] "https://ftp.ncbi.nlm.nih.gov/geo/samples/GSM6425nnn/GSM6425433/suppl/GSM6425433_Methylation_EPIC_280_Grn.idat.gz"
[1] "Data downloaded successfuly"
[1] "https://ftp.ncbi.nlm.nih.gov/geo/samples/GSM6425nnn/GSM6425433/suppl/GSM6425433_Methylation_EPIC_280_Red.idat.gz"
[1] "Data downloaded successfuly"
[1] "https://ftp.ncbi.nlm.nih.gov/geo/samples/GSM6425nnn/GSM6425434/suppl/GSM6425434_Methylation_EPIC_281_Grn.idat.gz"
[1] "Data downloaded successfuly"
[1] "https://ftp.ncbi.nlm.nih.gov/geo/samples/GSM6425nnn/GSM6425434/suppl/GSM6425434_Methylation_EPIC_281_Red.idat.gz"
[1] "Data downloaded successfuly"
[1] "https://ftp.ncbi.nlm.nih.gov/geo/samples/GSM6425nnn/GSM6425435/suppl/GSM6425435_Methylation_EPIC_282_Grn.idat.gz"
[1] "Data downloaded successfuly"
[1] "https://ftp.ncbi.nlm.nih.gov/geo/samples/GSM6425nnn/GSM6425435/suppl/GSM6425435_Methylation_EPIC_282_Red.idat.gz"
[1] "Data downloaded successfuly"
[1] "https://ftp.ncbi.nlm.nih.gov/geo/samples/GSM6425nnn/GSM6425436/suppl/GSM6425436_Methylation_EPIC_283_Grn.idat.gz"
[1] "Data downloaded successfuly"
[1] "https://ftp.ncbi.nlm.nih.gov/geo/samples/GSM6425nnn/GSM6425436/suppl/GSM6425436_Methylation_EPIC_283_Red.idat.gz"
[1] "Data downloaded successfuly"
[1] "https://ftp.ncbi.nlm.nih.gov/geo/samples/GSM6425nnn/GSM6425437/suppl/GSM6425437_Methylation_EPIC_284_Grn.idat.gz"
[1] "Data downloaded successfuly"
[1] "https://ftp.ncbi.nlm.nih.gov/geo/samples/GSM6425nnn/GSM6425437/suppl/GSM6425437_Methylation_EPIC_284_Red.idat.gz"
[1] "Data downloaded successfuly"
[1] "https://ftp.ncbi.nlm.nih.gov/geo/samples/GSM6425nnn/GSM6425438/suppl/GSM6425438_Methylation_EPIC_285_Grn.idat.gz"
[1] "Data downloaded successfuly"
[1] "https://ftp.ncbi.nlm.nih.gov/geo/samples/GSM6425nnn/GSM6425438/suppl/GSM6425438_Methylation_EPIC_285_Red.idat.gz"
[1] "Data downloaded successfuly"
[1] "https://ftp.ncbi.nlm.nih.gov/geo/samples/GSM6425nnn/GSM6425439/suppl/GSM6425439_Methylation_EPIC_286_Grn.idat.gz"
[1] "Data downloaded successfuly"
[1] "https://ftp.ncbi.nlm.nih.gov/geo/samples/GSM6425nnn/GSM6425439/suppl/GSM6425439_Methylation_EPIC_286_Red.idat.gz"
[1] "Data downloaded successfuly"
[1] "https://ftp.ncbi.nlm.nih.gov/geo/samples/GSM6425nnn/GSM6425440/suppl/GSM6425440_Methylation_EPIC_287_Grn.idat.gz"
[1] "Data downloaded successfuly"
[1] "https://ftp.ncbi.nlm.nih.gov/geo/samples/GSM6425nnn/GSM6425440/suppl/GSM6425440_Methylation_EPIC_287_Red.idat.gz"
[1] "Data downloaded successfuly"
[1] "https://ftp.ncbi.nlm.nih.gov/geo/samples/GSM6425nnn/GSM6425441/suppl/GSM6425441_Methylation_EPIC_288_Grn.idat.gz"
[1] "Data downloaded successfuly"
[1] "https://ftp.ncbi.nlm.nih.gov/geo/samples/GSM6425nnn/GSM6425441/suppl/GSM6425441_Methylation_EPIC_288_Red.idat.gz"
[1] "Data downloaded successfuly"
[1] "https://ftp.ncbi.nlm.nih.gov/geo/samples/GSM6425nnn/GSM6425442/suppl/GSM6425442_Methylation_EPIC_289_Grn.idat.gz"
[1] "Data downloaded successfuly"
[1] "https://ftp.ncbi.nlm.nih.gov/geo/samples/GSM6425nnn/GSM6425442/suppl/GSM6425442_Methylation_EPIC_289_Red.idat.gz"
[1] "Data downloaded successfuly"
[1] "https://ftp.ncbi.nlm.nih.gov/geo/samples/GSM6425nnn/GSM6425443/suppl/GSM6425443_Methylation_EPIC_290_Grn.idat.gz"
[1] "Data downloaded successfuly"
[1] "https://ftp.ncbi.nlm.nih.gov/geo/samples/GSM6425nnn/GSM6425443/suppl/GSM6425443_Methylation_EPIC_290_Red.idat.gz"
[1] "Data downloaded successfuly"
[1] "https://ftp.ncbi.nlm.nih.gov/geo/samples/GSM6425nnn/GSM6425444/suppl/GSM6425444_Methylation_EPIC_291_Grn.idat.gz"
[1] "Data downloaded successfuly"
[1] "https://ftp.ncbi.nlm.nih.gov/geo/samples/GSM6425nnn/GSM6425444/suppl/GSM6425444_Methylation_EPIC_291_Red.idat.gz"
[1] "Data downloaded successfuly"
[1] "https://ftp.ncbi.nlm.nih.gov/geo/samples/GSM6425nnn/GSM6425445/suppl/GSM6425445_Methylation_EPIC_292_Grn.idat.gz"
[1] "Data downloaded successfuly"
[1] "https://ftp.ncbi.nlm.nih.gov/geo/samples/GSM6425nnn/GSM6425445/suppl/GSM6425445_Methylation_EPIC_292_Red.idat.gz"
[1] "Data downloaded successfuly"
[1] "https://ftp.ncbi.nlm.nih.gov/geo/samples/GSM6425nnn/GSM6425446/suppl/GSM6425446_Methylation_EPIC_293_Grn.idat.gz"
[1] "Data downloaded successfuly"
[1] "https://ftp.ncbi.nlm.nih.gov/geo/samples/GSM6425nnn/GSM6425446/suppl/GSM6425446_Methylation_EPIC_293_Red.idat.gz"
[1] "Data downloaded successfuly"
[1] "https://ftp.ncbi.nlm.nih.gov/geo/samples/GSM6425nnn/GSM6425447/suppl/GSM6425447_Methylation_EPIC_294_Grn.idat.gz"
[1] "Data downloaded successfuly"
[1] "https://ftp.ncbi.nlm.nih.gov/geo/samples/GSM6425nnn/GSM6425447/suppl/GSM6425447_Methylation_EPIC_294_Red.idat.gz"
[1] "Data downloaded successfuly"
[1] "https://ftp.ncbi.nlm.nih.gov/geo/samples/GSM6425nnn/GSM6425448/suppl/GSM6425448_Methylation_EPIC_295_Grn.idat.gz"
[1] "Data downloaded successfuly"
[1] "https://ftp.ncbi.nlm.nih.gov/geo/samples/GSM6425nnn/GSM6425448/suppl/GSM6425448_Methylation_EPIC_295_Red.idat.gz"
[1] "Data downloaded successfuly"
[1] "https://ftp.ncbi.nlm.nih.gov/geo/samples/GSM6425nnn/GSM6425449/suppl/GSM6425449_Methylation_EPIC_296_Grn.idat.gz"
[1] "Data downloaded successfuly"
[1] "https://ftp.ncbi.nlm.nih.gov/geo/samples/GSM6425nnn/GSM6425449/suppl/GSM6425449_Methylation_EPIC_296_Red.idat.gz"
[1] "Data downloaded successfuly"
[1] "https://ftp.ncbi.nlm.nih.gov/geo/samples/GSM6425nnn/GSM6425450/suppl/GSM6425450_Methylation_EPIC_297_Grn.idat.gz"
[1] "Data downloaded successfuly"
[1] "https://ftp.ncbi.nlm.nih.gov/geo/samples/GSM6425nnn/GSM6425450/suppl/GSM6425450_Methylation_EPIC_297_Red.idat.gz"
[1] "Data downloaded successfuly"
[1] "https://ftp.ncbi.nlm.nih.gov/geo/samples/GSM6425nnn/GSM6425451/suppl/GSM6425451_Methylation_EPIC_298_Grn.idat.gz"
[1] "Data downloaded successfuly"
[1] "https://ftp.ncbi.nlm.nih.gov/geo/samples/GSM6425nnn/GSM6425451/suppl/GSM6425451_Methylation_EPIC_298_Red.idat.gz"
[1] "Data downloaded successfuly"
[1] "https://ftp.ncbi.nlm.nih.gov/geo/samples/GSM6425nnn/GSM6425452/suppl/GSM6425452_Methylation_EPIC_299_Grn.idat.gz"
[1] "Data downloaded successfuly"
[1] "https://ftp.ncbi.nlm.nih.gov/geo/samples/GSM6425nnn/GSM6425452/suppl/GSM6425452_Methylation_EPIC_299_Red.idat.gz"
[1] "Data downloaded successfuly"
[1] "https://ftp.ncbi.nlm.nih.gov/geo/samples/GSM6425nnn/GSM6425453/suppl/GSM6425453_Methylation_EPIC_300_Grn.idat.gz"
[1] "Data downloaded successfuly"
[1] "https://ftp.ncbi.nlm.nih.gov/geo/samples/GSM6425nnn/GSM6425453/suppl/GSM6425453_Methylation_EPIC_300_Red.idat.gz"
[1] "Data downloaded successfuly"
[1] "https://ftp.ncbi.nlm.nih.gov/geo/samples/GSM6425nnn/GSM6425454/suppl/GSM6425454_Methylation_EPIC_301_Grn.idat.gz"
[1] "Data downloaded successfuly"
[1] "https://ftp.ncbi.nlm.nih.gov/geo/samples/GSM6425nnn/GSM6425454/suppl/GSM6425454_Methylation_EPIC_301_Red.idat.gz"
[1] "Data downloaded successfuly"
[1] "https://ftp.ncbi.nlm.nih.gov/geo/samples/GSM6425nnn/GSM6425455/suppl/GSM6425455_Methylation_EPIC_302_Grn.idat.gz"
[1] "Data downloaded successfuly"
[1] "https://ftp.ncbi.nlm.nih.gov/geo/samples/GSM6425nnn/GSM6425455/suppl/GSM6425455_Methylation_EPIC_302_Red.idat.gz"
[1] "Data downloaded successfuly"
[1] "https://ftp.ncbi.nlm.nih.gov/geo/samples/GSM6425nnn/GSM6425456/suppl/GSM6425456_Methylation_EPIC_303_Grn.idat.gz"
[1] "Data downloaded successfuly"
[1] "https://ftp.ncbi.nlm.nih.gov/geo/samples/GSM6425nnn/GSM6425456/suppl/GSM6425456_Methylation_EPIC_303_Red.idat.gz"
[1] "Data downloaded successfuly"
[1] "https://ftp.ncbi.nlm.nih.gov/geo/samples/GSM6425nnn/GSM6425457/suppl/GSM6425457_Methylation_EPIC_304_Grn.idat.gz"
[1] "Data downloaded successfuly"
[1] "https://ftp.ncbi.nlm.nih.gov/geo/samples/GSM6425nnn/GSM6425457/suppl/GSM6425457_Methylation_EPIC_304_Red.idat.gz"
[1] "Data downloaded successfuly"
[1] "https://ftp.ncbi.nlm.nih.gov/geo/samples/GSM6425nnn/GSM6425458/suppl/GSM6425458_Methylation_EPIC_305_Grn.idat.gz"
[1] "Data downloaded successfuly"
[1] "https://ftp.ncbi.nlm.nih.gov/geo/samples/GSM6425nnn/GSM6425458/suppl/GSM6425458_Methylation_EPIC_305_Red.idat.gz"
[1] "Data downloaded successfuly"
[1] "https://ftp.ncbi.nlm.nih.gov/geo/samples/GSM6425nnn/GSM6425459/suppl/GSM6425459_Methylation_EPIC_306_Grn.idat.gz"
[1] "Data downloaded successfuly"
[1] "https://ftp.ncbi.nlm.nih.gov/geo/samples/GSM6425nnn/GSM6425459/suppl/GSM6425459_Methylation_EPIC_306_Red.idat.gz"
[1] "Data downloaded successfuly"
[1] "https://ftp.ncbi.nlm.nih.gov/geo/samples/GSM6425nnn/GSM6425460/suppl/GSM6425460_Methylation_EPIC_307_Grn.idat.gz"
[1] "Data downloaded successfuly"
[1] "https://ftp.ncbi.nlm.nih.gov/geo/samples/GSM6425nnn/GSM6425460/suppl/GSM6425460_Methylation_EPIC_307_Red.idat.gz"
[1] "Data downloaded successfuly"
[1] "https://ftp.ncbi.nlm.nih.gov/geo/samples/GSM6425nnn/GSM6425461/suppl/GSM6425461_Methylation_EPIC_308_Grn.idat.gz"
[1] "Data downloaded successfuly"
[1] "https://ftp.ncbi.nlm.nih.gov/geo/samples/GSM6425nnn/GSM6425461/suppl/GSM6425461_Methylation_EPIC_308_Red.idat.gz"
[1] "Data downloaded successfuly"
[1] "https://ftp.ncbi.nlm.nih.gov/geo/samples/GSM6425nnn/GSM6425462/suppl/GSM6425462_Methylation_EPIC_309_Grn.idat.gz"
[1] "Data downloaded successfuly"
[1] "https://ftp.ncbi.nlm.nih.gov/geo/samples/GSM6425nnn/GSM6425462/suppl/GSM6425462_Methylation_EPIC_309_Red.idat.gz"
[1] "Data downloaded successfuly"
[1] "https://ftp.ncbi.nlm.nih.gov/geo/samples/GSM6425nnn/GSM6425463/suppl/GSM6425463_Methylation_EPIC_310_Grn.idat.gz"
[1] "Data downloaded successfuly"
[1] "https://ftp.ncbi.nlm.nih.gov/geo/samples/GSM6425nnn/GSM6425463/suppl/GSM6425463_Methylation_EPIC_310_Red.idat.gz"
[1] "Data downloaded successfuly"
[1] "https://ftp.ncbi.nlm.nih.gov/geo/samples/GSM6425nnn/GSM6425464/suppl/GSM6425464_Methylation_EPIC_311_Grn.idat.gz"
[1] "Data downloaded successfuly"
[1] "https://ftp.ncbi.nlm.nih.gov/geo/samples/GSM6425nnn/GSM6425464/suppl/GSM6425464_Methylation_EPIC_311_Red.idat.gz"
[1] "Data downloaded successfuly"
[1] "https://ftp.ncbi.nlm.nih.gov/geo/samples/GSM6425nnn/GSM6425465/suppl/GSM6425465_Methylation_EPIC_312_Grn.idat.gz"
[1] "Data downloaded successfuly"
[1] "https://ftp.ncbi.nlm.nih.gov/geo/samples/GSM6425nnn/GSM6425465/suppl/GSM6425465_Methylation_EPIC_312_Red.idat.gz"
[1] "Data downloaded successfuly"
[1] "https://ftp.ncbi.nlm.nih.gov/geo/samples/GSM6425nnn/GSM6425466/suppl/GSM6425466_Methylation_EPIC_313_Grn.idat.gz"
[1] "Data downloaded successfuly"
[1] "https://ftp.ncbi.nlm.nih.gov/geo/samples/GSM6425nnn/GSM6425466/suppl/GSM6425466_Methylation_EPIC_313_Red.idat.gz"
[1] "Data downloaded successfuly"
[1] "https://ftp.ncbi.nlm.nih.gov/geo/samples/GSM6425nnn/GSM6425467/suppl/GSM6425467_Methylation_EPIC_314_Grn.idat.gz"
[1] "Data downloaded successfuly"
[1] "https://ftp.ncbi.nlm.nih.gov/geo/samples/GSM6425nnn/GSM6425467/suppl/GSM6425467_Methylation_EPIC_314_Red.idat.gz"
[1] "Data downloaded successfuly"
[1] "https://ftp.ncbi.nlm.nih.gov/geo/samples/GSM6425nnn/GSM6425468/suppl/GSM6425468_Methylation_EPIC_315_Grn.idat.gz"
[1] "Data downloaded successfuly"
[1] "https://ftp.ncbi.nlm.nih.gov/geo/samples/GSM6425nnn/GSM6425468/suppl/GSM6425468_Methylation_EPIC_315_Red.idat.gz"
[1] "Data downloaded successfuly"
[1] "https://ftp.ncbi.nlm.nih.gov/geo/samples/GSM6425nnn/GSM6425469/suppl/GSM6425469_Methylation_EPIC_316_Grn.idat.gz"
[1] "Data downloaded successfuly"
[1] "https://ftp.ncbi.nlm.nih.gov/geo/samples/GSM6425nnn/GSM6425469/suppl/GSM6425469_Methylation_EPIC_316_Red.idat.gz"
[1] "Data downloaded successfuly"
[1] "https://ftp.ncbi.nlm.nih.gov/geo/samples/GSM6425nnn/GSM6425470/suppl/GSM6425470_Methylation_EPIC_317_Grn.idat.gz"
[1] "Data downloaded successfuly"
[1] "https://ftp.ncbi.nlm.nih.gov/geo/samples/GSM6425nnn/GSM6425470/suppl/GSM6425470_Methylation_EPIC_317_Red.idat.gz"
[1] "Data downloaded successfuly"
[1] "https://ftp.ncbi.nlm.nih.gov/geo/samples/GSM6425nnn/GSM6425471/suppl/GSM6425471_Methylation_EPIC_318_Grn.idat.gz"
[1] "Data downloaded successfuly"
[1] "https://ftp.ncbi.nlm.nih.gov/geo/samples/GSM6425nnn/GSM6425471/suppl/GSM6425471_Methylation_EPIC_318_Red.idat.gz"
[1] "Data downloaded successfuly"
[1] "https://ftp.ncbi.nlm.nih.gov/geo/samples/GSM6425nnn/GSM6425472/suppl/GSM6425472_Methylation_EPIC_319_Grn.idat.gz"
[1] "Data downloaded successfuly"
[1] "https://ftp.ncbi.nlm.nih.gov/geo/samples/GSM6425nnn/GSM6425472/suppl/GSM6425472_Methylation_EPIC_319_Red.idat.gz"
[1] "Data downloaded successfuly"
[1] "https://ftp.ncbi.nlm.nih.gov/geo/samples/GSM6425nnn/GSM6425473/suppl/GSM6425473_Methylation_EPIC_320_Grn.idat.gz"
[1] "Data downloaded successfuly"
[1] "https://ftp.ncbi.nlm.nih.gov/geo/samples/GSM6425nnn/GSM6425473/suppl/GSM6425473_Methylation_EPIC_320_Red.idat.gz"
[1] "Data downloaded successfuly"
[1] "https://ftp.ncbi.nlm.nih.gov/geo/samples/GSM6425nnn/GSM6425474/suppl/GSM6425474_Methylation_EPIC_321_Grn.idat.gz"
[1] "Data downloaded successfuly"
[1] "https://ftp.ncbi.nlm.nih.gov/geo/samples/GSM6425nnn/GSM6425474/suppl/GSM6425474_Methylation_EPIC_321_Red.idat.gz"
[1] "Data downloaded successfuly"
[1] "https://ftp.ncbi.nlm.nih.gov/geo/samples/GSM6425nnn/GSM6425475/suppl/GSM6425475_Methylation_EPIC_322_Grn.idat.gz"
[1] "Data downloaded successfuly"
[1] "https://ftp.ncbi.nlm.nih.gov/geo/samples/GSM6425nnn/GSM6425475/suppl/GSM6425475_Methylation_EPIC_322_Red.idat.gz"
[1] "Data downloaded successfuly"
[1] "https://ftp.ncbi.nlm.nih.gov/geo/samples/GSM6425nnn/GSM6425476/suppl/GSM6425476_Methylation_EPIC_323_Grn.idat.gz"
[1] "Data downloaded successfuly"
[1] "https://ftp.ncbi.nlm.nih.gov/geo/samples/GSM6425nnn/GSM6425476/suppl/GSM6425476_Methylation_EPIC_323_Red.idat.gz"
[1] "Data downloaded successfuly"
[1] "https://ftp.ncbi.nlm.nih.gov/geo/samples/GSM6425nnn/GSM6425477/suppl/GSM6425477_Methylation_EPIC_324_Grn.idat.gz"
[1] "Data downloaded successfuly"
[1] "https://ftp.ncbi.nlm.nih.gov/geo/samples/GSM6425nnn/GSM6425477/suppl/GSM6425477_Methylation_EPIC_324_Red.idat.gz"
[1] "Data downloaded successfuly"
[1] "https://ftp.ncbi.nlm.nih.gov/geo/samples/GSM6425nnn/GSM6425478/suppl/GSM6425478_Methylation_EPIC_325_Grn.idat.gz"
[1] "Data downloaded successfuly"
[1] "https://ftp.ncbi.nlm.nih.gov/geo/samples/GSM6425nnn/GSM6425478/suppl/GSM6425478_Methylation_EPIC_325_Red.idat.gz"
[1] "Data downloaded successfuly"
[1] "https://ftp.ncbi.nlm.nih.gov/geo/samples/GSM6425nnn/GSM6425479/suppl/GSM6425479_Methylation_EPIC_326_Grn.idat.gz"
[1] "Data downloaded successfuly"
[1] "https://ftp.ncbi.nlm.nih.gov/geo/samples/GSM6425nnn/GSM6425479/suppl/GSM6425479_Methylation_EPIC_326_Red.idat.gz"
[1] "Data downloaded successfuly"
[1] "https://ftp.ncbi.nlm.nih.gov/geo/samples/GSM6425nnn/GSM6425480/suppl/GSM6425480_Methylation_EPIC_327_Grn.idat.gz"
[1] "Data downloaded successfuly"
[1] "https://ftp.ncbi.nlm.nih.gov/geo/samples/GSM6425nnn/GSM6425480/suppl/GSM6425480_Methylation_EPIC_327_Red.idat.gz"
[1] "Data downloaded successfuly"
[1] "https://ftp.ncbi.nlm.nih.gov/geo/samples/GSM6425nnn/GSM6425481/suppl/GSM6425481_Methylation_EPIC_328_Grn.idat.gz"
[1] "Data downloaded successfuly"
[1] "https://ftp.ncbi.nlm.nih.gov/geo/samples/GSM6425nnn/GSM6425481/suppl/GSM6425481_Methylation_EPIC_328_Red.idat.gz"
[1] "Data downloaded successfuly"
[1] "https://ftp.ncbi.nlm.nih.gov/geo/samples/GSM6425nnn/GSM6425482/suppl/GSM6425482_Methylation_EPIC_329_Grn.idat.gz"
[1] "Data downloaded successfuly"
[1] "https://ftp.ncbi.nlm.nih.gov/geo/samples/GSM6425nnn/GSM6425482/suppl/GSM6425482_Methylation_EPIC_329_Red.idat.gz"
[1] "Data downloaded successfuly"
[1] "https://ftp.ncbi.nlm.nih.gov/geo/samples/GSM6425nnn/GSM6425483/suppl/GSM6425483_Methylation_EPIC_330_Grn.idat.gz"
[1] "Data downloaded successfuly"
[1] "https://ftp.ncbi.nlm.nih.gov/geo/samples/GSM6425nnn/GSM6425483/suppl/GSM6425483_Methylation_EPIC_330_Red.idat.gz"
[1] "Data downloaded successfuly"
[1] "https://ftp.ncbi.nlm.nih.gov/geo/samples/GSM6425nnn/GSM6425484/suppl/GSM6425484_Methylation_EPIC_331_Grn.idat.gz"
[1] "Data downloaded successfuly"
[1] "https://ftp.ncbi.nlm.nih.gov/geo/samples/GSM6425nnn/GSM6425484/suppl/GSM6425484_Methylation_EPIC_331_Red.idat.gz"
[1] "Data downloaded successfuly"
[1] "https://ftp.ncbi.nlm.nih.gov/geo/samples/GSM6425nnn/GSM6425485/suppl/GSM6425485_Methylation_EPIC_332_Grn.idat.gz"
[1] "Data downloaded successfuly"
[1] "https://ftp.ncbi.nlm.nih.gov/geo/samples/GSM6425nnn/GSM6425485/suppl/GSM6425485_Methylation_EPIC_332_Red.idat.gz"
[1] "Data downloaded successfuly"
[1] "https://ftp.ncbi.nlm.nih.gov/geo/samples/GSM6425nnn/GSM6425486/suppl/GSM6425486_Methylation_EPIC_333_Grn.idat.gz"
[1] "Data downloaded successfuly"
[1] "https://ftp.ncbi.nlm.nih.gov/geo/samples/GSM6425nnn/GSM6425486/suppl/GSM6425486_Methylation_EPIC_333_Red.idat.gz"
[1] "Data downloaded successfuly"
[1] "https://ftp.ncbi.nlm.nih.gov/geo/samples/GSM6425nnn/GSM6425487/suppl/GSM6425487_Methylation_EPIC_334_Grn.idat.gz"
[1] "Data downloaded successfuly"
[1] "https://ftp.ncbi.nlm.nih.gov/geo/samples/GSM6425nnn/GSM6425487/suppl/GSM6425487_Methylation_EPIC_334_Red.idat.gz"
[1] "Data downloaded successfuly"
[1] "https://ftp.ncbi.nlm.nih.gov/geo/samples/GSM6425nnn/GSM6425488/suppl/GSM6425488_Methylation_EPIC_335_Grn.idat.gz"
[1] "Data downloaded successfuly"
[1] "https://ftp.ncbi.nlm.nih.gov/geo/samples/GSM6425nnn/GSM6425488/suppl/GSM6425488_Methylation_EPIC_335_Red.idat.gz"
[1] "Data downloaded successfuly"
[1] "https://ftp.ncbi.nlm.nih.gov/geo/samples/GSM6425nnn/GSM6425489/suppl/GSM6425489_Methylation_EPIC_336_Grn.idat.gz"
[1] "Data downloaded successfuly"
[1] "https://ftp.ncbi.nlm.nih.gov/geo/samples/GSM6425nnn/GSM6425489/suppl/GSM6425489_Methylation_EPIC_336_Red.idat.gz"
[1] "Data downloaded successfuly"
[1] "https://ftp.ncbi.nlm.nih.gov/geo/samples/GSM6425nnn/GSM6425490/suppl/GSM6425490_Methylation_EPIC_337_Grn.idat.gz"
[1] "Data downloaded successfuly"
[1] "https://ftp.ncbi.nlm.nih.gov/geo/samples/GSM6425nnn/GSM6425490/suppl/GSM6425490_Methylation_EPIC_337_Red.idat.gz"
[1] "Data downloaded successfuly"
[1] "https://ftp.ncbi.nlm.nih.gov/geo/samples/GSM6425nnn/GSM6425491/suppl/GSM6425491_Methylation_EPIC_338_Grn.idat.gz"
[1] "Data downloaded successfuly"
[1] "https://ftp.ncbi.nlm.nih.gov/geo/samples/GSM6425nnn/GSM6425491/suppl/GSM6425491_Methylation_EPIC_338_Red.idat.gz"
[1] "Data downloaded successfuly"
[1] "https://ftp.ncbi.nlm.nih.gov/geo/samples/GSM6425nnn/GSM6425492/suppl/GSM6425492_Methylation_EPIC_339_Grn.idat.gz"
[1] "Data downloaded successfuly"
[1] "https://ftp.ncbi.nlm.nih.gov/geo/samples/GSM6425nnn/GSM6425492/suppl/GSM6425492_Methylation_EPIC_339_Red.idat.gz"
[1] "Data downloaded successfuly"
[1] "https://ftp.ncbi.nlm.nih.gov/geo/samples/GSM6425nnn/GSM6425493/suppl/GSM6425493_Methylation_EPIC_340_Grn.idat.gz"
[1] "Data downloaded successfuly"
[1] "https://ftp.ncbi.nlm.nih.gov/geo/samples/GSM6425nnn/GSM6425493/suppl/GSM6425493_Methylation_EPIC_340_Red.idat.gz"
[1] "Data downloaded successfuly"
[1] "https://ftp.ncbi.nlm.nih.gov/geo/samples/GSM6425nnn/GSM6425494/suppl/GSM6425494_Methylation_EPIC_341_Grn.idat.gz"
[1] "Data downloaded successfuly"
[1] "https://ftp.ncbi.nlm.nih.gov/geo/samples/GSM6425nnn/GSM6425494/suppl/GSM6425494_Methylation_EPIC_341_Red.idat.gz"
[1] "Data downloaded successfuly"
[1] "https://ftp.ncbi.nlm.nih.gov/geo/samples/GSM6425nnn/GSM6425495/suppl/GSM6425495_Methylation_EPIC_342_Grn.idat.gz"
[1] "Data downloaded successfuly"
[1] "https://ftp.ncbi.nlm.nih.gov/geo/samples/GSM6425nnn/GSM6425495/suppl/GSM6425495_Methylation_EPIC_342_Red.idat.gz"
[1] "Data downloaded successfuly"
[1] "https://ftp.ncbi.nlm.nih.gov/geo/samples/GSM6425nnn/GSM6425496/suppl/GSM6425496_Methylation_EPIC_343_Grn.idat.gz"
[1] "Data downloaded successfuly"
[1] "https://ftp.ncbi.nlm.nih.gov/geo/samples/GSM6425nnn/GSM6425496/suppl/GSM6425496_Methylation_EPIC_343_Red.idat.gz"
[1] "Data downloaded successfuly"
[1] "https://ftp.ncbi.nlm.nih.gov/geo/samples/GSM6425nnn/GSM6425497/suppl/GSM6425497_Methylation_EPIC_344_Grn.idat.gz"
[1] "Data downloaded successfuly"
[1] "https://ftp.ncbi.nlm.nih.gov/geo/samples/GSM6425nnn/GSM6425497/suppl/GSM6425497_Methylation_EPIC_344_Red.idat.gz"
[1] "Data downloaded successfuly"
[1] "https://ftp.ncbi.nlm.nih.gov/geo/samples/GSM6425nnn/GSM6425498/suppl/GSM6425498_Methylation_EPIC_345_Grn.idat.gz"
[1] "Data downloaded successfuly"
[1] "https://ftp.ncbi.nlm.nih.gov/geo/samples/GSM6425nnn/GSM6425498/suppl/GSM6425498_Methylation_EPIC_345_Red.idat.gz"
[1] "Data downloaded successfuly"
[1] "https://ftp.ncbi.nlm.nih.gov/geo/samples/GSM6425nnn/GSM6425499/suppl/GSM6425499_Methylation_EPIC_346_Grn.idat.gz"
[1] "Data downloaded successfuly"
[1] "https://ftp.ncbi.nlm.nih.gov/geo/samples/GSM6425nnn/GSM6425499/suppl/GSM6425499_Methylation_EPIC_346_Red.idat.gz"
[1] "Data downloaded successfuly"
[1] "https://ftp.ncbi.nlm.nih.gov/geo/samples/GSM6425nnn/GSM6425500/suppl/GSM6425500_Methylation_EPIC_347_Grn.idat.gz"
[1] "Data downloaded successfuly"
[1] "https://ftp.ncbi.nlm.nih.gov/geo/samples/GSM6425nnn/GSM6425500/suppl/GSM6425500_Methylation_EPIC_347_Red.idat.gz"
[1] "Data downloaded successfuly"
[1] "https://ftp.ncbi.nlm.nih.gov/geo/samples/GSM6425nnn/GSM6425501/suppl/GSM6425501_Methylation_EPIC_348_Grn.idat.gz"
[1] "Data downloaded successfuly"
[1] "https://ftp.ncbi.nlm.nih.gov/geo/samples/GSM6425nnn/GSM6425501/suppl/GSM6425501_Methylation_EPIC_348_Red.idat.gz"
[1] "Data downloaded successfuly"
[1] "https://ftp.ncbi.nlm.nih.gov/geo/samples/GSM6425nnn/GSM6425502/suppl/GSM6425502_Methylation_EPIC_349_Grn.idat.gz"
[1] "Data downloaded successfuly"
[1] "https://ftp.ncbi.nlm.nih.gov/geo/samples/GSM6425nnn/GSM6425502/suppl/GSM6425502_Methylation_EPIC_349_Red.idat.gz"
[1] "Data downloaded successfuly"
[1] "https://ftp.ncbi.nlm.nih.gov/geo/samples/GSM6425nnn/GSM6425503/suppl/GSM6425503_Methylation_EPIC_350_Grn.idat.gz"
[1] "Data downloaded successfuly"
[1] "https://ftp.ncbi.nlm.nih.gov/geo/samples/GSM6425nnn/GSM6425503/suppl/GSM6425503_Methylation_EPIC_350_Red.idat.gz"
[1] "Data downloaded successfuly"
[1] "https://ftp.ncbi.nlm.nih.gov/geo/samples/GSM6425nnn/GSM6425504/suppl/GSM6425504_Methylation_EPIC_351_Grn.idat.gz"
[1] "Data downloaded successfuly"
[1] "https://ftp.ncbi.nlm.nih.gov/geo/samples/GSM6425nnn/GSM6425504/suppl/GSM6425504_Methylation_EPIC_351_Red.idat.gz"
[1] "Data downloaded successfuly"
[1] "https://ftp.ncbi.nlm.nih.gov/geo/samples/GSM6425nnn/GSM6425505/suppl/GSM6425505_Methylation_EPIC_352_Grn.idat.gz"
[1] "Data downloaded successfuly"
[1] "https://ftp.ncbi.nlm.nih.gov/geo/samples/GSM6425nnn/GSM6425505/suppl/GSM6425505_Methylation_EPIC_352_Red.idat.gz"
[1] "Data downloaded successfuly"
[1] "https://ftp.ncbi.nlm.nih.gov/geo/samples/GSM6425nnn/GSM6425506/suppl/GSM6425506_Methylation_EPIC_353_Grn.idat.gz"
[1] "Data downloaded successfuly"
[1] "https://ftp.ncbi.nlm.nih.gov/geo/samples/GSM6425nnn/GSM6425506/suppl/GSM6425506_Methylation_EPIC_353_Red.idat.gz"
[1] "Data downloaded successfuly"
[1] "https://ftp.ncbi.nlm.nih.gov/geo/samples/GSM6425nnn/GSM6425507/suppl/GSM6425507_Methylation_EPIC_354_Grn.idat.gz"
[1] "Data downloaded successfuly"
[1] "https://ftp.ncbi.nlm.nih.gov/geo/samples/GSM6425nnn/GSM6425507/suppl/GSM6425507_Methylation_EPIC_354_Red.idat.gz"
[1] "Data downloaded successfuly"
[1] "https://ftp.ncbi.nlm.nih.gov/geo/samples/GSM6425nnn/GSM6425508/suppl/GSM6425508_Methylation_EPIC_355_Grn.idat.gz"
[1] "Data downloaded successfuly"
[1] "https://ftp.ncbi.nlm.nih.gov/geo/samples/GSM6425nnn/GSM6425508/suppl/GSM6425508_Methylation_EPIC_355_Red.idat.gz"
[1] "Data downloaded successfuly"
[1] "https://ftp.ncbi.nlm.nih.gov/geo/samples/GSM6425nnn/GSM6425509/suppl/GSM6425509_Methylation_EPIC_356_Grn.idat.gz"
[1] "Data downloaded successfuly"
[1] "https://ftp.ncbi.nlm.nih.gov/geo/samples/GSM6425nnn/GSM6425509/suppl/GSM6425509_Methylation_EPIC_356_Red.idat.gz"
[1] "Data downloaded successfuly"
[1] "https://ftp.ncbi.nlm.nih.gov/geo/samples/GSM6425nnn/GSM6425510/suppl/GSM6425510_Methylation_EPIC_357_Grn.idat.gz"
[1] "Data downloaded successfuly"
[1] "https://ftp.ncbi.nlm.nih.gov/geo/samples/GSM6425nnn/GSM6425510/suppl/GSM6425510_Methylation_EPIC_357_Red.idat.gz"
[1] "Data downloaded successfuly"
[1] "https://ftp.ncbi.nlm.nih.gov/geo/samples/GSM6425nnn/GSM6425511/suppl/GSM6425511_Methylation_EPIC_358_Grn.idat.gz"
[1] "Data downloaded successfuly"
[1] "https://ftp.ncbi.nlm.nih.gov/geo/samples/GSM6425nnn/GSM6425511/suppl/GSM6425511_Methylation_EPIC_358_Red.idat.gz"
[1] "Data downloaded successfuly"
[1] "https://ftp.ncbi.nlm.nih.gov/geo/samples/GSM6425nnn/GSM6425512/suppl/GSM6425512_Methylation_EPIC_359_Grn.idat.gz"
[1] "Data downloaded successfuly"
[1] "https://ftp.ncbi.nlm.nih.gov/geo/samples/GSM6425nnn/GSM6425512/suppl/GSM6425512_Methylation_EPIC_359_Red.idat.gz"
[1] "Data downloaded successfuly"
[1] "https://ftp.ncbi.nlm.nih.gov/geo/samples/GSM6425nnn/GSM6425513/suppl/GSM6425513_Methylation_EPIC_360_Grn.idat.gz"
[1] "Data downloaded successfuly"
[1] "https://ftp.ncbi.nlm.nih.gov/geo/samples/GSM6425nnn/GSM6425513/suppl/GSM6425513_Methylation_EPIC_360_Red.idat.gz"
[1] "Data downloaded successfuly"
[1] "https://ftp.ncbi.nlm.nih.gov/geo/samples/GSM6425nnn/GSM6425514/suppl/GSM6425514_Methylation_EPIC_361_Grn.idat.gz"
[1] "Data downloaded successfuly"
[1] "https://ftp.ncbi.nlm.nih.gov/geo/samples/GSM6425nnn/GSM6425514/suppl/GSM6425514_Methylation_EPIC_361_Red.idat.gz"
[1] "Data downloaded successfuly"
[1] "https://ftp.ncbi.nlm.nih.gov/geo/samples/GSM6425nnn/GSM6425515/suppl/GSM6425515_Methylation_EPIC_362_Grn.idat.gz"
[1] "Data downloaded successfuly"
[1] "https://ftp.ncbi.nlm.nih.gov/geo/samples/GSM6425nnn/GSM6425515/suppl/GSM6425515_Methylation_EPIC_362_Red.idat.gz"
[1] "Data downloaded successfuly"
[1] "https://ftp.ncbi.nlm.nih.gov/geo/samples/GSM6425nnn/GSM6425516/suppl/GSM6425516_Methylation_EPIC_363_Grn.idat.gz"
[1] "Data downloaded successfuly"
[1] "https://ftp.ncbi.nlm.nih.gov/geo/samples/GSM6425nnn/GSM6425516/suppl/GSM6425516_Methylation_EPIC_363_Red.idat.gz"
[1] "Data downloaded successfuly"
[1] "https://ftp.ncbi.nlm.nih.gov/geo/samples/GSM6425nnn/GSM6425517/suppl/GSM6425517_Methylation_EPIC_364_Grn.idat.gz"
[1] "Data downloaded successfuly"
[1] "https://ftp.ncbi.nlm.nih.gov/geo/samples/GSM6425nnn/GSM6425517/suppl/GSM6425517_Methylation_EPIC_364_Red.idat.gz"
[1] "Data downloaded successfuly"
[1] "https://ftp.ncbi.nlm.nih.gov/geo/samples/GSM6425nnn/GSM6425518/suppl/GSM6425518_Methylation_EPIC_365_Grn.idat.gz"
[1] "Data downloaded successfuly"
[1] "https://ftp.ncbi.nlm.nih.gov/geo/samples/GSM6425nnn/GSM6425518/suppl/GSM6425518_Methylation_EPIC_365_Red.idat.gz"
[1] "Data downloaded successfuly"
[1] "https://ftp.ncbi.nlm.nih.gov/geo/samples/GSM6425nnn/GSM6425519/suppl/GSM6425519_Methylation_EPIC_366_Grn.idat.gz"
[1] "Data downloaded successfuly"
[1] "https://ftp.ncbi.nlm.nih.gov/geo/samples/GSM6425nnn/GSM6425519/suppl/GSM6425519_Methylation_EPIC_366_Red.idat.gz"
[1] "Data downloaded successfuly"
[1] "https://ftp.ncbi.nlm.nih.gov/geo/samples/GSM6425nnn/GSM6425520/suppl/GSM6425520_Methylation_EPIC_367_Grn.idat.gz"
[1] "Data downloaded successfuly"
[1] "https://ftp.ncbi.nlm.nih.gov/geo/samples/GSM6425nnn/GSM6425520/suppl/GSM6425520_Methylation_EPIC_367_Red.idat.gz"
[1] "Data downloaded successfuly"
[1] "https://ftp.ncbi.nlm.nih.gov/geo/samples/GSM6425nnn/GSM6425521/suppl/GSM6425521_Methylation_EPIC_368_Grn.idat.gz"
[1] "Data downloaded successfuly"
[1] "https://ftp.ncbi.nlm.nih.gov/geo/samples/GSM6425nnn/GSM6425521/suppl/GSM6425521_Methylation_EPIC_368_Red.idat.gz"
[1] "Data downloaded successfuly"
[1] "https://ftp.ncbi.nlm.nih.gov/geo/samples/GSM6425nnn/GSM6425522/suppl/GSM6425522_Methylation_EPIC_369_Grn.idat.gz"
[1] "Data downloaded successfuly"
[1] "https://ftp.ncbi.nlm.nih.gov/geo/samples/GSM6425nnn/GSM6425522/suppl/GSM6425522_Methylation_EPIC_369_Red.idat.gz"
[1] "Data downloaded successfuly"
[1] "https://ftp.ncbi.nlm.nih.gov/geo/samples/GSM6425nnn/GSM6425523/suppl/GSM6425523_Methylation_EPIC_370_Grn.idat.gz"
[1] "Data downloaded successfuly"
[1] "https://ftp.ncbi.nlm.nih.gov/geo/samples/GSM6425nnn/GSM6425523/suppl/GSM6425523_Methylation_EPIC_370_Red.idat.gz"
[1] "Data downloaded successfuly"
[1] "https://ftp.ncbi.nlm.nih.gov/geo/samples/GSM6425nnn/GSM6425524/suppl/GSM6425524_Methylation_EPIC_371_Grn.idat.gz"
[1] "Data downloaded successfuly"
[1] "https://ftp.ncbi.nlm.nih.gov/geo/samples/GSM6425nnn/GSM6425524/suppl/GSM6425524_Methylation_EPIC_371_Red.idat.gz"
[1] "Data downloaded successfuly"
[1] "https://ftp.ncbi.nlm.nih.gov/geo/samples/GSM6425nnn/GSM6425525/suppl/GSM6425525_Methylation_EPIC_372_Grn.idat.gz"
[1] "Data downloaded successfuly"
[1] "https://ftp.ncbi.nlm.nih.gov/geo/samples/GSM6425nnn/GSM6425525/suppl/GSM6425525_Methylation_EPIC_372_Red.idat.gz"
[1] "Data downloaded successfuly"
[1] "https://ftp.ncbi.nlm.nih.gov/geo/samples/GSM6425nnn/GSM6425526/suppl/GSM6425526_Methylation_EPIC_373_Grn.idat.gz"
[1] "Data downloaded successfuly"
[1] "https://ftp.ncbi.nlm.nih.gov/geo/samples/GSM6425nnn/GSM6425526/suppl/GSM6425526_Methylation_EPIC_373_Red.idat.gz"
[1] "Data downloaded successfuly"
[1] "https://ftp.ncbi.nlm.nih.gov/geo/samples/GSM6425nnn/GSM6425527/suppl/GSM6425527_Methylation_EPIC_374_Grn.idat.gz"
[1] "Data downloaded successfuly"
[1] "https://ftp.ncbi.nlm.nih.gov/geo/samples/GSM6425nnn/GSM6425527/suppl/GSM6425527_Methylation_EPIC_374_Red.idat.gz"
[1] "Data downloaded successfuly"
[1] "https://ftp.ncbi.nlm.nih.gov/geo/samples/GSM6425nnn/GSM6425528/suppl/GSM6425528_Methylation_EPIC_375_Grn.idat.gz"
[1] "Data downloaded successfuly"
[1] "https://ftp.ncbi.nlm.nih.gov/geo/samples/GSM6425nnn/GSM6425528/suppl/GSM6425528_Methylation_EPIC_375_Red.idat.gz"
[1] "Data downloaded successfuly"
[1] "https://ftp.ncbi.nlm.nih.gov/geo/samples/GSM6425nnn/GSM6425529/suppl/GSM6425529_Methylation_EPIC_376_Grn.idat.gz"
[1] "Data downloaded successfuly"
[1] "https://ftp.ncbi.nlm.nih.gov/geo/samples/GSM6425nnn/GSM6425529/suppl/GSM6425529_Methylation_EPIC_376_Red.idat.gz"
[1] "Data downloaded successfuly"
[1] "https://ftp.ncbi.nlm.nih.gov/geo/samples/GSM6425nnn/GSM6425530/suppl/GSM6425530_Methylation_EPIC_377_Grn.idat.gz"
[1] "Data downloaded successfuly"
[1] "https://ftp.ncbi.nlm.nih.gov/geo/samples/GSM6425nnn/GSM6425530/suppl/GSM6425530_Methylation_EPIC_377_Red.idat.gz"
[1] "Data downloaded successfuly"
[1] "https://ftp.ncbi.nlm.nih.gov/geo/samples/GSM6425nnn/GSM6425531/suppl/GSM6425531_Methylation_EPIC_378_Grn.idat.gz"
[1] "Data downloaded successfuly"
[1] "https://ftp.ncbi.nlm.nih.gov/geo/samples/GSM6425nnn/GSM6425531/suppl/GSM6425531_Methylation_EPIC_378_Red.idat.gz"
[1] "Data downloaded successfuly"
[1] "https://ftp.ncbi.nlm.nih.gov/geo/samples/GSM6425nnn/GSM6425532/suppl/GSM6425532_Methylation_EPIC_379_Grn.idat.gz"
[1] "Data downloaded successfuly"
[1] "https://ftp.ncbi.nlm.nih.gov/geo/samples/GSM6425nnn/GSM6425532/suppl/GSM6425532_Methylation_EPIC_379_Red.idat.gz"
[1] "Data downloaded successfuly"
[1] "https://ftp.ncbi.nlm.nih.gov/geo/samples/GSM6425nnn/GSM6425533/suppl/GSM6425533_Methylation_EPIC_380_Grn.idat.gz"
[1] "Data downloaded successfuly"
[1] "https://ftp.ncbi.nlm.nih.gov/geo/samples/GSM6425nnn/GSM6425533/suppl/GSM6425533_Methylation_EPIC_380_Red.idat.gz"
[1] "Data downloaded successfuly"
[1] "https://ftp.ncbi.nlm.nih.gov/geo/samples/GSM6425nnn/GSM6425534/suppl/GSM6425534_Methylation_EPIC_381_Grn.idat.gz"
[1] "Data downloaded successfuly"
[1] "https://ftp.ncbi.nlm.nih.gov/geo/samples/GSM6425nnn/GSM6425534/suppl/GSM6425534_Methylation_EPIC_381_Red.idat.gz"
[1] "Data downloaded successfuly"
[1] "https://ftp.ncbi.nlm.nih.gov/geo/samples/GSM6425nnn/GSM6425535/suppl/GSM6425535_Methylation_EPIC_382_Grn.idat.gz"
[1] "Data downloaded successfuly"
[1] "https://ftp.ncbi.nlm.nih.gov/geo/samples/GSM6425nnn/GSM6425535/suppl/GSM6425535_Methylation_EPIC_382_Red.idat.gz"
[1] "Data downloaded successfuly"
[1] "https://ftp.ncbi.nlm.nih.gov/geo/samples/GSM6425nnn/GSM6425536/suppl/GSM6425536_Methylation_EPIC_383_Grn.idat.gz"
[1] "Data downloaded successfuly"
[1] "https://ftp.ncbi.nlm.nih.gov/geo/samples/GSM6425nnn/GSM6425536/suppl/GSM6425536_Methylation_EPIC_383_Red.idat.gz"
[1] "Data downloaded successfuly"
[1] "https://ftp.ncbi.nlm.nih.gov/geo/samples/GSM6425nnn/GSM6425537/suppl/GSM6425537_Methylation_EPIC_384_Grn.idat.gz"
[1] "Data downloaded successfuly"
[1] "https://ftp.ncbi.nlm.nih.gov/geo/samples/GSM6425nnn/GSM6425537/suppl/GSM6425537_Methylation_EPIC_384_Red.idat.gz"
[1] "Data downloaded successfuly"
[1] "https://ftp.ncbi.nlm.nih.gov/geo/samples/GSM6425nnn/GSM6425538/suppl/GSM6425538_Methylation_EPIC_385_Grn.idat.gz"
[1] "Data downloaded successfuly"
[1] "https://ftp.ncbi.nlm.nih.gov/geo/samples/GSM6425nnn/GSM6425538/suppl/GSM6425538_Methylation_EPIC_385_Red.idat.gz"
[1] "Data downloaded successfuly"
[1] "https://ftp.ncbi.nlm.nih.gov/geo/samples/GSM6425nnn/GSM6425539/suppl/GSM6425539_Methylation_EPIC_386_Grn.idat.gz"
[1] "Data downloaded successfuly"
[1] "https://ftp.ncbi.nlm.nih.gov/geo/samples/GSM6425nnn/GSM6425539/suppl/GSM6425539_Methylation_EPIC_386_Red.idat.gz"
[1] "Data downloaded successfuly"
[1] "https://ftp.ncbi.nlm.nih.gov/geo/samples/GSM6425nnn/GSM6425540/suppl/GSM6425540_Methylation_EPIC_387_Grn.idat.gz"
[1] "Data downloaded successfuly"
[1] "https://ftp.ncbi.nlm.nih.gov/geo/samples/GSM6425nnn/GSM6425540/suppl/GSM6425540_Methylation_EPIC_387_Red.idat.gz"
[1] "Data downloaded successfuly"
[1] "https://ftp.ncbi.nlm.nih.gov/geo/samples/GSM6425nnn/GSM6425541/suppl/GSM6425541_Methylation_EPIC_388_Grn.idat.gz"
[1] "Data downloaded successfuly"
[1] "https://ftp.ncbi.nlm.nih.gov/geo/samples/GSM6425nnn/GSM6425541/suppl/GSM6425541_Methylation_EPIC_388_Red.idat.gz"
[1] "Data downloaded successfuly"
[1] "https://ftp.ncbi.nlm.nih.gov/geo/samples/GSM6425nnn/GSM6425542/suppl/GSM6425542_Methylation_EPIC_389_Grn.idat.gz"
[1] "Data downloaded successfuly"
[1] "https://ftp.ncbi.nlm.nih.gov/geo/samples/GSM6425nnn/GSM6425542/suppl/GSM6425542_Methylation_EPIC_389_Red.idat.gz"
[1] "Data downloaded successfuly"
[1] "https://ftp.ncbi.nlm.nih.gov/geo/samples/GSM6425nnn/GSM6425543/suppl/GSM6425543_Methylation_EPIC_390_Grn.idat.gz"
[1] "Data downloaded successfuly"
[1] "https://ftp.ncbi.nlm.nih.gov/geo/samples/GSM6425nnn/GSM6425543/suppl/GSM6425543_Methylation_EPIC_390_Red.idat.gz"
[1] "Data downloaded successfuly"
[1] "https://ftp.ncbi.nlm.nih.gov/geo/samples/GSM6425nnn/GSM6425544/suppl/GSM6425544_Methylation_EPIC_391_Grn.idat.gz"
[1] "Data downloaded successfuly"
[1] "https://ftp.ncbi.nlm.nih.gov/geo/samples/GSM6425nnn/GSM6425544/suppl/GSM6425544_Methylation_EPIC_391_Red.idat.gz"
[1] "Data downloaded successfuly"
[1] "https://ftp.ncbi.nlm.nih.gov/geo/samples/GSM6425nnn/GSM6425545/suppl/GSM6425545_Methylation_EPIC_392_Grn.idat.gz"
[1] "Data downloaded successfuly"
[1] "https://ftp.ncbi.nlm.nih.gov/geo/samples/GSM6425nnn/GSM6425545/suppl/GSM6425545_Methylation_EPIC_392_Red.idat.gz"
[1] "Data downloaded successfuly"
[1] "https://ftp.ncbi.nlm.nih.gov/geo/samples/GSM6425nnn/GSM6425546/suppl/GSM6425546_Methylation_EPIC_393_Grn.idat.gz"
[1] "Data downloaded successfuly"
[1] "https://ftp.ncbi.nlm.nih.gov/geo/samples/GSM6425nnn/GSM6425546/suppl/GSM6425546_Methylation_EPIC_393_Red.idat.gz"
[1] "Data downloaded successfuly"
[1] "https://ftp.ncbi.nlm.nih.gov/geo/samples/GSM6425nnn/GSM6425547/suppl/GSM6425547_Methylation_EPIC_394_Grn.idat.gz"
[1] "Data downloaded successfuly"
[1] "https://ftp.ncbi.nlm.nih.gov/geo/samples/GSM6425nnn/GSM6425547/suppl/GSM6425547_Methylation_EPIC_394_Red.idat.gz"
[1] "Data downloaded successfuly"
[1] "https://ftp.ncbi.nlm.nih.gov/geo/samples/GSM6425nnn/GSM6425548/suppl/GSM6425548_Methylation_EPIC_395_Grn.idat.gz"
[1] "Data downloaded successfuly"
[1] "https://ftp.ncbi.nlm.nih.gov/geo/samples/GSM6425nnn/GSM6425548/suppl/GSM6425548_Methylation_EPIC_395_Red.idat.gz"
[1] "Data downloaded successfuly"
[1] "https://ftp.ncbi.nlm.nih.gov/geo/samples/GSM6425nnn/GSM6425549/suppl/GSM6425549_Methylation_EPIC_396_Grn.idat.gz"
[1] "Data downloaded successfuly"
[1] "https://ftp.ncbi.nlm.nih.gov/geo/samples/GSM6425nnn/GSM6425549/suppl/GSM6425549_Methylation_EPIC_396_Red.idat.gz"
[1] "Data downloaded successfuly"
[1] "https://ftp.ncbi.nlm.nih.gov/geo/samples/GSM6425nnn/GSM6425550/suppl/GSM6425550_Methylation_EPIC_397_Grn.idat.gz"
[1] "Data downloaded successfuly"
[1] "https://ftp.ncbi.nlm.nih.gov/geo/samples/GSM6425nnn/GSM6425550/suppl/GSM6425550_Methylation_EPIC_397_Red.idat.gz"
[1] "Data downloaded successfuly"
[1] "https://ftp.ncbi.nlm.nih.gov/geo/samples/GSM6425nnn/GSM6425551/suppl/GSM6425551_Methylation_EPIC_398_Grn.idat.gz"
[1] "Data downloaded successfuly"
[1] "https://ftp.ncbi.nlm.nih.gov/geo/samples/GSM6425nnn/GSM6425551/suppl/GSM6425551_Methylation_EPIC_398_Red.idat.gz"
[1] "Data downloaded successfuly"
[1] "https://ftp.ncbi.nlm.nih.gov/geo/samples/GSM6425nnn/GSM6425552/suppl/GSM6425552_Methylation_EPIC_399_Grn.idat.gz"
[1] "Data downloaded successfuly"
[1] "https://ftp.ncbi.nlm.nih.gov/geo/samples/GSM6425nnn/GSM6425552/suppl/GSM6425552_Methylation_EPIC_399_Red.idat.gz"
[1] "Data downloaded successfuly"
[1] "https://ftp.ncbi.nlm.nih.gov/geo/samples/GSM6425nnn/GSM6425553/suppl/GSM6425553_Methylation_EPIC_400_Grn.idat.gz"
[1] "Data downloaded successfuly"
[1] "https://ftp.ncbi.nlm.nih.gov/geo/samples/GSM6425nnn/GSM6425553/suppl/GSM6425553_Methylation_EPIC_400_Red.idat.gz"
[1] "Data downloaded successfuly"
