[1] "*********************************************************************"
[1] "Pessoas no lote"
 [1] 1738 1739 1740 1741 1742 1743 1744 1745 1746 1747 1748 1749 1750 1751 1752 1753 1754 1755 1756 1757 1758 1759 1760 1761 1762 1763 1764 1765 1766 1767 1768 1769 1770 1771 1772 1773 1774 1775 1776 1777 1778 1779 1780 1781 1782 1783 1784 1785 1786 1787
 id     geoid          id_dataset  id_pessoa RACE                    GENDER AGE            TIME PEDIGREEID  GENOAID         PLATE            HYPERTENSION red_idat_fname                                green_idat_fname                             
 "1738" "GSM6425404_1" "GSE210255" "1738"    "African American (AA)" "F"    "55.909650924" "1"  "pedid_386" "subjectid_182" "WG5125073-MSA4" "1"          "GSM6425404_Methylation_EPIC_251_Red.idat.gz" "GSM6425404_Methylation_EPIC_251_Grn.idat.gz"
                                                                                                                                                                                                                                     
 "1739" "GSM6425405_1" "GSE210255" "1739" "African American (AA)" "F" "68.840520192" "1" "pedid_122" "subjectid_193" "WG5125073-MSA4" "1" "GSM6425405_Methylation_EPIC_252_Red.idat.gz" "GSM6425405_Methylation_EPIC_252_Grn.idat.gz"
                                                                                                                                                                                                                                     
 "1740" "GSM6425406_1" "GSE210255" "1740" "African American (AA)" "F" "56.427104723" "1" "pedid_527" "subjectid_192" "WG5125073-MSA4" "1" "GSM6425406_Methylation_EPIC_253_Red.idat.gz" "GSM6425406_Methylation_EPIC_253_Grn.idat.gz"
                                                                                                                                                                                                                                     
 "1741" "GSM6425407_1" "GSE210255" "1741" "African American (AA)" "M" "58.009582478" "1" "pedid_198" "subjectid_253" "WG5125073-MSA4" "1" "GSM6425407_Methylation_EPIC_254_Red.idat.gz" "GSM6425407_Methylation_EPIC_254_Grn.idat.gz"
                                                                                                                                                                                                                                    
 "1742" "GSM6425408_1" "GSE210255" "1742" "African American (AA)" "F" "61.70294319" "1" "pedid_356" "subjectid_237" "WG5125073-MSA4" "1" "GSM6425408_Methylation_EPIC_255_Red.idat.gz" "GSM6425408_Methylation_EPIC_255_Grn.idat.gz"
                                                                                                                                                                                                                                   
 "1743" "GSM6425409_1" "GSE210255" "1743" "African American (AA)" "F" "59.92881588" "1" "pedid_74" "subjectid_231" "WG5125073-MSA4" "1" "GSM6425409_Methylation_EPIC_256_Red.idat.gz" "GSM6425409_Methylation_EPIC_256_Grn.idat.gz"
                                                                                                                                                                                                                                     
 "1744" "GSM6425410_1" "GSE210255" "1744" "African American (AA)" "F" "62.464065708" "1" "pedid_470" "subjectid_226" "WG5125073-MSA4" "1" "GSM6425410_Methylation_EPIC_257_Red.idat.gz" "GSM6425410_Methylation_EPIC_257_Grn.idat.gz"
                                                                                                                                                                                                                                     
 "1745" "GSM6425411_1" "GSE210255" "1745" "African American (AA)" "F" "61.037645448" "1" "pedid_310" "subjectid_279" "WG5125073-MSA4" "1" "GSM6425411_Methylation_EPIC_258_Red.idat.gz" "GSM6425411_Methylation_EPIC_258_Grn.idat.gz"
                                                                                                                                                                                                                                    
 "1746" "GSM6425412_1" "GSE210255" "1746" "African American (AA)" "F" "67.75633128" "1" "pedid_363" "subjectid_256" "WG5125073-MSA4" "1" "GSM6425412_Methylation_EPIC_259_Red.idat.gz" "GSM6425412_Methylation_EPIC_259_Grn.idat.gz"
                                                                                                                                                                                                                                     
 "1747" "GSM6425413_1" "GSE210255" "1747" "African American (AA)" "F" "54.877481177" "1" "pedid_160" "subjectid_294" "WG5125073-MSA4" "1" "GSM6425413_Methylation_EPIC_260_Red.idat.gz" "GSM6425413_Methylation_EPIC_260_Grn.idat.gz"
                                                                                                                                                                                                                                    
 "1748" "GSM6425414_1" "GSE210255" "1748" "African American (AA)" "M" "56.887063655" "1" "pedid_28" "subjectid_281" "WG5125073-MSA4" "1" "GSM6425414_Methylation_EPIC_261_Red.idat.gz" "GSM6425414_Methylation_EPIC_261_Grn.idat.gz"
                                                                                                                                                                                                                                      
 "1749" "GSM6425415_1" "GSE210255" "1749" "African American (AA)" "M" "62.855578371" "1" "pedid_227" "subjectid_1116" "WG5125122-MSA4" "1" "GSM6425415_Methylation_EPIC_262_Red.idat.gz" "GSM6425415_Methylation_EPIC_262_Grn.idat.gz"
                                                                                                                                                                                                                                      
 "1750" "GSM6425416_1" "GSE210255" "1750" "African American (AA)" "F" "44.290212183" "1" "pedid_405" "subjectid_1096" "WG5125122-MSA4" "1" "GSM6425416_Methylation_EPIC_263_Red.idat.gz" "GSM6425416_Methylation_EPIC_263_Grn.idat.gz"
                                                                                                                                                                                                                                      
 "1751" "GSM6425417_1" "GSE210255" "1751" "African American (AA)" "M" "63.712525667" "1" "pedid_409" "subjectid_1112" "WG5125122-MSA4" "1" "GSM6425417_Methylation_EPIC_264_Red.idat.gz" "GSM6425417_Methylation_EPIC_264_Grn.idat.gz"
                                                                                                                                                                                                                                     
 "1752" "GSM6425418_1" "GSE210255" "1752" "African American (AA)" "F" "52.52019165" "1" "pedid_407" "subjectid_1108" "WG5125122-MSA4" "1" "GSM6425418_Methylation_EPIC_265_Red.idat.gz" "GSM6425418_Methylation_EPIC_265_Grn.idat.gz"
                                                                                                                                                                                                                                      
 "1753" "GSM6425419_1" "GSE210255" "1753" "African American (AA)" "F" "52.616016427" "1" "pedid_244" "subjectid_1136" "WG5125122-MSA4" "1" "GSM6425419_Methylation_EPIC_266_Red.idat.gz" "GSM6425419_Methylation_EPIC_266_Grn.idat.gz"
                                                                                                                                                                                                                                     
 "1754" "GSM6425420_1" "GSE210255" "1754" "African American (AA)" "F" "24.48733744" "1" "pedid_403" "subjectid_1126" "WG5125122-MSA4" "1" "GSM6425420_Methylation_EPIC_267_Red.idat.gz" "GSM6425420_Methylation_EPIC_267_Grn.idat.gz"
                                                                                                                                                                                                                                      
 "1755" "GSM6425421_1" "GSE210255" "1755" "African American (AA)" "F" "49.229295003" "1" "pedid_250" "subjectid_1149" "WG5125122-MSA4" "1" "GSM6425421_Methylation_EPIC_268_Red.idat.gz" "GSM6425421_Methylation_EPIC_268_Grn.idat.gz"
                                                                                                                                                                                                                                      
 "1756" "GSM6425422_1" "GSE210255" "1756" "African American (AA)" "F" "61.048596851" "1" "pedid_232" "subjectid_1124" "WG5125122-MSA4" "1" "GSM6425422_Methylation_EPIC_269_Red.idat.gz" "GSM6425422_Methylation_EPIC_269_Grn.idat.gz"
                                                                                                                                                                                                                                    
 "1757" "GSM6425423_1" "GSE210255" "1757" "African American (AA)" "M" "57.53045859" "1" "pedid_544" "subjectid_303" "WG5125073-MSA4" "1" "GSM6425423_Methylation_EPIC_270_Red.idat.gz" "GSM6425423_Methylation_EPIC_270_Grn.idat.gz"
                                                                                                                                                                                                                                     
 "1758" "GSM6425424_1" "GSE210255" "1758" "African American (AA)" "F" "59.403148528" "1" "pedid_303" "subjectid_301" "WG5125073-MSA4" "1" "GSM6425424_Methylation_EPIC_271_Red.idat.gz" "GSM6425424_Methylation_EPIC_271_Grn.idat.gz"
                                                                                                                                                                                                                                     
 "1759" "GSM6425425_1" "GSE210255" "1759" "African American (AA)" "F" "59.841204654" "1" "pedid_150" "subjectid_359" "WG5125073-MSA4" "1" "GSM6425425_Methylation_EPIC_272_Red.idat.gz" "GSM6425425_Methylation_EPIC_272_Grn.idat.gz"
                                                                                                                                                                                                                                     
 "1760" "GSM6425426_1" "GSE210255" "1760" "African American (AA)" "F" "59.665982204" "1" "pedid_214" "subjectid_309" "WG5125073-MSA4" "1" "GSM6425426_Methylation_EPIC_273_Red.idat.gz" "GSM6425426_Methylation_EPIC_273_Grn.idat.gz"
                                                                                                                                                                                                                                     
 "1761" "GSM6425427_1" "GSE210255" "1761" "African American (AA)" "F" "58.338124572" "1" "pedid_170" "subjectid_387" "WG5125074-MSA4" "1" "GSM6425427_Methylation_EPIC_274_Red.idat.gz" "GSM6425427_Methylation_EPIC_274_Grn.idat.gz"
                                                                                                                                                                                                                                     
 "1762" "GSM6425428_1" "GSE210255" "1762" "African American (AA)" "M" "55.912388775" "1" "pedid_524" "subjectid_395" "WG5125074-MSA4" "1" "GSM6425428_Methylation_EPIC_275_Red.idat.gz" "GSM6425428_Methylation_EPIC_275_Grn.idat.gz"
                                                                                                                                                                                                                                     
 "1763" "GSM6425429_1" "GSE210255" "1763" "African American (AA)" "F" "62.524298426" "1" "pedid_340" "subjectid_388" "WG5125074-MSA4" "1" "GSM6425429_Methylation_EPIC_276_Red.idat.gz" "GSM6425429_Methylation_EPIC_276_Grn.idat.gz"
                                                                                                                                                                                                                                     
 "1764" "GSM6425430_1" "GSE210255" "1764" "African American (AA)" "M" "53.481177276" "1" "pedid_380" "subjectid_393" "WG5125074-MSA4" "1" "GSM6425430_Methylation_EPIC_277_Red.idat.gz" "GSM6425430_Methylation_EPIC_277_Grn.idat.gz"
                                                                                                                                                                                                                                     
 "1765" "GSM6425431_1" "GSE210255" "1765" "African American (AA)" "M" "70.650239562" "1" "pedid_398" "subjectid_373" "WG5125074-MSA4" "1" "GSM6425431_Methylation_EPIC_278_Red.idat.gz" "GSM6425431_Methylation_EPIC_278_Grn.idat.gz"
                                                                                                                                                                                                                                     
 "1766" "GSM6425432_1" "GSE210255" "1766" "African American (AA)" "F" "57.196440794" "1" "pedid_517" "subjectid_364" "WG5125074-MSA4" "1" "GSM6425432_Methylation_EPIC_279_Red.idat.gz" "GSM6425432_Methylation_EPIC_279_Grn.idat.gz"
                                                                                                                                                                                                                                     
 "1767" "GSM6425433_1" "GSE210255" "1767" "African American (AA)" "M" "72.016427105" "1" "pedid_428" "subjectid_361" "WG5125074-MSA4" "1" "GSM6425433_Methylation_EPIC_280_Red.idat.gz" "GSM6425433_Methylation_EPIC_280_Grn.idat.gz"
                                                                                                                                                                                                                                      
 "1768" "GSM6425434_1" "GSE210255" "1768" "African American (AA)" "F" "40.758384668" "1" "pedid_256" "subjectid_1157" "WG5125122-MSA4" "1" "GSM6425434_Methylation_EPIC_281_Red.idat.gz" "GSM6425434_Methylation_EPIC_281_Grn.idat.gz"
                                                                                                                                                                                                                                      
 "1769" "GSM6425435_1" "GSE210255" "1769" "African American (AA)" "M" "42.373716632" "1" "pedid_528" "subjectid_1174" "WG5125122-MSA4" "1" "GSM6425435_Methylation_EPIC_282_Red.idat.gz" "GSM6425435_Methylation_EPIC_282_Grn.idat.gz"
                                                                                                                                                                                                                                      
 "1770" "GSM6425436_1" "GSE210255" "1770" "African American (AA)" "F" "51.770020534" "1" "pedid_261" "subjectid_1162" "WG5125122-MSA4" "1" "GSM6425436_Methylation_EPIC_283_Red.idat.gz" "GSM6425436_Methylation_EPIC_283_Grn.idat.gz"
                                                                                                                                                                                                                                      
 "1771" "GSM6425437_1" "GSE210255" "1771" "African American (AA)" "F" "43.422313484" "1" "pedid_252" "subjectid_1150" "WG5125122-MSA4" "1" "GSM6425437_Methylation_EPIC_284_Red.idat.gz" "GSM6425437_Methylation_EPIC_284_Grn.idat.gz"
                                                                                                                                                                                                                                     
 "1772" "GSM6425438_1" "GSE210255" "1772" "African American (AA)" "F" "53.618069815" "1" "pedid_274" "subjectid_457" "WG5125074-MSA4" "1" "GSM6425438_Methylation_EPIC_285_Red.idat.gz" "GSM6425438_Methylation_EPIC_285_Grn.idat.gz"
                                                                                                                                                                                                                                     
 "1773" "GSM6425439_1" "GSE210255" "1773" "African American (AA)" "M" "61.987679671" "1" "pedid_265" "subjectid_421" "WG5125074-MSA4" "1" "GSM6425439_Methylation_EPIC_286_Red.idat.gz" "GSM6425439_Methylation_EPIC_286_Grn.idat.gz"
                                                                                                                                                                                                                                     
 "1774" "GSM6425440_1" "GSE210255" "1774" "African American (AA)" "F" "59.244353183" "1" "pedid_424" "subjectid_458" "WG5125074-MSA4" "1" "GSM6425440_Methylation_EPIC_287_Red.idat.gz" "GSM6425440_Methylation_EPIC_287_Grn.idat.gz"
                                                                                                                                                                                                                                     
 "1775" "GSM6425441_1" "GSE210255" "1775" "African American (AA)" "F" "68.982888433" "1" "pedid_501" "subjectid_453" "WG5125074-MSA4" "1" "GSM6425441_Methylation_EPIC_288_Red.idat.gz" "GSM6425441_Methylation_EPIC_288_Grn.idat.gz"
                                                                                                                                                                                                                                      
 "1776" "GSM6425442_1" "GSE210255" "1776" "African American (AA)" "M" "58.061601643" "1" "pedid_269" "subjectid_1176" "WG5125122-MSA4" "1" "GSM6425442_Methylation_EPIC_289_Red.idat.gz" "GSM6425442_Methylation_EPIC_289_Grn.idat.gz"
                                                                                                                                                                                                                                      
 "1777" "GSM6425443_1" "GSE210255" "1777" "African American (AA)" "F" "38.094455852" "1" "pedid_290" "subjectid_1194" "WG5125122-MSA4" "1" "GSM6425443_Methylation_EPIC_290_Red.idat.gz" "GSM6425443_Methylation_EPIC_290_Grn.idat.gz"
                                                                                                                                                                                                                                      
 "1778" "GSM6425444_1" "GSE210255" "1778" "African American (AA)" "M" "50.480492813" "1" "pedid_273" "subjectid_1180" "WG5125122-MSA4" "1" "GSM6425444_Methylation_EPIC_291_Red.idat.gz" "GSM6425444_Methylation_EPIC_291_Grn.idat.gz"
                                                                                                                                                                                                                                      
 "1779" "GSM6425445_1" "GSE210255" "1779" "African American (AA)" "F" "47.945242984" "1" "pedid_412" "subjectid_1187" "WG5125122-MSA4" "1" "GSM6425445_Methylation_EPIC_292_Red.idat.gz" "GSM6425445_Methylation_EPIC_292_Grn.idat.gz"
                                                                                                                                                                                                                                      
 "1780" "GSM6425446_1" "GSE210255" "1780" "African American (AA)" "F" "43.997262149" "1" "pedid_416" "subjectid_1209" "WG5125122-MSA4" "1" "GSM6425446_Methylation_EPIC_293_Red.idat.gz" "GSM6425446_Methylation_EPIC_293_Grn.idat.gz"
                                                                                                                                                                                                                                      
 "1781" "GSM6425447_1" "GSE210255" "1781" "African American (AA)" "F" "41.445585216" "1" "pedid_505" "subjectid_1195" "WG5125122-MSA4" "1" "GSM6425447_Methylation_EPIC_294_Red.idat.gz" "GSM6425447_Methylation_EPIC_294_Grn.idat.gz"
                                                                                                                                                                                                                                      
 "1782" "GSM6425448_1" "GSE210255" "1782" "African American (AA)" "F" "35.115674196" "1" "pedid_297" "subjectid_1208" "WG5125122-MSA4" "1" "GSM6425448_Methylation_EPIC_295_Red.idat.gz" "GSM6425448_Methylation_EPIC_295_Grn.idat.gz"
                                                                                                                                                                                                                                      
 "1783" "GSM6425449_1" "GSE210255" "1783" "African American (AA)" "F" "48.109514031" "1" "pedid_398" "subjectid_1212" "WG5125122-MSA4" "1" "GSM6425449_Methylation_EPIC_296_Red.idat.gz" "GSM6425449_Methylation_EPIC_296_Grn.idat.gz"
                                                                                                                                                                                                                                      
 "1784" "GSM6425450_1" "GSE210255" "1784" "African American (AA)" "M" "78.776180698" "1" "pedid_435" "subjectid_1218" "WG5125122-MSA4" "1" "GSM6425450_Methylation_EPIC_297_Red.idat.gz" "GSM6425450_Methylation_EPIC_297_Grn.idat.gz"
                                                                                                                                                                                                                                      
 "1785" "GSM6425451_1" "GSE210255" "1785" "African American (AA)" "F" "57.267624914" "1" "pedid_421" "subjectid_1215" "WG5125122-MSA4" "1" "GSM6425451_Methylation_EPIC_298_Red.idat.gz" "GSM6425451_Methylation_EPIC_298_Grn.idat.gz"
                                                                                                                                                                                                                                      
 "1786" "GSM6425452_1" "GSE210255" "1786" "African American (AA)" "F" "60.125941136" "1" "pedid_509" "subjectid_1217" "WG5125122-MSA4" "1" "GSM6425452_Methylation_EPIC_299_Red.idat.gz" "GSM6425452_Methylation_EPIC_299_Grn.idat.gz"
                                                                                                                                                                                                                                      
 "1787" "GSM6425453_1" "GSE210255" "1787" "African American (AA)" "F" "66.184804928" "1" "pedid_427" "subjectid_1226" "WG5125122-MSA4" "1" "GSM6425453_Methylation_EPIC_300_Red.idat.gz" "GSM6425453_Methylation_EPIC_300_Grn.idat.gz"
[1] "*********************************************************************"
[1] "Fitting EM beta mixture to type1 probes"
[1] Inf
[1] 0.0083097
[1] 0.005754436
[1] 0.004904568
[1] 0.004500694
[1] "Done"
[1] "Fitting EM beta mixture to type2 probes"
[1] Inf
[1] 0.008144129
[1] 0.004243141
[1] 0.002677777
[1] 0.001952051
[1] "Done"
[1] "Start normalising type 2 probes"
[1] "Finished for sample GSM6425404_1"
[1] "Fitting EM beta mixture to type1 probes"
[1] Inf
[1] 0.008160557
[1] 0.005725135
[1] 0.004860083
[1] 0.004431593
[1] "Done"
[1] "Fitting EM beta mixture to type2 probes"
[1] Inf
[1] 0.00695921
[1] 0.003401122
[1] 0.001988543
[1] 0.00132569
[1] "Done"
[1] "Start normalising type 2 probes"
[1] "Finished for sample GSM6425405_1"
[1] "Fitting EM beta mixture to type1 probes"
[1] Inf
[1] 0.006492307
[1] 0.004711386
[1] 0.0041038
[1] 0.003763377
[1] "Done"
[1] "Fitting EM beta mixture to type2 probes"
[1] Inf
[1] 0.00615111
[1] 0.003808138
[1] 0.002838265
[1] 0.002287287
[1] "Done"
[1] "Start normalising type 2 probes"
[1] "Finished for sample GSM6425406_1"
[1] "Fitting EM beta mixture to type1 probes"
[1] Inf
[1] 0.008631955
[1] 0.007439534
[1] 0.00671235
[1] 0.006077787
[1] "Done"
[1] "Fitting EM beta mixture to type2 probes"
[1] Inf
[1] 0.004415174
[1] 0.001314262
[1] 0.001566402
[1] 0.001629609
[1] "Done"
[1] "Start normalising type 2 probes"
[1] "Finished for sample GSM6425407_1"
[1] "Fitting EM beta mixture to type1 probes"
[1] Inf
[1] 0.008963338
[1] 0.007085029
[1] 0.006272178
[1] 0.005710118
[1] "Done"
[1] "Fitting EM beta mixture to type2 probes"
[1] Inf
[1] 0.005691931
[1] 0.002602124
[1] 0.001459166
[1] 0.001308138
[1] "Done"
[1] "Start normalising type 2 probes"
[1] "Finished for sample GSM6425408_1"
[1] "Fitting EM beta mixture to type1 probes"
[1] Inf
[1] 0.007004516
[1] 0.004888635
[1] 0.004105953
[1] 0.003682568
[1] "Done"
[1] "Fitting EM beta mixture to type2 probes"
[1] Inf
[1] 0.005681868
[1] 0.002935014
[1] 0.001919381
[1] 0.001442724
[1] "Done"
[1] "Start normalising type 2 probes"
[1] "Finished for sample GSM6425409_1"
[1] "Fitting EM beta mixture to type1 probes"
[1] Inf
[1] 0.005648787
[1] 0.004269367
[1] 0.003741157
[1] 0.003391031
[1] "Done"
[1] "Fitting EM beta mixture to type2 probes"
[1] Inf
[1] 0.006300466
[1] 0.002703659
[1] 0.001416593
[1] 0.001306663
[1] "Done"
[1] "Start normalising type 2 probes"
[1] "Finished for sample GSM6425410_1"
[1] "Fitting EM beta mixture to type1 probes"
[1] Inf
[1] 0.007111924
[1] 0.005746523
[1] 0.005197925
[1] 0.004799362
[1] "Done"
[1] "Fitting EM beta mixture to type2 probes"
[1] Inf
[1] 0.006552292
[1] 0.003109978
[1] 0.001687066
[1] 0.001340605
[1] "Done"
[1] "Start normalising type 2 probes"
[1] "Finished for sample GSM6425411_1"
[1] "Fitting EM beta mixture to type1 probes"
[1] Inf
[1] 0.009004771
[1] 0.007109872
[1] 0.006407275
[1] 0.0059819
[1] "Done"
[1] "Fitting EM beta mixture to type2 probes"
[1] Inf
[1] 0.003810414
[1] 0.001073705
[1] 0.001413614
[1] 0.001492485
[1] "Done"
[1] "Start normalising type 2 probes"
[1] "Finished for sample GSM6425412_1"
[1] "Fitting EM beta mixture to type1 probes"
[1] Inf
[1] 0.007623423
[1] 0.006403255
[1] 0.005730239
[1] 0.005188081
[1] "Done"
[1] "Fitting EM beta mixture to type2 probes"
[1] Inf
[1] 0.004245069
[1] 0.001643506
[1] 0.001616097
[1] 0.001618723
[1] "Done"
[1] "Start normalising type 2 probes"
[1] "Finished for sample GSM6425413_1"
[1] "Fitting EM beta mixture to type1 probes"
[1] Inf
[1] 0.008687689
[1] 0.007293085
[1] 0.006571817
[1] 0.005988584
[1] "Done"
[1] "Fitting EM beta mixture to type2 probes"
[1] Inf
[1] 0.004857823
[1] 0.002702675
[1] 0.001930763
[1] 0.001574349
[1] "Done"
[1] "Start normalising type 2 probes"
[1] "Finished for sample GSM6425414_1"
[1] "Fitting EM beta mixture to type1 probes"
[1] Inf
[1] 0.008860202
[1] 0.006941498
[1] 0.005913514
[1] 0.005151121
[1] "Done"
[1] "Fitting EM beta mixture to type2 probes"
[1] Inf
[1] 0.004557751
[1] 0.002768975
[1] 0.00215399
[1] 0.001844502
[1] "Done"
[1] "Start normalising type 2 probes"
[1] "Finished for sample GSM6425415_1"
[1] "Fitting EM beta mixture to type1 probes"
[1] Inf
[1] 0.002775916
[1] 0.00217273
[1] 0.001921906
[1] 0.001688369
[1] "Done"
[1] "Fitting EM beta mixture to type2 probes"
[1] Inf
[1] 0.007497479
[1] 0.004234545
[1] 0.003120053
[1] 0.002664211
[1] "Done"
[1] "Start normalising type 2 probes"
[1] "Finished for sample GSM6425416_1"
[1] "Fitting EM beta mixture to type1 probes"
[1] Inf
[1] 0.00614093
[1] 0.004313732
[1] 0.003567866
[1] 0.003101223
[1] "Done"
[1] "Fitting EM beta mixture to type2 probes"
[1] Inf
[1] 0.005937024
[1] 0.005011451
[1] 0.004639273
[1] 0.004329212
[1] "Done"
[1] "Start normalising type 2 probes"
[1] "Finished for sample GSM6425417_1"
[1] "Fitting EM beta mixture to type1 probes"
[1] Inf
[1] 0.003520664
[1] 0.00121534
[1] 0.0008854486
[1] "Done"
[1] "Fitting EM beta mixture to type2 probes"
[1] Inf
[1] 0.007053832
[1] 0.006072975
[1] 0.005538449
[1] 0.005087031
[1] "Done"
[1] "Start normalising type 2 probes"
[1] "Finished for sample GSM6425418_1"
[1] "Fitting EM beta mixture to type1 probes"
[1] Inf
[1] 0.003838338
[1] 0.003061021
[1] 0.002783018
[1] 0.002540627
[1] "Done"
[1] "Fitting EM beta mixture to type2 probes"
[1] Inf
[1] 0.01087375
[1] 0.00715401
[1] 0.005867334
[1] 0.005296031
[1] "Done"
[1] "Start normalising type 2 probes"
[1] "Finished for sample GSM6425419_1"
[1] "Fitting EM beta mixture to type1 probes"
[1] Inf
[1] 0.005631373
[1] 0.005029952
[1] 0.004676961
[1] 0.00431232
[1] "Done"
[1] "Fitting EM beta mixture to type2 probes"
[1] Inf
[1] 0.008425494
[1] 0.005758301
[1] 0.004829037
[1] 0.004361329
[1] "Done"
[1] "Start normalising type 2 probes"
[1] "Finished for sample GSM6425420_1"
[1] "Fitting EM beta mixture to type1 probes"
[1] Inf
[1] 0.007349998
[1] 0.006218143
[1] 0.005577137
[1] 0.005023642
[1] "Done"
[1] "Fitting EM beta mixture to type2 probes"
[1] Inf
[1] 0.006061394
[1] 0.004448154
[1] 0.003902215
[1] 0.003587618
[1] "Done"
[1] "Start normalising type 2 probes"
[1] "Finished for sample GSM6425421_1"
[1] "Fitting EM beta mixture to type1 probes"
[1] Inf
[1] 0.006764232
[1] 0.005331664
[1] 0.004667761
[1] 0.004185269
[1] "Done"
[1] "Fitting EM beta mixture to type2 probes"
[1] Inf
[1] 0.006222194
[1] 0.004659451
[1] 0.00414216
[1] 0.003826717
[1] "Done"
[1] "Start normalising type 2 probes"
[1] "Finished for sample GSM6425422_1"
[1] "Fitting EM beta mixture to type1 probes"
[1] Inf
[1] 0.01001437
[1] 0.008732334
[1] 0.007855771
[1] 0.007071558
[1] "Done"
[1] "Fitting EM beta mixture to type2 probes"
[1] Inf
[1] 0.004247586
[1] 0.001260901
[1] 0.001443638
[1] 0.001419491
[1] "Done"
[1] "Start normalising type 2 probes"
[1] "Finished for sample GSM6425423_1"
[1] "Fitting EM beta mixture to type1 probes"
[1] Inf
[1] 0.00740074
[1] 0.005888025
[1] 0.00527388
[1] 0.004863793
[1] "Done"
[1] "Fitting EM beta mixture to type2 probes"
[1] Inf
[1] 0.008031609
[1] 0.004259288
[1] 0.002790347
[1] 0.002121159
[1] "Done"
[1] "Start normalising type 2 probes"
[1] "Finished for sample GSM6425424_1"
[1] "Fitting EM beta mixture to type1 probes"
[1] Inf
[1] 0.006858745
[1] 0.00562953
[1] 0.005026584
[1] 0.004552124
[1] "Done"
[1] "Fitting EM beta mixture to type2 probes"
[1] Inf
[1] 0.004544027
[1] 0.001885168
[1] 0.001540909
[1] 0.001625503
[1] "Done"
[1] "Start normalising type 2 probes"
[1] "Finished for sample GSM6425425_1"
[1] "Fitting EM beta mixture to type1 probes"
[1] Inf
[1] 0.00642238
[1] 0.005416255
[1] 0.004945643
[1] 0.004551873
[1] "Done"
[1] "Fitting EM beta mixture to type2 probes"
[1] Inf
[1] 0.004037975
[1] 0.001113409
[1] 0.001272784
[1] 0.001367723
[1] "Done"
[1] "Start normalising type 2 probes"
[1] "Finished for sample GSM6425426_1"
[1] "Fitting EM beta mixture to type1 probes"
[1] Inf
[1] 0.01010941
[1] 0.006779235
[1] 0.005626508
[1] 0.00508863
[1] "Done"
[1] "Fitting EM beta mixture to type2 probes"
[1] Inf
[1] 0.00711952
[1] 0.004206023
[1] 0.003151046
[1] 0.002665443
[1] "Done"
[1] "Start normalising type 2 probes"
[1] "Finished for sample GSM6425427_1"
[1] "Fitting EM beta mixture to type1 probes"
[1] Inf
[1] 0.007751015
[1] 0.006707878
[1] 0.006052777
[1] 0.005487021
[1] "Done"
[1] "Fitting EM beta mixture to type2 probes"
[1] Inf
[1] 0.006896732
[1] 0.004893034
[1] 0.004194975
[1] 0.003816867
[1] "Done"
[1] "Start normalising type 2 probes"
[1] "Finished for sample GSM6425428_1"
[1] "Fitting EM beta mixture to type1 probes"
[1] Inf
[1] 0.005590942
[1] 0.003181428
[1] 0.002487444
[1] 0.002247072
[1] "Done"
[1] "Fitting EM beta mixture to type2 probes"
[1] Inf
[1] 0.008264924
[1] 0.004978879
[1] 0.003790553
[1] 0.003252624
[1] "Done"
[1] "Start normalising type 2 probes"
[1] "Finished for sample GSM6425429_1"
[1] "Fitting EM beta mixture to type1 probes"
[1] Inf
[1] 0.007748629
[1] 0.00663656
[1] 0.006110081
[1] 0.00572213
[1] "Done"
[1] "Fitting EM beta mixture to type2 probes"
[1] Inf
[1] 0.007703643
[1] 0.004933868
[1] 0.003983716
[1] 0.003539136
[1] "Done"
[1] "Start normalising type 2 probes"
[1] "Finished for sample GSM6425430_1"
[1] "Fitting EM beta mixture to type1 probes"
[1] Inf
[1] 0.005280719
[1] 0.003367259
[1] 0.002757941
[1] 0.002460025
[1] "Done"
[1] "Fitting EM beta mixture to type2 probes"
[1] Inf
[1] 0.005350719
[1] 0.003280787
[1] 0.002612847
[1] 0.002329607
[1] "Done"
[1] "Start normalising type 2 probes"
[1] "Finished for sample GSM6425431_1"
[1] "Fitting EM beta mixture to type1 probes"
[1] Inf
[1] 0.004652427
[1] 0.003075069
[1] 0.002567603
[1] 0.002293944
[1] "Done"
[1] "Fitting EM beta mixture to type2 probes"
[1] Inf
[1] 0.006367486
[1] 0.004467507
[1] 0.003840248
[1] 0.003516782
[1] "Done"
[1] "Start normalising type 2 probes"
[1] "Finished for sample GSM6425432_1"
[1] "Fitting EM beta mixture to type1 probes"
[1] Inf
[1] 0.005089646
[1] 0.002907663
[1] 0.002248836
[1] 0.001972837
[1] "Done"
[1] "Fitting EM beta mixture to type2 probes"
[1] Inf
[1] 0.007020874
[1] 0.005584378
[1] 0.004923062
[1] 0.00443824
[1] "Done"
[1] "Start normalising type 2 probes"
[1] "Finished for sample GSM6425433_1"
[1] "Fitting EM beta mixture to type1 probes"
[1] Inf
[1] 0.007184099
[1] 0.005473098
[1] 0.00508136
[1] 0.004927411
[1] "Done"
[1] "Fitting EM beta mixture to type2 probes"
[1] Inf
[1] 0.008045604
[1] 0.004653489
[1] 0.003410595
[1] 0.00284916
[1] "Done"
[1] "Start normalising type 2 probes"
[1] "Finished for sample GSM6425434_1"
[1] "Fitting EM beta mixture to type1 probes"
[1] Inf
[1] 0.003604513
[1] 0.002669603
[1] 0.002306861
[1] 0.002043881
[1] "Done"
[1] "Fitting EM beta mixture to type2 probes"
[1] Inf
[1] 0.007102548
[1] 0.004642382
[1] 0.003794827
[1] 0.003416734
[1] "Done"
[1] "Start normalising type 2 probes"
[1] "Finished for sample GSM6425435_1"
[1] "Fitting EM beta mixture to type1 probes"
[1] Inf
[1] 0.004940245
[1] 0.003838621
[1] 0.003420586
[1] 0.003126442
[1] "Done"
[1] "Fitting EM beta mixture to type2 probes"
[1] Inf
[1] 0.007375396
[1] 0.004352622
[1] 0.003369026
[1] 0.002976662
[1] "Done"
[1] "Start normalising type 2 probes"
[1] "Finished for sample GSM6425436_1"
[1] "Fitting EM beta mixture to type1 probes"
[1] Inf
[1] 0.007053581
[1] 0.005543595
[1] 0.004796625
[1] 0.004235477
[1] "Done"
[1] "Fitting EM beta mixture to type2 probes"
[1] Inf
[1] 0.006975372
[1] 0.005209212
[1] 0.004662939
[1] 0.004379565
[1] "Done"
[1] "Start normalising type 2 probes"
[1] "Finished for sample GSM6425437_1"
[1] "Fitting EM beta mixture to type1 probes"
[1] Inf
[1] 0.005815366
[1] 0.004844633
[1] 0.004377398
[1] 0.003973086
[1] "Done"
[1] "Fitting EM beta mixture to type2 probes"
[1] Inf
[1] 0.006158896
[1] 0.002804514
[1] 0.001670541
[1] 0.00146356
[1] "Done"
[1] "Start normalising type 2 probes"
[1] "Finished for sample GSM6425438_1"
[1] "Fitting EM beta mixture to type1 probes"
[1] Inf
[1] 0.007739041
[1] 0.006018461
[1] 0.005358976
[1] 0.004934518
[1] "Done"
[1] "Fitting EM beta mixture to type2 probes"
[1] Inf
[1] 0.005241054
[1] 0.003163502
[1] 0.002381431
[1] 0.001966459
[1] "Done"
[1] "Start normalising type 2 probes"
[1] "Finished for sample GSM6425439_1"
[1] "Fitting EM beta mixture to type1 probes"
[1] Inf
[1] 0.007989223
[1] 0.006468242
[1] 0.00575843
[1] 0.005232826
[1] "Done"
[1] "Fitting EM beta mixture to type2 probes"
[1] Inf
[1] 0.00477143
[1] 0.002856834
[1] 0.002301505
[1] 0.002091901
[1] "Done"
[1] "Start normalising type 2 probes"
[1] "Finished for sample GSM6425440_1"
[1] "Fitting EM beta mixture to type1 probes"
[1] Inf
[1] 0.009254161
[1] 0.006667076
[1] 0.005599752
[1] 0.00498902
[1] "Done"
[1] "Fitting EM beta mixture to type2 probes"
[1] Inf
[1] 0.004262912
[1] 0.003040277
[1] 0.002526193
[1] 0.002163368
[1] "Done"
[1] "Start normalising type 2 probes"
[1] "Finished for sample GSM6425441_1"
[1] "Fitting EM beta mixture to type1 probes"
[1] Inf
[1] 0.004793546
[1] 0.004037325
[1] 0.003682995
[1] 0.003363369
[1] "Done"
[1] "Fitting EM beta mixture to type2 probes"
[1] Inf
[1] 0.006443212
[1] 0.003827686
[1] 0.002898594
[1] 0.002459492
[1] "Done"
[1] "Start normalising type 2 probes"
[1] "Finished for sample GSM6425442_1"
[1] "Fitting EM beta mixture to type1 probes"
[1] Inf
[1] 0.006687271
[1] 0.005236618
[1] 0.004593871
[1] 0.004113
[1] "Done"
[1] "Fitting EM beta mixture to type2 probes"
[1] Inf
[1] 0.0099024
[1] 0.006334334
[1] 0.005047853
[1] 0.004453056
[1] "Done"
[1] "Start normalising type 2 probes"
[1] "Finished for sample GSM6425443_1"
[1] "Fitting EM beta mixture to type1 probes"
[1] Inf
[1] 0.005721742
[1] 0.004354195
[1] 0.003898388
[1] 0.003613294
[1] "Done"
[1] "Fitting EM beta mixture to type2 probes"
[1] Inf
[1] 0.006114143
[1] 0.003709044
[1] 0.002958193
[1] 0.002646643
[1] "Done"
[1] "Start normalising type 2 probes"
[1] "Finished for sample GSM6425444_1"
[1] "Fitting EM beta mixture to type1 probes"
[1] Inf
[1] 0.005499612
[1] 0.004376706
[1] 0.004113284
[1] 0.003942682
[1] "Done"
[1] "Fitting EM beta mixture to type2 probes"
[1] Inf
[1] 0.009002344
[1] 0.006225615
[1] 0.005301907
[1] 0.004847281
[1] "Done"
[1] "Start normalising type 2 probes"
[1] "Finished for sample GSM6425445_1"
[1] "Fitting EM beta mixture to type1 probes"
[1] Inf
[1] 0.008689317
[1] 0.007491597
[1] 0.006627474
[1] 0.005843164
[1] "Done"
[1] "Fitting EM beta mixture to type2 probes"
[1] Inf
[1] 0.005767739
[1] 0.003533675
[1] 0.002793691
[1] 0.002461619
[1] "Done"
[1] "Start normalising type 2 probes"
[1] "Finished for sample GSM6425446_1"
[1] "Fitting EM beta mixture to type1 probes"
[1] Inf
[1] 0.009153135
[1] 0.00773913
[1] 0.006919561
[1] 0.006219005
[1] "Done"
[1] "Fitting EM beta mixture to type2 probes"
[1] Inf
[1] 0.006731534
[1] 0.005291438
[1] 0.00466031
[1] 0.004185006
[1] "Done"
[1] "Start normalising type 2 probes"
[1] "Finished for sample GSM6425447_1"
[1] "Fitting EM beta mixture to type1 probes"
[1] Inf
[1] 0.005148586
[1] 0.004862658
[1] 0.00462537
[1] 0.004309191
[1] "Done"
[1] "Fitting EM beta mixture to type2 probes"
[1] Inf
[1] 0.00440649
[1] 0.003085314
[1] 0.002663978
[1] 0.002423155
[1] "Done"
[1] "Start normalising type 2 probes"
[1] "Finished for sample GSM6425448_1"
[1] "Fitting EM beta mixture to type1 probes"
[1] Inf
[1] 0.004610629
[1] 0.00331935
[1] 0.002958193
[1] 0.002764531
[1] "Done"
[1] "Fitting EM beta mixture to type2 probes"
[1] Inf
[1] 0.006397493
[1] 0.004417459
[1] 0.003816808
[1] 0.003549777
[1] "Done"
[1] "Start normalising type 2 probes"
[1] "Finished for sample GSM6425449_1"
[1] "Fitting EM beta mixture to type1 probes"
[1] Inf
[1] 0.006459278
[1] 0.003994395
[1] 0.003310655
[1] 0.003045688
[1] "Done"
[1] "Fitting EM beta mixture to type2 probes"
[1] Inf
[1] 0.007626502
[1] 0.005568312
[1] 0.004845611
[1] 0.004458423
[1] "Done"
[1] "Start normalising type 2 probes"
[1] "Finished for sample GSM6425450_1"
[1] "Fitting EM beta mixture to type1 probes"
[1] Inf
[1] 0.008050502
[1] 0.005140066
[1] 0.004172519
[1] 0.003754966
[1] "Done"
[1] "Fitting EM beta mixture to type2 probes"
[1] Inf
[1] 0.00759808
[1] 0.004791726
[1] 0.003770871
[1] 0.003295344
[1] "Done"
[1] "Start normalising type 2 probes"
[1] "Finished for sample GSM6425451_1"
[1] "Fitting EM beta mixture to type1 probes"
[1] Inf
[1] 0.00722717
[1] 0.004261043
[1] 0.003350164
[1] 0.002975375
[1] "Done"
[1] "Fitting EM beta mixture to type2 probes"
[1] Inf
[1] 0.005406361
[1] 0.004073556
[1] 0.003669043
[1] 0.003446681
[1] "Done"
[1] "Start normalising type 2 probes"
[1] "Finished for sample GSM6425452_1"
[1] "Fitting EM beta mixture to type1 probes"
[1] Inf
[1] 0.006226134
[1] 0.004818631
[1] 0.004309041
[1] 0.003957912
[1] "Done"
[1] "Fitting EM beta mixture to type2 probes"
[1] Inf
[1] 0.008944396
[1] 0.008178441
[1] 0.007590919
[1] 0.006927101
[1] "Done"
[1] "Start normalising type 2 probes"
[1] "Finished for sample GSM6425453_1"
NULL
[[1]]
NULL

[[2]]
NULL

[[3]]
NULL

[[4]]
NULL

[[5]]
NULL

[[6]]
NULL

[[7]]
NULL

[[8]]
NULL

[[9]]
NULL

[[10]]
NULL

[[11]]
NULL

[[12]]
NULL

[[13]]
NULL

[[14]]
NULL

[[15]]
NULL

[[16]]
NULL

[[17]]
NULL

[[18]]
NULL

[[19]]
NULL

[[20]]
NULL

[[21]]
NULL

[[22]]
NULL

[[23]]
NULL

[[24]]
NULL

[[25]]
NULL

[[26]]
NULL

[[27]]
NULL

[[28]]
NULL

[[29]]
NULL

[[30]]
NULL

[[31]]
NULL

[[32]]
NULL

[[33]]
NULL

[[34]]
NULL

[[35]]
NULL

[[36]]
NULL

[[37]]
NULL

[[38]]
NULL

[[39]]
NULL

[[40]]
NULL

[[41]]
NULL

[[42]]
NULL

[[43]]
NULL

[[44]]
NULL

[[45]]
NULL

[[46]]
NULL

[[47]]
NULL

[[48]]
NULL

[[49]]
NULL

[[50]]
NULL

[1] "PROCESSAMENTO FINALIZADO"
Time difference of 12.98399 mins
