[1] "Downloading batch from 601 to 800"
[1] "https://ftp.ncbi.nlm.nih.gov/geo/samples/GSM6425nnn/GSM6425754/suppl/GSM6425754_Methylation_EPIC_601_Grn.idat.gz"
[1] "Data downloaded successfuly"
[1] "https://ftp.ncbi.nlm.nih.gov/geo/samples/GSM6425nnn/GSM6425754/suppl/GSM6425754_Methylation_EPIC_601_Red.idat.gz"
[1] "Data downloaded successfuly"
[1] "https://ftp.ncbi.nlm.nih.gov/geo/samples/GSM6425nnn/GSM6425755/suppl/GSM6425755_Methylation_EPIC_602_Grn.idat.gz"
[1] "Data downloaded successfuly"
[1] "https://ftp.ncbi.nlm.nih.gov/geo/samples/GSM6425nnn/GSM6425755/suppl/GSM6425755_Methylation_EPIC_602_Red.idat.gz"
[1] "Data downloaded successfuly"
[1] "https://ftp.ncbi.nlm.nih.gov/geo/samples/GSM6425nnn/GSM6425756/suppl/GSM6425756_Methylation_EPIC_603_Grn.idat.gz"
[1] "Data downloaded successfuly"
[1] "https://ftp.ncbi.nlm.nih.gov/geo/samples/GSM6425nnn/GSM6425756/suppl/GSM6425756_Methylation_EPIC_603_Red.idat.gz"
[1] "Data downloaded successfuly"
[1] "https://ftp.ncbi.nlm.nih.gov/geo/samples/GSM6425nnn/GSM6425757/suppl/GSM6425757_Methylation_EPIC_604_Grn.idat.gz"
[1] "Data downloaded successfuly"
[1] "https://ftp.ncbi.nlm.nih.gov/geo/samples/GSM6425nnn/GSM6425757/suppl/GSM6425757_Methylation_EPIC_604_Red.idat.gz"
[1] "Data downloaded successfuly"
[1] "https://ftp.ncbi.nlm.nih.gov/geo/samples/GSM6425nnn/GSM6425758/suppl/GSM6425758_Methylation_EPIC_605_Grn.idat.gz"
[1] "Data downloaded successfuly"
[1] "https://ftp.ncbi.nlm.nih.gov/geo/samples/GSM6425nnn/GSM6425758/suppl/GSM6425758_Methylation_EPIC_605_Red.idat.gz"
[1] "Data downloaded successfuly"
[1] "https://ftp.ncbi.nlm.nih.gov/geo/samples/GSM6425nnn/GSM6425759/suppl/GSM6425759_Methylation_EPIC_606_Grn.idat.gz"
[1] "Data downloaded successfuly"
[1] "https://ftp.ncbi.nlm.nih.gov/geo/samples/GSM6425nnn/GSM6425759/suppl/GSM6425759_Methylation_EPIC_606_Red.idat.gz"
[1] "Data downloaded successfuly"
[1] "https://ftp.ncbi.nlm.nih.gov/geo/samples/GSM6425nnn/GSM6425760/suppl/GSM6425760_Methylation_EPIC_607_Grn.idat.gz"
[1] "Data downloaded successfuly"
[1] "https://ftp.ncbi.nlm.nih.gov/geo/samples/GSM6425nnn/GSM6425760/suppl/GSM6425760_Methylation_EPIC_607_Red.idat.gz"
[1] "Data downloaded successfuly"
[1] "https://ftp.ncbi.nlm.nih.gov/geo/samples/GSM6425nnn/GSM6425761/suppl/GSM6425761_Methylation_EPIC_608_Grn.idat.gz"
[1] "Data downloaded successfuly"
[1] "https://ftp.ncbi.nlm.nih.gov/geo/samples/GSM6425nnn/GSM6425761/suppl/GSM6425761_Methylation_EPIC_608_Red.idat.gz"
[1] "Data downloaded successfuly"
[1] "https://ftp.ncbi.nlm.nih.gov/geo/samples/GSM6425nnn/GSM6425762/suppl/GSM6425762_Methylation_EPIC_609_Grn.idat.gz"
[1] "Data downloaded successfuly"
[1] "https://ftp.ncbi.nlm.nih.gov/geo/samples/GSM6425nnn/GSM6425762/suppl/GSM6425762_Methylation_EPIC_609_Red.idat.gz"
[1] "Data downloaded successfuly"
[1] "https://ftp.ncbi.nlm.nih.gov/geo/samples/GSM6425nnn/GSM6425763/suppl/GSM6425763_Methylation_EPIC_610_Grn.idat.gz"
[1] "Data downloaded successfuly"
[1] "https://ftp.ncbi.nlm.nih.gov/geo/samples/GSM6425nnn/GSM6425763/suppl/GSM6425763_Methylation_EPIC_610_Red.idat.gz"
[1] "Data downloaded successfuly"
[1] "https://ftp.ncbi.nlm.nih.gov/geo/samples/GSM6425nnn/GSM6425764/suppl/GSM6425764_Methylation_EPIC_611_Grn.idat.gz"
[1] "Data downloaded successfuly"
[1] "https://ftp.ncbi.nlm.nih.gov/geo/samples/GSM6425nnn/GSM6425764/suppl/GSM6425764_Methylation_EPIC_611_Red.idat.gz"
[1] "Data downloaded successfuly"
[1] "https://ftp.ncbi.nlm.nih.gov/geo/samples/GSM6425nnn/GSM6425765/suppl/GSM6425765_Methylation_EPIC_612_Grn.idat.gz"
[1] "Data downloaded successfuly"
[1] "https://ftp.ncbi.nlm.nih.gov/geo/samples/GSM6425nnn/GSM6425765/suppl/GSM6425765_Methylation_EPIC_612_Red.idat.gz"
[1] "Data downloaded successfuly"
[1] "https://ftp.ncbi.nlm.nih.gov/geo/samples/GSM6425nnn/GSM6425766/suppl/GSM6425766_Methylation_EPIC_613_Grn.idat.gz"
[1] "Data downloaded successfuly"
[1] "https://ftp.ncbi.nlm.nih.gov/geo/samples/GSM6425nnn/GSM6425766/suppl/GSM6425766_Methylation_EPIC_613_Red.idat.gz"
[1] "Data downloaded successfuly"
[1] "https://ftp.ncbi.nlm.nih.gov/geo/samples/GSM6425nnn/GSM6425767/suppl/GSM6425767_Methylation_EPIC_614_Grn.idat.gz"
[1] "Data downloaded successfuly"
[1] "https://ftp.ncbi.nlm.nih.gov/geo/samples/GSM6425nnn/GSM6425767/suppl/GSM6425767_Methylation_EPIC_614_Red.idat.gz"
[1] "Data downloaded successfuly"
[1] "https://ftp.ncbi.nlm.nih.gov/geo/samples/GSM6425nnn/GSM6425768/suppl/GSM6425768_Methylation_EPIC_615_Grn.idat.gz"
[1] "Data downloaded successfuly"
[1] "https://ftp.ncbi.nlm.nih.gov/geo/samples/GSM6425nnn/GSM6425768/suppl/GSM6425768_Methylation_EPIC_615_Red.idat.gz"
[1] "Data downloaded successfuly"
[1] "https://ftp.ncbi.nlm.nih.gov/geo/samples/GSM6425nnn/GSM6425769/suppl/GSM6425769_Methylation_EPIC_616_Grn.idat.gz"
[1] "Data downloaded successfuly"
[1] "https://ftp.ncbi.nlm.nih.gov/geo/samples/GSM6425nnn/GSM6425769/suppl/GSM6425769_Methylation_EPIC_616_Red.idat.gz"
[1] "Data downloaded successfuly"
[1] "https://ftp.ncbi.nlm.nih.gov/geo/samples/GSM6425nnn/GSM6425770/suppl/GSM6425770_Methylation_EPIC_617_Grn.idat.gz"
[1] "Data downloaded successfuly"
[1] "https://ftp.ncbi.nlm.nih.gov/geo/samples/GSM6425nnn/GSM6425770/suppl/GSM6425770_Methylation_EPIC_617_Red.idat.gz"
[1] "Data downloaded successfuly"
[1] "https://ftp.ncbi.nlm.nih.gov/geo/samples/GSM6425nnn/GSM6425771/suppl/GSM6425771_Methylation_EPIC_618_Grn.idat.gz"
[1] "Data downloaded successfuly"
[1] "https://ftp.ncbi.nlm.nih.gov/geo/samples/GSM6425nnn/GSM6425771/suppl/GSM6425771_Methylation_EPIC_618_Red.idat.gz"
[1] "Data downloaded successfuly"
[1] "https://ftp.ncbi.nlm.nih.gov/geo/samples/GSM6425nnn/GSM6425772/suppl/GSM6425772_Methylation_EPIC_619_Grn.idat.gz"
[1] "Data downloaded successfuly"
[1] "https://ftp.ncbi.nlm.nih.gov/geo/samples/GSM6425nnn/GSM6425772/suppl/GSM6425772_Methylation_EPIC_619_Red.idat.gz"
[1] "Data downloaded successfuly"
[1] "https://ftp.ncbi.nlm.nih.gov/geo/samples/GSM6425nnn/GSM6425773/suppl/GSM6425773_Methylation_EPIC_620_Grn.idat.gz"
[1] "Data downloaded successfuly"
[1] "https://ftp.ncbi.nlm.nih.gov/geo/samples/GSM6425nnn/GSM6425773/suppl/GSM6425773_Methylation_EPIC_620_Red.idat.gz"
[1] "Data downloaded successfuly"
[1] "https://ftp.ncbi.nlm.nih.gov/geo/samples/GSM6425nnn/GSM6425774/suppl/GSM6425774_Methylation_EPIC_621_Grn.idat.gz"
[1] "Data downloaded successfuly"
[1] "https://ftp.ncbi.nlm.nih.gov/geo/samples/GSM6425nnn/GSM6425774/suppl/GSM6425774_Methylation_EPIC_621_Red.idat.gz"
[1] "Data downloaded successfuly"
[1] "https://ftp.ncbi.nlm.nih.gov/geo/samples/GSM6425nnn/GSM6425775/suppl/GSM6425775_Methylation_EPIC_622_Grn.idat.gz"
[1] "Data downloaded successfuly"
[1] "https://ftp.ncbi.nlm.nih.gov/geo/samples/GSM6425nnn/GSM6425775/suppl/GSM6425775_Methylation_EPIC_622_Red.idat.gz"
[1] "Data downloaded successfuly"
[1] "https://ftp.ncbi.nlm.nih.gov/geo/samples/GSM6425nnn/GSM6425776/suppl/GSM6425776_Methylation_EPIC_623_Grn.idat.gz"
[1] "Data downloaded successfuly"
[1] "https://ftp.ncbi.nlm.nih.gov/geo/samples/GSM6425nnn/GSM6425776/suppl/GSM6425776_Methylation_EPIC_623_Red.idat.gz"
[1] "Data downloaded successfuly"
[1] "https://ftp.ncbi.nlm.nih.gov/geo/samples/GSM6425nnn/GSM6425777/suppl/GSM6425777_Methylation_EPIC_624_Grn.idat.gz"
[1] "Data downloaded successfuly"
[1] "https://ftp.ncbi.nlm.nih.gov/geo/samples/GSM6425nnn/GSM6425777/suppl/GSM6425777_Methylation_EPIC_624_Red.idat.gz"
[1] "Data downloaded successfuly"
[1] "https://ftp.ncbi.nlm.nih.gov/geo/samples/GSM6425nnn/GSM6425778/suppl/GSM6425778_Methylation_EPIC_625_Grn.idat.gz"
[1] "Data downloaded successfuly"
[1] "https://ftp.ncbi.nlm.nih.gov/geo/samples/GSM6425nnn/GSM6425778/suppl/GSM6425778_Methylation_EPIC_625_Red.idat.gz"
[1] "Data downloaded successfuly"
[1] "https://ftp.ncbi.nlm.nih.gov/geo/samples/GSM6425nnn/GSM6425779/suppl/GSM6425779_Methylation_EPIC_626_Grn.idat.gz"
[1] "Data downloaded successfuly"
[1] "https://ftp.ncbi.nlm.nih.gov/geo/samples/GSM6425nnn/GSM6425779/suppl/GSM6425779_Methylation_EPIC_626_Red.idat.gz"
[1] "Data downloaded successfuly"
[1] "https://ftp.ncbi.nlm.nih.gov/geo/samples/GSM6425nnn/GSM6425780/suppl/GSM6425780_Methylation_EPIC_627_Grn.idat.gz"
[1] "Data downloaded successfuly"
[1] "https://ftp.ncbi.nlm.nih.gov/geo/samples/GSM6425nnn/GSM6425780/suppl/GSM6425780_Methylation_EPIC_627_Red.idat.gz"
[1] "Data downloaded successfuly"
[1] "https://ftp.ncbi.nlm.nih.gov/geo/samples/GSM6425nnn/GSM6425781/suppl/GSM6425781_Methylation_EPIC_628_Grn.idat.gz"
[1] "Data downloaded successfuly"
[1] "https://ftp.ncbi.nlm.nih.gov/geo/samples/GSM6425nnn/GSM6425781/suppl/GSM6425781_Methylation_EPIC_628_Red.idat.gz"
[1] "Data downloaded successfuly"
[1] "https://ftp.ncbi.nlm.nih.gov/geo/samples/GSM6425nnn/GSM6425782/suppl/GSM6425782_Methylation_EPIC_629_Grn.idat.gz"
[1] "Data downloaded successfuly"
[1] "https://ftp.ncbi.nlm.nih.gov/geo/samples/GSM6425nnn/GSM6425782/suppl/GSM6425782_Methylation_EPIC_629_Red.idat.gz"
[1] "Data downloaded successfuly"
[1] "https://ftp.ncbi.nlm.nih.gov/geo/samples/GSM6425nnn/GSM6425783/suppl/GSM6425783_Methylation_EPIC_630_Grn.idat.gz"
[1] "Data downloaded successfuly"
[1] "https://ftp.ncbi.nlm.nih.gov/geo/samples/GSM6425nnn/GSM6425783/suppl/GSM6425783_Methylation_EPIC_630_Red.idat.gz"
[1] "Data downloaded successfuly"
[1] "https://ftp.ncbi.nlm.nih.gov/geo/samples/GSM6425nnn/GSM6425784/suppl/GSM6425784_Methylation_EPIC_631_Grn.idat.gz"
[1] "Data downloaded successfuly"
[1] "https://ftp.ncbi.nlm.nih.gov/geo/samples/GSM6425nnn/GSM6425784/suppl/GSM6425784_Methylation_EPIC_631_Red.idat.gz"
[1] "Data downloaded successfuly"
[1] "https://ftp.ncbi.nlm.nih.gov/geo/samples/GSM6425nnn/GSM6425785/suppl/GSM6425785_Methylation_EPIC_632_Grn.idat.gz"
[1] "Data downloaded successfuly"
[1] "https://ftp.ncbi.nlm.nih.gov/geo/samples/GSM6425nnn/GSM6425785/suppl/GSM6425785_Methylation_EPIC_632_Red.idat.gz"
[1] "Data downloaded successfuly"
[1] "https://ftp.ncbi.nlm.nih.gov/geo/samples/GSM6425nnn/GSM6425786/suppl/GSM6425786_Methylation_EPIC_633_Grn.idat.gz"
[1] "Data downloaded successfuly"
[1] "https://ftp.ncbi.nlm.nih.gov/geo/samples/GSM6425nnn/GSM6425786/suppl/GSM6425786_Methylation_EPIC_633_Red.idat.gz"
[1] "Data downloaded successfuly"
[1] "https://ftp.ncbi.nlm.nih.gov/geo/samples/GSM6425nnn/GSM6425787/suppl/GSM6425787_Methylation_EPIC_634_Grn.idat.gz"
[1] "Data downloaded successfuly"
[1] "https://ftp.ncbi.nlm.nih.gov/geo/samples/GSM6425nnn/GSM6425787/suppl/GSM6425787_Methylation_EPIC_634_Red.idat.gz"
[1] "Data downloaded successfuly"
[1] "https://ftp.ncbi.nlm.nih.gov/geo/samples/GSM6425nnn/GSM6425788/suppl/GSM6425788_Methylation_EPIC_635_Grn.idat.gz"
[1] "Data downloaded successfuly"
[1] "https://ftp.ncbi.nlm.nih.gov/geo/samples/GSM6425nnn/GSM6425788/suppl/GSM6425788_Methylation_EPIC_635_Red.idat.gz"
[1] "Data downloaded successfuly"
[1] "https://ftp.ncbi.nlm.nih.gov/geo/samples/GSM6425nnn/GSM6425789/suppl/GSM6425789_Methylation_EPIC_636_Grn.idat.gz"
[1] "Data downloaded successfuly"
[1] "https://ftp.ncbi.nlm.nih.gov/geo/samples/GSM6425nnn/GSM6425789/suppl/GSM6425789_Methylation_EPIC_636_Red.idat.gz"
[1] "Data downloaded successfuly"
[1] "https://ftp.ncbi.nlm.nih.gov/geo/samples/GSM6425nnn/GSM6425790/suppl/GSM6425790_Methylation_EPIC_637_Grn.idat.gz"
[1] "Data downloaded successfuly"
[1] "https://ftp.ncbi.nlm.nih.gov/geo/samples/GSM6425nnn/GSM6425790/suppl/GSM6425790_Methylation_EPIC_637_Red.idat.gz"
[1] "Data downloaded successfuly"
[1] "https://ftp.ncbi.nlm.nih.gov/geo/samples/GSM6425nnn/GSM6425791/suppl/GSM6425791_Methylation_EPIC_638_Grn.idat.gz"
[1] "Data downloaded successfuly"
[1] "https://ftp.ncbi.nlm.nih.gov/geo/samples/GSM6425nnn/GSM6425791/suppl/GSM6425791_Methylation_EPIC_638_Red.idat.gz"
[1] "Data downloaded successfuly"
[1] "https://ftp.ncbi.nlm.nih.gov/geo/samples/GSM6425nnn/GSM6425792/suppl/GSM6425792_Methylation_EPIC_639_Grn.idat.gz"
[1] "Data downloaded successfuly"
[1] "https://ftp.ncbi.nlm.nih.gov/geo/samples/GSM6425nnn/GSM6425792/suppl/GSM6425792_Methylation_EPIC_639_Red.idat.gz"
[1] "Data downloaded successfuly"
[1] "https://ftp.ncbi.nlm.nih.gov/geo/samples/GSM6425nnn/GSM6425793/suppl/GSM6425793_Methylation_EPIC_640_Grn.idat.gz"
[1] "Data downloaded successfuly"
[1] "https://ftp.ncbi.nlm.nih.gov/geo/samples/GSM6425nnn/GSM6425793/suppl/GSM6425793_Methylation_EPIC_640_Red.idat.gz"
[1] "Data downloaded successfuly"
[1] "https://ftp.ncbi.nlm.nih.gov/geo/samples/GSM6425nnn/GSM6425794/suppl/GSM6425794_Methylation_EPIC_641_Grn.idat.gz"
[1] "Data downloaded successfuly"
[1] "https://ftp.ncbi.nlm.nih.gov/geo/samples/GSM6425nnn/GSM6425794/suppl/GSM6425794_Methylation_EPIC_641_Red.idat.gz"
[1] "Data downloaded successfuly"
[1] "https://ftp.ncbi.nlm.nih.gov/geo/samples/GSM6425nnn/GSM6425795/suppl/GSM6425795_Methylation_EPIC_642_Grn.idat.gz"
[1] "Data downloaded successfuly"
[1] "https://ftp.ncbi.nlm.nih.gov/geo/samples/GSM6425nnn/GSM6425795/suppl/GSM6425795_Methylation_EPIC_642_Red.idat.gz"
[1] "Data downloaded successfuly"
[1] "https://ftp.ncbi.nlm.nih.gov/geo/samples/GSM6425nnn/GSM6425796/suppl/GSM6425796_Methylation_EPIC_643_Grn.idat.gz"
[1] "Data downloaded successfuly"
[1] "https://ftp.ncbi.nlm.nih.gov/geo/samples/GSM6425nnn/GSM6425796/suppl/GSM6425796_Methylation_EPIC_643_Red.idat.gz"
[1] "Data downloaded successfuly"
[1] "https://ftp.ncbi.nlm.nih.gov/geo/samples/GSM6425nnn/GSM6425797/suppl/GSM6425797_Methylation_EPIC_644_Grn.idat.gz"
[1] "Data downloaded successfuly"
[1] "https://ftp.ncbi.nlm.nih.gov/geo/samples/GSM6425nnn/GSM6425797/suppl/GSM6425797_Methylation_EPIC_644_Red.idat.gz"
[1] "Data downloaded successfuly"
[1] "https://ftp.ncbi.nlm.nih.gov/geo/samples/GSM6425nnn/GSM6425798/suppl/GSM6425798_Methylation_EPIC_645_Grn.idat.gz"
[1] "Data downloaded successfuly"
[1] "https://ftp.ncbi.nlm.nih.gov/geo/samples/GSM6425nnn/GSM6425798/suppl/GSM6425798_Methylation_EPIC_645_Red.idat.gz"
[1] "Data downloaded successfuly"
[1] "https://ftp.ncbi.nlm.nih.gov/geo/samples/GSM6425nnn/GSM6425799/suppl/GSM6425799_Methylation_EPIC_646_Grn.idat.gz"
[1] "Data downloaded successfuly"
[1] "https://ftp.ncbi.nlm.nih.gov/geo/samples/GSM6425nnn/GSM6425799/suppl/GSM6425799_Methylation_EPIC_646_Red.idat.gz"
[1] "Data downloaded successfuly"
[1] "https://ftp.ncbi.nlm.nih.gov/geo/samples/GSM6425nnn/GSM6425800/suppl/GSM6425800_Methylation_EPIC_647_Grn.idat.gz"
[1] "Data downloaded successfuly"
[1] "https://ftp.ncbi.nlm.nih.gov/geo/samples/GSM6425nnn/GSM6425800/suppl/GSM6425800_Methylation_EPIC_647_Red.idat.gz"
[1] "Data downloaded successfuly"
[1] "https://ftp.ncbi.nlm.nih.gov/geo/samples/GSM6425nnn/GSM6425801/suppl/GSM6425801_Methylation_EPIC_648_Grn.idat.gz"
[1] "Data downloaded successfuly"
[1] "https://ftp.ncbi.nlm.nih.gov/geo/samples/GSM6425nnn/GSM6425801/suppl/GSM6425801_Methylation_EPIC_648_Red.idat.gz"
[1] "Data downloaded successfuly"
[1] "https://ftp.ncbi.nlm.nih.gov/geo/samples/GSM6425nnn/GSM6425802/suppl/GSM6425802_Methylation_EPIC_649_Grn.idat.gz"
[1] "Data downloaded successfuly"
[1] "https://ftp.ncbi.nlm.nih.gov/geo/samples/GSM6425nnn/GSM6425802/suppl/GSM6425802_Methylation_EPIC_649_Red.idat.gz"
[1] "Data downloaded successfuly"
[1] "https://ftp.ncbi.nlm.nih.gov/geo/samples/GSM6425nnn/GSM6425803/suppl/GSM6425803_Methylation_EPIC_650_Grn.idat.gz"
[1] "Data downloaded successfuly"
[1] "https://ftp.ncbi.nlm.nih.gov/geo/samples/GSM6425nnn/GSM6425803/suppl/GSM6425803_Methylation_EPIC_650_Red.idat.gz"
[1] "Data downloaded successfuly"
[1] "https://ftp.ncbi.nlm.nih.gov/geo/samples/GSM6425nnn/GSM6425804/suppl/GSM6425804_Methylation_EPIC_651_Grn.idat.gz"
[1] "Data downloaded successfuly"
[1] "https://ftp.ncbi.nlm.nih.gov/geo/samples/GSM6425nnn/GSM6425804/suppl/GSM6425804_Methylation_EPIC_651_Red.idat.gz"
[1] "Data downloaded successfuly"
[1] "https://ftp.ncbi.nlm.nih.gov/geo/samples/GSM6425nnn/GSM6425805/suppl/GSM6425805_Methylation_EPIC_652_Grn.idat.gz"
[1] "Data downloaded successfuly"
[1] "https://ftp.ncbi.nlm.nih.gov/geo/samples/GSM6425nnn/GSM6425805/suppl/GSM6425805_Methylation_EPIC_652_Red.idat.gz"
[1] "Data downloaded successfuly"
[1] "https://ftp.ncbi.nlm.nih.gov/geo/samples/GSM6425nnn/GSM6425806/suppl/GSM6425806_Methylation_EPIC_653_Grn.idat.gz"
[1] "Data downloaded successfuly"
[1] "https://ftp.ncbi.nlm.nih.gov/geo/samples/GSM6425nnn/GSM6425806/suppl/GSM6425806_Methylation_EPIC_653_Red.idat.gz"
[1] "Data downloaded successfuly"
[1] "https://ftp.ncbi.nlm.nih.gov/geo/samples/GSM6425nnn/GSM6425807/suppl/GSM6425807_Methylation_EPIC_654_Grn.idat.gz"
[1] "Data downloaded successfuly"
[1] "https://ftp.ncbi.nlm.nih.gov/geo/samples/GSM6425nnn/GSM6425807/suppl/GSM6425807_Methylation_EPIC_654_Red.idat.gz"
[1] "Data downloaded successfuly"
[1] "https://ftp.ncbi.nlm.nih.gov/geo/samples/GSM6425nnn/GSM6425808/suppl/GSM6425808_Methylation_EPIC_655_Grn.idat.gz"
[1] "Data downloaded successfuly"
[1] "https://ftp.ncbi.nlm.nih.gov/geo/samples/GSM6425nnn/GSM6425808/suppl/GSM6425808_Methylation_EPIC_655_Red.idat.gz"
[1] "Data downloaded successfuly"
[1] "https://ftp.ncbi.nlm.nih.gov/geo/samples/GSM6425nnn/GSM6425809/suppl/GSM6425809_Methylation_EPIC_656_Grn.idat.gz"
[1] "Data downloaded successfuly"
[1] "https://ftp.ncbi.nlm.nih.gov/geo/samples/GSM6425nnn/GSM6425809/suppl/GSM6425809_Methylation_EPIC_656_Red.idat.gz"
[1] "Data downloaded successfuly"
[1] "https://ftp.ncbi.nlm.nih.gov/geo/samples/GSM6425nnn/GSM6425810/suppl/GSM6425810_Methylation_EPIC_657_Grn.idat.gz"
[1] "Data downloaded successfuly"
[1] "https://ftp.ncbi.nlm.nih.gov/geo/samples/GSM6425nnn/GSM6425810/suppl/GSM6425810_Methylation_EPIC_657_Red.idat.gz"
[1] "Data downloaded successfuly"
[1] "https://ftp.ncbi.nlm.nih.gov/geo/samples/GSM6425nnn/GSM6425811/suppl/GSM6425811_Methylation_EPIC_658_Grn.idat.gz"
[1] "Data downloaded successfuly"
[1] "https://ftp.ncbi.nlm.nih.gov/geo/samples/GSM6425nnn/GSM6425811/suppl/GSM6425811_Methylation_EPIC_658_Red.idat.gz"
[1] "Data downloaded successfuly"
[1] "https://ftp.ncbi.nlm.nih.gov/geo/samples/GSM6425nnn/GSM6425812/suppl/GSM6425812_Methylation_EPIC_659_Grn.idat.gz"
[1] "Data downloaded successfuly"
[1] "https://ftp.ncbi.nlm.nih.gov/geo/samples/GSM6425nnn/GSM6425812/suppl/GSM6425812_Methylation_EPIC_659_Red.idat.gz"
[1] "Data downloaded successfuly"
[1] "https://ftp.ncbi.nlm.nih.gov/geo/samples/GSM6425nnn/GSM6425813/suppl/GSM6425813_Methylation_EPIC_660_Grn.idat.gz"
[1] "Data downloaded successfuly"
[1] "https://ftp.ncbi.nlm.nih.gov/geo/samples/GSM6425nnn/GSM6425813/suppl/GSM6425813_Methylation_EPIC_660_Red.idat.gz"
[1] "Data downloaded successfuly"
[1] "https://ftp.ncbi.nlm.nih.gov/geo/samples/GSM6425nnn/GSM6425814/suppl/GSM6425814_Methylation_EPIC_661_Grn.idat.gz"
[1] "Data downloaded successfuly"
[1] "https://ftp.ncbi.nlm.nih.gov/geo/samples/GSM6425nnn/GSM6425814/suppl/GSM6425814_Methylation_EPIC_661_Red.idat.gz"
[1] "Data downloaded successfuly"
[1] "https://ftp.ncbi.nlm.nih.gov/geo/samples/GSM6425nnn/GSM6425815/suppl/GSM6425815_Methylation_EPIC_662_Grn.idat.gz"
[1] "Data downloaded successfuly"
[1] "https://ftp.ncbi.nlm.nih.gov/geo/samples/GSM6425nnn/GSM6425815/suppl/GSM6425815_Methylation_EPIC_662_Red.idat.gz"
[1] "Data downloaded successfuly"
[1] "https://ftp.ncbi.nlm.nih.gov/geo/samples/GSM6425nnn/GSM6425816/suppl/GSM6425816_Methylation_EPIC_663_Grn.idat.gz"
[1] "Data downloaded successfuly"
[1] "https://ftp.ncbi.nlm.nih.gov/geo/samples/GSM6425nnn/GSM6425816/suppl/GSM6425816_Methylation_EPIC_663_Red.idat.gz"
[1] "Data downloaded successfuly"
[1] "https://ftp.ncbi.nlm.nih.gov/geo/samples/GSM6425nnn/GSM6425817/suppl/GSM6425817_Methylation_EPIC_664_Grn.idat.gz"
[1] "Data downloaded successfuly"
[1] "https://ftp.ncbi.nlm.nih.gov/geo/samples/GSM6425nnn/GSM6425817/suppl/GSM6425817_Methylation_EPIC_664_Red.idat.gz"
[1] "Data downloaded successfuly"
[1] "https://ftp.ncbi.nlm.nih.gov/geo/samples/GSM6425nnn/GSM6425818/suppl/GSM6425818_Methylation_EPIC_665_Grn.idat.gz"
[1] "Data downloaded successfuly"
[1] "https://ftp.ncbi.nlm.nih.gov/geo/samples/GSM6425nnn/GSM6425818/suppl/GSM6425818_Methylation_EPIC_665_Red.idat.gz"
[1] "Data downloaded successfuly"
[1] "https://ftp.ncbi.nlm.nih.gov/geo/samples/GSM6425nnn/GSM6425819/suppl/GSM6425819_Methylation_EPIC_666_Grn.idat.gz"
[1] "Data downloaded successfuly"
[1] "https://ftp.ncbi.nlm.nih.gov/geo/samples/GSM6425nnn/GSM6425819/suppl/GSM6425819_Methylation_EPIC_666_Red.idat.gz"
[1] "Data downloaded successfuly"
[1] "https://ftp.ncbi.nlm.nih.gov/geo/samples/GSM6425nnn/GSM6425820/suppl/GSM6425820_Methylation_EPIC_667_Grn.idat.gz"
[1] "Data downloaded successfuly"
[1] "https://ftp.ncbi.nlm.nih.gov/geo/samples/GSM6425nnn/GSM6425820/suppl/GSM6425820_Methylation_EPIC_667_Red.idat.gz"
[1] "Data downloaded successfuly"
[1] "https://ftp.ncbi.nlm.nih.gov/geo/samples/GSM6425nnn/GSM6425821/suppl/GSM6425821_Methylation_EPIC_668_Grn.idat.gz"
[1] "Data downloaded successfuly"
[1] "https://ftp.ncbi.nlm.nih.gov/geo/samples/GSM6425nnn/GSM6425821/suppl/GSM6425821_Methylation_EPIC_668_Red.idat.gz"
[1] "Data downloaded successfuly"
[1] "https://ftp.ncbi.nlm.nih.gov/geo/samples/GSM6425nnn/GSM6425822/suppl/GSM6425822_Methylation_EPIC_669_Grn.idat.gz"
[1] "Data downloaded successfuly"
[1] "https://ftp.ncbi.nlm.nih.gov/geo/samples/GSM6425nnn/GSM6425822/suppl/GSM6425822_Methylation_EPIC_669_Red.idat.gz"
[1] "Data downloaded successfuly"
[1] "https://ftp.ncbi.nlm.nih.gov/geo/samples/GSM6425nnn/GSM6425823/suppl/GSM6425823_Methylation_EPIC_670_Grn.idat.gz"
[1] "Data downloaded successfuly"
[1] "https://ftp.ncbi.nlm.nih.gov/geo/samples/GSM6425nnn/GSM6425823/suppl/GSM6425823_Methylation_EPIC_670_Red.idat.gz"
[1] "Data downloaded successfuly"
[1] "https://ftp.ncbi.nlm.nih.gov/geo/samples/GSM6425nnn/GSM6425824/suppl/GSM6425824_Methylation_EPIC_671_Grn.idat.gz"
[1] "Data downloaded successfuly"
[1] "https://ftp.ncbi.nlm.nih.gov/geo/samples/GSM6425nnn/GSM6425824/suppl/GSM6425824_Methylation_EPIC_671_Red.idat.gz"
[1] "Data downloaded successfuly"
[1] "https://ftp.ncbi.nlm.nih.gov/geo/samples/GSM6425nnn/GSM6425825/suppl/GSM6425825_Methylation_EPIC_672_Grn.idat.gz"
[1] "Data downloaded successfuly"
[1] "https://ftp.ncbi.nlm.nih.gov/geo/samples/GSM6425nnn/GSM6425825/suppl/GSM6425825_Methylation_EPIC_672_Red.idat.gz"
[1] "Data downloaded successfuly"
[1] "https://ftp.ncbi.nlm.nih.gov/geo/samples/GSM6425nnn/GSM6425826/suppl/GSM6425826_Methylation_EPIC_673_Grn.idat.gz"
[1] "Data downloaded successfuly"
[1] "https://ftp.ncbi.nlm.nih.gov/geo/samples/GSM6425nnn/GSM6425826/suppl/GSM6425826_Methylation_EPIC_673_Red.idat.gz"
[1] "Data downloaded successfuly"
[1] "https://ftp.ncbi.nlm.nih.gov/geo/samples/GSM6425nnn/GSM6425827/suppl/GSM6425827_Methylation_EPIC_674_Grn.idat.gz"
[1] "Data downloaded successfuly"
[1] "https://ftp.ncbi.nlm.nih.gov/geo/samples/GSM6425nnn/GSM6425827/suppl/GSM6425827_Methylation_EPIC_674_Red.idat.gz"
[1] "Data downloaded successfuly"
[1] "https://ftp.ncbi.nlm.nih.gov/geo/samples/GSM6425nnn/GSM6425828/suppl/GSM6425828_Methylation_EPIC_675_Grn.idat.gz"
[1] "Data downloaded successfuly"
[1] "https://ftp.ncbi.nlm.nih.gov/geo/samples/GSM6425nnn/GSM6425828/suppl/GSM6425828_Methylation_EPIC_675_Red.idat.gz"
[1] "Data downloaded successfuly"
[1] "https://ftp.ncbi.nlm.nih.gov/geo/samples/GSM6425nnn/GSM6425829/suppl/GSM6425829_Methylation_EPIC_676_Grn.idat.gz"
[1] "Data downloaded successfuly"
[1] "https://ftp.ncbi.nlm.nih.gov/geo/samples/GSM6425nnn/GSM6425829/suppl/GSM6425829_Methylation_EPIC_676_Red.idat.gz"
[1] "Data downloaded successfuly"
[1] "https://ftp.ncbi.nlm.nih.gov/geo/samples/GSM6425nnn/GSM6425830/suppl/GSM6425830_Methylation_EPIC_677_Grn.idat.gz"
[1] "Data downloaded successfuly"
[1] "https://ftp.ncbi.nlm.nih.gov/geo/samples/GSM6425nnn/GSM6425830/suppl/GSM6425830_Methylation_EPIC_677_Red.idat.gz"
[1] "Data downloaded successfuly"
[1] "https://ftp.ncbi.nlm.nih.gov/geo/samples/GSM6425nnn/GSM6425831/suppl/GSM6425831_Methylation_EPIC_678_Grn.idat.gz"
[1] "Data downloaded successfuly"
[1] "https://ftp.ncbi.nlm.nih.gov/geo/samples/GSM6425nnn/GSM6425831/suppl/GSM6425831_Methylation_EPIC_678_Red.idat.gz"
[1] "Data downloaded successfuly"
[1] "https://ftp.ncbi.nlm.nih.gov/geo/samples/GSM6425nnn/GSM6425832/suppl/GSM6425832_Methylation_EPIC_679_Grn.idat.gz"
[1] "Data downloaded successfuly"
[1] "https://ftp.ncbi.nlm.nih.gov/geo/samples/GSM6425nnn/GSM6425832/suppl/GSM6425832_Methylation_EPIC_679_Red.idat.gz"
[1] "Data downloaded successfuly"
[1] "https://ftp.ncbi.nlm.nih.gov/geo/samples/GSM6425nnn/GSM6425833/suppl/GSM6425833_Methylation_EPIC_680_Grn.idat.gz"
[1] "Data downloaded successfuly"
[1] "https://ftp.ncbi.nlm.nih.gov/geo/samples/GSM6425nnn/GSM6425833/suppl/GSM6425833_Methylation_EPIC_680_Red.idat.gz"
[1] "Data downloaded successfuly"
[1] "https://ftp.ncbi.nlm.nih.gov/geo/samples/GSM6425nnn/GSM6425834/suppl/GSM6425834_Methylation_EPIC_681_Grn.idat.gz"
[1] "Data downloaded successfuly"
[1] "https://ftp.ncbi.nlm.nih.gov/geo/samples/GSM6425nnn/GSM6425834/suppl/GSM6425834_Methylation_EPIC_681_Red.idat.gz"
[1] "Data downloaded successfuly"
[1] "https://ftp.ncbi.nlm.nih.gov/geo/samples/GSM6425nnn/GSM6425835/suppl/GSM6425835_Methylation_EPIC_682_Grn.idat.gz"
[1] "Data downloaded successfuly"
[1] "https://ftp.ncbi.nlm.nih.gov/geo/samples/GSM6425nnn/GSM6425835/suppl/GSM6425835_Methylation_EPIC_682_Red.idat.gz"
[1] "Data downloaded successfuly"
[1] "https://ftp.ncbi.nlm.nih.gov/geo/samples/GSM6425nnn/GSM6425836/suppl/GSM6425836_Methylation_EPIC_683_Grn.idat.gz"
[1] "Data downloaded successfuly"
[1] "https://ftp.ncbi.nlm.nih.gov/geo/samples/GSM6425nnn/GSM6425836/suppl/GSM6425836_Methylation_EPIC_683_Red.idat.gz"
[1] "Data downloaded successfuly"
[1] "https://ftp.ncbi.nlm.nih.gov/geo/samples/GSM6425nnn/GSM6425837/suppl/GSM6425837_Methylation_EPIC_684_Grn.idat.gz"
[1] "Data downloaded successfuly"
[1] "https://ftp.ncbi.nlm.nih.gov/geo/samples/GSM6425nnn/GSM6425837/suppl/GSM6425837_Methylation_EPIC_684_Red.idat.gz"
[1] "Data downloaded successfuly"
[1] "https://ftp.ncbi.nlm.nih.gov/geo/samples/GSM6425nnn/GSM6425838/suppl/GSM6425838_Methylation_EPIC_685_Grn.idat.gz"
[1] "Data downloaded successfuly"
[1] "https://ftp.ncbi.nlm.nih.gov/geo/samples/GSM6425nnn/GSM6425838/suppl/GSM6425838_Methylation_EPIC_685_Red.idat.gz"
[1] "Data downloaded successfuly"
[1] "https://ftp.ncbi.nlm.nih.gov/geo/samples/GSM6425nnn/GSM6425839/suppl/GSM6425839_Methylation_EPIC_686_Grn.idat.gz"
[1] "Data downloaded successfuly"
[1] "https://ftp.ncbi.nlm.nih.gov/geo/samples/GSM6425nnn/GSM6425839/suppl/GSM6425839_Methylation_EPIC_686_Red.idat.gz"
[1] "Data downloaded successfuly"
[1] "https://ftp.ncbi.nlm.nih.gov/geo/samples/GSM6425nnn/GSM6425840/suppl/GSM6425840_Methylation_EPIC_687_Grn.idat.gz"
[1] "Data downloaded successfuly"
[1] "https://ftp.ncbi.nlm.nih.gov/geo/samples/GSM6425nnn/GSM6425840/suppl/GSM6425840_Methylation_EPIC_687_Red.idat.gz"
[1] "Data downloaded successfuly"
[1] "https://ftp.ncbi.nlm.nih.gov/geo/samples/GSM6425nnn/GSM6425841/suppl/GSM6425841_Methylation_EPIC_688_Grn.idat.gz"
[1] "Data downloaded successfuly"
[1] "https://ftp.ncbi.nlm.nih.gov/geo/samples/GSM6425nnn/GSM6425841/suppl/GSM6425841_Methylation_EPIC_688_Red.idat.gz"
[1] "Data downloaded successfuly"
[1] "https://ftp.ncbi.nlm.nih.gov/geo/samples/GSM6425nnn/GSM6425842/suppl/GSM6425842_Methylation_EPIC_689_Grn.idat.gz"
[1] "Data downloaded successfuly"
[1] "https://ftp.ncbi.nlm.nih.gov/geo/samples/GSM6425nnn/GSM6425842/suppl/GSM6425842_Methylation_EPIC_689_Red.idat.gz"
[1] "Data downloaded successfuly"
[1] "https://ftp.ncbi.nlm.nih.gov/geo/samples/GSM6425nnn/GSM6425843/suppl/GSM6425843_Methylation_EPIC_690_Grn.idat.gz"
[1] "Data downloaded successfuly"
[1] "https://ftp.ncbi.nlm.nih.gov/geo/samples/GSM6425nnn/GSM6425843/suppl/GSM6425843_Methylation_EPIC_690_Red.idat.gz"
[1] "Data downloaded successfuly"
[1] "https://ftp.ncbi.nlm.nih.gov/geo/samples/GSM6425nnn/GSM6425844/suppl/GSM6425844_Methylation_EPIC_691_Grn.idat.gz"
[1] "Data downloaded successfuly"
[1] "https://ftp.ncbi.nlm.nih.gov/geo/samples/GSM6425nnn/GSM6425844/suppl/GSM6425844_Methylation_EPIC_691_Red.idat.gz"
[1] "Data downloaded successfuly"
[1] "https://ftp.ncbi.nlm.nih.gov/geo/samples/GSM6425nnn/GSM6425845/suppl/GSM6425845_Methylation_EPIC_692_Grn.idat.gz"
[1] "Data downloaded successfuly"
[1] "https://ftp.ncbi.nlm.nih.gov/geo/samples/GSM6425nnn/GSM6425845/suppl/GSM6425845_Methylation_EPIC_692_Red.idat.gz"
[1] "Data downloaded successfuly"
[1] "https://ftp.ncbi.nlm.nih.gov/geo/samples/GSM6425nnn/GSM6425846/suppl/GSM6425846_Methylation_EPIC_693_Grn.idat.gz"
[1] "Data downloaded successfuly"
[1] "https://ftp.ncbi.nlm.nih.gov/geo/samples/GSM6425nnn/GSM6425846/suppl/GSM6425846_Methylation_EPIC_693_Red.idat.gz"
[1] "Data downloaded successfuly"
[1] "https://ftp.ncbi.nlm.nih.gov/geo/samples/GSM6425nnn/GSM6425847/suppl/GSM6425847_Methylation_EPIC_694_Grn.idat.gz"
[1] "Data downloaded successfuly"
[1] "https://ftp.ncbi.nlm.nih.gov/geo/samples/GSM6425nnn/GSM6425847/suppl/GSM6425847_Methylation_EPIC_694_Red.idat.gz"
[1] "Data downloaded successfuly"
[1] "https://ftp.ncbi.nlm.nih.gov/geo/samples/GSM6425nnn/GSM6425848/suppl/GSM6425848_Methylation_EPIC_695_Grn.idat.gz"
[1] "Data downloaded successfuly"
[1] "https://ftp.ncbi.nlm.nih.gov/geo/samples/GSM6425nnn/GSM6425848/suppl/GSM6425848_Methylation_EPIC_695_Red.idat.gz"
[1] "Data downloaded successfuly"
[1] "https://ftp.ncbi.nlm.nih.gov/geo/samples/GSM6425nnn/GSM6425849/suppl/GSM6425849_Methylation_EPIC_696_Grn.idat.gz"
[1] "Data downloaded successfuly"
[1] "https://ftp.ncbi.nlm.nih.gov/geo/samples/GSM6425nnn/GSM6425849/suppl/GSM6425849_Methylation_EPIC_696_Red.idat.gz"
[1] "Data downloaded successfuly"
[1] "https://ftp.ncbi.nlm.nih.gov/geo/samples/GSM6425nnn/GSM6425850/suppl/GSM6425850_Methylation_EPIC_697_Grn.idat.gz"
[1] "Data downloaded successfuly"
[1] "https://ftp.ncbi.nlm.nih.gov/geo/samples/GSM6425nnn/GSM6425850/suppl/GSM6425850_Methylation_EPIC_697_Red.idat.gz"
[1] "Data downloaded successfuly"
[1] "https://ftp.ncbi.nlm.nih.gov/geo/samples/GSM6425nnn/GSM6425851/suppl/GSM6425851_Methylation_EPIC_698_Grn.idat.gz"
[1] "Data downloaded successfuly"
[1] "https://ftp.ncbi.nlm.nih.gov/geo/samples/GSM6425nnn/GSM6425851/suppl/GSM6425851_Methylation_EPIC_698_Red.idat.gz"
[1] "Data downloaded successfuly"
[1] "https://ftp.ncbi.nlm.nih.gov/geo/samples/GSM6425nnn/GSM6425852/suppl/GSM6425852_Methylation_EPIC_699_Grn.idat.gz"
[1] "Data downloaded successfuly"
[1] "https://ftp.ncbi.nlm.nih.gov/geo/samples/GSM6425nnn/GSM6425852/suppl/GSM6425852_Methylation_EPIC_699_Red.idat.gz"
[1] "Data downloaded successfuly"
[1] "https://ftp.ncbi.nlm.nih.gov/geo/samples/GSM6425nnn/GSM6425853/suppl/GSM6425853_Methylation_EPIC_700_Grn.idat.gz"
[1] "Data downloaded successfuly"
[1] "https://ftp.ncbi.nlm.nih.gov/geo/samples/GSM6425nnn/GSM6425853/suppl/GSM6425853_Methylation_EPIC_700_Red.idat.gz"
[1] "Data downloaded successfuly"
[1] "https://ftp.ncbi.nlm.nih.gov/geo/samples/GSM6425nnn/GSM6425854/suppl/GSM6425854_Methylation_EPIC_701_Grn.idat.gz"
[1] "Data downloaded successfuly"
[1] "https://ftp.ncbi.nlm.nih.gov/geo/samples/GSM6425nnn/GSM6425854/suppl/GSM6425854_Methylation_EPIC_701_Red.idat.gz"
[1] "Data downloaded successfuly"
[1] "https://ftp.ncbi.nlm.nih.gov/geo/samples/GSM6425nnn/GSM6425855/suppl/GSM6425855_Methylation_EPIC_702_Grn.idat.gz"
[1] "Data downloaded successfuly"
[1] "https://ftp.ncbi.nlm.nih.gov/geo/samples/GSM6425nnn/GSM6425855/suppl/GSM6425855_Methylation_EPIC_702_Red.idat.gz"
[1] "Data downloaded successfuly"
[1] "https://ftp.ncbi.nlm.nih.gov/geo/samples/GSM6425nnn/GSM6425856/suppl/GSM6425856_Methylation_EPIC_703_Grn.idat.gz"
[1] "Data downloaded successfuly"
[1] "https://ftp.ncbi.nlm.nih.gov/geo/samples/GSM6425nnn/GSM6425856/suppl/GSM6425856_Methylation_EPIC_703_Red.idat.gz"
[1] "Data downloaded successfuly"
[1] "https://ftp.ncbi.nlm.nih.gov/geo/samples/GSM6425nnn/GSM6425857/suppl/GSM6425857_Methylation_EPIC_704_Grn.idat.gz"
[1] "Data downloaded successfuly"
[1] "https://ftp.ncbi.nlm.nih.gov/geo/samples/GSM6425nnn/GSM6425857/suppl/GSM6425857_Methylation_EPIC_704_Red.idat.gz"
[1] "Data downloaded successfuly"
[1] "https://ftp.ncbi.nlm.nih.gov/geo/samples/GSM6425nnn/GSM6425858/suppl/GSM6425858_Methylation_EPIC_705_Grn.idat.gz"
[1] "Data downloaded successfuly"
[1] "https://ftp.ncbi.nlm.nih.gov/geo/samples/GSM6425nnn/GSM6425858/suppl/GSM6425858_Methylation_EPIC_705_Red.idat.gz"
[1] "Data downloaded successfuly"
[1] "https://ftp.ncbi.nlm.nih.gov/geo/samples/GSM6425nnn/GSM6425859/suppl/GSM6425859_Methylation_EPIC_706_Grn.idat.gz"
[1] "Data downloaded successfuly"
[1] "https://ftp.ncbi.nlm.nih.gov/geo/samples/GSM6425nnn/GSM6425859/suppl/GSM6425859_Methylation_EPIC_706_Red.idat.gz"
[1] "Data downloaded successfuly"
[1] "https://ftp.ncbi.nlm.nih.gov/geo/samples/GSM6425nnn/GSM6425860/suppl/GSM6425860_Methylation_EPIC_707_Grn.idat.gz"
[1] "Data downloaded successfuly"
[1] "https://ftp.ncbi.nlm.nih.gov/geo/samples/GSM6425nnn/GSM6425860/suppl/GSM6425860_Methylation_EPIC_707_Red.idat.gz"
[1] "Data downloaded successfuly"
[1] "https://ftp.ncbi.nlm.nih.gov/geo/samples/GSM6425nnn/GSM6425861/suppl/GSM6425861_Methylation_EPIC_708_Grn.idat.gz"
[1] "Data downloaded successfuly"
[1] "https://ftp.ncbi.nlm.nih.gov/geo/samples/GSM6425nnn/GSM6425861/suppl/GSM6425861_Methylation_EPIC_708_Red.idat.gz"
[1] "Data downloaded successfuly"
[1] "https://ftp.ncbi.nlm.nih.gov/geo/samples/GSM6425nnn/GSM6425862/suppl/GSM6425862_Methylation_EPIC_709_Grn.idat.gz"
[1] "Data downloaded successfuly"
[1] "https://ftp.ncbi.nlm.nih.gov/geo/samples/GSM6425nnn/GSM6425862/suppl/GSM6425862_Methylation_EPIC_709_Red.idat.gz"
[1] "Data downloaded successfuly"
[1] "https://ftp.ncbi.nlm.nih.gov/geo/samples/GSM6425nnn/GSM6425863/suppl/GSM6425863_Methylation_EPIC_710_Grn.idat.gz"
[1] "Data downloaded successfuly"
[1] "https://ftp.ncbi.nlm.nih.gov/geo/samples/GSM6425nnn/GSM6425863/suppl/GSM6425863_Methylation_EPIC_710_Red.idat.gz"
[1] "Data downloaded successfuly"
[1] "https://ftp.ncbi.nlm.nih.gov/geo/samples/GSM6425nnn/GSM6425864/suppl/GSM6425864_Methylation_EPIC_711_Grn.idat.gz"
[1] "Data downloaded successfuly"
[1] "https://ftp.ncbi.nlm.nih.gov/geo/samples/GSM6425nnn/GSM6425864/suppl/GSM6425864_Methylation_EPIC_711_Red.idat.gz"
[1] "Data downloaded successfuly"
[1] "https://ftp.ncbi.nlm.nih.gov/geo/samples/GSM6425nnn/GSM6425865/suppl/GSM6425865_Methylation_EPIC_712_Grn.idat.gz"
[1] "Data downloaded successfuly"
[1] "https://ftp.ncbi.nlm.nih.gov/geo/samples/GSM6425nnn/GSM6425865/suppl/GSM6425865_Methylation_EPIC_712_Red.idat.gz"
[1] "Data downloaded successfuly"
[1] "https://ftp.ncbi.nlm.nih.gov/geo/samples/GSM6425nnn/GSM6425866/suppl/GSM6425866_Methylation_EPIC_713_Grn.idat.gz"
[1] "Data downloaded successfuly"
[1] "https://ftp.ncbi.nlm.nih.gov/geo/samples/GSM6425nnn/GSM6425866/suppl/GSM6425866_Methylation_EPIC_713_Red.idat.gz"
[1] "Data downloaded successfuly"
[1] "https://ftp.ncbi.nlm.nih.gov/geo/samples/GSM6425nnn/GSM6425867/suppl/GSM6425867_Methylation_EPIC_714_Grn.idat.gz"
[1] "Data downloaded successfuly"
[1] "https://ftp.ncbi.nlm.nih.gov/geo/samples/GSM6425nnn/GSM6425867/suppl/GSM6425867_Methylation_EPIC_714_Red.idat.gz"
[1] "Data downloaded successfuly"
[1] "https://ftp.ncbi.nlm.nih.gov/geo/samples/GSM6425nnn/GSM6425868/suppl/GSM6425868_Methylation_EPIC_715_Grn.idat.gz"
[1] "Data downloaded successfuly"
[1] "https://ftp.ncbi.nlm.nih.gov/geo/samples/GSM6425nnn/GSM6425868/suppl/GSM6425868_Methylation_EPIC_715_Red.idat.gz"
[1] "Data downloaded successfuly"
[1] "https://ftp.ncbi.nlm.nih.gov/geo/samples/GSM6425nnn/GSM6425869/suppl/GSM6425869_Methylation_EPIC_716_Grn.idat.gz"
[1] "Data downloaded successfuly"
[1] "https://ftp.ncbi.nlm.nih.gov/geo/samples/GSM6425nnn/GSM6425869/suppl/GSM6425869_Methylation_EPIC_716_Red.idat.gz"
[1] "Data downloaded successfuly"
[1] "https://ftp.ncbi.nlm.nih.gov/geo/samples/GSM6425nnn/GSM6425870/suppl/GSM6425870_Methylation_EPIC_717_Grn.idat.gz"
[1] "Data downloaded successfuly"
[1] "https://ftp.ncbi.nlm.nih.gov/geo/samples/GSM6425nnn/GSM6425870/suppl/GSM6425870_Methylation_EPIC_717_Red.idat.gz"
[1] "Data downloaded successfuly"
[1] "https://ftp.ncbi.nlm.nih.gov/geo/samples/GSM6425nnn/GSM6425871/suppl/GSM6425871_Methylation_EPIC_718_Grn.idat.gz"
[1] "Data downloaded successfuly"
[1] "https://ftp.ncbi.nlm.nih.gov/geo/samples/GSM6425nnn/GSM6425871/suppl/GSM6425871_Methylation_EPIC_718_Red.idat.gz"
[1] "Data downloaded successfuly"
[1] "https://ftp.ncbi.nlm.nih.gov/geo/samples/GSM6425nnn/GSM6425872/suppl/GSM6425872_Methylation_EPIC_719_Grn.idat.gz"
[1] "Data downloaded successfuly"
[1] "https://ftp.ncbi.nlm.nih.gov/geo/samples/GSM6425nnn/GSM6425872/suppl/GSM6425872_Methylation_EPIC_719_Red.idat.gz"
[1] "Data downloaded successfuly"
[1] "https://ftp.ncbi.nlm.nih.gov/geo/samples/GSM6425nnn/GSM6425873/suppl/GSM6425873_Methylation_EPIC_720_Grn.idat.gz"
[1] "Data downloaded successfuly"
[1] "https://ftp.ncbi.nlm.nih.gov/geo/samples/GSM6425nnn/GSM6425873/suppl/GSM6425873_Methylation_EPIC_720_Red.idat.gz"
[1] "Data downloaded successfuly"
[1] "https://ftp.ncbi.nlm.nih.gov/geo/samples/GSM6425nnn/GSM6425874/suppl/GSM6425874_Methylation_EPIC_721_Grn.idat.gz"
[1] "Data downloaded successfuly"
[1] "https://ftp.ncbi.nlm.nih.gov/geo/samples/GSM6425nnn/GSM6425874/suppl/GSM6425874_Methylation_EPIC_721_Red.idat.gz"
[1] "Data downloaded successfuly"
[1] "https://ftp.ncbi.nlm.nih.gov/geo/samples/GSM6425nnn/GSM6425875/suppl/GSM6425875_Methylation_EPIC_722_Grn.idat.gz"
[1] "Data downloaded successfuly"
[1] "https://ftp.ncbi.nlm.nih.gov/geo/samples/GSM6425nnn/GSM6425875/suppl/GSM6425875_Methylation_EPIC_722_Red.idat.gz"
[1] "Data downloaded successfuly"
[1] "https://ftp.ncbi.nlm.nih.gov/geo/samples/GSM6425nnn/GSM6425876/suppl/GSM6425876_Methylation_EPIC_723_Grn.idat.gz"
[1] "Data downloaded successfuly"
[1] "https://ftp.ncbi.nlm.nih.gov/geo/samples/GSM6425nnn/GSM6425876/suppl/GSM6425876_Methylation_EPIC_723_Red.idat.gz"
[1] "Data downloaded successfuly"
[1] "https://ftp.ncbi.nlm.nih.gov/geo/samples/GSM6425nnn/GSM6425877/suppl/GSM6425877_Methylation_EPIC_724_Grn.idat.gz"
[1] "Data downloaded successfuly"
[1] "https://ftp.ncbi.nlm.nih.gov/geo/samples/GSM6425nnn/GSM6425877/suppl/GSM6425877_Methylation_EPIC_724_Red.idat.gz"
[1] "Data downloaded successfuly"
[1] "https://ftp.ncbi.nlm.nih.gov/geo/samples/GSM6425nnn/GSM6425878/suppl/GSM6425878_Methylation_EPIC_725_Grn.idat.gz"
[1] "Data downloaded successfuly"
[1] "https://ftp.ncbi.nlm.nih.gov/geo/samples/GSM6425nnn/GSM6425878/suppl/GSM6425878_Methylation_EPIC_725_Red.idat.gz"
[1] "Data downloaded successfuly"
[1] "https://ftp.ncbi.nlm.nih.gov/geo/samples/GSM6425nnn/GSM6425879/suppl/GSM6425879_Methylation_EPIC_726_Grn.idat.gz"
[1] "Data downloaded successfuly"
[1] "https://ftp.ncbi.nlm.nih.gov/geo/samples/GSM6425nnn/GSM6425879/suppl/GSM6425879_Methylation_EPIC_726_Red.idat.gz"
[1] "Data downloaded successfuly"
[1] "https://ftp.ncbi.nlm.nih.gov/geo/samples/GSM6425nnn/GSM6425880/suppl/GSM6425880_Methylation_EPIC_727_Grn.idat.gz"
[1] "Data downloaded successfuly"
[1] "https://ftp.ncbi.nlm.nih.gov/geo/samples/GSM6425nnn/GSM6425880/suppl/GSM6425880_Methylation_EPIC_727_Red.idat.gz"
[1] "Data downloaded successfuly"
[1] "https://ftp.ncbi.nlm.nih.gov/geo/samples/GSM6425nnn/GSM6425881/suppl/GSM6425881_Methylation_EPIC_728_Grn.idat.gz"
[1] "Data downloaded successfuly"
[1] "https://ftp.ncbi.nlm.nih.gov/geo/samples/GSM6425nnn/GSM6425881/suppl/GSM6425881_Methylation_EPIC_728_Red.idat.gz"
[1] "Data downloaded successfuly"
[1] "https://ftp.ncbi.nlm.nih.gov/geo/samples/GSM6425nnn/GSM6425882/suppl/GSM6425882_Methylation_EPIC_729_Grn.idat.gz"
[1] "Data downloaded successfuly"
[1] "https://ftp.ncbi.nlm.nih.gov/geo/samples/GSM6425nnn/GSM6425882/suppl/GSM6425882_Methylation_EPIC_729_Red.idat.gz"
[1] "Data downloaded successfuly"
[1] "https://ftp.ncbi.nlm.nih.gov/geo/samples/GSM6425nnn/GSM6425883/suppl/GSM6425883_Methylation_EPIC_730_Grn.idat.gz"
[1] "Data downloaded successfuly"
[1] "https://ftp.ncbi.nlm.nih.gov/geo/samples/GSM6425nnn/GSM6425883/suppl/GSM6425883_Methylation_EPIC_730_Red.idat.gz"
[1] "Data downloaded successfuly"
[1] "https://ftp.ncbi.nlm.nih.gov/geo/samples/GSM6425nnn/GSM6425884/suppl/GSM6425884_Methylation_EPIC_731_Grn.idat.gz"
[1] "Data downloaded successfuly"
[1] "https://ftp.ncbi.nlm.nih.gov/geo/samples/GSM6425nnn/GSM6425884/suppl/GSM6425884_Methylation_EPIC_731_Red.idat.gz"
[1] "Data downloaded successfuly"
[1] "https://ftp.ncbi.nlm.nih.gov/geo/samples/GSM6425nnn/GSM6425885/suppl/GSM6425885_Methylation_EPIC_732_Grn.idat.gz"
[1] "Data downloaded successfuly"
[1] "https://ftp.ncbi.nlm.nih.gov/geo/samples/GSM6425nnn/GSM6425885/suppl/GSM6425885_Methylation_EPIC_732_Red.idat.gz"
[1] "Data downloaded successfuly"
[1] "https://ftp.ncbi.nlm.nih.gov/geo/samples/GSM6425nnn/GSM6425886/suppl/GSM6425886_Methylation_EPIC_733_Grn.idat.gz"
[1] "Data downloaded successfuly"
[1] "https://ftp.ncbi.nlm.nih.gov/geo/samples/GSM6425nnn/GSM6425886/suppl/GSM6425886_Methylation_EPIC_733_Red.idat.gz"
[1] "Data downloaded successfuly"
[1] "https://ftp.ncbi.nlm.nih.gov/geo/samples/GSM6425nnn/GSM6425887/suppl/GSM6425887_Methylation_EPIC_734_Grn.idat.gz"
[1] "Data downloaded successfuly"
[1] "https://ftp.ncbi.nlm.nih.gov/geo/samples/GSM6425nnn/GSM6425887/suppl/GSM6425887_Methylation_EPIC_734_Red.idat.gz"
[1] "Data downloaded successfuly"
[1] "https://ftp.ncbi.nlm.nih.gov/geo/samples/GSM6425nnn/GSM6425888/suppl/GSM6425888_Methylation_EPIC_735_Grn.idat.gz"
[1] "Data downloaded successfuly"
[1] "https://ftp.ncbi.nlm.nih.gov/geo/samples/GSM6425nnn/GSM6425888/suppl/GSM6425888_Methylation_EPIC_735_Red.idat.gz"
[1] "Data downloaded successfuly"
[1] "https://ftp.ncbi.nlm.nih.gov/geo/samples/GSM6425nnn/GSM6425889/suppl/GSM6425889_Methylation_EPIC_736_Grn.idat.gz"
[1] "Data downloaded successfuly"
[1] "https://ftp.ncbi.nlm.nih.gov/geo/samples/GSM6425nnn/GSM6425889/suppl/GSM6425889_Methylation_EPIC_736_Red.idat.gz"
[1] "Data downloaded successfuly"
[1] "https://ftp.ncbi.nlm.nih.gov/geo/samples/GSM6425nnn/GSM6425890/suppl/GSM6425890_Methylation_EPIC_737_Grn.idat.gz"
[1] "Data downloaded successfuly"
[1] "https://ftp.ncbi.nlm.nih.gov/geo/samples/GSM6425nnn/GSM6425890/suppl/GSM6425890_Methylation_EPIC_737_Red.idat.gz"
[1] "Data downloaded successfuly"
[1] "https://ftp.ncbi.nlm.nih.gov/geo/samples/GSM6425nnn/GSM6425891/suppl/GSM6425891_Methylation_EPIC_738_Grn.idat.gz"
[1] "Data downloaded successfuly"
[1] "https://ftp.ncbi.nlm.nih.gov/geo/samples/GSM6425nnn/GSM6425891/suppl/GSM6425891_Methylation_EPIC_738_Red.idat.gz"
[1] "Data downloaded successfuly"
[1] "https://ftp.ncbi.nlm.nih.gov/geo/samples/GSM6425nnn/GSM6425892/suppl/GSM6425892_Methylation_EPIC_739_Grn.idat.gz"
[1] "Data downloaded successfuly"
[1] "https://ftp.ncbi.nlm.nih.gov/geo/samples/GSM6425nnn/GSM6425892/suppl/GSM6425892_Methylation_EPIC_739_Red.idat.gz"
[1] "Data downloaded successfuly"
[1] "https://ftp.ncbi.nlm.nih.gov/geo/samples/GSM6425nnn/GSM6425893/suppl/GSM6425893_Methylation_EPIC_740_Grn.idat.gz"
[1] "Data downloaded successfuly"
[1] "https://ftp.ncbi.nlm.nih.gov/geo/samples/GSM6425nnn/GSM6425893/suppl/GSM6425893_Methylation_EPIC_740_Red.idat.gz"
[1] "Data downloaded successfuly"
[1] "https://ftp.ncbi.nlm.nih.gov/geo/samples/GSM6425nnn/GSM6425894/suppl/GSM6425894_Methylation_EPIC_741_Grn.idat.gz"
[1] "Data downloaded successfuly"
[1] "https://ftp.ncbi.nlm.nih.gov/geo/samples/GSM6425nnn/GSM6425894/suppl/GSM6425894_Methylation_EPIC_741_Red.idat.gz"
[1] "Data downloaded successfuly"
[1] "https://ftp.ncbi.nlm.nih.gov/geo/samples/GSM6425nnn/GSM6425895/suppl/GSM6425895_Methylation_EPIC_742_Grn.idat.gz"
[1] "Data downloaded successfuly"
[1] "https://ftp.ncbi.nlm.nih.gov/geo/samples/GSM6425nnn/GSM6425895/suppl/GSM6425895_Methylation_EPIC_742_Red.idat.gz"
[1] "Data downloaded successfuly"
[1] "https://ftp.ncbi.nlm.nih.gov/geo/samples/GSM6425nnn/GSM6425896/suppl/GSM6425896_Methylation_EPIC_743_Grn.idat.gz"
[1] "Data downloaded successfuly"
[1] "https://ftp.ncbi.nlm.nih.gov/geo/samples/GSM6425nnn/GSM6425896/suppl/GSM6425896_Methylation_EPIC_743_Red.idat.gz"
[1] "Data downloaded successfuly"
[1] "https://ftp.ncbi.nlm.nih.gov/geo/samples/GSM6425nnn/GSM6425897/suppl/GSM6425897_Methylation_EPIC_744_Grn.idat.gz"
[1] "Data downloaded successfuly"
[1] "https://ftp.ncbi.nlm.nih.gov/geo/samples/GSM6425nnn/GSM6425897/suppl/GSM6425897_Methylation_EPIC_744_Red.idat.gz"
[1] "Data downloaded successfuly"
[1] "https://ftp.ncbi.nlm.nih.gov/geo/samples/GSM6425nnn/GSM6425898/suppl/GSM6425898_Methylation_EPIC_745_Grn.idat.gz"
[1] "Data downloaded successfuly"
[1] "https://ftp.ncbi.nlm.nih.gov/geo/samples/GSM6425nnn/GSM6425898/suppl/GSM6425898_Methylation_EPIC_745_Red.idat.gz"
[1] "Data downloaded successfuly"
[1] "https://ftp.ncbi.nlm.nih.gov/geo/samples/GSM6425nnn/GSM6425899/suppl/GSM6425899_Methylation_EPIC_746_Grn.idat.gz"
[1] "Data downloaded successfuly"
[1] "https://ftp.ncbi.nlm.nih.gov/geo/samples/GSM6425nnn/GSM6425899/suppl/GSM6425899_Methylation_EPIC_746_Red.idat.gz"
[1] "Data downloaded successfuly"
[1] "https://ftp.ncbi.nlm.nih.gov/geo/samples/GSM6425nnn/GSM6425900/suppl/GSM6425900_Methylation_EPIC_747_Grn.idat.gz"
[1] "Data downloaded successfuly"
[1] "https://ftp.ncbi.nlm.nih.gov/geo/samples/GSM6425nnn/GSM6425900/suppl/GSM6425900_Methylation_EPIC_747_Red.idat.gz"
[1] "Data downloaded successfuly"
[1] "https://ftp.ncbi.nlm.nih.gov/geo/samples/GSM6425nnn/GSM6425901/suppl/GSM6425901_Methylation_EPIC_748_Grn.idat.gz"
[1] "Data downloaded successfuly"
[1] "https://ftp.ncbi.nlm.nih.gov/geo/samples/GSM6425nnn/GSM6425901/suppl/GSM6425901_Methylation_EPIC_748_Red.idat.gz"
[1] "Data downloaded successfuly"
[1] "https://ftp.ncbi.nlm.nih.gov/geo/samples/GSM6425nnn/GSM6425902/suppl/GSM6425902_Methylation_EPIC_749_Grn.idat.gz"
[1] "Data downloaded successfuly"
[1] "https://ftp.ncbi.nlm.nih.gov/geo/samples/GSM6425nnn/GSM6425902/suppl/GSM6425902_Methylation_EPIC_749_Red.idat.gz"
[1] "Data downloaded successfuly"
[1] "https://ftp.ncbi.nlm.nih.gov/geo/samples/GSM6425nnn/GSM6425903/suppl/GSM6425903_Methylation_EPIC_750_Grn.idat.gz"
[1] "Data downloaded successfuly"
[1] "https://ftp.ncbi.nlm.nih.gov/geo/samples/GSM6425nnn/GSM6425903/suppl/GSM6425903_Methylation_EPIC_750_Red.idat.gz"
[1] "Data downloaded successfuly"
[1] "https://ftp.ncbi.nlm.nih.gov/geo/samples/GSM6425nnn/GSM6425904/suppl/GSM6425904_Methylation_EPIC_751_Grn.idat.gz"
[1] "Data downloaded successfuly"
[1] "https://ftp.ncbi.nlm.nih.gov/geo/samples/GSM6425nnn/GSM6425904/suppl/GSM6425904_Methylation_EPIC_751_Red.idat.gz"
[1] "Data downloaded successfuly"
[1] "https://ftp.ncbi.nlm.nih.gov/geo/samples/GSM6425nnn/GSM6425905/suppl/GSM6425905_Methylation_EPIC_752_Grn.idat.gz"
[1] "Data downloaded successfuly"
[1] "https://ftp.ncbi.nlm.nih.gov/geo/samples/GSM6425nnn/GSM6425905/suppl/GSM6425905_Methylation_EPIC_752_Red.idat.gz"
[1] "Data downloaded successfuly"
[1] "https://ftp.ncbi.nlm.nih.gov/geo/samples/GSM6425nnn/GSM6425906/suppl/GSM6425906_Methylation_EPIC_753_Grn.idat.gz"
[1] "Data downloaded successfuly"
[1] "https://ftp.ncbi.nlm.nih.gov/geo/samples/GSM6425nnn/GSM6425906/suppl/GSM6425906_Methylation_EPIC_753_Red.idat.gz"
[1] "Data downloaded successfuly"
[1] "https://ftp.ncbi.nlm.nih.gov/geo/samples/GSM6425nnn/GSM6425907/suppl/GSM6425907_Methylation_EPIC_754_Grn.idat.gz"
[1] "Data downloaded successfuly"
[1] "https://ftp.ncbi.nlm.nih.gov/geo/samples/GSM6425nnn/GSM6425907/suppl/GSM6425907_Methylation_EPIC_754_Red.idat.gz"
[1] "Data downloaded successfuly"
[1] "https://ftp.ncbi.nlm.nih.gov/geo/samples/GSM6425nnn/GSM6425908/suppl/GSM6425908_Methylation_EPIC_755_Grn.idat.gz"
[1] "Data downloaded successfuly"
[1] "https://ftp.ncbi.nlm.nih.gov/geo/samples/GSM6425nnn/GSM6425908/suppl/GSM6425908_Methylation_EPIC_755_Red.idat.gz"
[1] "Data downloaded successfuly"
[1] "https://ftp.ncbi.nlm.nih.gov/geo/samples/GSM6425nnn/GSM6425909/suppl/GSM6425909_Methylation_EPIC_756_Grn.idat.gz"
[1] "Data downloaded successfuly"
[1] "https://ftp.ncbi.nlm.nih.gov/geo/samples/GSM6425nnn/GSM6425909/suppl/GSM6425909_Methylation_EPIC_756_Red.idat.gz"
[1] "Data downloaded successfuly"
[1] "https://ftp.ncbi.nlm.nih.gov/geo/samples/GSM6425nnn/GSM6425910/suppl/GSM6425910_Methylation_EPIC_757_Grn.idat.gz"
[1] "Data downloaded successfuly"
[1] "https://ftp.ncbi.nlm.nih.gov/geo/samples/GSM6425nnn/GSM6425910/suppl/GSM6425910_Methylation_EPIC_757_Red.idat.gz"
[1] "Data downloaded successfuly"
[1] "https://ftp.ncbi.nlm.nih.gov/geo/samples/GSM6425nnn/GSM6425911/suppl/GSM6425911_Methylation_EPIC_758_Grn.idat.gz"
[1] "Data downloaded successfuly"
[1] "https://ftp.ncbi.nlm.nih.gov/geo/samples/GSM6425nnn/GSM6425911/suppl/GSM6425911_Methylation_EPIC_758_Red.idat.gz"
[1] "Data downloaded successfuly"
[1] "https://ftp.ncbi.nlm.nih.gov/geo/samples/GSM6425nnn/GSM6425912/suppl/GSM6425912_Methylation_EPIC_759_Grn.idat.gz"
[1] "Data downloaded successfuly"
[1] "https://ftp.ncbi.nlm.nih.gov/geo/samples/GSM6425nnn/GSM6425912/suppl/GSM6425912_Methylation_EPIC_759_Red.idat.gz"
[1] "Data downloaded successfuly"
[1] "https://ftp.ncbi.nlm.nih.gov/geo/samples/GSM6425nnn/GSM6425913/suppl/GSM6425913_Methylation_EPIC_760_Grn.idat.gz"
[1] "Data downloaded successfuly"
[1] "https://ftp.ncbi.nlm.nih.gov/geo/samples/GSM6425nnn/GSM6425913/suppl/GSM6425913_Methylation_EPIC_760_Red.idat.gz"
[1] "Data downloaded successfuly"
[1] "https://ftp.ncbi.nlm.nih.gov/geo/samples/GSM6425nnn/GSM6425914/suppl/GSM6425914_Methylation_EPIC_761_Grn.idat.gz"
[1] "Data downloaded successfuly"
[1] "https://ftp.ncbi.nlm.nih.gov/geo/samples/GSM6425nnn/GSM6425914/suppl/GSM6425914_Methylation_EPIC_761_Red.idat.gz"
[1] "Data downloaded successfuly"
[1] "https://ftp.ncbi.nlm.nih.gov/geo/samples/GSM6425nnn/GSM6425915/suppl/GSM6425915_Methylation_EPIC_762_Grn.idat.gz"
[1] "Data downloaded successfuly"
[1] "https://ftp.ncbi.nlm.nih.gov/geo/samples/GSM6425nnn/GSM6425915/suppl/GSM6425915_Methylation_EPIC_762_Red.idat.gz"
[1] "Data downloaded successfuly"
[1] "https://ftp.ncbi.nlm.nih.gov/geo/samples/GSM6425nnn/GSM6425916/suppl/GSM6425916_Methylation_EPIC_763_Grn.idat.gz"
[1] "Data downloaded successfuly"
[1] "https://ftp.ncbi.nlm.nih.gov/geo/samples/GSM6425nnn/GSM6425916/suppl/GSM6425916_Methylation_EPIC_763_Red.idat.gz"
[1] "Data downloaded successfuly"
[1] "https://ftp.ncbi.nlm.nih.gov/geo/samples/GSM6425nnn/GSM6425917/suppl/GSM6425917_Methylation_EPIC_764_Grn.idat.gz"
[1] "Data downloaded successfuly"
[1] "https://ftp.ncbi.nlm.nih.gov/geo/samples/GSM6425nnn/GSM6425917/suppl/GSM6425917_Methylation_EPIC_764_Red.idat.gz"
[1] "Data downloaded successfuly"
[1] "https://ftp.ncbi.nlm.nih.gov/geo/samples/GSM6425nnn/GSM6425918/suppl/GSM6425918_Methylation_EPIC_765_Grn.idat.gz"
[1] "Data downloaded successfuly"
[1] "https://ftp.ncbi.nlm.nih.gov/geo/samples/GSM6425nnn/GSM6425918/suppl/GSM6425918_Methylation_EPIC_765_Red.idat.gz"
[1] "Data downloaded successfuly"
[1] "https://ftp.ncbi.nlm.nih.gov/geo/samples/GSM6425nnn/GSM6425919/suppl/GSM6425919_Methylation_EPIC_766_Grn.idat.gz"
[1] "Data downloaded successfuly"
[1] "https://ftp.ncbi.nlm.nih.gov/geo/samples/GSM6425nnn/GSM6425919/suppl/GSM6425919_Methylation_EPIC_766_Red.idat.gz"
[1] "Data downloaded successfuly"
[1] "https://ftp.ncbi.nlm.nih.gov/geo/samples/GSM6425nnn/GSM6425920/suppl/GSM6425920_Methylation_EPIC_767_Grn.idat.gz"
[1] "Data downloaded successfuly"
[1] "https://ftp.ncbi.nlm.nih.gov/geo/samples/GSM6425nnn/GSM6425920/suppl/GSM6425920_Methylation_EPIC_767_Red.idat.gz"
[1] "Data downloaded successfuly"
[1] "https://ftp.ncbi.nlm.nih.gov/geo/samples/GSM6425nnn/GSM6425921/suppl/GSM6425921_Methylation_EPIC_768_Grn.idat.gz"
[1] "Data downloaded successfuly"
[1] "https://ftp.ncbi.nlm.nih.gov/geo/samples/GSM6425nnn/GSM6425921/suppl/GSM6425921_Methylation_EPIC_768_Red.idat.gz"
[1] "Data downloaded successfuly"
[1] "https://ftp.ncbi.nlm.nih.gov/geo/samples/GSM6425nnn/GSM6425922/suppl/GSM6425922_Methylation_EPIC_769_Grn.idat.gz"
[1] "Data downloaded successfuly"
[1] "https://ftp.ncbi.nlm.nih.gov/geo/samples/GSM6425nnn/GSM6425922/suppl/GSM6425922_Methylation_EPIC_769_Red.idat.gz"
[1] "Data downloaded successfuly"
[1] "https://ftp.ncbi.nlm.nih.gov/geo/samples/GSM6425nnn/GSM6425923/suppl/GSM6425923_Methylation_EPIC_770_Grn.idat.gz"
[1] "Data downloaded successfuly"
[1] "https://ftp.ncbi.nlm.nih.gov/geo/samples/GSM6425nnn/GSM6425923/suppl/GSM6425923_Methylation_EPIC_770_Red.idat.gz"
[1] "Data downloaded successfuly"
[1] "https://ftp.ncbi.nlm.nih.gov/geo/samples/GSM6425nnn/GSM6425924/suppl/GSM6425924_Methylation_EPIC_771_Grn.idat.gz"
[1] "Data downloaded successfuly"
[1] "https://ftp.ncbi.nlm.nih.gov/geo/samples/GSM6425nnn/GSM6425924/suppl/GSM6425924_Methylation_EPIC_771_Red.idat.gz"
[1] "Data downloaded successfuly"
[1] "https://ftp.ncbi.nlm.nih.gov/geo/samples/GSM6425nnn/GSM6425925/suppl/GSM6425925_Methylation_EPIC_772_Grn.idat.gz"
[1] "Data downloaded successfuly"
[1] "https://ftp.ncbi.nlm.nih.gov/geo/samples/GSM6425nnn/GSM6425925/suppl/GSM6425925_Methylation_EPIC_772_Red.idat.gz"
[1] "Data downloaded successfuly"
[1] "https://ftp.ncbi.nlm.nih.gov/geo/samples/GSM6425nnn/GSM6425926/suppl/GSM6425926_Methylation_EPIC_773_Grn.idat.gz"
[1] "Data downloaded successfuly"
[1] "https://ftp.ncbi.nlm.nih.gov/geo/samples/GSM6425nnn/GSM6425926/suppl/GSM6425926_Methylation_EPIC_773_Red.idat.gz"
[1] "Data downloaded successfuly"
[1] "https://ftp.ncbi.nlm.nih.gov/geo/samples/GSM6425nnn/GSM6425927/suppl/GSM6425927_Methylation_EPIC_774_Grn.idat.gz"
[1] "Data downloaded successfuly"
[1] "https://ftp.ncbi.nlm.nih.gov/geo/samples/GSM6425nnn/GSM6425927/suppl/GSM6425927_Methylation_EPIC_774_Red.idat.gz"
[1] "Data downloaded successfuly"
[1] "https://ftp.ncbi.nlm.nih.gov/geo/samples/GSM6425nnn/GSM6425928/suppl/GSM6425928_Methylation_EPIC_775_Grn.idat.gz"
[1] "Data downloaded successfuly"
[1] "https://ftp.ncbi.nlm.nih.gov/geo/samples/GSM6425nnn/GSM6425928/suppl/GSM6425928_Methylation_EPIC_775_Red.idat.gz"
[1] "Data downloaded successfuly"
[1] "https://ftp.ncbi.nlm.nih.gov/geo/samples/GSM6425nnn/GSM6425929/suppl/GSM6425929_Methylation_EPIC_776_Grn.idat.gz"
[1] "Data downloaded successfuly"
[1] "https://ftp.ncbi.nlm.nih.gov/geo/samples/GSM6425nnn/GSM6425929/suppl/GSM6425929_Methylation_EPIC_776_Red.idat.gz"
[1] "Data downloaded successfuly"
[1] "https://ftp.ncbi.nlm.nih.gov/geo/samples/GSM6425nnn/GSM6425930/suppl/GSM6425930_Methylation_EPIC_777_Grn.idat.gz"
[1] "Data downloaded successfuly"
[1] "https://ftp.ncbi.nlm.nih.gov/geo/samples/GSM6425nnn/GSM6425930/suppl/GSM6425930_Methylation_EPIC_777_Red.idat.gz"
[1] "Data downloaded successfuly"
[1] "https://ftp.ncbi.nlm.nih.gov/geo/samples/GSM6425nnn/GSM6425931/suppl/GSM6425931_Methylation_EPIC_778_Grn.idat.gz"
[1] "Data downloaded successfuly"
[1] "https://ftp.ncbi.nlm.nih.gov/geo/samples/GSM6425nnn/GSM6425931/suppl/GSM6425931_Methylation_EPIC_778_Red.idat.gz"
[1] "Data downloaded successfuly"
[1] "https://ftp.ncbi.nlm.nih.gov/geo/samples/GSM6425nnn/GSM6425932/suppl/GSM6425932_Methylation_EPIC_779_Grn.idat.gz"
[1] "Data downloaded successfuly"
[1] "https://ftp.ncbi.nlm.nih.gov/geo/samples/GSM6425nnn/GSM6425932/suppl/GSM6425932_Methylation_EPIC_779_Red.idat.gz"
[1] "Data downloaded successfuly"
[1] "https://ftp.ncbi.nlm.nih.gov/geo/samples/GSM6425nnn/GSM6425933/suppl/GSM6425933_Methylation_EPIC_780_Grn.idat.gz"
[1] "Data downloaded successfuly"
[1] "https://ftp.ncbi.nlm.nih.gov/geo/samples/GSM6425nnn/GSM6425933/suppl/GSM6425933_Methylation_EPIC_780_Red.idat.gz"
[1] "Data downloaded successfuly"
[1] "https://ftp.ncbi.nlm.nih.gov/geo/samples/GSM6425nnn/GSM6425934/suppl/GSM6425934_Methylation_EPIC_781_Grn.idat.gz"
[1] "Data downloaded successfuly"
[1] "https://ftp.ncbi.nlm.nih.gov/geo/samples/GSM6425nnn/GSM6425934/suppl/GSM6425934_Methylation_EPIC_781_Red.idat.gz"
[1] "Data downloaded successfuly"
[1] "https://ftp.ncbi.nlm.nih.gov/geo/samples/GSM6425nnn/GSM6425935/suppl/GSM6425935_Methylation_EPIC_782_Grn.idat.gz"
[1] "Data downloaded successfuly"
[1] "https://ftp.ncbi.nlm.nih.gov/geo/samples/GSM6425nnn/GSM6425935/suppl/GSM6425935_Methylation_EPIC_782_Red.idat.gz"
[1] "Data downloaded successfuly"
[1] "https://ftp.ncbi.nlm.nih.gov/geo/samples/GSM6425nnn/GSM6425936/suppl/GSM6425936_Methylation_EPIC_783_Grn.idat.gz"
[1] "Data downloaded successfuly"
[1] "https://ftp.ncbi.nlm.nih.gov/geo/samples/GSM6425nnn/GSM6425936/suppl/GSM6425936_Methylation_EPIC_783_Red.idat.gz"
[1] "Data downloaded successfuly"
[1] "https://ftp.ncbi.nlm.nih.gov/geo/samples/GSM6425nnn/GSM6425937/suppl/GSM6425937_Methylation_EPIC_784_Grn.idat.gz"
[1] "Data downloaded successfuly"
[1] "https://ftp.ncbi.nlm.nih.gov/geo/samples/GSM6425nnn/GSM6425937/suppl/GSM6425937_Methylation_EPIC_784_Red.idat.gz"
[1] "Data downloaded successfuly"
[1] "https://ftp.ncbi.nlm.nih.gov/geo/samples/GSM6425nnn/GSM6425938/suppl/GSM6425938_Methylation_EPIC_785_Grn.idat.gz"
[1] "Data downloaded successfuly"
[1] "https://ftp.ncbi.nlm.nih.gov/geo/samples/GSM6425nnn/GSM6425938/suppl/GSM6425938_Methylation_EPIC_785_Red.idat.gz"
[1] "Data downloaded successfuly"
[1] "https://ftp.ncbi.nlm.nih.gov/geo/samples/GSM6425nnn/GSM6425939/suppl/GSM6425939_Methylation_EPIC_786_Grn.idat.gz"
[1] "Data downloaded successfuly"
[1] "https://ftp.ncbi.nlm.nih.gov/geo/samples/GSM6425nnn/GSM6425939/suppl/GSM6425939_Methylation_EPIC_786_Red.idat.gz"
[1] "Data downloaded successfuly"
[1] "https://ftp.ncbi.nlm.nih.gov/geo/samples/GSM6425nnn/GSM6425940/suppl/GSM6425940_Methylation_EPIC_787_Grn.idat.gz"
[1] "Data downloaded successfuly"
[1] "https://ftp.ncbi.nlm.nih.gov/geo/samples/GSM6425nnn/GSM6425940/suppl/GSM6425940_Methylation_EPIC_787_Red.idat.gz"
[1] "Data downloaded successfuly"
[1] "https://ftp.ncbi.nlm.nih.gov/geo/samples/GSM6425nnn/GSM6425941/suppl/GSM6425941_Methylation_EPIC_788_Grn.idat.gz"
[1] "Data downloaded successfuly"
[1] "https://ftp.ncbi.nlm.nih.gov/geo/samples/GSM6425nnn/GSM6425941/suppl/GSM6425941_Methylation_EPIC_788_Red.idat.gz"
[1] "Data downloaded successfuly"
[1] "https://ftp.ncbi.nlm.nih.gov/geo/samples/GSM6425nnn/GSM6425942/suppl/GSM6425942_Methylation_EPIC_789_Grn.idat.gz"
[1] "Data downloaded successfuly"
[1] "https://ftp.ncbi.nlm.nih.gov/geo/samples/GSM6425nnn/GSM6425942/suppl/GSM6425942_Methylation_EPIC_789_Red.idat.gz"
[1] "Data downloaded successfuly"
[1] "https://ftp.ncbi.nlm.nih.gov/geo/samples/GSM6425nnn/GSM6425943/suppl/GSM6425943_Methylation_EPIC_790_Grn.idat.gz"
[1] "Data downloaded successfuly"
[1] "https://ftp.ncbi.nlm.nih.gov/geo/samples/GSM6425nnn/GSM6425943/suppl/GSM6425943_Methylation_EPIC_790_Red.idat.gz"
[1] "Data downloaded successfuly"
[1] "https://ftp.ncbi.nlm.nih.gov/geo/samples/GSM6425nnn/GSM6425944/suppl/GSM6425944_Methylation_EPIC_791_Grn.idat.gz"
[1] "Data downloaded successfuly"
[1] "https://ftp.ncbi.nlm.nih.gov/geo/samples/GSM6425nnn/GSM6425944/suppl/GSM6425944_Methylation_EPIC_791_Red.idat.gz"
[1] "Data downloaded successfuly"
[1] "https://ftp.ncbi.nlm.nih.gov/geo/samples/GSM6425nnn/GSM6425945/suppl/GSM6425945_Methylation_EPIC_792_Grn.idat.gz"
[1] "Data downloaded successfuly"
[1] "https://ftp.ncbi.nlm.nih.gov/geo/samples/GSM6425nnn/GSM6425945/suppl/GSM6425945_Methylation_EPIC_792_Red.idat.gz"
[1] "Data downloaded successfuly"
[1] "https://ftp.ncbi.nlm.nih.gov/geo/samples/GSM6425nnn/GSM6425946/suppl/GSM6425946_Methylation_EPIC_793_Grn.idat.gz"
[1] "Data downloaded successfuly"
[1] "https://ftp.ncbi.nlm.nih.gov/geo/samples/GSM6425nnn/GSM6425946/suppl/GSM6425946_Methylation_EPIC_793_Red.idat.gz"
[1] "Data downloaded successfuly"
[1] "https://ftp.ncbi.nlm.nih.gov/geo/samples/GSM6425nnn/GSM6425947/suppl/GSM6425947_Methylation_EPIC_794_Grn.idat.gz"
[1] "Data downloaded successfuly"
[1] "https://ftp.ncbi.nlm.nih.gov/geo/samples/GSM6425nnn/GSM6425947/suppl/GSM6425947_Methylation_EPIC_794_Red.idat.gz"
[1] "Data downloaded successfuly"
[1] "https://ftp.ncbi.nlm.nih.gov/geo/samples/GSM6425nnn/GSM6425948/suppl/GSM6425948_Methylation_EPIC_795_Grn.idat.gz"
[1] "Data downloaded successfuly"
[1] "https://ftp.ncbi.nlm.nih.gov/geo/samples/GSM6425nnn/GSM6425948/suppl/GSM6425948_Methylation_EPIC_795_Red.idat.gz"
[1] "Data downloaded successfuly"
[1] "https://ftp.ncbi.nlm.nih.gov/geo/samples/GSM6425nnn/GSM6425949/suppl/GSM6425949_Methylation_EPIC_796_Grn.idat.gz"
[1] "Data downloaded successfuly"
[1] "https://ftp.ncbi.nlm.nih.gov/geo/samples/GSM6425nnn/GSM6425949/suppl/GSM6425949_Methylation_EPIC_796_Red.idat.gz"
[1] "Data downloaded successfuly"
[1] "https://ftp.ncbi.nlm.nih.gov/geo/samples/GSM6425nnn/GSM6425950/suppl/GSM6425950_Methylation_EPIC_797_Grn.idat.gz"
[1] "Data downloaded successfuly"
[1] "https://ftp.ncbi.nlm.nih.gov/geo/samples/GSM6425nnn/GSM6425950/suppl/GSM6425950_Methylation_EPIC_797_Red.idat.gz"
[1] "Data downloaded successfuly"
[1] "https://ftp.ncbi.nlm.nih.gov/geo/samples/GSM6425nnn/GSM6425951/suppl/GSM6425951_Methylation_EPIC_798_Grn.idat.gz"
[1] "Data downloaded successfuly"
[1] "https://ftp.ncbi.nlm.nih.gov/geo/samples/GSM6425nnn/GSM6425951/suppl/GSM6425951_Methylation_EPIC_798_Red.idat.gz"
[1] "Data downloaded successfuly"
[1] "https://ftp.ncbi.nlm.nih.gov/geo/samples/GSM6425nnn/GSM6425952/suppl/GSM6425952_Methylation_EPIC_799_Grn.idat.gz"
[1] "Data downloaded successfuly"
[1] "https://ftp.ncbi.nlm.nih.gov/geo/samples/GSM6425nnn/GSM6425952/suppl/GSM6425952_Methylation_EPIC_799_Red.idat.gz"
[1] "Data downloaded successfuly"
[1] "https://ftp.ncbi.nlm.nih.gov/geo/samples/GSM6425nnn/GSM6425953/suppl/GSM6425953_Methylation_EPIC_800_Grn.idat.gz"
[1] "Data downloaded successfuly"
[1] "https://ftp.ncbi.nlm.nih.gov/geo/samples/GSM6425nnn/GSM6425953/suppl/GSM6425953_Methylation_EPIC_800_Red.idat.gz"
[1] "Data downloaded successfuly"
