[1] "Downloading batch from 801 to 1000"
[1] "https://ftp.ncbi.nlm.nih.gov/geo/samples/GSM6425nnn/GSM6425954/suppl/GSM6425954_Methylation_EPIC_801_Grn.idat.gz"
[1] "Data downloaded successfuly"
[1] "https://ftp.ncbi.nlm.nih.gov/geo/samples/GSM6425nnn/GSM6425954/suppl/GSM6425954_Methylation_EPIC_801_Red.idat.gz"
[1] "Data downloaded successfuly"
[1] "https://ftp.ncbi.nlm.nih.gov/geo/samples/GSM6425nnn/GSM6425955/suppl/GSM6425955_Methylation_EPIC_802_Grn.idat.gz"
[1] "Data downloaded successfuly"
[1] "https://ftp.ncbi.nlm.nih.gov/geo/samples/GSM6425nnn/GSM6425955/suppl/GSM6425955_Methylation_EPIC_802_Red.idat.gz"
[1] "Data downloaded successfuly"
[1] "https://ftp.ncbi.nlm.nih.gov/geo/samples/GSM6425nnn/GSM6425956/suppl/GSM6425956_Methylation_EPIC_803_Grn.idat.gz"
[1] "Data downloaded successfuly"
[1] "https://ftp.ncbi.nlm.nih.gov/geo/samples/GSM6425nnn/GSM6425956/suppl/GSM6425956_Methylation_EPIC_803_Red.idat.gz"
[1] "Data downloaded successfuly"
[1] "https://ftp.ncbi.nlm.nih.gov/geo/samples/GSM6425nnn/GSM6425957/suppl/GSM6425957_Methylation_EPIC_804_Grn.idat.gz"
[1] "Data downloaded successfuly"
[1] "https://ftp.ncbi.nlm.nih.gov/geo/samples/GSM6425nnn/GSM6425957/suppl/GSM6425957_Methylation_EPIC_804_Red.idat.gz"
[1] "Data downloaded successfuly"
[1] "https://ftp.ncbi.nlm.nih.gov/geo/samples/GSM6425nnn/GSM6425958/suppl/GSM6425958_Methylation_EPIC_805_Grn.idat.gz"
[1] "Data downloaded successfuly"
[1] "https://ftp.ncbi.nlm.nih.gov/geo/samples/GSM6425nnn/GSM6425958/suppl/GSM6425958_Methylation_EPIC_805_Red.idat.gz"
[1] "Data downloaded successfuly"
[1] "https://ftp.ncbi.nlm.nih.gov/geo/samples/GSM6425nnn/GSM6425959/suppl/GSM6425959_Methylation_EPIC_806_Grn.idat.gz"
[1] "Data downloaded successfuly"
[1] "https://ftp.ncbi.nlm.nih.gov/geo/samples/GSM6425nnn/GSM6425959/suppl/GSM6425959_Methylation_EPIC_806_Red.idat.gz"
[1] "Data downloaded successfuly"
[1] "https://ftp.ncbi.nlm.nih.gov/geo/samples/GSM6425nnn/GSM6425960/suppl/GSM6425960_Methylation_EPIC_807_Grn.idat.gz"
[1] "Data downloaded successfuly"
[1] "https://ftp.ncbi.nlm.nih.gov/geo/samples/GSM6425nnn/GSM6425960/suppl/GSM6425960_Methylation_EPIC_807_Red.idat.gz"
[1] "Data downloaded successfuly"
[1] "https://ftp.ncbi.nlm.nih.gov/geo/samples/GSM6425nnn/GSM6425961/suppl/GSM6425961_Methylation_EPIC_808_Grn.idat.gz"
[1] "Data downloaded successfuly"
[1] "https://ftp.ncbi.nlm.nih.gov/geo/samples/GSM6425nnn/GSM6425961/suppl/GSM6425961_Methylation_EPIC_808_Red.idat.gz"
[1] "Data downloaded successfuly"
[1] "https://ftp.ncbi.nlm.nih.gov/geo/samples/GSM6425nnn/GSM6425962/suppl/GSM6425962_Methylation_EPIC_809_Grn.idat.gz"
[1] "Data downloaded successfuly"
[1] "https://ftp.ncbi.nlm.nih.gov/geo/samples/GSM6425nnn/GSM6425962/suppl/GSM6425962_Methylation_EPIC_809_Red.idat.gz"
[1] "Data downloaded successfuly"
[1] "https://ftp.ncbi.nlm.nih.gov/geo/samples/GSM6425nnn/GSM6425963/suppl/GSM6425963_Methylation_EPIC_810_Grn.idat.gz"
[1] "Data downloaded successfuly"
[1] "https://ftp.ncbi.nlm.nih.gov/geo/samples/GSM6425nnn/GSM6425963/suppl/GSM6425963_Methylation_EPIC_810_Red.idat.gz"
[1] "Data downloaded successfuly"
[1] "https://ftp.ncbi.nlm.nih.gov/geo/samples/GSM6425nnn/GSM6425964/suppl/GSM6425964_Methylation_EPIC_811_Grn.idat.gz"
[1] "Data downloaded successfuly"
[1] "https://ftp.ncbi.nlm.nih.gov/geo/samples/GSM6425nnn/GSM6425964/suppl/GSM6425964_Methylation_EPIC_811_Red.idat.gz"
[1] "Data downloaded successfuly"
[1] "https://ftp.ncbi.nlm.nih.gov/geo/samples/GSM6425nnn/GSM6425965/suppl/GSM6425965_Methylation_EPIC_812_Grn.idat.gz"
[1] "Data downloaded successfuly"
[1] "https://ftp.ncbi.nlm.nih.gov/geo/samples/GSM6425nnn/GSM6425965/suppl/GSM6425965_Methylation_EPIC_812_Red.idat.gz"
[1] "Data downloaded successfuly"
[1] "https://ftp.ncbi.nlm.nih.gov/geo/samples/GSM6425nnn/GSM6425966/suppl/GSM6425966_Methylation_EPIC_813_Grn.idat.gz"
[1] "Data downloaded successfuly"
[1] "https://ftp.ncbi.nlm.nih.gov/geo/samples/GSM6425nnn/GSM6425966/suppl/GSM6425966_Methylation_EPIC_813_Red.idat.gz"
[1] "Data downloaded successfuly"
[1] "https://ftp.ncbi.nlm.nih.gov/geo/samples/GSM6425nnn/GSM6425967/suppl/GSM6425967_Methylation_EPIC_814_Grn.idat.gz"
[1] "Data downloaded successfuly"
[1] "https://ftp.ncbi.nlm.nih.gov/geo/samples/GSM6425nnn/GSM6425967/suppl/GSM6425967_Methylation_EPIC_814_Red.idat.gz"
[1] "Data downloaded successfuly"
[1] "https://ftp.ncbi.nlm.nih.gov/geo/samples/GSM6425nnn/GSM6425968/suppl/GSM6425968_Methylation_EPIC_815_Grn.idat.gz"
[1] "Data downloaded successfuly"
[1] "https://ftp.ncbi.nlm.nih.gov/geo/samples/GSM6425nnn/GSM6425968/suppl/GSM6425968_Methylation_EPIC_815_Red.idat.gz"
[1] "Data downloaded successfuly"
[1] "https://ftp.ncbi.nlm.nih.gov/geo/samples/GSM6425nnn/GSM6425969/suppl/GSM6425969_Methylation_EPIC_816_Grn.idat.gz"
[1] "Data downloaded successfuly"
[1] "https://ftp.ncbi.nlm.nih.gov/geo/samples/GSM6425nnn/GSM6425969/suppl/GSM6425969_Methylation_EPIC_816_Red.idat.gz"
[1] "Data downloaded successfuly"
[1] "https://ftp.ncbi.nlm.nih.gov/geo/samples/GSM6425nnn/GSM6425970/suppl/GSM6425970_Methylation_EPIC_817_Grn.idat.gz"
[1] "Data downloaded successfuly"
[1] "https://ftp.ncbi.nlm.nih.gov/geo/samples/GSM6425nnn/GSM6425970/suppl/GSM6425970_Methylation_EPIC_817_Red.idat.gz"
[1] "Data downloaded successfuly"
[1] "https://ftp.ncbi.nlm.nih.gov/geo/samples/GSM6425nnn/GSM6425971/suppl/GSM6425971_Methylation_EPIC_818_Grn.idat.gz"
[1] "Data downloaded successfuly"
[1] "https://ftp.ncbi.nlm.nih.gov/geo/samples/GSM6425nnn/GSM6425971/suppl/GSM6425971_Methylation_EPIC_818_Red.idat.gz"
[1] "Data downloaded successfuly"
[1] "https://ftp.ncbi.nlm.nih.gov/geo/samples/GSM6425nnn/GSM6425972/suppl/GSM6425972_Methylation_EPIC_819_Grn.idat.gz"
[1] "Data downloaded successfuly"
[1] "https://ftp.ncbi.nlm.nih.gov/geo/samples/GSM6425nnn/GSM6425972/suppl/GSM6425972_Methylation_EPIC_819_Red.idat.gz"
[1] "Data downloaded successfuly"
[1] "https://ftp.ncbi.nlm.nih.gov/geo/samples/GSM6425nnn/GSM6425973/suppl/GSM6425973_Methylation_EPIC_820_Grn.idat.gz"
[1] "Data downloaded successfuly"
[1] "https://ftp.ncbi.nlm.nih.gov/geo/samples/GSM6425nnn/GSM6425973/suppl/GSM6425973_Methylation_EPIC_820_Red.idat.gz"
[1] "Data downloaded successfuly"
[1] "https://ftp.ncbi.nlm.nih.gov/geo/samples/GSM6425nnn/GSM6425974/suppl/GSM6425974_Methylation_EPIC_821_Grn.idat.gz"
[1] "Data downloaded successfuly"
[1] "https://ftp.ncbi.nlm.nih.gov/geo/samples/GSM6425nnn/GSM6425974/suppl/GSM6425974_Methylation_EPIC_821_Red.idat.gz"
[1] "Data downloaded successfuly"
[1] "https://ftp.ncbi.nlm.nih.gov/geo/samples/GSM6425nnn/GSM6425975/suppl/GSM6425975_Methylation_EPIC_822_Grn.idat.gz"
[1] "Data downloaded successfuly"
[1] "https://ftp.ncbi.nlm.nih.gov/geo/samples/GSM6425nnn/GSM6425975/suppl/GSM6425975_Methylation_EPIC_822_Red.idat.gz"
[1] "Data downloaded successfuly"
[1] "https://ftp.ncbi.nlm.nih.gov/geo/samples/GSM6425nnn/GSM6425976/suppl/GSM6425976_Methylation_EPIC_823_Grn.idat.gz"
[1] "Data downloaded successfuly"
[1] "https://ftp.ncbi.nlm.nih.gov/geo/samples/GSM6425nnn/GSM6425976/suppl/GSM6425976_Methylation_EPIC_823_Red.idat.gz"
[1] "Data downloaded successfuly"
[1] "https://ftp.ncbi.nlm.nih.gov/geo/samples/GSM6425nnn/GSM6425977/suppl/GSM6425977_Methylation_EPIC_824_Grn.idat.gz"
[1] "Data downloaded successfuly"
[1] "https://ftp.ncbi.nlm.nih.gov/geo/samples/GSM6425nnn/GSM6425977/suppl/GSM6425977_Methylation_EPIC_824_Red.idat.gz"
[1] "Data downloaded successfuly"
[1] "https://ftp.ncbi.nlm.nih.gov/geo/samples/GSM6425nnn/GSM6425978/suppl/GSM6425978_Methylation_EPIC_825_Grn.idat.gz"
[1] "Data downloaded successfuly"
[1] "https://ftp.ncbi.nlm.nih.gov/geo/samples/GSM6425nnn/GSM6425978/suppl/GSM6425978_Methylation_EPIC_825_Red.idat.gz"
[1] "Data downloaded successfuly"
[1] "https://ftp.ncbi.nlm.nih.gov/geo/samples/GSM6425nnn/GSM6425979/suppl/GSM6425979_Methylation_EPIC_826_Grn.idat.gz"
[1] "Data downloaded successfuly"
[1] "https://ftp.ncbi.nlm.nih.gov/geo/samples/GSM6425nnn/GSM6425979/suppl/GSM6425979_Methylation_EPIC_826_Red.idat.gz"
[1] "Data downloaded successfuly"
[1] "https://ftp.ncbi.nlm.nih.gov/geo/samples/GSM6425nnn/GSM6425980/suppl/GSM6425980_Methylation_EPIC_827_Grn.idat.gz"
[1] "Data downloaded successfuly"
[1] "https://ftp.ncbi.nlm.nih.gov/geo/samples/GSM6425nnn/GSM6425980/suppl/GSM6425980_Methylation_EPIC_827_Red.idat.gz"
[1] "Data downloaded successfuly"
[1] "https://ftp.ncbi.nlm.nih.gov/geo/samples/GSM6425nnn/GSM6425981/suppl/GSM6425981_Methylation_EPIC_828_Grn.idat.gz"
[1] "Data downloaded successfuly"
[1] "https://ftp.ncbi.nlm.nih.gov/geo/samples/GSM6425nnn/GSM6425981/suppl/GSM6425981_Methylation_EPIC_828_Red.idat.gz"
[1] "Data downloaded successfuly"
[1] "https://ftp.ncbi.nlm.nih.gov/geo/samples/GSM6425nnn/GSM6425982/suppl/GSM6425982_Methylation_EPIC_829_Grn.idat.gz"
[1] "Data downloaded successfuly"
[1] "https://ftp.ncbi.nlm.nih.gov/geo/samples/GSM6425nnn/GSM6425982/suppl/GSM6425982_Methylation_EPIC_829_Red.idat.gz"
[1] "Data downloaded successfuly"
[1] "https://ftp.ncbi.nlm.nih.gov/geo/samples/GSM6425nnn/GSM6425983/suppl/GSM6425983_Methylation_EPIC_830_Grn.idat.gz"
[1] "Data downloaded successfuly"
[1] "https://ftp.ncbi.nlm.nih.gov/geo/samples/GSM6425nnn/GSM6425983/suppl/GSM6425983_Methylation_EPIC_830_Red.idat.gz"
[1] "Data downloaded successfuly"
[1] "https://ftp.ncbi.nlm.nih.gov/geo/samples/GSM6425nnn/GSM6425984/suppl/GSM6425984_Methylation_EPIC_831_Grn.idat.gz"
[1] "Data downloaded successfuly"
[1] "https://ftp.ncbi.nlm.nih.gov/geo/samples/GSM6425nnn/GSM6425984/suppl/GSM6425984_Methylation_EPIC_831_Red.idat.gz"
[1] "Data downloaded successfuly"
[1] "https://ftp.ncbi.nlm.nih.gov/geo/samples/GSM6425nnn/GSM6425985/suppl/GSM6425985_Methylation_EPIC_832_Grn.idat.gz"
[1] "Data downloaded successfuly"
[1] "https://ftp.ncbi.nlm.nih.gov/geo/samples/GSM6425nnn/GSM6425985/suppl/GSM6425985_Methylation_EPIC_832_Red.idat.gz"
[1] "Data downloaded successfuly"
[1] "https://ftp.ncbi.nlm.nih.gov/geo/samples/GSM6425nnn/GSM6425986/suppl/GSM6425986_Methylation_EPIC_833_Grn.idat.gz"
[1] "Data downloaded successfuly"
[1] "https://ftp.ncbi.nlm.nih.gov/geo/samples/GSM6425nnn/GSM6425986/suppl/GSM6425986_Methylation_EPIC_833_Red.idat.gz"
[1] "Data downloaded successfuly"
[1] "https://ftp.ncbi.nlm.nih.gov/geo/samples/GSM6425nnn/GSM6425987/suppl/GSM6425987_Methylation_EPIC_834_Grn.idat.gz"
[1] "Data downloaded successfuly"
[1] "https://ftp.ncbi.nlm.nih.gov/geo/samples/GSM6425nnn/GSM6425987/suppl/GSM6425987_Methylation_EPIC_834_Red.idat.gz"
[1] "Data downloaded successfuly"
[1] "https://ftp.ncbi.nlm.nih.gov/geo/samples/GSM6425nnn/GSM6425988/suppl/GSM6425988_Methylation_EPIC_835_Grn.idat.gz"
[1] "Data downloaded successfuly"
[1] "https://ftp.ncbi.nlm.nih.gov/geo/samples/GSM6425nnn/GSM6425988/suppl/GSM6425988_Methylation_EPIC_835_Red.idat.gz"
[1] "Data downloaded successfuly"
[1] "https://ftp.ncbi.nlm.nih.gov/geo/samples/GSM6425nnn/GSM6425989/suppl/GSM6425989_Methylation_EPIC_836_Grn.idat.gz"
[1] "Data downloaded successfuly"
[1] "https://ftp.ncbi.nlm.nih.gov/geo/samples/GSM6425nnn/GSM6425989/suppl/GSM6425989_Methylation_EPIC_836_Red.idat.gz"
[1] "Data downloaded successfuly"
[1] "https://ftp.ncbi.nlm.nih.gov/geo/samples/GSM6425nnn/GSM6425990/suppl/GSM6425990_Methylation_EPIC_837_Grn.idat.gz"
[1] "Data downloaded successfuly"
[1] "https://ftp.ncbi.nlm.nih.gov/geo/samples/GSM6425nnn/GSM6425990/suppl/GSM6425990_Methylation_EPIC_837_Red.idat.gz"
[1] "Data downloaded successfuly"
[1] "https://ftp.ncbi.nlm.nih.gov/geo/samples/GSM6425nnn/GSM6425991/suppl/GSM6425991_Methylation_EPIC_838_Grn.idat.gz"
[1] "Data downloaded successfuly"
[1] "https://ftp.ncbi.nlm.nih.gov/geo/samples/GSM6425nnn/GSM6425991/suppl/GSM6425991_Methylation_EPIC_838_Red.idat.gz"
[1] "Data downloaded successfuly"
[1] "https://ftp.ncbi.nlm.nih.gov/geo/samples/GSM6425nnn/GSM6425992/suppl/GSM6425992_Methylation_EPIC_839_Grn.idat.gz"
[1] "Data downloaded successfuly"
[1] "https://ftp.ncbi.nlm.nih.gov/geo/samples/GSM6425nnn/GSM6425992/suppl/GSM6425992_Methylation_EPIC_839_Red.idat.gz"
[1] "Data downloaded successfuly"
[1] "https://ftp.ncbi.nlm.nih.gov/geo/samples/GSM6425nnn/GSM6425993/suppl/GSM6425993_Methylation_EPIC_840_Grn.idat.gz"
[1] "Data downloaded successfuly"
[1] "https://ftp.ncbi.nlm.nih.gov/geo/samples/GSM6425nnn/GSM6425993/suppl/GSM6425993_Methylation_EPIC_840_Red.idat.gz"
[1] "Data downloaded successfuly"
[1] "https://ftp.ncbi.nlm.nih.gov/geo/samples/GSM6425nnn/GSM6425994/suppl/GSM6425994_Methylation_EPIC_841_Grn.idat.gz"
[1] "Data downloaded successfuly"
[1] "https://ftp.ncbi.nlm.nih.gov/geo/samples/GSM6425nnn/GSM6425994/suppl/GSM6425994_Methylation_EPIC_841_Red.idat.gz"
[1] "Data downloaded successfuly"
[1] "https://ftp.ncbi.nlm.nih.gov/geo/samples/GSM6425nnn/GSM6425995/suppl/GSM6425995_Methylation_EPIC_842_Grn.idat.gz"
[1] "Data downloaded successfuly"
[1] "https://ftp.ncbi.nlm.nih.gov/geo/samples/GSM6425nnn/GSM6425995/suppl/GSM6425995_Methylation_EPIC_842_Red.idat.gz"
[1] "Data downloaded successfuly"
[1] "https://ftp.ncbi.nlm.nih.gov/geo/samples/GSM6425nnn/GSM6425996/suppl/GSM6425996_Methylation_EPIC_843_Grn.idat.gz"
[1] "Data downloaded successfuly"
[1] "https://ftp.ncbi.nlm.nih.gov/geo/samples/GSM6425nnn/GSM6425996/suppl/GSM6425996_Methylation_EPIC_843_Red.idat.gz"
[1] "Data downloaded successfuly"
[1] "https://ftp.ncbi.nlm.nih.gov/geo/samples/GSM6425nnn/GSM6425997/suppl/GSM6425997_Methylation_EPIC_844_Grn.idat.gz"
[1] "Data downloaded successfuly"
[1] "https://ftp.ncbi.nlm.nih.gov/geo/samples/GSM6425nnn/GSM6425997/suppl/GSM6425997_Methylation_EPIC_844_Red.idat.gz"
[1] "Data downloaded successfuly"
[1] "https://ftp.ncbi.nlm.nih.gov/geo/samples/GSM6425nnn/GSM6425998/suppl/GSM6425998_Methylation_EPIC_845_Grn.idat.gz"
[1] "Data downloaded successfuly"
[1] "https://ftp.ncbi.nlm.nih.gov/geo/samples/GSM6425nnn/GSM6425998/suppl/GSM6425998_Methylation_EPIC_845_Red.idat.gz"
[1] "Data downloaded successfuly"
[1] "https://ftp.ncbi.nlm.nih.gov/geo/samples/GSM6425nnn/GSM6425999/suppl/GSM6425999_Methylation_EPIC_846_Grn.idat.gz"
[1] "Data downloaded successfuly"
[1] "https://ftp.ncbi.nlm.nih.gov/geo/samples/GSM6425nnn/GSM6425999/suppl/GSM6425999_Methylation_EPIC_846_Red.idat.gz"
[1] "Data downloaded successfuly"
[1] "https://ftp.ncbi.nlm.nih.gov/geo/samples/GSM6426nnn/GSM6426000/suppl/GSM6426000_Methylation_EPIC_847_Grn.idat.gz"
[1] "Data downloaded successfuly"
[1] "https://ftp.ncbi.nlm.nih.gov/geo/samples/GSM6426nnn/GSM6426000/suppl/GSM6426000_Methylation_EPIC_847_Red.idat.gz"
[1] "Data downloaded successfuly"
[1] "https://ftp.ncbi.nlm.nih.gov/geo/samples/GSM6426nnn/GSM6426001/suppl/GSM6426001_Methylation_EPIC_848_Grn.idat.gz"
[1] "Data downloaded successfuly"
[1] "https://ftp.ncbi.nlm.nih.gov/geo/samples/GSM6426nnn/GSM6426001/suppl/GSM6426001_Methylation_EPIC_848_Red.idat.gz"
[1] "Data downloaded successfuly"
[1] "https://ftp.ncbi.nlm.nih.gov/geo/samples/GSM6426nnn/GSM6426002/suppl/GSM6426002_Methylation_EPIC_849_Grn.idat.gz"
[1] "Data downloaded successfuly"
[1] "https://ftp.ncbi.nlm.nih.gov/geo/samples/GSM6426nnn/GSM6426002/suppl/GSM6426002_Methylation_EPIC_849_Red.idat.gz"
[1] "Data downloaded successfuly"
[1] "https://ftp.ncbi.nlm.nih.gov/geo/samples/GSM6426nnn/GSM6426003/suppl/GSM6426003_Methylation_EPIC_850_Grn.idat.gz"
[1] "Data downloaded successfuly"
[1] "https://ftp.ncbi.nlm.nih.gov/geo/samples/GSM6426nnn/GSM6426003/suppl/GSM6426003_Methylation_EPIC_850_Red.idat.gz"
[1] "Data downloaded successfuly"
[1] "https://ftp.ncbi.nlm.nih.gov/geo/samples/GSM6426nnn/GSM6426004/suppl/GSM6426004_Methylation_EPIC_851_Grn.idat.gz"
[1] "Data downloaded successfuly"
[1] "https://ftp.ncbi.nlm.nih.gov/geo/samples/GSM6426nnn/GSM6426004/suppl/GSM6426004_Methylation_EPIC_851_Red.idat.gz"
[1] "Data downloaded successfuly"
[1] "https://ftp.ncbi.nlm.nih.gov/geo/samples/GSM6426nnn/GSM6426005/suppl/GSM6426005_Methylation_EPIC_852_Grn.idat.gz"
[1] "Data downloaded successfuly"
[1] "https://ftp.ncbi.nlm.nih.gov/geo/samples/GSM6426nnn/GSM6426005/suppl/GSM6426005_Methylation_EPIC_852_Red.idat.gz"
[1] "Data downloaded successfuly"
[1] "https://ftp.ncbi.nlm.nih.gov/geo/samples/GSM6426nnn/GSM6426006/suppl/GSM6426006_Methylation_EPIC_853_Grn.idat.gz"
[1] "Data downloaded successfuly"
[1] "https://ftp.ncbi.nlm.nih.gov/geo/samples/GSM6426nnn/GSM6426006/suppl/GSM6426006_Methylation_EPIC_853_Red.idat.gz"
[1] "Data downloaded successfuly"
[1] "https://ftp.ncbi.nlm.nih.gov/geo/samples/GSM6426nnn/GSM6426007/suppl/GSM6426007_Methylation_EPIC_854_Grn.idat.gz"
[1] "Data downloaded successfuly"
[1] "https://ftp.ncbi.nlm.nih.gov/geo/samples/GSM6426nnn/GSM6426007/suppl/GSM6426007_Methylation_EPIC_854_Red.idat.gz"
[1] "Data downloaded successfuly"
[1] "https://ftp.ncbi.nlm.nih.gov/geo/samples/GSM6426nnn/GSM6426008/suppl/GSM6426008_Methylation_EPIC_855_Grn.idat.gz"
[1] "Data downloaded successfuly"
[1] "https://ftp.ncbi.nlm.nih.gov/geo/samples/GSM6426nnn/GSM6426008/suppl/GSM6426008_Methylation_EPIC_855_Red.idat.gz"
[1] "Data downloaded successfuly"
[1] "https://ftp.ncbi.nlm.nih.gov/geo/samples/GSM6426nnn/GSM6426009/suppl/GSM6426009_Methylation_EPIC_856_Grn.idat.gz"
[1] "Data downloaded successfuly"
[1] "https://ftp.ncbi.nlm.nih.gov/geo/samples/GSM6426nnn/GSM6426009/suppl/GSM6426009_Methylation_EPIC_856_Red.idat.gz"
[1] "Data downloaded successfuly"
[1] "https://ftp.ncbi.nlm.nih.gov/geo/samples/GSM6426nnn/GSM6426010/suppl/GSM6426010_Methylation_EPIC_857_Grn.idat.gz"
[1] "Data downloaded successfuly"
[1] "https://ftp.ncbi.nlm.nih.gov/geo/samples/GSM6426nnn/GSM6426010/suppl/GSM6426010_Methylation_EPIC_857_Red.idat.gz"
[1] "Data downloaded successfuly"
[1] "https://ftp.ncbi.nlm.nih.gov/geo/samples/GSM6426nnn/GSM6426011/suppl/GSM6426011_Methylation_EPIC_858_Grn.idat.gz"
[1] "Data downloaded successfuly"
[1] "https://ftp.ncbi.nlm.nih.gov/geo/samples/GSM6426nnn/GSM6426011/suppl/GSM6426011_Methylation_EPIC_858_Red.idat.gz"
[1] "Data downloaded successfuly"
[1] "https://ftp.ncbi.nlm.nih.gov/geo/samples/GSM6426nnn/GSM6426012/suppl/GSM6426012_Methylation_EPIC_859_Grn.idat.gz"
[1] "Data downloaded successfuly"
[1] "https://ftp.ncbi.nlm.nih.gov/geo/samples/GSM6426nnn/GSM6426012/suppl/GSM6426012_Methylation_EPIC_859_Red.idat.gz"
[1] "Data downloaded successfuly"
[1] "https://ftp.ncbi.nlm.nih.gov/geo/samples/GSM6426nnn/GSM6426013/suppl/GSM6426013_Methylation_EPIC_860_Grn.idat.gz"
[1] "Data downloaded successfuly"
[1] "https://ftp.ncbi.nlm.nih.gov/geo/samples/GSM6426nnn/GSM6426013/suppl/GSM6426013_Methylation_EPIC_860_Red.idat.gz"
[1] "Data downloaded successfuly"
[1] "https://ftp.ncbi.nlm.nih.gov/geo/samples/GSM6426nnn/GSM6426014/suppl/GSM6426014_Methylation_EPIC_861_Grn.idat.gz"
[1] "Data downloaded successfuly"
[1] "https://ftp.ncbi.nlm.nih.gov/geo/samples/GSM6426nnn/GSM6426014/suppl/GSM6426014_Methylation_EPIC_861_Red.idat.gz"
[1] "Data downloaded successfuly"
[1] "https://ftp.ncbi.nlm.nih.gov/geo/samples/GSM6426nnn/GSM6426015/suppl/GSM6426015_Methylation_EPIC_862_Grn.idat.gz"
[1] "Data downloaded successfuly"
[1] "https://ftp.ncbi.nlm.nih.gov/geo/samples/GSM6426nnn/GSM6426015/suppl/GSM6426015_Methylation_EPIC_862_Red.idat.gz"
[1] "Data downloaded successfuly"
[1] "https://ftp.ncbi.nlm.nih.gov/geo/samples/GSM6426nnn/GSM6426016/suppl/GSM6426016_Methylation_EPIC_863_Grn.idat.gz"
[1] "Data downloaded successfuly"
[1] "https://ftp.ncbi.nlm.nih.gov/geo/samples/GSM6426nnn/GSM6426016/suppl/GSM6426016_Methylation_EPIC_863_Red.idat.gz"
[1] "Data downloaded successfuly"
[1] "https://ftp.ncbi.nlm.nih.gov/geo/samples/GSM6426nnn/GSM6426017/suppl/GSM6426017_Methylation_EPIC_864_Grn.idat.gz"
[1] "Data downloaded successfuly"
[1] "https://ftp.ncbi.nlm.nih.gov/geo/samples/GSM6426nnn/GSM6426017/suppl/GSM6426017_Methylation_EPIC_864_Red.idat.gz"
[1] "Data downloaded successfuly"
[1] "https://ftp.ncbi.nlm.nih.gov/geo/samples/GSM6426nnn/GSM6426018/suppl/GSM6426018_Methylation_EPIC_865_Grn.idat.gz"
[1] "Data downloaded successfuly"
[1] "https://ftp.ncbi.nlm.nih.gov/geo/samples/GSM6426nnn/GSM6426018/suppl/GSM6426018_Methylation_EPIC_865_Red.idat.gz"
[1] "Data downloaded successfuly"
[1] "https://ftp.ncbi.nlm.nih.gov/geo/samples/GSM6426nnn/GSM6426019/suppl/GSM6426019_Methylation_EPIC_866_Grn.idat.gz"
[1] "Data downloaded successfuly"
[1] "https://ftp.ncbi.nlm.nih.gov/geo/samples/GSM6426nnn/GSM6426019/suppl/GSM6426019_Methylation_EPIC_866_Red.idat.gz"
[1] "Data downloaded successfuly"
[1] "https://ftp.ncbi.nlm.nih.gov/geo/samples/GSM6426nnn/GSM6426020/suppl/GSM6426020_Methylation_EPIC_867_Grn.idat.gz"
[1] "Data downloaded successfuly"
[1] "https://ftp.ncbi.nlm.nih.gov/geo/samples/GSM6426nnn/GSM6426020/suppl/GSM6426020_Methylation_EPIC_867_Red.idat.gz"
[1] "Data downloaded successfuly"
[1] "https://ftp.ncbi.nlm.nih.gov/geo/samples/GSM6426nnn/GSM6426021/suppl/GSM6426021_Methylation_EPIC_868_Grn.idat.gz"
[1] "Data downloaded successfuly"
[1] "https://ftp.ncbi.nlm.nih.gov/geo/samples/GSM6426nnn/GSM6426021/suppl/GSM6426021_Methylation_EPIC_868_Red.idat.gz"
[1] "Data downloaded successfuly"
[1] "https://ftp.ncbi.nlm.nih.gov/geo/samples/GSM6426nnn/GSM6426022/suppl/GSM6426022_Methylation_EPIC_869_Grn.idat.gz"
[1] "Data downloaded successfuly"
[1] "https://ftp.ncbi.nlm.nih.gov/geo/samples/GSM6426nnn/GSM6426022/suppl/GSM6426022_Methylation_EPIC_869_Red.idat.gz"
[1] "Data downloaded successfuly"
[1] "https://ftp.ncbi.nlm.nih.gov/geo/samples/GSM6426nnn/GSM6426023/suppl/GSM6426023_Methylation_EPIC_870_Grn.idat.gz"
[1] "Data downloaded successfuly"
[1] "https://ftp.ncbi.nlm.nih.gov/geo/samples/GSM6426nnn/GSM6426023/suppl/GSM6426023_Methylation_EPIC_870_Red.idat.gz"
[1] "Data downloaded successfuly"
[1] "https://ftp.ncbi.nlm.nih.gov/geo/samples/GSM6426nnn/GSM6426024/suppl/GSM6426024_Methylation_EPIC_871_Grn.idat.gz"
[1] "Data downloaded successfuly"
[1] "https://ftp.ncbi.nlm.nih.gov/geo/samples/GSM6426nnn/GSM6426024/suppl/GSM6426024_Methylation_EPIC_871_Red.idat.gz"
[1] "Data downloaded successfuly"
[1] "https://ftp.ncbi.nlm.nih.gov/geo/samples/GSM6426nnn/GSM6426025/suppl/GSM6426025_Methylation_EPIC_872_Grn.idat.gz"
[1] "Data downloaded successfuly"
[1] "https://ftp.ncbi.nlm.nih.gov/geo/samples/GSM6426nnn/GSM6426025/suppl/GSM6426025_Methylation_EPIC_872_Red.idat.gz"
[1] "Data downloaded successfuly"
[1] "https://ftp.ncbi.nlm.nih.gov/geo/samples/GSM6426nnn/GSM6426026/suppl/GSM6426026_Methylation_EPIC_873_Grn.idat.gz"
[1] "Data downloaded successfuly"
[1] "https://ftp.ncbi.nlm.nih.gov/geo/samples/GSM6426nnn/GSM6426026/suppl/GSM6426026_Methylation_EPIC_873_Red.idat.gz"
[1] "Data downloaded successfuly"
[1] "https://ftp.ncbi.nlm.nih.gov/geo/samples/GSM6426nnn/GSM6426027/suppl/GSM6426027_Methylation_EPIC_874_Grn.idat.gz"
[1] "Data downloaded successfuly"
[1] "https://ftp.ncbi.nlm.nih.gov/geo/samples/GSM6426nnn/GSM6426027/suppl/GSM6426027_Methylation_EPIC_874_Red.idat.gz"
[1] "Data downloaded successfuly"
[1] "https://ftp.ncbi.nlm.nih.gov/geo/samples/GSM6426nnn/GSM6426028/suppl/GSM6426028_Methylation_EPIC_875_Grn.idat.gz"
[1] "Data downloaded successfuly"
[1] "https://ftp.ncbi.nlm.nih.gov/geo/samples/GSM6426nnn/GSM6426028/suppl/GSM6426028_Methylation_EPIC_875_Red.idat.gz"
[1] "Data downloaded successfuly"
[1] "https://ftp.ncbi.nlm.nih.gov/geo/samples/GSM6426nnn/GSM6426029/suppl/GSM6426029_Methylation_EPIC_876_Grn.idat.gz"
[1] "Data downloaded successfuly"
[1] "https://ftp.ncbi.nlm.nih.gov/geo/samples/GSM6426nnn/GSM6426029/suppl/GSM6426029_Methylation_EPIC_876_Red.idat.gz"
[1] "Data downloaded successfuly"
[1] "https://ftp.ncbi.nlm.nih.gov/geo/samples/GSM6426nnn/GSM6426030/suppl/GSM6426030_Methylation_EPIC_877_Grn.idat.gz"
[1] "Data downloaded successfuly"
[1] "https://ftp.ncbi.nlm.nih.gov/geo/samples/GSM6426nnn/GSM6426030/suppl/GSM6426030_Methylation_EPIC_877_Red.idat.gz"
[1] "Data downloaded successfuly"
[1] "https://ftp.ncbi.nlm.nih.gov/geo/samples/GSM6426nnn/GSM6426031/suppl/GSM6426031_Methylation_EPIC_878_Grn.idat.gz"
[1] "Data downloaded successfuly"
[1] "https://ftp.ncbi.nlm.nih.gov/geo/samples/GSM6426nnn/GSM6426031/suppl/GSM6426031_Methylation_EPIC_878_Red.idat.gz"
[1] "Data downloaded successfuly"
[1] "https://ftp.ncbi.nlm.nih.gov/geo/samples/GSM6426nnn/GSM6426032/suppl/GSM6426032_Methylation_EPIC_879_Grn.idat.gz"
[1] "Data downloaded successfuly"
[1] "https://ftp.ncbi.nlm.nih.gov/geo/samples/GSM6426nnn/GSM6426032/suppl/GSM6426032_Methylation_EPIC_879_Red.idat.gz"
[1] "Data downloaded successfuly"
[1] "https://ftp.ncbi.nlm.nih.gov/geo/samples/GSM6426nnn/GSM6426033/suppl/GSM6426033_Methylation_EPIC_880_Grn.idat.gz"
[1] "Data downloaded successfuly"
[1] "https://ftp.ncbi.nlm.nih.gov/geo/samples/GSM6426nnn/GSM6426033/suppl/GSM6426033_Methylation_EPIC_880_Red.idat.gz"
[1] "Data downloaded successfuly"
[1] "https://ftp.ncbi.nlm.nih.gov/geo/samples/GSM6426nnn/GSM6426034/suppl/GSM6426034_Methylation_EPIC_881_Grn.idat.gz"
[1] "Data downloaded successfuly"
[1] "https://ftp.ncbi.nlm.nih.gov/geo/samples/GSM6426nnn/GSM6426034/suppl/GSM6426034_Methylation_EPIC_881_Red.idat.gz"
[1] "Data downloaded successfuly"
[1] "https://ftp.ncbi.nlm.nih.gov/geo/samples/GSM6426nnn/GSM6426035/suppl/GSM6426035_Methylation_EPIC_882_Grn.idat.gz"
[1] "Data downloaded successfuly"
[1] "https://ftp.ncbi.nlm.nih.gov/geo/samples/GSM6426nnn/GSM6426035/suppl/GSM6426035_Methylation_EPIC_882_Red.idat.gz"
[1] "Data downloaded successfuly"
[1] "https://ftp.ncbi.nlm.nih.gov/geo/samples/GSM6426nnn/GSM6426036/suppl/GSM6426036_Methylation_EPIC_883_Grn.idat.gz"
[1] "Data downloaded successfuly"
[1] "https://ftp.ncbi.nlm.nih.gov/geo/samples/GSM6426nnn/GSM6426036/suppl/GSM6426036_Methylation_EPIC_883_Red.idat.gz"
[1] "Data downloaded successfuly"
[1] "https://ftp.ncbi.nlm.nih.gov/geo/samples/GSM6426nnn/GSM6426037/suppl/GSM6426037_Methylation_EPIC_884_Grn.idat.gz"
[1] "Data downloaded successfuly"
[1] "https://ftp.ncbi.nlm.nih.gov/geo/samples/GSM6426nnn/GSM6426037/suppl/GSM6426037_Methylation_EPIC_884_Red.idat.gz"
[1] "Data downloaded successfuly"
[1] "https://ftp.ncbi.nlm.nih.gov/geo/samples/GSM6426nnn/GSM6426038/suppl/GSM6426038_Methylation_EPIC_885_Grn.idat.gz"
[1] "Data downloaded successfuly"
[1] "https://ftp.ncbi.nlm.nih.gov/geo/samples/GSM6426nnn/GSM6426038/suppl/GSM6426038_Methylation_EPIC_885_Red.idat.gz"
[1] "Data downloaded successfuly"
[1] "https://ftp.ncbi.nlm.nih.gov/geo/samples/GSM6426nnn/GSM6426039/suppl/GSM6426039_Methylation_EPIC_886_Grn.idat.gz"
[1] "Data downloaded successfuly"
[1] "https://ftp.ncbi.nlm.nih.gov/geo/samples/GSM6426nnn/GSM6426039/suppl/GSM6426039_Methylation_EPIC_886_Red.idat.gz"
[1] "Data downloaded successfuly"
[1] "https://ftp.ncbi.nlm.nih.gov/geo/samples/GSM6426nnn/GSM6426040/suppl/GSM6426040_Methylation_EPIC_887_Grn.idat.gz"
[1] "Data downloaded successfuly"
[1] "https://ftp.ncbi.nlm.nih.gov/geo/samples/GSM6426nnn/GSM6426040/suppl/GSM6426040_Methylation_EPIC_887_Red.idat.gz"
[1] "Data downloaded successfuly"
[1] "https://ftp.ncbi.nlm.nih.gov/geo/samples/GSM6426nnn/GSM6426041/suppl/GSM6426041_Methylation_EPIC_888_Grn.idat.gz"
[1] "Data downloaded successfuly"
[1] "https://ftp.ncbi.nlm.nih.gov/geo/samples/GSM6426nnn/GSM6426041/suppl/GSM6426041_Methylation_EPIC_888_Red.idat.gz"
[1] "Data downloaded successfuly"
[1] "https://ftp.ncbi.nlm.nih.gov/geo/samples/GSM6426nnn/GSM6426042/suppl/GSM6426042_Methylation_EPIC_889_Grn.idat.gz"
[1] "Data downloaded successfuly"
[1] "https://ftp.ncbi.nlm.nih.gov/geo/samples/GSM6426nnn/GSM6426042/suppl/GSM6426042_Methylation_EPIC_889_Red.idat.gz"
[1] "Data downloaded successfuly"
[1] "https://ftp.ncbi.nlm.nih.gov/geo/samples/GSM6426nnn/GSM6426043/suppl/GSM6426043_Methylation_EPIC_890_Grn.idat.gz"
[1] "Data downloaded successfuly"
[1] "https://ftp.ncbi.nlm.nih.gov/geo/samples/GSM6426nnn/GSM6426043/suppl/GSM6426043_Methylation_EPIC_890_Red.idat.gz"
[1] "Data downloaded successfuly"
[1] "https://ftp.ncbi.nlm.nih.gov/geo/samples/GSM6426nnn/GSM6426044/suppl/GSM6426044_Methylation_EPIC_891_Grn.idat.gz"
[1] "Data downloaded successfuly"
[1] "https://ftp.ncbi.nlm.nih.gov/geo/samples/GSM6426nnn/GSM6426044/suppl/GSM6426044_Methylation_EPIC_891_Red.idat.gz"
[1] "Data downloaded successfuly"
[1] "https://ftp.ncbi.nlm.nih.gov/geo/samples/GSM6426nnn/GSM6426045/suppl/GSM6426045_Methylation_EPIC_892_Grn.idat.gz"
[1] "Data downloaded successfuly"
[1] "https://ftp.ncbi.nlm.nih.gov/geo/samples/GSM6426nnn/GSM6426045/suppl/GSM6426045_Methylation_EPIC_892_Red.idat.gz"
[1] "Data downloaded successfuly"
[1] "https://ftp.ncbi.nlm.nih.gov/geo/samples/GSM6426nnn/GSM6426046/suppl/GSM6426046_Methylation_EPIC_893_Grn.idat.gz"
[1] "Data downloaded successfuly"
[1] "https://ftp.ncbi.nlm.nih.gov/geo/samples/GSM6426nnn/GSM6426046/suppl/GSM6426046_Methylation_EPIC_893_Red.idat.gz"
[1] "Data downloaded successfuly"
[1] "https://ftp.ncbi.nlm.nih.gov/geo/samples/GSM6426nnn/GSM6426047/suppl/GSM6426047_Methylation_EPIC_894_Grn.idat.gz"
[1] "Data downloaded successfuly"
[1] "https://ftp.ncbi.nlm.nih.gov/geo/samples/GSM6426nnn/GSM6426047/suppl/GSM6426047_Methylation_EPIC_894_Red.idat.gz"
[1] "Data downloaded successfuly"
[1] "https://ftp.ncbi.nlm.nih.gov/geo/samples/GSM6426nnn/GSM6426048/suppl/GSM6426048_Methylation_EPIC_895_Grn.idat.gz"
[1] "Data downloaded successfuly"
[1] "https://ftp.ncbi.nlm.nih.gov/geo/samples/GSM6426nnn/GSM6426048/suppl/GSM6426048_Methylation_EPIC_895_Red.idat.gz"
[1] "Data downloaded successfuly"
[1] "https://ftp.ncbi.nlm.nih.gov/geo/samples/GSM6426nnn/GSM6426049/suppl/GSM6426049_Methylation_EPIC_896_Grn.idat.gz"
[1] "Data downloaded successfuly"
[1] "https://ftp.ncbi.nlm.nih.gov/geo/samples/GSM6426nnn/GSM6426049/suppl/GSM6426049_Methylation_EPIC_896_Red.idat.gz"
[1] "Data downloaded successfuly"
[1] "https://ftp.ncbi.nlm.nih.gov/geo/samples/GSM6426nnn/GSM6426050/suppl/GSM6426050_Methylation_EPIC_897_Grn.idat.gz"
[1] "Data downloaded successfuly"
[1] "https://ftp.ncbi.nlm.nih.gov/geo/samples/GSM6426nnn/GSM6426050/suppl/GSM6426050_Methylation_EPIC_897_Red.idat.gz"
[1] "Data downloaded successfuly"
[1] "https://ftp.ncbi.nlm.nih.gov/geo/samples/GSM6426nnn/GSM6426051/suppl/GSM6426051_Methylation_EPIC_898_Grn.idat.gz"
[1] "Data downloaded successfuly"
[1] "https://ftp.ncbi.nlm.nih.gov/geo/samples/GSM6426nnn/GSM6426051/suppl/GSM6426051_Methylation_EPIC_898_Red.idat.gz"
[1] "Data downloaded successfuly"
[1] "https://ftp.ncbi.nlm.nih.gov/geo/samples/GSM6426nnn/GSM6426052/suppl/GSM6426052_Methylation_EPIC_899_Grn.idat.gz"
[1] "Data downloaded successfuly"
[1] "https://ftp.ncbi.nlm.nih.gov/geo/samples/GSM6426nnn/GSM6426052/suppl/GSM6426052_Methylation_EPIC_899_Red.idat.gz"
[1] "Data downloaded successfuly"
[1] "https://ftp.ncbi.nlm.nih.gov/geo/samples/GSM6426nnn/GSM6426053/suppl/GSM6426053_Methylation_EPIC_900_Grn.idat.gz"
[1] "Data downloaded successfuly"
[1] "https://ftp.ncbi.nlm.nih.gov/geo/samples/GSM6426nnn/GSM6426053/suppl/GSM6426053_Methylation_EPIC_900_Red.idat.gz"
[1] "Data downloaded successfuly"
[1] "https://ftp.ncbi.nlm.nih.gov/geo/samples/GSM6426nnn/GSM6426054/suppl/GSM6426054_Methylation_EPIC_901_Grn.idat.gz"
[1] "Data downloaded successfuly"
[1] "https://ftp.ncbi.nlm.nih.gov/geo/samples/GSM6426nnn/GSM6426054/suppl/GSM6426054_Methylation_EPIC_901_Red.idat.gz"
[1] "Data downloaded successfuly"
[1] "https://ftp.ncbi.nlm.nih.gov/geo/samples/GSM6426nnn/GSM6426055/suppl/GSM6426055_Methylation_EPIC_902_Grn.idat.gz"
[1] "Data downloaded successfuly"
[1] "https://ftp.ncbi.nlm.nih.gov/geo/samples/GSM6426nnn/GSM6426055/suppl/GSM6426055_Methylation_EPIC_902_Red.idat.gz"
[1] "Data downloaded successfuly"
[1] "https://ftp.ncbi.nlm.nih.gov/geo/samples/GSM6426nnn/GSM6426056/suppl/GSM6426056_Methylation_EPIC_903_Grn.idat.gz"
[1] "Data downloaded successfuly"
[1] "https://ftp.ncbi.nlm.nih.gov/geo/samples/GSM6426nnn/GSM6426056/suppl/GSM6426056_Methylation_EPIC_903_Red.idat.gz"
[1] "Data downloaded successfuly"
[1] "https://ftp.ncbi.nlm.nih.gov/geo/samples/GSM6426nnn/GSM6426057/suppl/GSM6426057_Methylation_EPIC_904_Grn.idat.gz"
[1] "Data downloaded successfuly"
[1] "https://ftp.ncbi.nlm.nih.gov/geo/samples/GSM6426nnn/GSM6426057/suppl/GSM6426057_Methylation_EPIC_904_Red.idat.gz"
[1] "Data downloaded successfuly"
[1] "https://ftp.ncbi.nlm.nih.gov/geo/samples/GSM6426nnn/GSM6426058/suppl/GSM6426058_Methylation_EPIC_905_Grn.idat.gz"
[1] "Data downloaded successfuly"
[1] "https://ftp.ncbi.nlm.nih.gov/geo/samples/GSM6426nnn/GSM6426058/suppl/GSM6426058_Methylation_EPIC_905_Red.idat.gz"
[1] "Data downloaded successfuly"
[1] "https://ftp.ncbi.nlm.nih.gov/geo/samples/GSM6426nnn/GSM6426059/suppl/GSM6426059_Methylation_EPIC_906_Grn.idat.gz"
[1] "Data downloaded successfuly"
[1] "https://ftp.ncbi.nlm.nih.gov/geo/samples/GSM6426nnn/GSM6426059/suppl/GSM6426059_Methylation_EPIC_906_Red.idat.gz"
[1] "Data downloaded successfuly"
[1] "https://ftp.ncbi.nlm.nih.gov/geo/samples/GSM6426nnn/GSM6426060/suppl/GSM6426060_Methylation_EPIC_907_Grn.idat.gz"
[1] "Data downloaded successfuly"
[1] "https://ftp.ncbi.nlm.nih.gov/geo/samples/GSM6426nnn/GSM6426060/suppl/GSM6426060_Methylation_EPIC_907_Red.idat.gz"
[1] "Data downloaded successfuly"
[1] "https://ftp.ncbi.nlm.nih.gov/geo/samples/GSM6426nnn/GSM6426061/suppl/GSM6426061_Methylation_EPIC_908_Grn.idat.gz"
[1] "Data downloaded successfuly"
[1] "https://ftp.ncbi.nlm.nih.gov/geo/samples/GSM6426nnn/GSM6426061/suppl/GSM6426061_Methylation_EPIC_908_Red.idat.gz"
[1] "Data downloaded successfuly"
[1] "https://ftp.ncbi.nlm.nih.gov/geo/samples/GSM6426nnn/GSM6426062/suppl/GSM6426062_Methylation_EPIC_909_Grn.idat.gz"
[1] "Data downloaded successfuly"
[1] "https://ftp.ncbi.nlm.nih.gov/geo/samples/GSM6426nnn/GSM6426062/suppl/GSM6426062_Methylation_EPIC_909_Red.idat.gz"
[1] "Data downloaded successfuly"
[1] "https://ftp.ncbi.nlm.nih.gov/geo/samples/GSM6426nnn/GSM6426063/suppl/GSM6426063_Methylation_EPIC_910_Grn.idat.gz"
[1] "Data downloaded successfuly"
[1] "https://ftp.ncbi.nlm.nih.gov/geo/samples/GSM6426nnn/GSM6426063/suppl/GSM6426063_Methylation_EPIC_910_Red.idat.gz"
[1] "Data downloaded successfuly"
[1] "https://ftp.ncbi.nlm.nih.gov/geo/samples/GSM6426nnn/GSM6426064/suppl/GSM6426064_Methylation_EPIC_911_Grn.idat.gz"
[1] "Data downloaded successfuly"
[1] "https://ftp.ncbi.nlm.nih.gov/geo/samples/GSM6426nnn/GSM6426064/suppl/GSM6426064_Methylation_EPIC_911_Red.idat.gz"
[1] "Data downloaded successfuly"
[1] "https://ftp.ncbi.nlm.nih.gov/geo/samples/GSM6426nnn/GSM6426065/suppl/GSM6426065_Methylation_EPIC_912_Grn.idat.gz"
[1] "Data downloaded successfuly"
[1] "https://ftp.ncbi.nlm.nih.gov/geo/samples/GSM6426nnn/GSM6426065/suppl/GSM6426065_Methylation_EPIC_912_Red.idat.gz"
[1] "Data downloaded successfuly"
[1] "https://ftp.ncbi.nlm.nih.gov/geo/samples/GSM6426nnn/GSM6426066/suppl/GSM6426066_Methylation_EPIC_913_Grn.idat.gz"
[1] "Data downloaded successfuly"
[1] "https://ftp.ncbi.nlm.nih.gov/geo/samples/GSM6426nnn/GSM6426066/suppl/GSM6426066_Methylation_EPIC_913_Red.idat.gz"
[1] "Data downloaded successfuly"
[1] "https://ftp.ncbi.nlm.nih.gov/geo/samples/GSM6426nnn/GSM6426067/suppl/GSM6426067_Methylation_EPIC_914_Grn.idat.gz"
[1] "Data downloaded successfuly"
[1] "https://ftp.ncbi.nlm.nih.gov/geo/samples/GSM6426nnn/GSM6426067/suppl/GSM6426067_Methylation_EPIC_914_Red.idat.gz"
[1] "Data downloaded successfuly"
[1] "https://ftp.ncbi.nlm.nih.gov/geo/samples/GSM6426nnn/GSM6426068/suppl/GSM6426068_Methylation_EPIC_915_Grn.idat.gz"
[1] "Data downloaded successfuly"
[1] "https://ftp.ncbi.nlm.nih.gov/geo/samples/GSM6426nnn/GSM6426068/suppl/GSM6426068_Methylation_EPIC_915_Red.idat.gz"
[1] "Data downloaded successfuly"
[1] "https://ftp.ncbi.nlm.nih.gov/geo/samples/GSM6426nnn/GSM6426069/suppl/GSM6426069_Methylation_EPIC_916_Grn.idat.gz"
[1] "Data downloaded successfuly"
[1] "https://ftp.ncbi.nlm.nih.gov/geo/samples/GSM6426nnn/GSM6426069/suppl/GSM6426069_Methylation_EPIC_916_Red.idat.gz"
[1] "Data downloaded successfuly"
[1] "https://ftp.ncbi.nlm.nih.gov/geo/samples/GSM6426nnn/GSM6426070/suppl/GSM6426070_Methylation_EPIC_917_Grn.idat.gz"
[1] "Data downloaded successfuly"
[1] "https://ftp.ncbi.nlm.nih.gov/geo/samples/GSM6426nnn/GSM6426070/suppl/GSM6426070_Methylation_EPIC_917_Red.idat.gz"
[1] "Data downloaded successfuly"
[1] "https://ftp.ncbi.nlm.nih.gov/geo/samples/GSM6426nnn/GSM6426071/suppl/GSM6426071_Methylation_EPIC_918_Grn.idat.gz"
[1] "Data downloaded successfuly"
[1] "https://ftp.ncbi.nlm.nih.gov/geo/samples/GSM6426nnn/GSM6426071/suppl/GSM6426071_Methylation_EPIC_918_Red.idat.gz"
[1] "Data downloaded successfuly"
[1] "https://ftp.ncbi.nlm.nih.gov/geo/samples/GSM6426nnn/GSM6426072/suppl/GSM6426072_Methylation_EPIC_919_Grn.idat.gz"
[1] "Data downloaded successfuly"
[1] "https://ftp.ncbi.nlm.nih.gov/geo/samples/GSM6426nnn/GSM6426072/suppl/GSM6426072_Methylation_EPIC_919_Red.idat.gz"
[1] "Data downloaded successfuly"
[1] "https://ftp.ncbi.nlm.nih.gov/geo/samples/GSM6426nnn/GSM6426073/suppl/GSM6426073_Methylation_EPIC_920_Grn.idat.gz"
[1] "Data downloaded successfuly"
[1] "https://ftp.ncbi.nlm.nih.gov/geo/samples/GSM6426nnn/GSM6426073/suppl/GSM6426073_Methylation_EPIC_920_Red.idat.gz"
[1] "Data downloaded successfuly"
[1] "https://ftp.ncbi.nlm.nih.gov/geo/samples/GSM6426nnn/GSM6426074/suppl/GSM6426074_Methylation_EPIC_921_Grn.idat.gz"
[1] "Data downloaded successfuly"
[1] "https://ftp.ncbi.nlm.nih.gov/geo/samples/GSM6426nnn/GSM6426074/suppl/GSM6426074_Methylation_EPIC_921_Red.idat.gz"
[1] "Data downloaded successfuly"
[1] "https://ftp.ncbi.nlm.nih.gov/geo/samples/GSM6426nnn/GSM6426075/suppl/GSM6426075_Methylation_EPIC_922_Grn.idat.gz"
[1] "Data downloaded successfuly"
[1] "https://ftp.ncbi.nlm.nih.gov/geo/samples/GSM6426nnn/GSM6426075/suppl/GSM6426075_Methylation_EPIC_922_Red.idat.gz"
[1] "Data downloaded successfuly"
[1] "https://ftp.ncbi.nlm.nih.gov/geo/samples/GSM6426nnn/GSM6426076/suppl/GSM6426076_Methylation_EPIC_923_Grn.idat.gz"
[1] "Data downloaded successfuly"
[1] "https://ftp.ncbi.nlm.nih.gov/geo/samples/GSM6426nnn/GSM6426076/suppl/GSM6426076_Methylation_EPIC_923_Red.idat.gz"
[1] "Data downloaded successfuly"
[1] "https://ftp.ncbi.nlm.nih.gov/geo/samples/GSM6426nnn/GSM6426077/suppl/GSM6426077_Methylation_EPIC_924_Grn.idat.gz"
[1] "Data downloaded successfuly"
[1] "https://ftp.ncbi.nlm.nih.gov/geo/samples/GSM6426nnn/GSM6426077/suppl/GSM6426077_Methylation_EPIC_924_Red.idat.gz"
[1] "Data downloaded successfuly"
[1] "https://ftp.ncbi.nlm.nih.gov/geo/samples/GSM6426nnn/GSM6426078/suppl/GSM6426078_Methylation_EPIC_925_Grn.idat.gz"
[1] "Data downloaded successfuly"
[1] "https://ftp.ncbi.nlm.nih.gov/geo/samples/GSM6426nnn/GSM6426078/suppl/GSM6426078_Methylation_EPIC_925_Red.idat.gz"
[1] "Data downloaded successfuly"
[1] "https://ftp.ncbi.nlm.nih.gov/geo/samples/GSM6426nnn/GSM6426079/suppl/GSM6426079_Methylation_EPIC_926_Grn.idat.gz"
[1] "Data downloaded successfuly"
[1] "https://ftp.ncbi.nlm.nih.gov/geo/samples/GSM6426nnn/GSM6426079/suppl/GSM6426079_Methylation_EPIC_926_Red.idat.gz"
[1] "Data downloaded successfuly"
[1] "https://ftp.ncbi.nlm.nih.gov/geo/samples/GSM6426nnn/GSM6426080/suppl/GSM6426080_Methylation_EPIC_927_Grn.idat.gz"
[1] "Data downloaded successfuly"
[1] "https://ftp.ncbi.nlm.nih.gov/geo/samples/GSM6426nnn/GSM6426080/suppl/GSM6426080_Methylation_EPIC_927_Red.idat.gz"
[1] "Data downloaded successfuly"
[1] "https://ftp.ncbi.nlm.nih.gov/geo/samples/GSM6426nnn/GSM6426081/suppl/GSM6426081_Methylation_EPIC_928_Grn.idat.gz"
[1] "Data downloaded successfuly"
[1] "https://ftp.ncbi.nlm.nih.gov/geo/samples/GSM6426nnn/GSM6426081/suppl/GSM6426081_Methylation_EPIC_928_Red.idat.gz"
[1] "Data downloaded successfuly"
[1] "https://ftp.ncbi.nlm.nih.gov/geo/samples/GSM6426nnn/GSM6426082/suppl/GSM6426082_Methylation_EPIC_929_Grn.idat.gz"
[1] "Data downloaded successfuly"
[1] "https://ftp.ncbi.nlm.nih.gov/geo/samples/GSM6426nnn/GSM6426082/suppl/GSM6426082_Methylation_EPIC_929_Red.idat.gz"
[1] "Data downloaded successfuly"
[1] "https://ftp.ncbi.nlm.nih.gov/geo/samples/GSM6426nnn/GSM6426083/suppl/GSM6426083_Methylation_EPIC_930_Grn.idat.gz"
[1] "Data downloaded successfuly"
[1] "https://ftp.ncbi.nlm.nih.gov/geo/samples/GSM6426nnn/GSM6426083/suppl/GSM6426083_Methylation_EPIC_930_Red.idat.gz"
[1] "Data downloaded successfuly"
[1] "https://ftp.ncbi.nlm.nih.gov/geo/samples/GSM6426nnn/GSM6426084/suppl/GSM6426084_Methylation_EPIC_931_Grn.idat.gz"
[1] "Data downloaded successfuly"
[1] "https://ftp.ncbi.nlm.nih.gov/geo/samples/GSM6426nnn/GSM6426084/suppl/GSM6426084_Methylation_EPIC_931_Red.idat.gz"
[1] "Data downloaded successfuly"
[1] "https://ftp.ncbi.nlm.nih.gov/geo/samples/GSM6426nnn/GSM6426085/suppl/GSM6426085_Methylation_EPIC_932_Grn.idat.gz"
[1] "Data downloaded successfuly"
[1] "https://ftp.ncbi.nlm.nih.gov/geo/samples/GSM6426nnn/GSM6426085/suppl/GSM6426085_Methylation_EPIC_932_Red.idat.gz"
[1] "Data downloaded successfuly"
[1] "https://ftp.ncbi.nlm.nih.gov/geo/samples/GSM6426nnn/GSM6426086/suppl/GSM6426086_Methylation_EPIC_933_Grn.idat.gz"
[1] "Data downloaded successfuly"
[1] "https://ftp.ncbi.nlm.nih.gov/geo/samples/GSM6426nnn/GSM6426086/suppl/GSM6426086_Methylation_EPIC_933_Red.idat.gz"
[1] "Data downloaded successfuly"
[1] "https://ftp.ncbi.nlm.nih.gov/geo/samples/GSM6426nnn/GSM6426087/suppl/GSM6426087_Methylation_EPIC_934_Grn.idat.gz"
[1] "Data downloaded successfuly"
[1] "https://ftp.ncbi.nlm.nih.gov/geo/samples/GSM6426nnn/GSM6426087/suppl/GSM6426087_Methylation_EPIC_934_Red.idat.gz"
[1] "Data downloaded successfuly"
[1] "https://ftp.ncbi.nlm.nih.gov/geo/samples/GSM6426nnn/GSM6426088/suppl/GSM6426088_Methylation_EPIC_935_Grn.idat.gz"
[1] "Data downloaded successfuly"
[1] "https://ftp.ncbi.nlm.nih.gov/geo/samples/GSM6426nnn/GSM6426088/suppl/GSM6426088_Methylation_EPIC_935_Red.idat.gz"
[1] "Data downloaded successfuly"
[1] "https://ftp.ncbi.nlm.nih.gov/geo/samples/GSM6426nnn/GSM6426089/suppl/GSM6426089_Methylation_EPIC_936_Grn.idat.gz"
[1] "Data downloaded successfuly"
[1] "https://ftp.ncbi.nlm.nih.gov/geo/samples/GSM6426nnn/GSM6426089/suppl/GSM6426089_Methylation_EPIC_936_Red.idat.gz"
[1] "Data downloaded successfuly"
[1] "https://ftp.ncbi.nlm.nih.gov/geo/samples/GSM6426nnn/GSM6426090/suppl/GSM6426090_Methylation_EPIC_937_Grn.idat.gz"
[1] "Data downloaded successfuly"
[1] "https://ftp.ncbi.nlm.nih.gov/geo/samples/GSM6426nnn/GSM6426090/suppl/GSM6426090_Methylation_EPIC_937_Red.idat.gz"
[1] "Data downloaded successfuly"
[1] "https://ftp.ncbi.nlm.nih.gov/geo/samples/GSM6426nnn/GSM6426091/suppl/GSM6426091_Methylation_EPIC_938_Grn.idat.gz"
[1] "Data downloaded successfuly"
[1] "https://ftp.ncbi.nlm.nih.gov/geo/samples/GSM6426nnn/GSM6426091/suppl/GSM6426091_Methylation_EPIC_938_Red.idat.gz"
[1] "Data downloaded successfuly"
[1] "https://ftp.ncbi.nlm.nih.gov/geo/samples/GSM6426nnn/GSM6426092/suppl/GSM6426092_Methylation_EPIC_939_Grn.idat.gz"
[1] "Data downloaded successfuly"
[1] "https://ftp.ncbi.nlm.nih.gov/geo/samples/GSM6426nnn/GSM6426092/suppl/GSM6426092_Methylation_EPIC_939_Red.idat.gz"
[1] "Data downloaded successfuly"
[1] "https://ftp.ncbi.nlm.nih.gov/geo/samples/GSM6426nnn/GSM6426093/suppl/GSM6426093_Methylation_EPIC_940_Grn.idat.gz"
[1] "Data downloaded successfuly"
[1] "https://ftp.ncbi.nlm.nih.gov/geo/samples/GSM6426nnn/GSM6426093/suppl/GSM6426093_Methylation_EPIC_940_Red.idat.gz"
[1] "Data downloaded successfuly"
[1] "https://ftp.ncbi.nlm.nih.gov/geo/samples/GSM6426nnn/GSM6426094/suppl/GSM6426094_Methylation_EPIC_941_Grn.idat.gz"
[1] "Data downloaded successfuly"
[1] "https://ftp.ncbi.nlm.nih.gov/geo/samples/GSM6426nnn/GSM6426094/suppl/GSM6426094_Methylation_EPIC_941_Red.idat.gz"
[1] "Data downloaded successfuly"
[1] "https://ftp.ncbi.nlm.nih.gov/geo/samples/GSM6426nnn/GSM6426095/suppl/GSM6426095_Methylation_EPIC_942_Grn.idat.gz"
[1] "Data downloaded successfuly"
[1] "https://ftp.ncbi.nlm.nih.gov/geo/samples/GSM6426nnn/GSM6426095/suppl/GSM6426095_Methylation_EPIC_942_Red.idat.gz"
[1] "Data downloaded successfuly"
[1] "https://ftp.ncbi.nlm.nih.gov/geo/samples/GSM6426nnn/GSM6426096/suppl/GSM6426096_Methylation_EPIC_943_Grn.idat.gz"
[1] "Data downloaded successfuly"
[1] "https://ftp.ncbi.nlm.nih.gov/geo/samples/GSM6426nnn/GSM6426096/suppl/GSM6426096_Methylation_EPIC_943_Red.idat.gz"
[1] "Data downloaded successfuly"
[1] "https://ftp.ncbi.nlm.nih.gov/geo/samples/GSM6426nnn/GSM6426097/suppl/GSM6426097_Methylation_EPIC_944_Grn.idat.gz"
[1] "Data downloaded successfuly"
[1] "https://ftp.ncbi.nlm.nih.gov/geo/samples/GSM6426nnn/GSM6426097/suppl/GSM6426097_Methylation_EPIC_944_Red.idat.gz"
[1] "Data downloaded successfuly"
[1] "https://ftp.ncbi.nlm.nih.gov/geo/samples/GSM6426nnn/GSM6426098/suppl/GSM6426098_Methylation_EPIC_945_Grn.idat.gz"
[1] "Data downloaded successfuly"
[1] "https://ftp.ncbi.nlm.nih.gov/geo/samples/GSM6426nnn/GSM6426098/suppl/GSM6426098_Methylation_EPIC_945_Red.idat.gz"
[1] "Data downloaded successfuly"
[1] "https://ftp.ncbi.nlm.nih.gov/geo/samples/GSM6426nnn/GSM6426099/suppl/GSM6426099_Methylation_EPIC_946_Grn.idat.gz"
[1] "Data downloaded successfuly"
[1] "https://ftp.ncbi.nlm.nih.gov/geo/samples/GSM6426nnn/GSM6426099/suppl/GSM6426099_Methylation_EPIC_946_Red.idat.gz"
[1] "Data downloaded successfuly"
[1] "https://ftp.ncbi.nlm.nih.gov/geo/samples/GSM6426nnn/GSM6426100/suppl/GSM6426100_Methylation_EPIC_947_Grn.idat.gz"
[1] "Data downloaded successfuly"
[1] "https://ftp.ncbi.nlm.nih.gov/geo/samples/GSM6426nnn/GSM6426100/suppl/GSM6426100_Methylation_EPIC_947_Red.idat.gz"
[1] "Data downloaded successfuly"
[1] "https://ftp.ncbi.nlm.nih.gov/geo/samples/GSM6426nnn/GSM6426101/suppl/GSM6426101_Methylation_EPIC_948_Grn.idat.gz"
[1] "Data downloaded successfuly"
[1] "https://ftp.ncbi.nlm.nih.gov/geo/samples/GSM6426nnn/GSM6426101/suppl/GSM6426101_Methylation_EPIC_948_Red.idat.gz"
[1] "Data downloaded successfuly"
[1] "https://ftp.ncbi.nlm.nih.gov/geo/samples/GSM6426nnn/GSM6426102/suppl/GSM6426102_Methylation_EPIC_949_Grn.idat.gz"
[1] "Data downloaded successfuly"
[1] "https://ftp.ncbi.nlm.nih.gov/geo/samples/GSM6426nnn/GSM6426102/suppl/GSM6426102_Methylation_EPIC_949_Red.idat.gz"
[1] "Data downloaded successfuly"
[1] "https://ftp.ncbi.nlm.nih.gov/geo/samples/GSM6426nnn/GSM6426103/suppl/GSM6426103_Methylation_EPIC_950_Grn.idat.gz"
[1] "Data downloaded successfuly"
[1] "https://ftp.ncbi.nlm.nih.gov/geo/samples/GSM6426nnn/GSM6426103/suppl/GSM6426103_Methylation_EPIC_950_Red.idat.gz"
[1] "Data downloaded successfuly"
[1] "https://ftp.ncbi.nlm.nih.gov/geo/samples/GSM6426nnn/GSM6426104/suppl/GSM6426104_Methylation_EPIC_951_Grn.idat.gz"
[1] "Data downloaded successfuly"
[1] "https://ftp.ncbi.nlm.nih.gov/geo/samples/GSM6426nnn/GSM6426104/suppl/GSM6426104_Methylation_EPIC_951_Red.idat.gz"
[1] "Data downloaded successfuly"
[1] "https://ftp.ncbi.nlm.nih.gov/geo/samples/GSM6426nnn/GSM6426105/suppl/GSM6426105_Methylation_EPIC_952_Grn.idat.gz"
[1] "Data downloaded successfuly"
[1] "https://ftp.ncbi.nlm.nih.gov/geo/samples/GSM6426nnn/GSM6426105/suppl/GSM6426105_Methylation_EPIC_952_Red.idat.gz"
[1] "Data downloaded successfuly"
[1] "https://ftp.ncbi.nlm.nih.gov/geo/samples/GSM6426nnn/GSM6426106/suppl/GSM6426106_Methylation_EPIC_953_Grn.idat.gz"
[1] "Data downloaded successfuly"
[1] "https://ftp.ncbi.nlm.nih.gov/geo/samples/GSM6426nnn/GSM6426106/suppl/GSM6426106_Methylation_EPIC_953_Red.idat.gz"
[1] "Data downloaded successfuly"
[1] "https://ftp.ncbi.nlm.nih.gov/geo/samples/GSM6426nnn/GSM6426107/suppl/GSM6426107_Methylation_EPIC_954_Grn.idat.gz"
[1] "Data downloaded successfuly"
[1] "https://ftp.ncbi.nlm.nih.gov/geo/samples/GSM6426nnn/GSM6426107/suppl/GSM6426107_Methylation_EPIC_954_Red.idat.gz"
[1] "Data downloaded successfuly"
[1] "https://ftp.ncbi.nlm.nih.gov/geo/samples/GSM6426nnn/GSM6426108/suppl/GSM6426108_Methylation_EPIC_955_Grn.idat.gz"
[1] "Data downloaded successfuly"
[1] "https://ftp.ncbi.nlm.nih.gov/geo/samples/GSM6426nnn/GSM6426108/suppl/GSM6426108_Methylation_EPIC_955_Red.idat.gz"
[1] "Data downloaded successfuly"
[1] "https://ftp.ncbi.nlm.nih.gov/geo/samples/GSM6426nnn/GSM6426109/suppl/GSM6426109_Methylation_EPIC_956_Grn.idat.gz"
[1] "Data downloaded successfuly"
[1] "https://ftp.ncbi.nlm.nih.gov/geo/samples/GSM6426nnn/GSM6426109/suppl/GSM6426109_Methylation_EPIC_956_Red.idat.gz"
[1] "Data downloaded successfuly"
[1] "https://ftp.ncbi.nlm.nih.gov/geo/samples/GSM6426nnn/GSM6426110/suppl/GSM6426110_Methylation_EPIC_957_Grn.idat.gz"
[1] "Data downloaded successfuly"
[1] "https://ftp.ncbi.nlm.nih.gov/geo/samples/GSM6426nnn/GSM6426110/suppl/GSM6426110_Methylation_EPIC_957_Red.idat.gz"
[1] "Data downloaded successfuly"
[1] "https://ftp.ncbi.nlm.nih.gov/geo/samples/GSM6426nnn/GSM6426111/suppl/GSM6426111_Methylation_EPIC_958_Grn.idat.gz"
[1] "Data downloaded successfuly"
[1] "https://ftp.ncbi.nlm.nih.gov/geo/samples/GSM6426nnn/GSM6426111/suppl/GSM6426111_Methylation_EPIC_958_Red.idat.gz"
[1] "Data downloaded successfuly"
[1] "https://ftp.ncbi.nlm.nih.gov/geo/samples/GSM6426nnn/GSM6426112/suppl/GSM6426112_Methylation_EPIC_959_Grn.idat.gz"
[1] "Data downloaded successfuly"
[1] "https://ftp.ncbi.nlm.nih.gov/geo/samples/GSM6426nnn/GSM6426112/suppl/GSM6426112_Methylation_EPIC_959_Red.idat.gz"
[1] "Data downloaded successfuly"
[1] "https://ftp.ncbi.nlm.nih.gov/geo/samples/GSM6426nnn/GSM6426113/suppl/GSM6426113_Methylation_EPIC_960_Grn.idat.gz"
[1] "Data downloaded successfuly"
[1] "https://ftp.ncbi.nlm.nih.gov/geo/samples/GSM6426nnn/GSM6426113/suppl/GSM6426113_Methylation_EPIC_960_Red.idat.gz"
[1] "Data downloaded successfuly"
[1] "https://ftp.ncbi.nlm.nih.gov/geo/samples/GSM6426nnn/GSM6426114/suppl/GSM6426114_Methylation_EPIC_961_Grn.idat.gz"
[1] "Data downloaded successfuly"
[1] "https://ftp.ncbi.nlm.nih.gov/geo/samples/GSM6426nnn/GSM6426114/suppl/GSM6426114_Methylation_EPIC_961_Red.idat.gz"
[1] "Data downloaded successfuly"
[1] "https://ftp.ncbi.nlm.nih.gov/geo/samples/GSM6426nnn/GSM6426115/suppl/GSM6426115_Methylation_EPIC_962_Grn.idat.gz"
[1] "Data downloaded successfuly"
[1] "https://ftp.ncbi.nlm.nih.gov/geo/samples/GSM6426nnn/GSM6426115/suppl/GSM6426115_Methylation_EPIC_962_Red.idat.gz"
[1] "Data downloaded successfuly"
[1] "https://ftp.ncbi.nlm.nih.gov/geo/samples/GSM6426nnn/GSM6426116/suppl/GSM6426116_Methylation_EPIC_963_Grn.idat.gz"
[1] "Data downloaded successfuly"
[1] "https://ftp.ncbi.nlm.nih.gov/geo/samples/GSM6426nnn/GSM6426116/suppl/GSM6426116_Methylation_EPIC_963_Red.idat.gz"
[1] "Data downloaded successfuly"
[1] "https://ftp.ncbi.nlm.nih.gov/geo/samples/GSM6426nnn/GSM6426117/suppl/GSM6426117_Methylation_EPIC_964_Grn.idat.gz"
[1] "Data downloaded successfuly"
[1] "https://ftp.ncbi.nlm.nih.gov/geo/samples/GSM6426nnn/GSM6426117/suppl/GSM6426117_Methylation_EPIC_964_Red.idat.gz"
[1] "Data downloaded successfuly"
[1] "https://ftp.ncbi.nlm.nih.gov/geo/samples/GSM6426nnn/GSM6426118/suppl/GSM6426118_Methylation_EPIC_965_Grn.idat.gz"
[1] "Data downloaded successfuly"
[1] "https://ftp.ncbi.nlm.nih.gov/geo/samples/GSM6426nnn/GSM6426118/suppl/GSM6426118_Methylation_EPIC_965_Red.idat.gz"
[1] "Data downloaded successfuly"
[1] "https://ftp.ncbi.nlm.nih.gov/geo/samples/GSM6426nnn/GSM6426119/suppl/GSM6426119_Methylation_EPIC_966_Grn.idat.gz"
[1] "Data downloaded successfuly"
[1] "https://ftp.ncbi.nlm.nih.gov/geo/samples/GSM6426nnn/GSM6426119/suppl/GSM6426119_Methylation_EPIC_966_Red.idat.gz"
[1] "Data downloaded successfuly"
[1] "https://ftp.ncbi.nlm.nih.gov/geo/samples/GSM6426nnn/GSM6426120/suppl/GSM6426120_Methylation_EPIC_967_Grn.idat.gz"
[1] "Data downloaded successfuly"
[1] "https://ftp.ncbi.nlm.nih.gov/geo/samples/GSM6426nnn/GSM6426120/suppl/GSM6426120_Methylation_EPIC_967_Red.idat.gz"
[1] "Data downloaded successfuly"
[1] "https://ftp.ncbi.nlm.nih.gov/geo/samples/GSM6426nnn/GSM6426121/suppl/GSM6426121_Methylation_EPIC_968_Grn.idat.gz"
[1] "Data downloaded successfuly"
[1] "https://ftp.ncbi.nlm.nih.gov/geo/samples/GSM6426nnn/GSM6426121/suppl/GSM6426121_Methylation_EPIC_968_Red.idat.gz"
[1] "Data downloaded successfuly"
[1] "https://ftp.ncbi.nlm.nih.gov/geo/samples/GSM6426nnn/GSM6426122/suppl/GSM6426122_Methylation_EPIC_969_Grn.idat.gz"
[1] "Data downloaded successfuly"
[1] "https://ftp.ncbi.nlm.nih.gov/geo/samples/GSM6426nnn/GSM6426122/suppl/GSM6426122_Methylation_EPIC_969_Red.idat.gz"
[1] "Data downloaded successfuly"
[1] "https://ftp.ncbi.nlm.nih.gov/geo/samples/GSM6426nnn/GSM6426123/suppl/GSM6426123_Methylation_EPIC_970_Grn.idat.gz"
[1] "Data downloaded successfuly"
[1] "https://ftp.ncbi.nlm.nih.gov/geo/samples/GSM6426nnn/GSM6426123/suppl/GSM6426123_Methylation_EPIC_970_Red.idat.gz"
[1] "Data downloaded successfuly"
[1] "https://ftp.ncbi.nlm.nih.gov/geo/samples/GSM6426nnn/GSM6426124/suppl/GSM6426124_Methylation_EPIC_971_Grn.idat.gz"
[1] "Data downloaded successfuly"
[1] "https://ftp.ncbi.nlm.nih.gov/geo/samples/GSM6426nnn/GSM6426124/suppl/GSM6426124_Methylation_EPIC_971_Red.idat.gz"
[1] "Data downloaded successfuly"
[1] "https://ftp.ncbi.nlm.nih.gov/geo/samples/GSM6426nnn/GSM6426125/suppl/GSM6426125_Methylation_EPIC_972_Grn.idat.gz"
[1] "Data downloaded successfuly"
[1] "https://ftp.ncbi.nlm.nih.gov/geo/samples/GSM6426nnn/GSM6426125/suppl/GSM6426125_Methylation_EPIC_972_Red.idat.gz"
[1] "Data downloaded successfuly"
[1] "https://ftp.ncbi.nlm.nih.gov/geo/samples/GSM6426nnn/GSM6426126/suppl/GSM6426126_Methylation_EPIC_973_Grn.idat.gz"
[1] "Data downloaded successfuly"
[1] "https://ftp.ncbi.nlm.nih.gov/geo/samples/GSM6426nnn/GSM6426126/suppl/GSM6426126_Methylation_EPIC_973_Red.idat.gz"
[1] "Data downloaded successfuly"
[1] "https://ftp.ncbi.nlm.nih.gov/geo/samples/GSM6426nnn/GSM6426127/suppl/GSM6426127_Methylation_EPIC_974_Grn.idat.gz"
[1] "Data downloaded successfuly"
[1] "https://ftp.ncbi.nlm.nih.gov/geo/samples/GSM6426nnn/GSM6426127/suppl/GSM6426127_Methylation_EPIC_974_Red.idat.gz"
[1] "Data downloaded successfuly"
[1] "https://ftp.ncbi.nlm.nih.gov/geo/samples/GSM6426nnn/GSM6426128/suppl/GSM6426128_Methylation_EPIC_975_Grn.idat.gz"
[1] "Data downloaded successfuly"
[1] "https://ftp.ncbi.nlm.nih.gov/geo/samples/GSM6426nnn/GSM6426128/suppl/GSM6426128_Methylation_EPIC_975_Red.idat.gz"
[1] "Data downloaded successfuly"
[1] "https://ftp.ncbi.nlm.nih.gov/geo/samples/GSM6426nnn/GSM6426129/suppl/GSM6426129_Methylation_EPIC_976_Grn.idat.gz"
[1] "Data downloaded successfuly"
[1] "https://ftp.ncbi.nlm.nih.gov/geo/samples/GSM6426nnn/GSM6426129/suppl/GSM6426129_Methylation_EPIC_976_Red.idat.gz"
[1] "Data downloaded successfuly"
[1] "https://ftp.ncbi.nlm.nih.gov/geo/samples/GSM6426nnn/GSM6426130/suppl/GSM6426130_Methylation_EPIC_977_Grn.idat.gz"
[1] "Data downloaded successfuly"
[1] "https://ftp.ncbi.nlm.nih.gov/geo/samples/GSM6426nnn/GSM6426130/suppl/GSM6426130_Methylation_EPIC_977_Red.idat.gz"
[1] "Data downloaded successfuly"
[1] "https://ftp.ncbi.nlm.nih.gov/geo/samples/GSM6426nnn/GSM6426131/suppl/GSM6426131_Methylation_EPIC_978_Grn.idat.gz"
[1] "Data downloaded successfuly"
[1] "https://ftp.ncbi.nlm.nih.gov/geo/samples/GSM6426nnn/GSM6426131/suppl/GSM6426131_Methylation_EPIC_978_Red.idat.gz"
[1] "Data downloaded successfuly"
[1] "https://ftp.ncbi.nlm.nih.gov/geo/samples/GSM6426nnn/GSM6426132/suppl/GSM6426132_Methylation_EPIC_979_Grn.idat.gz"
[1] "Data downloaded successfuly"
[1] "https://ftp.ncbi.nlm.nih.gov/geo/samples/GSM6426nnn/GSM6426132/suppl/GSM6426132_Methylation_EPIC_979_Red.idat.gz"
[1] "Data downloaded successfuly"
[1] "https://ftp.ncbi.nlm.nih.gov/geo/samples/GSM6426nnn/GSM6426133/suppl/GSM6426133_Methylation_EPIC_980_Grn.idat.gz"
[1] "Data downloaded successfuly"
[1] "https://ftp.ncbi.nlm.nih.gov/geo/samples/GSM6426nnn/GSM6426133/suppl/GSM6426133_Methylation_EPIC_980_Red.idat.gz"
[1] "Data downloaded successfuly"
[1] "https://ftp.ncbi.nlm.nih.gov/geo/samples/GSM6426nnn/GSM6426134/suppl/GSM6426134_Methylation_EPIC_981_Grn.idat.gz"
[1] "Data downloaded successfuly"
[1] "https://ftp.ncbi.nlm.nih.gov/geo/samples/GSM6426nnn/GSM6426134/suppl/GSM6426134_Methylation_EPIC_981_Red.idat.gz"
[1] "Data downloaded successfuly"
[1] "https://ftp.ncbi.nlm.nih.gov/geo/samples/GSM6426nnn/GSM6426135/suppl/GSM6426135_Methylation_EPIC_982_Grn.idat.gz"
[1] "Data downloaded successfuly"
[1] "https://ftp.ncbi.nlm.nih.gov/geo/samples/GSM6426nnn/GSM6426135/suppl/GSM6426135_Methylation_EPIC_982_Red.idat.gz"
[1] "Data downloaded successfuly"
[1] "https://ftp.ncbi.nlm.nih.gov/geo/samples/GSM6426nnn/GSM6426136/suppl/GSM6426136_Methylation_EPIC_983_Grn.idat.gz"
[1] "Data downloaded successfuly"
[1] "https://ftp.ncbi.nlm.nih.gov/geo/samples/GSM6426nnn/GSM6426136/suppl/GSM6426136_Methylation_EPIC_983_Red.idat.gz"
[1] "Data downloaded successfuly"
[1] "https://ftp.ncbi.nlm.nih.gov/geo/samples/GSM6426nnn/GSM6426137/suppl/GSM6426137_Methylation_EPIC_984_Grn.idat.gz"
[1] "Data downloaded successfuly"
[1] "https://ftp.ncbi.nlm.nih.gov/geo/samples/GSM6426nnn/GSM6426137/suppl/GSM6426137_Methylation_EPIC_984_Red.idat.gz"
[1] "Data downloaded successfuly"
[1] "https://ftp.ncbi.nlm.nih.gov/geo/samples/GSM6426nnn/GSM6426138/suppl/GSM6426138_Methylation_EPIC_985_Grn.idat.gz"
[1] "Data downloaded successfuly"
[1] "https://ftp.ncbi.nlm.nih.gov/geo/samples/GSM6426nnn/GSM6426138/suppl/GSM6426138_Methylation_EPIC_985_Red.idat.gz"
[1] "Data downloaded successfuly"
[1] "https://ftp.ncbi.nlm.nih.gov/geo/samples/GSM6426nnn/GSM6426139/suppl/GSM6426139_Methylation_EPIC_986_Grn.idat.gz"
[1] "Data downloaded successfuly"
[1] "https://ftp.ncbi.nlm.nih.gov/geo/samples/GSM6426nnn/GSM6426139/suppl/GSM6426139_Methylation_EPIC_986_Red.idat.gz"
[1] "Data downloaded successfuly"
[1] "https://ftp.ncbi.nlm.nih.gov/geo/samples/GSM6426nnn/GSM6426140/suppl/GSM6426140_Methylation_EPIC_987_Grn.idat.gz"
[1] "Data downloaded successfuly"
[1] "https://ftp.ncbi.nlm.nih.gov/geo/samples/GSM6426nnn/GSM6426140/suppl/GSM6426140_Methylation_EPIC_987_Red.idat.gz"
[1] "Data downloaded successfuly"
[1] "https://ftp.ncbi.nlm.nih.gov/geo/samples/GSM6426nnn/GSM6426141/suppl/GSM6426141_Methylation_EPIC_988_Grn.idat.gz"
[1] "Data downloaded successfuly"
[1] "https://ftp.ncbi.nlm.nih.gov/geo/samples/GSM6426nnn/GSM6426141/suppl/GSM6426141_Methylation_EPIC_988_Red.idat.gz"
[1] "Data downloaded successfuly"
[1] "https://ftp.ncbi.nlm.nih.gov/geo/samples/GSM6426nnn/GSM6426142/suppl/GSM6426142_Methylation_EPIC_989_Grn.idat.gz"
[1] "Data downloaded successfuly"
[1] "https://ftp.ncbi.nlm.nih.gov/geo/samples/GSM6426nnn/GSM6426142/suppl/GSM6426142_Methylation_EPIC_989_Red.idat.gz"
[1] "Data downloaded successfuly"
[1] "https://ftp.ncbi.nlm.nih.gov/geo/samples/GSM6426nnn/GSM6426143/suppl/GSM6426143_Methylation_EPIC_990_Grn.idat.gz"
[1] "Data downloaded successfuly"
[1] "https://ftp.ncbi.nlm.nih.gov/geo/samples/GSM6426nnn/GSM6426143/suppl/GSM6426143_Methylation_EPIC_990_Red.idat.gz"
[1] "Data downloaded successfuly"
[1] "https://ftp.ncbi.nlm.nih.gov/geo/samples/GSM6426nnn/GSM6426144/suppl/GSM6426144_Methylation_EPIC_991_Grn.idat.gz"
[1] "Data downloaded successfuly"
[1] "https://ftp.ncbi.nlm.nih.gov/geo/samples/GSM6426nnn/GSM6426144/suppl/GSM6426144_Methylation_EPIC_991_Red.idat.gz"
[1] "Data downloaded successfuly"
[1] "https://ftp.ncbi.nlm.nih.gov/geo/samples/GSM6426nnn/GSM6426145/suppl/GSM6426145_Methylation_EPIC_992_Grn.idat.gz"
[1] "Data downloaded successfuly"
[1] "https://ftp.ncbi.nlm.nih.gov/geo/samples/GSM6426nnn/GSM6426145/suppl/GSM6426145_Methylation_EPIC_992_Red.idat.gz"
[1] "Data downloaded successfuly"
[1] "https://ftp.ncbi.nlm.nih.gov/geo/samples/GSM6426nnn/GSM6426146/suppl/GSM6426146_Methylation_EPIC_993_Grn.idat.gz"
[1] "Data downloaded successfuly"
[1] "https://ftp.ncbi.nlm.nih.gov/geo/samples/GSM6426nnn/GSM6426146/suppl/GSM6426146_Methylation_EPIC_993_Red.idat.gz"
[1] "Data downloaded successfuly"
[1] "https://ftp.ncbi.nlm.nih.gov/geo/samples/GSM6426nnn/GSM6426147/suppl/GSM6426147_Methylation_EPIC_994_Grn.idat.gz"
[1] "Data downloaded successfuly"
[1] "https://ftp.ncbi.nlm.nih.gov/geo/samples/GSM6426nnn/GSM6426147/suppl/GSM6426147_Methylation_EPIC_994_Red.idat.gz"
[1] "Data downloaded successfuly"
[1] "https://ftp.ncbi.nlm.nih.gov/geo/samples/GSM6426nnn/GSM6426148/suppl/GSM6426148_Methylation_EPIC_995_Grn.idat.gz"
[1] "Data downloaded successfuly"
[1] "https://ftp.ncbi.nlm.nih.gov/geo/samples/GSM6426nnn/GSM6426148/suppl/GSM6426148_Methylation_EPIC_995_Red.idat.gz"
[1] "Data downloaded successfuly"
[1] "https://ftp.ncbi.nlm.nih.gov/geo/samples/GSM6426nnn/GSM6426149/suppl/GSM6426149_Methylation_EPIC_996_Grn.idat.gz"
[1] "Data downloaded successfuly"
[1] "https://ftp.ncbi.nlm.nih.gov/geo/samples/GSM6426nnn/GSM6426149/suppl/GSM6426149_Methylation_EPIC_996_Red.idat.gz"
[1] "Data downloaded successfuly"
[1] "https://ftp.ncbi.nlm.nih.gov/geo/samples/GSM6426nnn/GSM6426150/suppl/GSM6426150_Methylation_EPIC_997_Grn.idat.gz"
[1] "Data downloaded successfuly"
[1] "https://ftp.ncbi.nlm.nih.gov/geo/samples/GSM6426nnn/GSM6426150/suppl/GSM6426150_Methylation_EPIC_997_Red.idat.gz"
[1] "Data downloaded successfuly"
[1] "https://ftp.ncbi.nlm.nih.gov/geo/samples/GSM6426nnn/GSM6426151/suppl/GSM6426151_Methylation_EPIC_998_Grn.idat.gz"
[1] "Data downloaded successfuly"
[1] "https://ftp.ncbi.nlm.nih.gov/geo/samples/GSM6426nnn/GSM6426151/suppl/GSM6426151_Methylation_EPIC_998_Red.idat.gz"
[1] "Data downloaded successfuly"
[1] "https://ftp.ncbi.nlm.nih.gov/geo/samples/GSM6426nnn/GSM6426152/suppl/GSM6426152_Methylation_EPIC_999_Grn.idat.gz"
[1] "Data downloaded successfuly"
[1] "https://ftp.ncbi.nlm.nih.gov/geo/samples/GSM6426nnn/GSM6426152/suppl/GSM6426152_Methylation_EPIC_999_Red.idat.gz"
[1] "Data downloaded successfuly"
[1] "https://ftp.ncbi.nlm.nih.gov/geo/samples/GSM6426nnn/GSM6426153/suppl/GSM6426153_Methylation_EPIC_1000_Grn.idat.gz"
[1] "Data downloaded successfuly"
[1] "https://ftp.ncbi.nlm.nih.gov/geo/samples/GSM6426nnn/GSM6426153/suppl/GSM6426153_Methylation_EPIC_1000_Red.idat.gz"
[1] "Data downloaded successfuly"
