[1] "Downloading batch from 1201 to 1400"
[1] "https://ftp.ncbi.nlm.nih.gov/geo/samples/GSM6426nnn/GSM6426354/suppl/GSM6426354_Methylation_EPIC_1201_Grn.idat.gz"
[1] "Data downloaded successfuly"
[1] "https://ftp.ncbi.nlm.nih.gov/geo/samples/GSM6426nnn/GSM6426354/suppl/GSM6426354_Methylation_EPIC_1201_Red.idat.gz"
[1] "Data downloaded successfuly"
[1] "https://ftp.ncbi.nlm.nih.gov/geo/samples/GSM6426nnn/GSM6426355/suppl/GSM6426355_Methylation_EPIC_1202_Grn.idat.gz"
[1] "Data downloaded successfuly"
[1] "https://ftp.ncbi.nlm.nih.gov/geo/samples/GSM6426nnn/GSM6426355/suppl/GSM6426355_Methylation_EPIC_1202_Red.idat.gz"
[1] "Data downloaded successfuly"
[1] "https://ftp.ncbi.nlm.nih.gov/geo/samples/GSM6426nnn/GSM6426356/suppl/GSM6426356_Methylation_EPIC_1203_Grn.idat.gz"
[1] "Data downloaded successfuly"
[1] "https://ftp.ncbi.nlm.nih.gov/geo/samples/GSM6426nnn/GSM6426356/suppl/GSM6426356_Methylation_EPIC_1203_Red.idat.gz"
[1] "Data downloaded successfuly"
[1] "https://ftp.ncbi.nlm.nih.gov/geo/samples/GSM6426nnn/GSM6426357/suppl/GSM6426357_Methylation_EPIC_1204_Grn.idat.gz"
[1] "Data downloaded successfuly"
[1] "https://ftp.ncbi.nlm.nih.gov/geo/samples/GSM6426nnn/GSM6426357/suppl/GSM6426357_Methylation_EPIC_1204_Red.idat.gz"
[1] "Data downloaded successfuly"
[1] "https://ftp.ncbi.nlm.nih.gov/geo/samples/GSM6426nnn/GSM6426358/suppl/GSM6426358_Methylation_EPIC_1205_Grn.idat.gz"
[1] "Data downloaded successfuly"
[1] "https://ftp.ncbi.nlm.nih.gov/geo/samples/GSM6426nnn/GSM6426358/suppl/GSM6426358_Methylation_EPIC_1205_Red.idat.gz"
[1] "Data downloaded successfuly"
[1] "https://ftp.ncbi.nlm.nih.gov/geo/samples/GSM6426nnn/GSM6426359/suppl/GSM6426359_Methylation_EPIC_1206_Grn.idat.gz"
[1] "Data downloaded successfuly"
[1] "https://ftp.ncbi.nlm.nih.gov/geo/samples/GSM6426nnn/GSM6426359/suppl/GSM6426359_Methylation_EPIC_1206_Red.idat.gz"
[1] "Data downloaded successfuly"
[1] "https://ftp.ncbi.nlm.nih.gov/geo/samples/GSM6426nnn/GSM6426360/suppl/GSM6426360_Methylation_EPIC_1207_Grn.idat.gz"
[1] "Data downloaded successfuly"
[1] "https://ftp.ncbi.nlm.nih.gov/geo/samples/GSM6426nnn/GSM6426360/suppl/GSM6426360_Methylation_EPIC_1207_Red.idat.gz"
[1] "Data downloaded successfuly"
[1] "https://ftp.ncbi.nlm.nih.gov/geo/samples/GSM6426nnn/GSM6426361/suppl/GSM6426361_Methylation_EPIC_1208_Grn.idat.gz"
[1] "Data downloaded successfuly"
[1] "https://ftp.ncbi.nlm.nih.gov/geo/samples/GSM6426nnn/GSM6426361/suppl/GSM6426361_Methylation_EPIC_1208_Red.idat.gz"
[1] "Data downloaded successfuly"
[1] "https://ftp.ncbi.nlm.nih.gov/geo/samples/GSM6426nnn/GSM6426362/suppl/GSM6426362_Methylation_EPIC_1209_Grn.idat.gz"
[1] "Data downloaded successfuly"
[1] "https://ftp.ncbi.nlm.nih.gov/geo/samples/GSM6426nnn/GSM6426362/suppl/GSM6426362_Methylation_EPIC_1209_Red.idat.gz"
[1] "Data downloaded successfuly"
[1] "https://ftp.ncbi.nlm.nih.gov/geo/samples/GSM6426nnn/GSM6426363/suppl/GSM6426363_Methylation_EPIC_1210_Grn.idat.gz"
[1] "Data downloaded successfuly"
[1] "https://ftp.ncbi.nlm.nih.gov/geo/samples/GSM6426nnn/GSM6426363/suppl/GSM6426363_Methylation_EPIC_1210_Red.idat.gz"
[1] "Data downloaded successfuly"
[1] "https://ftp.ncbi.nlm.nih.gov/geo/samples/GSM6426nnn/GSM6426364/suppl/GSM6426364_Methylation_EPIC_1211_Grn.idat.gz"
[1] "Data downloaded successfuly"
[1] "https://ftp.ncbi.nlm.nih.gov/geo/samples/GSM6426nnn/GSM6426364/suppl/GSM6426364_Methylation_EPIC_1211_Red.idat.gz"
[1] "Data downloaded successfuly"
[1] "https://ftp.ncbi.nlm.nih.gov/geo/samples/GSM6426nnn/GSM6426365/suppl/GSM6426365_Methylation_EPIC_1212_Grn.idat.gz"
[1] "Data downloaded successfuly"
[1] "https://ftp.ncbi.nlm.nih.gov/geo/samples/GSM6426nnn/GSM6426365/suppl/GSM6426365_Methylation_EPIC_1212_Red.idat.gz"
[1] "Data downloaded successfuly"
[1] "https://ftp.ncbi.nlm.nih.gov/geo/samples/GSM6426nnn/GSM6426366/suppl/GSM6426366_Methylation_EPIC_1213_Grn.idat.gz"
[1] "Data downloaded successfuly"
[1] "https://ftp.ncbi.nlm.nih.gov/geo/samples/GSM6426nnn/GSM6426366/suppl/GSM6426366_Methylation_EPIC_1213_Red.idat.gz"
[1] "Data downloaded successfuly"
[1] "https://ftp.ncbi.nlm.nih.gov/geo/samples/GSM6426nnn/GSM6426367/suppl/GSM6426367_Methylation_EPIC_1214_Grn.idat.gz"
[1] "Data downloaded successfuly"
[1] "https://ftp.ncbi.nlm.nih.gov/geo/samples/GSM6426nnn/GSM6426367/suppl/GSM6426367_Methylation_EPIC_1214_Red.idat.gz"
[1] "Data downloaded successfuly"
[1] "https://ftp.ncbi.nlm.nih.gov/geo/samples/GSM6426nnn/GSM6426368/suppl/GSM6426368_Methylation_EPIC_1215_Grn.idat.gz"
[1] "Data downloaded successfuly"
[1] "https://ftp.ncbi.nlm.nih.gov/geo/samples/GSM6426nnn/GSM6426368/suppl/GSM6426368_Methylation_EPIC_1215_Red.idat.gz"
[1] "Data downloaded successfuly"
[1] "https://ftp.ncbi.nlm.nih.gov/geo/samples/GSM6426nnn/GSM6426369/suppl/GSM6426369_Methylation_EPIC_1216_Grn.idat.gz"
[1] "Data downloaded successfuly"
[1] "https://ftp.ncbi.nlm.nih.gov/geo/samples/GSM6426nnn/GSM6426369/suppl/GSM6426369_Methylation_EPIC_1216_Red.idat.gz"
[1] "Data downloaded successfuly"
[1] "https://ftp.ncbi.nlm.nih.gov/geo/samples/GSM6426nnn/GSM6426370/suppl/GSM6426370_Methylation_EPIC_1217_Grn.idat.gz"
[1] "Data downloaded successfuly"
[1] "https://ftp.ncbi.nlm.nih.gov/geo/samples/GSM6426nnn/GSM6426370/suppl/GSM6426370_Methylation_EPIC_1217_Red.idat.gz"
[1] "Data downloaded successfuly"
[1] "https://ftp.ncbi.nlm.nih.gov/geo/samples/GSM6426nnn/GSM6426371/suppl/GSM6426371_Methylation_EPIC_1218_Grn.idat.gz"
[1] "Data downloaded successfuly"
[1] "https://ftp.ncbi.nlm.nih.gov/geo/samples/GSM6426nnn/GSM6426371/suppl/GSM6426371_Methylation_EPIC_1218_Red.idat.gz"
[1] "Data downloaded successfuly"
[1] "https://ftp.ncbi.nlm.nih.gov/geo/samples/GSM6426nnn/GSM6426372/suppl/GSM6426372_Methylation_EPIC_1219_Grn.idat.gz"
[1] "Data downloaded successfuly"
[1] "https://ftp.ncbi.nlm.nih.gov/geo/samples/GSM6426nnn/GSM6426372/suppl/GSM6426372_Methylation_EPIC_1219_Red.idat.gz"
[1] "Data downloaded successfuly"
[1] "https://ftp.ncbi.nlm.nih.gov/geo/samples/GSM6426nnn/GSM6426373/suppl/GSM6426373_Methylation_EPIC_1220_Grn.idat.gz"
[1] "Data downloaded successfuly"
[1] "https://ftp.ncbi.nlm.nih.gov/geo/samples/GSM6426nnn/GSM6426373/suppl/GSM6426373_Methylation_EPIC_1220_Red.idat.gz"
[1] "Data downloaded successfuly"
[1] "https://ftp.ncbi.nlm.nih.gov/geo/samples/GSM6426nnn/GSM6426374/suppl/GSM6426374_Methylation_EPIC_1221_Grn.idat.gz"
[1] "Data downloaded successfuly"
[1] "https://ftp.ncbi.nlm.nih.gov/geo/samples/GSM6426nnn/GSM6426374/suppl/GSM6426374_Methylation_EPIC_1221_Red.idat.gz"
[1] "Data downloaded successfuly"
[1] "https://ftp.ncbi.nlm.nih.gov/geo/samples/GSM6426nnn/GSM6426375/suppl/GSM6426375_Methylation_EPIC_1222_Grn.idat.gz"
[1] "Data downloaded successfuly"
[1] "https://ftp.ncbi.nlm.nih.gov/geo/samples/GSM6426nnn/GSM6426375/suppl/GSM6426375_Methylation_EPIC_1222_Red.idat.gz"
[1] "Data downloaded successfuly"
[1] "https://ftp.ncbi.nlm.nih.gov/geo/samples/GSM6426nnn/GSM6426376/suppl/GSM6426376_Methylation_EPIC_1223_Grn.idat.gz"
[1] "Data downloaded successfuly"
[1] "https://ftp.ncbi.nlm.nih.gov/geo/samples/GSM6426nnn/GSM6426376/suppl/GSM6426376_Methylation_EPIC_1223_Red.idat.gz"
[1] "Data downloaded successfuly"
[1] "https://ftp.ncbi.nlm.nih.gov/geo/samples/GSM6426nnn/GSM6426377/suppl/GSM6426377_Methylation_EPIC_1224_Grn.idat.gz"
[1] "Data downloaded successfuly"
[1] "https://ftp.ncbi.nlm.nih.gov/geo/samples/GSM6426nnn/GSM6426377/suppl/GSM6426377_Methylation_EPIC_1224_Red.idat.gz"
[1] "Data downloaded successfuly"
[1] "https://ftp.ncbi.nlm.nih.gov/geo/samples/GSM6426nnn/GSM6426378/suppl/GSM6426378_Methylation_EPIC_1225_Grn.idat.gz"
[1] "Data downloaded successfuly"
[1] "https://ftp.ncbi.nlm.nih.gov/geo/samples/GSM6426nnn/GSM6426378/suppl/GSM6426378_Methylation_EPIC_1225_Red.idat.gz"
[1] "Data downloaded successfuly"
[1] "https://ftp.ncbi.nlm.nih.gov/geo/samples/GSM6426nnn/GSM6426379/suppl/GSM6426379_Methylation_EPIC_1226_Grn.idat.gz"
[1] "Data downloaded successfuly"
[1] "https://ftp.ncbi.nlm.nih.gov/geo/samples/GSM6426nnn/GSM6426379/suppl/GSM6426379_Methylation_EPIC_1226_Red.idat.gz"
[1] "Data downloaded successfuly"
[1] "https://ftp.ncbi.nlm.nih.gov/geo/samples/GSM6426nnn/GSM6426380/suppl/GSM6426380_Methylation_EPIC_1227_Grn.idat.gz"
[1] "Data downloaded successfuly"
[1] "https://ftp.ncbi.nlm.nih.gov/geo/samples/GSM6426nnn/GSM6426380/suppl/GSM6426380_Methylation_EPIC_1227_Red.idat.gz"
[1] "Data downloaded successfuly"
[1] "https://ftp.ncbi.nlm.nih.gov/geo/samples/GSM6426nnn/GSM6426381/suppl/GSM6426381_Methylation_EPIC_1228_Grn.idat.gz"
[1] "Data downloaded successfuly"
[1] "https://ftp.ncbi.nlm.nih.gov/geo/samples/GSM6426nnn/GSM6426381/suppl/GSM6426381_Methylation_EPIC_1228_Red.idat.gz"
[1] "Data downloaded successfuly"
[1] "https://ftp.ncbi.nlm.nih.gov/geo/samples/GSM6426nnn/GSM6426382/suppl/GSM6426382_Methylation_EPIC_1229_Grn.idat.gz"
[1] "Data downloaded successfuly"
[1] "https://ftp.ncbi.nlm.nih.gov/geo/samples/GSM6426nnn/GSM6426382/suppl/GSM6426382_Methylation_EPIC_1229_Red.idat.gz"
[1] "Data downloaded successfuly"
[1] "https://ftp.ncbi.nlm.nih.gov/geo/samples/GSM6426nnn/GSM6426383/suppl/GSM6426383_Methylation_EPIC_1230_Grn.idat.gz"
[1] "Data downloaded successfuly"
[1] "https://ftp.ncbi.nlm.nih.gov/geo/samples/GSM6426nnn/GSM6426383/suppl/GSM6426383_Methylation_EPIC_1230_Red.idat.gz"
[1] "Data downloaded successfuly"
[1] "https://ftp.ncbi.nlm.nih.gov/geo/samples/GSM6426nnn/GSM6426384/suppl/GSM6426384_Methylation_EPIC_1231_Grn.idat.gz"
[1] "Data downloaded successfuly"
[1] "https://ftp.ncbi.nlm.nih.gov/geo/samples/GSM6426nnn/GSM6426384/suppl/GSM6426384_Methylation_EPIC_1231_Red.idat.gz"
[1] "Data downloaded successfuly"
[1] "https://ftp.ncbi.nlm.nih.gov/geo/samples/GSM6426nnn/GSM6426385/suppl/GSM6426385_Methylation_EPIC_1232_Grn.idat.gz"
[1] "Data downloaded successfuly"
[1] "https://ftp.ncbi.nlm.nih.gov/geo/samples/GSM6426nnn/GSM6426385/suppl/GSM6426385_Methylation_EPIC_1232_Red.idat.gz"
[1] "Data downloaded successfuly"
[1] "https://ftp.ncbi.nlm.nih.gov/geo/samples/GSM6426nnn/GSM6426386/suppl/GSM6426386_Methylation_EPIC_1233_Grn.idat.gz"
[1] "Data downloaded successfuly"
[1] "https://ftp.ncbi.nlm.nih.gov/geo/samples/GSM6426nnn/GSM6426386/suppl/GSM6426386_Methylation_EPIC_1233_Red.idat.gz"
[1] "Data downloaded successfuly"
[1] "https://ftp.ncbi.nlm.nih.gov/geo/samples/GSM6426nnn/GSM6426387/suppl/GSM6426387_Methylation_EPIC_1234_Grn.idat.gz"
[1] "Data downloaded successfuly"
[1] "https://ftp.ncbi.nlm.nih.gov/geo/samples/GSM6426nnn/GSM6426387/suppl/GSM6426387_Methylation_EPIC_1234_Red.idat.gz"
[1] "Data downloaded successfuly"
[1] "https://ftp.ncbi.nlm.nih.gov/geo/samples/GSM6426nnn/GSM6426388/suppl/GSM6426388_Methylation_EPIC_1235_Grn.idat.gz"
[1] "Data downloaded successfuly"
[1] "https://ftp.ncbi.nlm.nih.gov/geo/samples/GSM6426nnn/GSM6426388/suppl/GSM6426388_Methylation_EPIC_1235_Red.idat.gz"
[1] "Data downloaded successfuly"
[1] "https://ftp.ncbi.nlm.nih.gov/geo/samples/GSM6426nnn/GSM6426389/suppl/GSM6426389_Methylation_EPIC_1236_Grn.idat.gz"
[1] "Data downloaded successfuly"
[1] "https://ftp.ncbi.nlm.nih.gov/geo/samples/GSM6426nnn/GSM6426389/suppl/GSM6426389_Methylation_EPIC_1236_Red.idat.gz"
[1] "Data downloaded successfuly"
[1] "https://ftp.ncbi.nlm.nih.gov/geo/samples/GSM6426nnn/GSM6426390/suppl/GSM6426390_Methylation_EPIC_1237_Grn.idat.gz"
[1] "Data downloaded successfuly"
[1] "https://ftp.ncbi.nlm.nih.gov/geo/samples/GSM6426nnn/GSM6426390/suppl/GSM6426390_Methylation_EPIC_1237_Red.idat.gz"
[1] "Data downloaded successfuly"
[1] "https://ftp.ncbi.nlm.nih.gov/geo/samples/GSM6426nnn/GSM6426391/suppl/GSM6426391_Methylation_EPIC_1238_Grn.idat.gz"
[1] "Data downloaded successfuly"
[1] "https://ftp.ncbi.nlm.nih.gov/geo/samples/GSM6426nnn/GSM6426391/suppl/GSM6426391_Methylation_EPIC_1238_Red.idat.gz"
[1] "Data downloaded successfuly"
[1] "https://ftp.ncbi.nlm.nih.gov/geo/samples/GSM6426nnn/GSM6426392/suppl/GSM6426392_Methylation_EPIC_1239_Grn.idat.gz"
[1] "Data downloaded successfuly"
[1] "https://ftp.ncbi.nlm.nih.gov/geo/samples/GSM6426nnn/GSM6426392/suppl/GSM6426392_Methylation_EPIC_1239_Red.idat.gz"
[1] "Data downloaded successfuly"
[1] "https://ftp.ncbi.nlm.nih.gov/geo/samples/GSM6426nnn/GSM6426393/suppl/GSM6426393_Methylation_EPIC_1240_Grn.idat.gz"
[1] "Data downloaded successfuly"
[1] "https://ftp.ncbi.nlm.nih.gov/geo/samples/GSM6426nnn/GSM6426393/suppl/GSM6426393_Methylation_EPIC_1240_Red.idat.gz"
[1] "Data downloaded successfuly"
[1] "https://ftp.ncbi.nlm.nih.gov/geo/samples/GSM6426nnn/GSM6426394/suppl/GSM6426394_Methylation_EPIC_1241_Grn.idat.gz"
[1] "Data downloaded successfuly"
[1] "https://ftp.ncbi.nlm.nih.gov/geo/samples/GSM6426nnn/GSM6426394/suppl/GSM6426394_Methylation_EPIC_1241_Red.idat.gz"
[1] "Data downloaded successfuly"
[1] "https://ftp.ncbi.nlm.nih.gov/geo/samples/GSM6426nnn/GSM6426395/suppl/GSM6426395_Methylation_EPIC_1242_Grn.idat.gz"
[1] "Data downloaded successfuly"
[1] "https://ftp.ncbi.nlm.nih.gov/geo/samples/GSM6426nnn/GSM6426395/suppl/GSM6426395_Methylation_EPIC_1242_Red.idat.gz"
[1] "Data downloaded successfuly"
[1] "https://ftp.ncbi.nlm.nih.gov/geo/samples/GSM6426nnn/GSM6426396/suppl/GSM6426396_Methylation_EPIC_1243_Grn.idat.gz"
[1] "Data downloaded successfuly"
[1] "https://ftp.ncbi.nlm.nih.gov/geo/samples/GSM6426nnn/GSM6426396/suppl/GSM6426396_Methylation_EPIC_1243_Red.idat.gz"
[1] "Data downloaded successfuly"
[1] "https://ftp.ncbi.nlm.nih.gov/geo/samples/GSM6426nnn/GSM6426397/suppl/GSM6426397_Methylation_EPIC_1244_Grn.idat.gz"
[1] "Data downloaded successfuly"
[1] "https://ftp.ncbi.nlm.nih.gov/geo/samples/GSM6426nnn/GSM6426397/suppl/GSM6426397_Methylation_EPIC_1244_Red.idat.gz"
[1] "Data downloaded successfuly"
[1] "https://ftp.ncbi.nlm.nih.gov/geo/samples/GSM6426nnn/GSM6426398/suppl/GSM6426398_Methylation_EPIC_1245_Grn.idat.gz"
[1] "Data downloaded successfuly"
[1] "https://ftp.ncbi.nlm.nih.gov/geo/samples/GSM6426nnn/GSM6426398/suppl/GSM6426398_Methylation_EPIC_1245_Red.idat.gz"
[1] "Data downloaded successfuly"
[1] "https://ftp.ncbi.nlm.nih.gov/geo/samples/GSM6426nnn/GSM6426399/suppl/GSM6426399_Methylation_EPIC_1246_Grn.idat.gz"
[1] "Data downloaded successfuly"
[1] "https://ftp.ncbi.nlm.nih.gov/geo/samples/GSM6426nnn/GSM6426399/suppl/GSM6426399_Methylation_EPIC_1246_Red.idat.gz"
[1] "Data downloaded successfuly"
[1] "https://ftp.ncbi.nlm.nih.gov/geo/samples/GSM6426nnn/GSM6426400/suppl/GSM6426400_Methylation_EPIC_1247_Grn.idat.gz"
[1] "Data downloaded successfuly"
[1] "https://ftp.ncbi.nlm.nih.gov/geo/samples/GSM6426nnn/GSM6426400/suppl/GSM6426400_Methylation_EPIC_1247_Red.idat.gz"
[1] "Data downloaded successfuly"
[1] "https://ftp.ncbi.nlm.nih.gov/geo/samples/GSM6426nnn/GSM6426401/suppl/GSM6426401_Methylation_EPIC_1248_Grn.idat.gz"
[1] "Data downloaded successfuly"
[1] "https://ftp.ncbi.nlm.nih.gov/geo/samples/GSM6426nnn/GSM6426401/suppl/GSM6426401_Methylation_EPIC_1248_Red.idat.gz"
[1] "Data downloaded successfuly"
[1] "https://ftp.ncbi.nlm.nih.gov/geo/samples/GSM6426nnn/GSM6426402/suppl/GSM6426402_Methylation_EPIC_1249_Grn.idat.gz"
[1] "Data downloaded successfuly"
[1] "https://ftp.ncbi.nlm.nih.gov/geo/samples/GSM6426nnn/GSM6426402/suppl/GSM6426402_Methylation_EPIC_1249_Red.idat.gz"
[1] "Data downloaded successfuly"
[1] "https://ftp.ncbi.nlm.nih.gov/geo/samples/GSM6426nnn/GSM6426403/suppl/GSM6426403_Methylation_EPIC_1250_Grn.idat.gz"
[1] "Data downloaded successfuly"
[1] "https://ftp.ncbi.nlm.nih.gov/geo/samples/GSM6426nnn/GSM6426403/suppl/GSM6426403_Methylation_EPIC_1250_Red.idat.gz"
[1] "Data downloaded successfuly"
[1] "https://ftp.ncbi.nlm.nih.gov/geo/samples/GSM6426nnn/GSM6426404/suppl/GSM6426404_Methylation_EPIC_1251_Grn.idat.gz"
[1] "Data downloaded successfuly"
[1] "https://ftp.ncbi.nlm.nih.gov/geo/samples/GSM6426nnn/GSM6426404/suppl/GSM6426404_Methylation_EPIC_1251_Red.idat.gz"
[1] "Data downloaded successfuly"
[1] "https://ftp.ncbi.nlm.nih.gov/geo/samples/GSM6426nnn/GSM6426405/suppl/GSM6426405_Methylation_EPIC_1252_Grn.idat.gz"
[1] "Data downloaded successfuly"
[1] "https://ftp.ncbi.nlm.nih.gov/geo/samples/GSM6426nnn/GSM6426405/suppl/GSM6426405_Methylation_EPIC_1252_Red.idat.gz"
[1] "Data downloaded successfuly"
[1] "https://ftp.ncbi.nlm.nih.gov/geo/samples/GSM6426nnn/GSM6426406/suppl/GSM6426406_Methylation_EPIC_1253_Grn.idat.gz"
[1] "Data downloaded successfuly"
[1] "https://ftp.ncbi.nlm.nih.gov/geo/samples/GSM6426nnn/GSM6426406/suppl/GSM6426406_Methylation_EPIC_1253_Red.idat.gz"
[1] "Data downloaded successfuly"
[1] "https://ftp.ncbi.nlm.nih.gov/geo/samples/GSM6426nnn/GSM6426407/suppl/GSM6426407_Methylation_EPIC_1254_Grn.idat.gz"
[1] "Data downloaded successfuly"
[1] "https://ftp.ncbi.nlm.nih.gov/geo/samples/GSM6426nnn/GSM6426407/suppl/GSM6426407_Methylation_EPIC_1254_Red.idat.gz"
[1] "Data downloaded successfuly"
[1] "https://ftp.ncbi.nlm.nih.gov/geo/samples/GSM6426nnn/GSM6426408/suppl/GSM6426408_Methylation_EPIC_1255_Grn.idat.gz"
[1] "Data downloaded successfuly"
[1] "https://ftp.ncbi.nlm.nih.gov/geo/samples/GSM6426nnn/GSM6426408/suppl/GSM6426408_Methylation_EPIC_1255_Red.idat.gz"
[1] "Data downloaded successfuly"
[1] "https://ftp.ncbi.nlm.nih.gov/geo/samples/GSM6426nnn/GSM6426409/suppl/GSM6426409_Methylation_EPIC_1256_Grn.idat.gz"
[1] "Data downloaded successfuly"
[1] "https://ftp.ncbi.nlm.nih.gov/geo/samples/GSM6426nnn/GSM6426409/suppl/GSM6426409_Methylation_EPIC_1256_Red.idat.gz"
[1] "Data downloaded successfuly"
[1] "https://ftp.ncbi.nlm.nih.gov/geo/samples/GSM6426nnn/GSM6426410/suppl/GSM6426410_Methylation_EPIC_1257_Grn.idat.gz"
[1] "Data downloaded successfuly"
[1] "https://ftp.ncbi.nlm.nih.gov/geo/samples/GSM6426nnn/GSM6426410/suppl/GSM6426410_Methylation_EPIC_1257_Red.idat.gz"
[1] "Data downloaded successfuly"
[1] "https://ftp.ncbi.nlm.nih.gov/geo/samples/GSM6426nnn/GSM6426411/suppl/GSM6426411_Methylation_EPIC_1258_Grn.idat.gz"
[1] "Data downloaded successfuly"
[1] "https://ftp.ncbi.nlm.nih.gov/geo/samples/GSM6426nnn/GSM6426411/suppl/GSM6426411_Methylation_EPIC_1258_Red.idat.gz"
[1] "Data downloaded successfuly"
[1] "https://ftp.ncbi.nlm.nih.gov/geo/samples/GSM6426nnn/GSM6426412/suppl/GSM6426412_Methylation_EPIC_1259_Grn.idat.gz"
[1] "Data downloaded successfuly"
[1] "https://ftp.ncbi.nlm.nih.gov/geo/samples/GSM6426nnn/GSM6426412/suppl/GSM6426412_Methylation_EPIC_1259_Red.idat.gz"
[1] "Data downloaded successfuly"
[1] "https://ftp.ncbi.nlm.nih.gov/geo/samples/GSM6426nnn/GSM6426413/suppl/GSM6426413_Methylation_EPIC_1260_Grn.idat.gz"
[1] "Data downloaded successfuly"
[1] "https://ftp.ncbi.nlm.nih.gov/geo/samples/GSM6426nnn/GSM6426413/suppl/GSM6426413_Methylation_EPIC_1260_Red.idat.gz"
[1] "Data downloaded successfuly"
[1] "https://ftp.ncbi.nlm.nih.gov/geo/samples/GSM6426nnn/GSM6426414/suppl/GSM6426414_Methylation_EPIC_1261_Grn.idat.gz"
[1] "Data downloaded successfuly"
[1] "https://ftp.ncbi.nlm.nih.gov/geo/samples/GSM6426nnn/GSM6426414/suppl/GSM6426414_Methylation_EPIC_1261_Red.idat.gz"
[1] "Data downloaded successfuly"
[1] "https://ftp.ncbi.nlm.nih.gov/geo/samples/GSM6426nnn/GSM6426415/suppl/GSM6426415_Methylation_EPIC_1262_Grn.idat.gz"
[1] "Data downloaded successfuly"
[1] "https://ftp.ncbi.nlm.nih.gov/geo/samples/GSM6426nnn/GSM6426415/suppl/GSM6426415_Methylation_EPIC_1262_Red.idat.gz"
[1] "Data downloaded successfuly"
[1] "https://ftp.ncbi.nlm.nih.gov/geo/samples/GSM6426nnn/GSM6426416/suppl/GSM6426416_Methylation_EPIC_1263_Grn.idat.gz"
[1] "Data downloaded successfuly"
[1] "https://ftp.ncbi.nlm.nih.gov/geo/samples/GSM6426nnn/GSM6426416/suppl/GSM6426416_Methylation_EPIC_1263_Red.idat.gz"
[1] "Data downloaded successfuly"
[1] "https://ftp.ncbi.nlm.nih.gov/geo/samples/GSM6426nnn/GSM6426417/suppl/GSM6426417_Methylation_EPIC_1264_Grn.idat.gz"
[1] "Data downloaded successfuly"
[1] "https://ftp.ncbi.nlm.nih.gov/geo/samples/GSM6426nnn/GSM6426417/suppl/GSM6426417_Methylation_EPIC_1264_Red.idat.gz"
[1] "Data downloaded successfuly"
[1] "https://ftp.ncbi.nlm.nih.gov/geo/samples/GSM6426nnn/GSM6426418/suppl/GSM6426418_Methylation_EPIC_1265_Grn.idat.gz"
[1] "Data downloaded successfuly"
[1] "https://ftp.ncbi.nlm.nih.gov/geo/samples/GSM6426nnn/GSM6426418/suppl/GSM6426418_Methylation_EPIC_1265_Red.idat.gz"
[1] "Data downloaded successfuly"
[1] "https://ftp.ncbi.nlm.nih.gov/geo/samples/GSM6426nnn/GSM6426419/suppl/GSM6426419_Methylation_EPIC_1266_Grn.idat.gz"
[1] "Data downloaded successfuly"
[1] "https://ftp.ncbi.nlm.nih.gov/geo/samples/GSM6426nnn/GSM6426419/suppl/GSM6426419_Methylation_EPIC_1266_Red.idat.gz"
[1] "Data downloaded successfuly"
[1] "https://ftp.ncbi.nlm.nih.gov/geo/samples/GSM6426nnn/GSM6426420/suppl/GSM6426420_Methylation_EPIC_1267_Grn.idat.gz"
[1] "Data downloaded successfuly"
[1] "https://ftp.ncbi.nlm.nih.gov/geo/samples/GSM6426nnn/GSM6426420/suppl/GSM6426420_Methylation_EPIC_1267_Red.idat.gz"
[1] "Data downloaded successfuly"
[1] "https://ftp.ncbi.nlm.nih.gov/geo/samples/GSM6426nnn/GSM6426421/suppl/GSM6426421_Methylation_EPIC_1268_Grn.idat.gz"
[1] "Data downloaded successfuly"
[1] "https://ftp.ncbi.nlm.nih.gov/geo/samples/GSM6426nnn/GSM6426421/suppl/GSM6426421_Methylation_EPIC_1268_Red.idat.gz"
[1] "Data downloaded successfuly"
[1] "https://ftp.ncbi.nlm.nih.gov/geo/samples/GSM6426nnn/GSM6426422/suppl/GSM6426422_Methylation_EPIC_1269_Grn.idat.gz"
[1] "Data downloaded successfuly"
[1] "https://ftp.ncbi.nlm.nih.gov/geo/samples/GSM6426nnn/GSM6426422/suppl/GSM6426422_Methylation_EPIC_1269_Red.idat.gz"
[1] "Data downloaded successfuly"
[1] "https://ftp.ncbi.nlm.nih.gov/geo/samples/GSM6426nnn/GSM6426423/suppl/GSM6426423_Methylation_EPIC_1270_Grn.idat.gz"
[1] "Data downloaded successfuly"
[1] "https://ftp.ncbi.nlm.nih.gov/geo/samples/GSM6426nnn/GSM6426423/suppl/GSM6426423_Methylation_EPIC_1270_Red.idat.gz"
[1] "Data downloaded successfuly"
[1] "https://ftp.ncbi.nlm.nih.gov/geo/samples/GSM6426nnn/GSM6426424/suppl/GSM6426424_Methylation_EPIC_1271_Grn.idat.gz"
[1] "Data downloaded successfuly"
[1] "https://ftp.ncbi.nlm.nih.gov/geo/samples/GSM6426nnn/GSM6426424/suppl/GSM6426424_Methylation_EPIC_1271_Red.idat.gz"
[1] "Data downloaded successfuly"
[1] "https://ftp.ncbi.nlm.nih.gov/geo/samples/GSM6426nnn/GSM6426425/suppl/GSM6426425_Methylation_EPIC_1272_Grn.idat.gz"
[1] "Data downloaded successfuly"
[1] "https://ftp.ncbi.nlm.nih.gov/geo/samples/GSM6426nnn/GSM6426425/suppl/GSM6426425_Methylation_EPIC_1272_Red.idat.gz"
[1] "Data downloaded successfuly"
[1] "https://ftp.ncbi.nlm.nih.gov/geo/samples/GSM6426nnn/GSM6426426/suppl/GSM6426426_Methylation_EPIC_1273_Grn.idat.gz"
[1] "Data downloaded successfuly"
[1] "https://ftp.ncbi.nlm.nih.gov/geo/samples/GSM6426nnn/GSM6426426/suppl/GSM6426426_Methylation_EPIC_1273_Red.idat.gz"
[1] "Data downloaded successfuly"
[1] "https://ftp.ncbi.nlm.nih.gov/geo/samples/GSM6426nnn/GSM6426427/suppl/GSM6426427_Methylation_EPIC_1274_Grn.idat.gz"
[1] "Data downloaded successfuly"
[1] "https://ftp.ncbi.nlm.nih.gov/geo/samples/GSM6426nnn/GSM6426427/suppl/GSM6426427_Methylation_EPIC_1274_Red.idat.gz"
[1] "Data downloaded successfuly"
[1] "https://ftp.ncbi.nlm.nih.gov/geo/samples/GSM6426nnn/GSM6426428/suppl/GSM6426428_Methylation_EPIC_1275_Grn.idat.gz"
[1] "Data downloaded successfuly"
[1] "https://ftp.ncbi.nlm.nih.gov/geo/samples/GSM6426nnn/GSM6426428/suppl/GSM6426428_Methylation_EPIC_1275_Red.idat.gz"
[1] "Data downloaded successfuly"
[1] "https://ftp.ncbi.nlm.nih.gov/geo/samples/GSM6426nnn/GSM6426429/suppl/GSM6426429_Methylation_EPIC_1276_Grn.idat.gz"
[1] "Data downloaded successfuly"
[1] "https://ftp.ncbi.nlm.nih.gov/geo/samples/GSM6426nnn/GSM6426429/suppl/GSM6426429_Methylation_EPIC_1276_Red.idat.gz"
[1] "Data downloaded successfuly"
[1] "https://ftp.ncbi.nlm.nih.gov/geo/samples/GSM6426nnn/GSM6426430/suppl/GSM6426430_Methylation_EPIC_1277_Grn.idat.gz"
[1] "Data downloaded successfuly"
[1] "https://ftp.ncbi.nlm.nih.gov/geo/samples/GSM6426nnn/GSM6426430/suppl/GSM6426430_Methylation_EPIC_1277_Red.idat.gz"
[1] "Data downloaded successfuly"
[1] "https://ftp.ncbi.nlm.nih.gov/geo/samples/GSM6426nnn/GSM6426431/suppl/GSM6426431_Methylation_EPIC_1278_Grn.idat.gz"
[1] "Data downloaded successfuly"
[1] "https://ftp.ncbi.nlm.nih.gov/geo/samples/GSM6426nnn/GSM6426431/suppl/GSM6426431_Methylation_EPIC_1278_Red.idat.gz"
[1] "Data downloaded successfuly"
[1] "https://ftp.ncbi.nlm.nih.gov/geo/samples/GSM6426nnn/GSM6426432/suppl/GSM6426432_Methylation_EPIC_1279_Grn.idat.gz"
[1] "Data downloaded successfuly"
[1] "https://ftp.ncbi.nlm.nih.gov/geo/samples/GSM6426nnn/GSM6426432/suppl/GSM6426432_Methylation_EPIC_1279_Red.idat.gz"
[1] "Data downloaded successfuly"
[1] "https://ftp.ncbi.nlm.nih.gov/geo/samples/GSM6426nnn/GSM6426433/suppl/GSM6426433_Methylation_EPIC_1280_Grn.idat.gz"
[1] "Data downloaded successfuly"
[1] "https://ftp.ncbi.nlm.nih.gov/geo/samples/GSM6426nnn/GSM6426433/suppl/GSM6426433_Methylation_EPIC_1280_Red.idat.gz"
[1] "Data downloaded successfuly"
[1] "https://ftp.ncbi.nlm.nih.gov/geo/samples/GSM6426nnn/GSM6426434/suppl/GSM6426434_Methylation_EPIC_1281_Grn.idat.gz"
[1] "Data downloaded successfuly"
[1] "https://ftp.ncbi.nlm.nih.gov/geo/samples/GSM6426nnn/GSM6426434/suppl/GSM6426434_Methylation_EPIC_1281_Red.idat.gz"
[1] "Data downloaded successfuly"
[1] "https://ftp.ncbi.nlm.nih.gov/geo/samples/GSM6426nnn/GSM6426435/suppl/GSM6426435_Methylation_EPIC_1282_Grn.idat.gz"
[1] "Data downloaded successfuly"
[1] "https://ftp.ncbi.nlm.nih.gov/geo/samples/GSM6426nnn/GSM6426435/suppl/GSM6426435_Methylation_EPIC_1282_Red.idat.gz"
[1] "Data downloaded successfuly"
[1] "https://ftp.ncbi.nlm.nih.gov/geo/samples/GSM6426nnn/GSM6426436/suppl/GSM6426436_Methylation_EPIC_1283_Grn.idat.gz"
[1] "Data downloaded successfuly"
[1] "https://ftp.ncbi.nlm.nih.gov/geo/samples/GSM6426nnn/GSM6426436/suppl/GSM6426436_Methylation_EPIC_1283_Red.idat.gz"
[1] "Data downloaded successfuly"
[1] "https://ftp.ncbi.nlm.nih.gov/geo/samples/GSM6426nnn/GSM6426437/suppl/GSM6426437_Methylation_EPIC_1284_Grn.idat.gz"
[1] "Data downloaded successfuly"
[1] "https://ftp.ncbi.nlm.nih.gov/geo/samples/GSM6426nnn/GSM6426437/suppl/GSM6426437_Methylation_EPIC_1284_Red.idat.gz"
[1] "Data downloaded successfuly"
[1] "https://ftp.ncbi.nlm.nih.gov/geo/samples/GSM6426nnn/GSM6426438/suppl/GSM6426438_Methylation_EPIC_1285_Grn.idat.gz"
[1] "Data downloaded successfuly"
[1] "https://ftp.ncbi.nlm.nih.gov/geo/samples/GSM6426nnn/GSM6426438/suppl/GSM6426438_Methylation_EPIC_1285_Red.idat.gz"
[1] "Data downloaded successfuly"
[1] "https://ftp.ncbi.nlm.nih.gov/geo/samples/GSM6426nnn/GSM6426439/suppl/GSM6426439_Methylation_EPIC_1286_Grn.idat.gz"
[1] "Data downloaded successfuly"
[1] "https://ftp.ncbi.nlm.nih.gov/geo/samples/GSM6426nnn/GSM6426439/suppl/GSM6426439_Methylation_EPIC_1286_Red.idat.gz"
[1] "Data downloaded successfuly"
[1] "https://ftp.ncbi.nlm.nih.gov/geo/samples/GSM6426nnn/GSM6426440/suppl/GSM6426440_Methylation_EPIC_1287_Grn.idat.gz"
[1] "Data downloaded successfuly"
[1] "https://ftp.ncbi.nlm.nih.gov/geo/samples/GSM6426nnn/GSM6426440/suppl/GSM6426440_Methylation_EPIC_1287_Red.idat.gz"
[1] "Data downloaded successfuly"
[1] "https://ftp.ncbi.nlm.nih.gov/geo/samples/GSM6426nnn/GSM6426441/suppl/GSM6426441_Methylation_EPIC_1288_Grn.idat.gz"
[1] "Data downloaded successfuly"
[1] "https://ftp.ncbi.nlm.nih.gov/geo/samples/GSM6426nnn/GSM6426441/suppl/GSM6426441_Methylation_EPIC_1288_Red.idat.gz"
[1] "Data downloaded successfuly"
[1] "https://ftp.ncbi.nlm.nih.gov/geo/samples/GSM6426nnn/GSM6426442/suppl/GSM6426442_Methylation_EPIC_1289_Grn.idat.gz"
[1] "Data downloaded successfuly"
[1] "https://ftp.ncbi.nlm.nih.gov/geo/samples/GSM6426nnn/GSM6426442/suppl/GSM6426442_Methylation_EPIC_1289_Red.idat.gz"
[1] "Data downloaded successfuly"
[1] "https://ftp.ncbi.nlm.nih.gov/geo/samples/GSM6426nnn/GSM6426443/suppl/GSM6426443_Methylation_EPIC_1290_Grn.idat.gz"
[1] "Data downloaded successfuly"
[1] "https://ftp.ncbi.nlm.nih.gov/geo/samples/GSM6426nnn/GSM6426443/suppl/GSM6426443_Methylation_EPIC_1290_Red.idat.gz"
[1] "Data downloaded successfuly"
[1] "https://ftp.ncbi.nlm.nih.gov/geo/samples/GSM6426nnn/GSM6426444/suppl/GSM6426444_Methylation_EPIC_1291_Grn.idat.gz"
[1] "Data downloaded successfuly"
[1] "https://ftp.ncbi.nlm.nih.gov/geo/samples/GSM6426nnn/GSM6426444/suppl/GSM6426444_Methylation_EPIC_1291_Red.idat.gz"
[1] "Data downloaded successfuly"
[1] "https://ftp.ncbi.nlm.nih.gov/geo/samples/GSM6426nnn/GSM6426445/suppl/GSM6426445_Methylation_EPIC_1292_Grn.idat.gz"
[1] "Data downloaded successfuly"
[1] "https://ftp.ncbi.nlm.nih.gov/geo/samples/GSM6426nnn/GSM6426445/suppl/GSM6426445_Methylation_EPIC_1292_Red.idat.gz"
[1] "Data downloaded successfuly"
[1] "https://ftp.ncbi.nlm.nih.gov/geo/samples/GSM6426nnn/GSM6426446/suppl/GSM6426446_Methylation_EPIC_1293_Grn.idat.gz"
[1] "Data downloaded successfuly"
[1] "https://ftp.ncbi.nlm.nih.gov/geo/samples/GSM6426nnn/GSM6426446/suppl/GSM6426446_Methylation_EPIC_1293_Red.idat.gz"
[1] "Data downloaded successfuly"
[1] "https://ftp.ncbi.nlm.nih.gov/geo/samples/GSM6426nnn/GSM6426447/suppl/GSM6426447_Methylation_EPIC_1294_Grn.idat.gz"
[1] "Data downloaded successfuly"
[1] "https://ftp.ncbi.nlm.nih.gov/geo/samples/GSM6426nnn/GSM6426447/suppl/GSM6426447_Methylation_EPIC_1294_Red.idat.gz"
[1] "Data downloaded successfuly"
[1] "https://ftp.ncbi.nlm.nih.gov/geo/samples/GSM6426nnn/GSM6426448/suppl/GSM6426448_Methylation_EPIC_1295_Grn.idat.gz"
[1] "Data downloaded successfuly"
[1] "https://ftp.ncbi.nlm.nih.gov/geo/samples/GSM6426nnn/GSM6426448/suppl/GSM6426448_Methylation_EPIC_1295_Red.idat.gz"
[1] "Data downloaded successfuly"
[1] "https://ftp.ncbi.nlm.nih.gov/geo/samples/GSM6426nnn/GSM6426449/suppl/GSM6426449_Methylation_EPIC_1296_Grn.idat.gz"
[1] "Data downloaded successfuly"
[1] "https://ftp.ncbi.nlm.nih.gov/geo/samples/GSM6426nnn/GSM6426449/suppl/GSM6426449_Methylation_EPIC_1296_Red.idat.gz"
[1] "Data downloaded successfuly"
[1] "https://ftp.ncbi.nlm.nih.gov/geo/samples/GSM6426nnn/GSM6426450/suppl/GSM6426450_Methylation_EPIC_1297_Grn.idat.gz"
[1] "Data downloaded successfuly"
[1] "https://ftp.ncbi.nlm.nih.gov/geo/samples/GSM6426nnn/GSM6426450/suppl/GSM6426450_Methylation_EPIC_1297_Red.idat.gz"
[1] "Data downloaded successfuly"
[1] "https://ftp.ncbi.nlm.nih.gov/geo/samples/GSM6426nnn/GSM6426451/suppl/GSM6426451_Methylation_EPIC_1298_Grn.idat.gz"
[1] "Data downloaded successfuly"
[1] "https://ftp.ncbi.nlm.nih.gov/geo/samples/GSM6426nnn/GSM6426451/suppl/GSM6426451_Methylation_EPIC_1298_Red.idat.gz"
[1] "Data downloaded successfuly"
[1] "https://ftp.ncbi.nlm.nih.gov/geo/samples/GSM6426nnn/GSM6426452/suppl/GSM6426452_Methylation_EPIC_1299_Grn.idat.gz"
[1] "Data downloaded successfuly"
[1] "https://ftp.ncbi.nlm.nih.gov/geo/samples/GSM6426nnn/GSM6426452/suppl/GSM6426452_Methylation_EPIC_1299_Red.idat.gz"
[1] "Data downloaded successfuly"
[1] "https://ftp.ncbi.nlm.nih.gov/geo/samples/GSM6426nnn/GSM6426453/suppl/GSM6426453_Methylation_EPIC_1300_Grn.idat.gz"
[1] "Data downloaded successfuly"
[1] "https://ftp.ncbi.nlm.nih.gov/geo/samples/GSM6426nnn/GSM6426453/suppl/GSM6426453_Methylation_EPIC_1300_Red.idat.gz"
[1] "Data downloaded successfuly"
[1] "https://ftp.ncbi.nlm.nih.gov/geo/samples/GSM6426nnn/GSM6426454/suppl/GSM6426454_Methylation_EPIC_1301_Grn.idat.gz"
[1] "Data downloaded successfuly"
[1] "https://ftp.ncbi.nlm.nih.gov/geo/samples/GSM6426nnn/GSM6426454/suppl/GSM6426454_Methylation_EPIC_1301_Red.idat.gz"
[1] "Data downloaded successfuly"
[1] "https://ftp.ncbi.nlm.nih.gov/geo/samples/GSM6426nnn/GSM6426455/suppl/GSM6426455_Methylation_EPIC_1302_Grn.idat.gz"
[1] "Data downloaded successfuly"
[1] "https://ftp.ncbi.nlm.nih.gov/geo/samples/GSM6426nnn/GSM6426455/suppl/GSM6426455_Methylation_EPIC_1302_Red.idat.gz"
[1] "Data downloaded successfuly"
[1] "https://ftp.ncbi.nlm.nih.gov/geo/samples/GSM6426nnn/GSM6426456/suppl/GSM6426456_Methylation_EPIC_1303_Grn.idat.gz"
[1] "Data downloaded successfuly"
[1] "https://ftp.ncbi.nlm.nih.gov/geo/samples/GSM6426nnn/GSM6426456/suppl/GSM6426456_Methylation_EPIC_1303_Red.idat.gz"
[1] "Data downloaded successfuly"
[1] "https://ftp.ncbi.nlm.nih.gov/geo/samples/GSM6426nnn/GSM6426457/suppl/GSM6426457_Methylation_EPIC_1304_Grn.idat.gz"
[1] "Data downloaded successfuly"
[1] "https://ftp.ncbi.nlm.nih.gov/geo/samples/GSM6426nnn/GSM6426457/suppl/GSM6426457_Methylation_EPIC_1304_Red.idat.gz"
[1] "Data downloaded successfuly"
[1] "https://ftp.ncbi.nlm.nih.gov/geo/samples/GSM6426nnn/GSM6426458/suppl/GSM6426458_Methylation_EPIC_1305_Grn.idat.gz"
[1] "Data downloaded successfuly"
[1] "https://ftp.ncbi.nlm.nih.gov/geo/samples/GSM6426nnn/GSM6426458/suppl/GSM6426458_Methylation_EPIC_1305_Red.idat.gz"
[1] "Data downloaded successfuly"
[1] "https://ftp.ncbi.nlm.nih.gov/geo/samples/GSM6426nnn/GSM6426459/suppl/GSM6426459_Methylation_EPIC_1306_Grn.idat.gz"
[1] "Data downloaded successfuly"
[1] "https://ftp.ncbi.nlm.nih.gov/geo/samples/GSM6426nnn/GSM6426459/suppl/GSM6426459_Methylation_EPIC_1306_Red.idat.gz"
[1] "Data downloaded successfuly"
[1] "https://ftp.ncbi.nlm.nih.gov/geo/samples/GSM6426nnn/GSM6426460/suppl/GSM6426460_Methylation_EPIC_1307_Grn.idat.gz"
[1] "Data downloaded successfuly"
[1] "https://ftp.ncbi.nlm.nih.gov/geo/samples/GSM6426nnn/GSM6426460/suppl/GSM6426460_Methylation_EPIC_1307_Red.idat.gz"
[1] "Data downloaded successfuly"
[1] "https://ftp.ncbi.nlm.nih.gov/geo/samples/GSM6426nnn/GSM6426461/suppl/GSM6426461_Methylation_EPIC_1308_Grn.idat.gz"
[1] "Data downloaded successfuly"
[1] "https://ftp.ncbi.nlm.nih.gov/geo/samples/GSM6426nnn/GSM6426461/suppl/GSM6426461_Methylation_EPIC_1308_Red.idat.gz"
[1] "Data downloaded successfuly"
[1] "https://ftp.ncbi.nlm.nih.gov/geo/samples/GSM6426nnn/GSM6426462/suppl/GSM6426462_Methylation_EPIC_1309_Grn.idat.gz"
[1] "Data downloaded successfuly"
[1] "https://ftp.ncbi.nlm.nih.gov/geo/samples/GSM6426nnn/GSM6426462/suppl/GSM6426462_Methylation_EPIC_1309_Red.idat.gz"
[1] "Data downloaded successfuly"
[1] "https://ftp.ncbi.nlm.nih.gov/geo/samples/GSM6426nnn/GSM6426463/suppl/GSM6426463_Methylation_EPIC_1310_Grn.idat.gz"
[1] "Data downloaded successfuly"
[1] "https://ftp.ncbi.nlm.nih.gov/geo/samples/GSM6426nnn/GSM6426463/suppl/GSM6426463_Methylation_EPIC_1310_Red.idat.gz"
[1] "Data downloaded successfuly"
[1] "https://ftp.ncbi.nlm.nih.gov/geo/samples/GSM6426nnn/GSM6426464/suppl/GSM6426464_Methylation_EPIC_1311_Grn.idat.gz"
[1] "Data downloaded successfuly"
[1] "https://ftp.ncbi.nlm.nih.gov/geo/samples/GSM6426nnn/GSM6426464/suppl/GSM6426464_Methylation_EPIC_1311_Red.idat.gz"
[1] "Data downloaded successfuly"
[1] "https://ftp.ncbi.nlm.nih.gov/geo/samples/GSM6426nnn/GSM6426465/suppl/GSM6426465_Methylation_EPIC_1312_Grn.idat.gz"
[1] "Data downloaded successfuly"
[1] "https://ftp.ncbi.nlm.nih.gov/geo/samples/GSM6426nnn/GSM6426465/suppl/GSM6426465_Methylation_EPIC_1312_Red.idat.gz"
[1] "Data downloaded successfuly"
[1] "https://ftp.ncbi.nlm.nih.gov/geo/samples/GSM6426nnn/GSM6426466/suppl/GSM6426466_Methylation_EPIC_1313_Grn.idat.gz"
[1] "Data downloaded successfuly"
[1] "https://ftp.ncbi.nlm.nih.gov/geo/samples/GSM6426nnn/GSM6426466/suppl/GSM6426466_Methylation_EPIC_1313_Red.idat.gz"
[1] "Data downloaded successfuly"
[1] "https://ftp.ncbi.nlm.nih.gov/geo/samples/GSM6426nnn/GSM6426467/suppl/GSM6426467_Methylation_EPIC_1314_Grn.idat.gz"
[1] "Data downloaded successfuly"
[1] "https://ftp.ncbi.nlm.nih.gov/geo/samples/GSM6426nnn/GSM6426467/suppl/GSM6426467_Methylation_EPIC_1314_Red.idat.gz"
[1] "Data downloaded successfuly"
[1] "https://ftp.ncbi.nlm.nih.gov/geo/samples/GSM6426nnn/GSM6426468/suppl/GSM6426468_Methylation_EPIC_1315_Grn.idat.gz"
[1] "Data downloaded successfuly"
[1] "https://ftp.ncbi.nlm.nih.gov/geo/samples/GSM6426nnn/GSM6426468/suppl/GSM6426468_Methylation_EPIC_1315_Red.idat.gz"
[1] "Data downloaded successfuly"
[1] "https://ftp.ncbi.nlm.nih.gov/geo/samples/GSM6426nnn/GSM6426469/suppl/GSM6426469_Methylation_EPIC_1316_Grn.idat.gz"
[1] "Data downloaded successfuly"
[1] "https://ftp.ncbi.nlm.nih.gov/geo/samples/GSM6426nnn/GSM6426469/suppl/GSM6426469_Methylation_EPIC_1316_Red.idat.gz"
[1] "Data downloaded successfuly"
[1] "https://ftp.ncbi.nlm.nih.gov/geo/samples/GSM6426nnn/GSM6426470/suppl/GSM6426470_Methylation_EPIC_1317_Grn.idat.gz"
[1] "Data downloaded successfuly"
[1] "https://ftp.ncbi.nlm.nih.gov/geo/samples/GSM6426nnn/GSM6426470/suppl/GSM6426470_Methylation_EPIC_1317_Red.idat.gz"
[1] "Data downloaded successfuly"
[1] "https://ftp.ncbi.nlm.nih.gov/geo/samples/GSM6426nnn/GSM6426471/suppl/GSM6426471_Methylation_EPIC_1318_Grn.idat.gz"
[1] "Data downloaded successfuly"
[1] "https://ftp.ncbi.nlm.nih.gov/geo/samples/GSM6426nnn/GSM6426471/suppl/GSM6426471_Methylation_EPIC_1318_Red.idat.gz"
[1] "Data downloaded successfuly"
[1] "https://ftp.ncbi.nlm.nih.gov/geo/samples/GSM6426nnn/GSM6426472/suppl/GSM6426472_Methylation_EPIC_1319_Grn.idat.gz"
[1] "Data downloaded successfuly"
[1] "https://ftp.ncbi.nlm.nih.gov/geo/samples/GSM6426nnn/GSM6426472/suppl/GSM6426472_Methylation_EPIC_1319_Red.idat.gz"
[1] "Data downloaded successfuly"
[1] "https://ftp.ncbi.nlm.nih.gov/geo/samples/GSM6426nnn/GSM6426473/suppl/GSM6426473_Methylation_EPIC_1320_Grn.idat.gz"
[1] "Data downloaded successfuly"
[1] "https://ftp.ncbi.nlm.nih.gov/geo/samples/GSM6426nnn/GSM6426473/suppl/GSM6426473_Methylation_EPIC_1320_Red.idat.gz"
[1] "Data downloaded successfuly"
[1] "https://ftp.ncbi.nlm.nih.gov/geo/samples/GSM6426nnn/GSM6426474/suppl/GSM6426474_Methylation_EPIC_1321_Grn.idat.gz"
[1] "Data downloaded successfuly"
[1] "https://ftp.ncbi.nlm.nih.gov/geo/samples/GSM6426nnn/GSM6426474/suppl/GSM6426474_Methylation_EPIC_1321_Red.idat.gz"
[1] "Data downloaded successfuly"
[1] "https://ftp.ncbi.nlm.nih.gov/geo/samples/GSM6426nnn/GSM6426475/suppl/GSM6426475_Methylation_EPIC_1322_Grn.idat.gz"
[1] "Data downloaded successfuly"
[1] "https://ftp.ncbi.nlm.nih.gov/geo/samples/GSM6426nnn/GSM6426475/suppl/GSM6426475_Methylation_EPIC_1322_Red.idat.gz"
[1] "Data downloaded successfuly"
[1] "https://ftp.ncbi.nlm.nih.gov/geo/samples/GSM6426nnn/GSM6426476/suppl/GSM6426476_Methylation_EPIC_1323_Grn.idat.gz"
[1] "Data downloaded successfuly"
[1] "https://ftp.ncbi.nlm.nih.gov/geo/samples/GSM6426nnn/GSM6426476/suppl/GSM6426476_Methylation_EPIC_1323_Red.idat.gz"
[1] "Data downloaded successfuly"
[1] "https://ftp.ncbi.nlm.nih.gov/geo/samples/GSM6426nnn/GSM6426477/suppl/GSM6426477_Methylation_EPIC_1324_Grn.idat.gz"
[1] "Data downloaded successfuly"
[1] "https://ftp.ncbi.nlm.nih.gov/geo/samples/GSM6426nnn/GSM6426477/suppl/GSM6426477_Methylation_EPIC_1324_Red.idat.gz"
[1] "Data downloaded successfuly"
[1] "https://ftp.ncbi.nlm.nih.gov/geo/samples/GSM6426nnn/GSM6426478/suppl/GSM6426478_Methylation_EPIC_1325_Grn.idat.gz"
[1] "Data downloaded successfuly"
[1] "https://ftp.ncbi.nlm.nih.gov/geo/samples/GSM6426nnn/GSM6426478/suppl/GSM6426478_Methylation_EPIC_1325_Red.idat.gz"
[1] "Data downloaded successfuly"
[1] "https://ftp.ncbi.nlm.nih.gov/geo/samples/GSM6426nnn/GSM6426479/suppl/GSM6426479_Methylation_EPIC_1326_Grn.idat.gz"
[1] "Data downloaded successfuly"
[1] "https://ftp.ncbi.nlm.nih.gov/geo/samples/GSM6426nnn/GSM6426479/suppl/GSM6426479_Methylation_EPIC_1326_Red.idat.gz"
[1] "Data downloaded successfuly"
[1] "https://ftp.ncbi.nlm.nih.gov/geo/samples/GSM6426nnn/GSM6426480/suppl/GSM6426480_Methylation_EPIC_1327_Grn.idat.gz"
[1] "Data downloaded successfuly"
[1] "https://ftp.ncbi.nlm.nih.gov/geo/samples/GSM6426nnn/GSM6426480/suppl/GSM6426480_Methylation_EPIC_1327_Red.idat.gz"
[1] "Data downloaded successfuly"
[1] "https://ftp.ncbi.nlm.nih.gov/geo/samples/GSM6426nnn/GSM6426481/suppl/GSM6426481_Methylation_EPIC_1328_Grn.idat.gz"
[1] "Data downloaded successfuly"
[1] "https://ftp.ncbi.nlm.nih.gov/geo/samples/GSM6426nnn/GSM6426481/suppl/GSM6426481_Methylation_EPIC_1328_Red.idat.gz"
[1] "Data downloaded successfuly"
[1] "https://ftp.ncbi.nlm.nih.gov/geo/samples/GSM6426nnn/GSM6426482/suppl/GSM6426482_Methylation_EPIC_1329_Grn.idat.gz"
[1] "Data downloaded successfuly"
[1] "https://ftp.ncbi.nlm.nih.gov/geo/samples/GSM6426nnn/GSM6426482/suppl/GSM6426482_Methylation_EPIC_1329_Red.idat.gz"
[1] "Data downloaded successfuly"
[1] "https://ftp.ncbi.nlm.nih.gov/geo/samples/GSM6426nnn/GSM6426483/suppl/GSM6426483_Methylation_EPIC_1330_Grn.idat.gz"
[1] "Data downloaded successfuly"
[1] "https://ftp.ncbi.nlm.nih.gov/geo/samples/GSM6426nnn/GSM6426483/suppl/GSM6426483_Methylation_EPIC_1330_Red.idat.gz"
[1] "Data downloaded successfuly"
[1] "https://ftp.ncbi.nlm.nih.gov/geo/samples/GSM6426nnn/GSM6426484/suppl/GSM6426484_Methylation_EPIC_1331_Grn.idat.gz"
[1] "Data downloaded successfuly"
[1] "https://ftp.ncbi.nlm.nih.gov/geo/samples/GSM6426nnn/GSM6426484/suppl/GSM6426484_Methylation_EPIC_1331_Red.idat.gz"
[1] "Data downloaded successfuly"
[1] "https://ftp.ncbi.nlm.nih.gov/geo/samples/GSM6426nnn/GSM6426485/suppl/GSM6426485_Methylation_EPIC_1332_Grn.idat.gz"
[1] "Data downloaded successfuly"
[1] "https://ftp.ncbi.nlm.nih.gov/geo/samples/GSM6426nnn/GSM6426485/suppl/GSM6426485_Methylation_EPIC_1332_Red.idat.gz"
[1] "Data downloaded successfuly"
[1] "https://ftp.ncbi.nlm.nih.gov/geo/samples/GSM6426nnn/GSM6426486/suppl/GSM6426486_Methylation_EPIC_1333_Grn.idat.gz"
[1] "Data downloaded successfuly"
[1] "https://ftp.ncbi.nlm.nih.gov/geo/samples/GSM6426nnn/GSM6426486/suppl/GSM6426486_Methylation_EPIC_1333_Red.idat.gz"
[1] "Data downloaded successfuly"
[1] "https://ftp.ncbi.nlm.nih.gov/geo/samples/GSM6426nnn/GSM6426487/suppl/GSM6426487_Methylation_EPIC_1334_Grn.idat.gz"
[1] "Data downloaded successfuly"
[1] "https://ftp.ncbi.nlm.nih.gov/geo/samples/GSM6426nnn/GSM6426487/suppl/GSM6426487_Methylation_EPIC_1334_Red.idat.gz"
[1] "Data downloaded successfuly"
[1] "https://ftp.ncbi.nlm.nih.gov/geo/samples/GSM6426nnn/GSM6426488/suppl/GSM6426488_Methylation_EPIC_1335_Grn.idat.gz"
[1] "Data downloaded successfuly"
[1] "https://ftp.ncbi.nlm.nih.gov/geo/samples/GSM6426nnn/GSM6426488/suppl/GSM6426488_Methylation_EPIC_1335_Red.idat.gz"
[1] "Data downloaded successfuly"
[1] "https://ftp.ncbi.nlm.nih.gov/geo/samples/GSM6426nnn/GSM6426489/suppl/GSM6426489_Methylation_EPIC_1336_Grn.idat.gz"
[1] "Data downloaded successfuly"
[1] "https://ftp.ncbi.nlm.nih.gov/geo/samples/GSM6426nnn/GSM6426489/suppl/GSM6426489_Methylation_EPIC_1336_Red.idat.gz"
[1] "Data downloaded successfuly"
[1] "https://ftp.ncbi.nlm.nih.gov/geo/samples/GSM6426nnn/GSM6426490/suppl/GSM6426490_Methylation_EPIC_1337_Grn.idat.gz"
[1] "Data downloaded successfuly"
[1] "https://ftp.ncbi.nlm.nih.gov/geo/samples/GSM6426nnn/GSM6426490/suppl/GSM6426490_Methylation_EPIC_1337_Red.idat.gz"
[1] "Data downloaded successfuly"
[1] "https://ftp.ncbi.nlm.nih.gov/geo/samples/GSM6426nnn/GSM6426491/suppl/GSM6426491_Methylation_EPIC_1338_Grn.idat.gz"
[1] "Data downloaded successfuly"
[1] "https://ftp.ncbi.nlm.nih.gov/geo/samples/GSM6426nnn/GSM6426491/suppl/GSM6426491_Methylation_EPIC_1338_Red.idat.gz"
[1] "Data downloaded successfuly"
[1] "https://ftp.ncbi.nlm.nih.gov/geo/samples/GSM6426nnn/GSM6426492/suppl/GSM6426492_Methylation_EPIC_1339_Grn.idat.gz"
[1] "Data downloaded successfuly"
[1] "https://ftp.ncbi.nlm.nih.gov/geo/samples/GSM6426nnn/GSM6426492/suppl/GSM6426492_Methylation_EPIC_1339_Red.idat.gz"
[1] "Data downloaded successfuly"
[1] "https://ftp.ncbi.nlm.nih.gov/geo/samples/GSM6426nnn/GSM6426493/suppl/GSM6426493_Methylation_EPIC_1340_Grn.idat.gz"
[1] "Data downloaded successfuly"
[1] "https://ftp.ncbi.nlm.nih.gov/geo/samples/GSM6426nnn/GSM6426493/suppl/GSM6426493_Methylation_EPIC_1340_Red.idat.gz"
[1] "Data downloaded successfuly"
[1] "https://ftp.ncbi.nlm.nih.gov/geo/samples/GSM6426nnn/GSM6426494/suppl/GSM6426494_Methylation_EPIC_1341_Grn.idat.gz"
[1] "Data downloaded successfuly"
[1] "https://ftp.ncbi.nlm.nih.gov/geo/samples/GSM6426nnn/GSM6426494/suppl/GSM6426494_Methylation_EPIC_1341_Red.idat.gz"
[1] "Data downloaded successfuly"
[1] "https://ftp.ncbi.nlm.nih.gov/geo/samples/GSM6426nnn/GSM6426495/suppl/GSM6426495_Methylation_EPIC_1342_Grn.idat.gz"
[1] "Data downloaded successfuly"
[1] "https://ftp.ncbi.nlm.nih.gov/geo/samples/GSM6426nnn/GSM6426495/suppl/GSM6426495_Methylation_EPIC_1342_Red.idat.gz"
[1] "Data downloaded successfuly"
[1] "https://ftp.ncbi.nlm.nih.gov/geo/samples/GSM6426nnn/GSM6426496/suppl/GSM6426496_Methylation_EPIC_1343_Grn.idat.gz"
[1] "Data downloaded successfuly"
[1] "https://ftp.ncbi.nlm.nih.gov/geo/samples/GSM6426nnn/GSM6426496/suppl/GSM6426496_Methylation_EPIC_1343_Red.idat.gz"
[1] "Data downloaded successfuly"
[1] "https://ftp.ncbi.nlm.nih.gov/geo/samples/GSM6426nnn/GSM6426497/suppl/GSM6426497_Methylation_EPIC_1344_Grn.idat.gz"
[1] "Data downloaded successfuly"
[1] "https://ftp.ncbi.nlm.nih.gov/geo/samples/GSM6426nnn/GSM6426497/suppl/GSM6426497_Methylation_EPIC_1344_Red.idat.gz"
[1] "Data downloaded successfuly"
[1] "https://ftp.ncbi.nlm.nih.gov/geo/samples/GSM6426nnn/GSM6426498/suppl/GSM6426498_Methylation_EPIC_1345_Grn.idat.gz"
[1] "Data downloaded successfuly"
[1] "https://ftp.ncbi.nlm.nih.gov/geo/samples/GSM6426nnn/GSM6426498/suppl/GSM6426498_Methylation_EPIC_1345_Red.idat.gz"
[1] "Data downloaded successfuly"
[1] "https://ftp.ncbi.nlm.nih.gov/geo/samples/GSM6426nnn/GSM6426499/suppl/GSM6426499_Methylation_EPIC_1346_Grn.idat.gz"
[1] "Data downloaded successfuly"
[1] "https://ftp.ncbi.nlm.nih.gov/geo/samples/GSM6426nnn/GSM6426499/suppl/GSM6426499_Methylation_EPIC_1346_Red.idat.gz"
[1] "Data downloaded successfuly"
[1] "https://ftp.ncbi.nlm.nih.gov/geo/samples/GSM6426nnn/GSM6426500/suppl/GSM6426500_Methylation_EPIC_1347_Grn.idat.gz"
[1] "Data downloaded successfuly"
[1] "https://ftp.ncbi.nlm.nih.gov/geo/samples/GSM6426nnn/GSM6426500/suppl/GSM6426500_Methylation_EPIC_1347_Red.idat.gz"
[1] "Data downloaded successfuly"
[1] "https://ftp.ncbi.nlm.nih.gov/geo/samples/GSM6426nnn/GSM6426501/suppl/GSM6426501_Methylation_EPIC_1348_Grn.idat.gz"
[1] "Data downloaded successfuly"
[1] "https://ftp.ncbi.nlm.nih.gov/geo/samples/GSM6426nnn/GSM6426501/suppl/GSM6426501_Methylation_EPIC_1348_Red.idat.gz"
[1] "Data downloaded successfuly"
[1] "https://ftp.ncbi.nlm.nih.gov/geo/samples/GSM6426nnn/GSM6426502/suppl/GSM6426502_Methylation_EPIC_1349_Grn.idat.gz"
[1] "Data downloaded successfuly"
[1] "https://ftp.ncbi.nlm.nih.gov/geo/samples/GSM6426nnn/GSM6426502/suppl/GSM6426502_Methylation_EPIC_1349_Red.idat.gz"
[1] "Data downloaded successfuly"
[1] "https://ftp.ncbi.nlm.nih.gov/geo/samples/GSM6426nnn/GSM6426503/suppl/GSM6426503_Methylation_EPIC_1350_Grn.idat.gz"
[1] "Data downloaded successfuly"
[1] "https://ftp.ncbi.nlm.nih.gov/geo/samples/GSM6426nnn/GSM6426503/suppl/GSM6426503_Methylation_EPIC_1350_Red.idat.gz"
[1] "Data downloaded successfuly"
[1] "https://ftp.ncbi.nlm.nih.gov/geo/samples/GSM6426nnn/GSM6426504/suppl/GSM6426504_Methylation_EPIC_1351_Grn.idat.gz"
[1] "Data downloaded successfuly"
[1] "https://ftp.ncbi.nlm.nih.gov/geo/samples/GSM6426nnn/GSM6426504/suppl/GSM6426504_Methylation_EPIC_1351_Red.idat.gz"
[1] "Data downloaded successfuly"
[1] "https://ftp.ncbi.nlm.nih.gov/geo/samples/GSM6426nnn/GSM6426505/suppl/GSM6426505_Methylation_EPIC_1352_Grn.idat.gz"
[1] "Data downloaded successfuly"
[1] "https://ftp.ncbi.nlm.nih.gov/geo/samples/GSM6426nnn/GSM6426505/suppl/GSM6426505_Methylation_EPIC_1352_Red.idat.gz"
[1] "Data downloaded successfuly"
[1] "https://ftp.ncbi.nlm.nih.gov/geo/samples/GSM6426nnn/GSM6426506/suppl/GSM6426506_Methylation_EPIC_1353_Grn.idat.gz"
[1] "Data downloaded successfuly"
[1] "https://ftp.ncbi.nlm.nih.gov/geo/samples/GSM6426nnn/GSM6426506/suppl/GSM6426506_Methylation_EPIC_1353_Red.idat.gz"
[1] "Data downloaded successfuly"
[1] "https://ftp.ncbi.nlm.nih.gov/geo/samples/GSM6426nnn/GSM6426507/suppl/GSM6426507_Methylation_EPIC_1354_Grn.idat.gz"
[1] "Data downloaded successfuly"
[1] "https://ftp.ncbi.nlm.nih.gov/geo/samples/GSM6426nnn/GSM6426507/suppl/GSM6426507_Methylation_EPIC_1354_Red.idat.gz"
[1] "Data downloaded successfuly"
[1] "https://ftp.ncbi.nlm.nih.gov/geo/samples/GSM6426nnn/GSM6426508/suppl/GSM6426508_Methylation_EPIC_1355_Grn.idat.gz"
[1] "Data downloaded successfuly"
[1] "https://ftp.ncbi.nlm.nih.gov/geo/samples/GSM6426nnn/GSM6426508/suppl/GSM6426508_Methylation_EPIC_1355_Red.idat.gz"
[1] "Data downloaded successfuly"
[1] "https://ftp.ncbi.nlm.nih.gov/geo/samples/GSM6426nnn/GSM6426509/suppl/GSM6426509_Methylation_EPIC_1356_Grn.idat.gz"
[1] "Data downloaded successfuly"
[1] "https://ftp.ncbi.nlm.nih.gov/geo/samples/GSM6426nnn/GSM6426509/suppl/GSM6426509_Methylation_EPIC_1356_Red.idat.gz"
[1] "Data downloaded successfuly"
[1] "https://ftp.ncbi.nlm.nih.gov/geo/samples/GSM6426nnn/GSM6426510/suppl/GSM6426510_Methylation_EPIC_1357_Grn.idat.gz"
[1] "Data downloaded successfuly"
[1] "https://ftp.ncbi.nlm.nih.gov/geo/samples/GSM6426nnn/GSM6426510/suppl/GSM6426510_Methylation_EPIC_1357_Red.idat.gz"
[1] "Data downloaded successfuly"
[1] "https://ftp.ncbi.nlm.nih.gov/geo/samples/GSM6426nnn/GSM6426511/suppl/GSM6426511_Methylation_EPIC_1358_Grn.idat.gz"
[1] "Data downloaded successfuly"
[1] "https://ftp.ncbi.nlm.nih.gov/geo/samples/GSM6426nnn/GSM6426511/suppl/GSM6426511_Methylation_EPIC_1358_Red.idat.gz"
[1] "Data downloaded successfuly"
[1] "https://ftp.ncbi.nlm.nih.gov/geo/samples/GSM6426nnn/GSM6426512/suppl/GSM6426512_Methylation_EPIC_1359_Grn.idat.gz"
[1] "Data downloaded successfuly"
[1] "https://ftp.ncbi.nlm.nih.gov/geo/samples/GSM6426nnn/GSM6426512/suppl/GSM6426512_Methylation_EPIC_1359_Red.idat.gz"
[1] "Data downloaded successfuly"
[1] "https://ftp.ncbi.nlm.nih.gov/geo/samples/GSM6426nnn/GSM6426513/suppl/GSM6426513_Methylation_EPIC_1360_Grn.idat.gz"
[1] "Data downloaded successfuly"
[1] "https://ftp.ncbi.nlm.nih.gov/geo/samples/GSM6426nnn/GSM6426513/suppl/GSM6426513_Methylation_EPIC_1360_Red.idat.gz"
[1] "Data downloaded successfuly"
[1] "https://ftp.ncbi.nlm.nih.gov/geo/samples/GSM6426nnn/GSM6426514/suppl/GSM6426514_Methylation_EPIC_1361_Grn.idat.gz"
[1] "Data downloaded successfuly"
[1] "https://ftp.ncbi.nlm.nih.gov/geo/samples/GSM6426nnn/GSM6426514/suppl/GSM6426514_Methylation_EPIC_1361_Red.idat.gz"
[1] "Data downloaded successfuly"
[1] "https://ftp.ncbi.nlm.nih.gov/geo/samples/GSM6426nnn/GSM6426515/suppl/GSM6426515_Methylation_EPIC_1362_Grn.idat.gz"
[1] "Data downloaded successfuly"
[1] "https://ftp.ncbi.nlm.nih.gov/geo/samples/GSM6426nnn/GSM6426515/suppl/GSM6426515_Methylation_EPIC_1362_Red.idat.gz"
[1] "Data downloaded successfuly"
[1] "https://ftp.ncbi.nlm.nih.gov/geo/samples/GSM6426nnn/GSM6426516/suppl/GSM6426516_Methylation_EPIC_1363_Grn.idat.gz"
[1] "Data downloaded successfuly"
[1] "https://ftp.ncbi.nlm.nih.gov/geo/samples/GSM6426nnn/GSM6426516/suppl/GSM6426516_Methylation_EPIC_1363_Red.idat.gz"
[1] "Data downloaded successfuly"
[1] "https://ftp.ncbi.nlm.nih.gov/geo/samples/GSM6426nnn/GSM6426517/suppl/GSM6426517_Methylation_EPIC_1364_Grn.idat.gz"
[1] "Data downloaded successfuly"
[1] "https://ftp.ncbi.nlm.nih.gov/geo/samples/GSM6426nnn/GSM6426517/suppl/GSM6426517_Methylation_EPIC_1364_Red.idat.gz"
[1] "Data downloaded successfuly"
[1] "https://ftp.ncbi.nlm.nih.gov/geo/samples/GSM6426nnn/GSM6426518/suppl/GSM6426518_Methylation_EPIC_1365_Grn.idat.gz"
[1] "Data downloaded successfuly"
[1] "https://ftp.ncbi.nlm.nih.gov/geo/samples/GSM6426nnn/GSM6426518/suppl/GSM6426518_Methylation_EPIC_1365_Red.idat.gz"
[1] "Data downloaded successfuly"
[1] "https://ftp.ncbi.nlm.nih.gov/geo/samples/GSM6426nnn/GSM6426519/suppl/GSM6426519_Methylation_EPIC_1366_Grn.idat.gz"
[1] "Data downloaded successfuly"
[1] "https://ftp.ncbi.nlm.nih.gov/geo/samples/GSM6426nnn/GSM6426519/suppl/GSM6426519_Methylation_EPIC_1366_Red.idat.gz"
[1] "Data downloaded successfuly"
[1] "https://ftp.ncbi.nlm.nih.gov/geo/samples/GSM6426nnn/GSM6426520/suppl/GSM6426520_Methylation_EPIC_1367_Grn.idat.gz"
[1] "Data downloaded successfuly"
[1] "https://ftp.ncbi.nlm.nih.gov/geo/samples/GSM6426nnn/GSM6426520/suppl/GSM6426520_Methylation_EPIC_1367_Red.idat.gz"
[1] "Data downloaded successfuly"
[1] "https://ftp.ncbi.nlm.nih.gov/geo/samples/GSM6426nnn/GSM6426521/suppl/GSM6426521_Methylation_EPIC_1368_Grn.idat.gz"
[1] "Data downloaded successfuly"
[1] "https://ftp.ncbi.nlm.nih.gov/geo/samples/GSM6426nnn/GSM6426521/suppl/GSM6426521_Methylation_EPIC_1368_Red.idat.gz"
[1] "Data downloaded successfuly"
[1] "https://ftp.ncbi.nlm.nih.gov/geo/samples/GSM6426nnn/GSM6426522/suppl/GSM6426522_Methylation_EPIC_1369_Grn.idat.gz"
[1] "Data downloaded successfuly"
[1] "https://ftp.ncbi.nlm.nih.gov/geo/samples/GSM6426nnn/GSM6426522/suppl/GSM6426522_Methylation_EPIC_1369_Red.idat.gz"
[1] "Data downloaded successfuly"
[1] "https://ftp.ncbi.nlm.nih.gov/geo/samples/GSM6426nnn/GSM6426523/suppl/GSM6426523_Methylation_EPIC_1370_Grn.idat.gz"
[1] "Data downloaded successfuly"
[1] "https://ftp.ncbi.nlm.nih.gov/geo/samples/GSM6426nnn/GSM6426523/suppl/GSM6426523_Methylation_EPIC_1370_Red.idat.gz"
[1] "Data downloaded successfuly"
[1] "https://ftp.ncbi.nlm.nih.gov/geo/samples/GSM6426nnn/GSM6426524/suppl/GSM6426524_Methylation_EPIC_1371_Grn.idat.gz"
[1] "Data downloaded successfuly"
[1] "https://ftp.ncbi.nlm.nih.gov/geo/samples/GSM6426nnn/GSM6426524/suppl/GSM6426524_Methylation_EPIC_1371_Red.idat.gz"
[1] "Data downloaded successfuly"
[1] "https://ftp.ncbi.nlm.nih.gov/geo/samples/GSM6426nnn/GSM6426525/suppl/GSM6426525_Methylation_EPIC_1372_Grn.idat.gz"
[1] "Data downloaded successfuly"
[1] "https://ftp.ncbi.nlm.nih.gov/geo/samples/GSM6426nnn/GSM6426525/suppl/GSM6426525_Methylation_EPIC_1372_Red.idat.gz"
[1] "Data downloaded successfuly"
[1] "https://ftp.ncbi.nlm.nih.gov/geo/samples/GSM6426nnn/GSM6426526/suppl/GSM6426526_Methylation_EPIC_1373_Grn.idat.gz"
[1] "Data downloaded successfuly"
[1] "https://ftp.ncbi.nlm.nih.gov/geo/samples/GSM6426nnn/GSM6426526/suppl/GSM6426526_Methylation_EPIC_1373_Red.idat.gz"
[1] "Data downloaded successfuly"
[1] "https://ftp.ncbi.nlm.nih.gov/geo/samples/GSM6426nnn/GSM6426527/suppl/GSM6426527_Methylation_EPIC_1374_Grn.idat.gz"
[1] "Data downloaded successfuly"
[1] "https://ftp.ncbi.nlm.nih.gov/geo/samples/GSM6426nnn/GSM6426527/suppl/GSM6426527_Methylation_EPIC_1374_Red.idat.gz"
[1] "Data downloaded successfuly"
[1] "https://ftp.ncbi.nlm.nih.gov/geo/samples/GSM6426nnn/GSM6426528/suppl/GSM6426528_Methylation_EPIC_1375_Grn.idat.gz"
[1] "Data downloaded successfuly"
[1] "https://ftp.ncbi.nlm.nih.gov/geo/samples/GSM6426nnn/GSM6426528/suppl/GSM6426528_Methylation_EPIC_1375_Red.idat.gz"
[1] "Data downloaded successfuly"
[1] "https://ftp.ncbi.nlm.nih.gov/geo/samples/GSM6426nnn/GSM6426529/suppl/GSM6426529_Methylation_EPIC_1376_Grn.idat.gz"
[1] "Data downloaded successfuly"
[1] "https://ftp.ncbi.nlm.nih.gov/geo/samples/GSM6426nnn/GSM6426529/suppl/GSM6426529_Methylation_EPIC_1376_Red.idat.gz"
[1] "Data downloaded successfuly"
[1] "https://ftp.ncbi.nlm.nih.gov/geo/samples/GSM6426nnn/GSM6426530/suppl/GSM6426530_Methylation_EPIC_1377_Grn.idat.gz"
[1] "Data downloaded successfuly"
[1] "https://ftp.ncbi.nlm.nih.gov/geo/samples/GSM6426nnn/GSM6426530/suppl/GSM6426530_Methylation_EPIC_1377_Red.idat.gz"
[1] "Data downloaded successfuly"
[1] "https://ftp.ncbi.nlm.nih.gov/geo/samples/GSM6426nnn/GSM6426531/suppl/GSM6426531_Methylation_EPIC_1378_Grn.idat.gz"
[1] "Data downloaded successfuly"
[1] "https://ftp.ncbi.nlm.nih.gov/geo/samples/GSM6426nnn/GSM6426531/suppl/GSM6426531_Methylation_EPIC_1378_Red.idat.gz"
[1] "Data downloaded successfuly"
[1] "https://ftp.ncbi.nlm.nih.gov/geo/samples/GSM6426nnn/GSM6426532/suppl/GSM6426532_Methylation_EPIC_1379_Grn.idat.gz"
[1] "Data downloaded successfuly"
[1] "https://ftp.ncbi.nlm.nih.gov/geo/samples/GSM6426nnn/GSM6426532/suppl/GSM6426532_Methylation_EPIC_1379_Red.idat.gz"
[1] "Data downloaded successfuly"
[1] "https://ftp.ncbi.nlm.nih.gov/geo/samples/GSM6426nnn/GSM6426533/suppl/GSM6426533_Methylation_EPIC_1380_Grn.idat.gz"
[1] "Data downloaded successfuly"
[1] "https://ftp.ncbi.nlm.nih.gov/geo/samples/GSM6426nnn/GSM6426533/suppl/GSM6426533_Methylation_EPIC_1380_Red.idat.gz"
[1] "Data downloaded successfuly"
[1] "https://ftp.ncbi.nlm.nih.gov/geo/samples/GSM6426nnn/GSM6426534/suppl/GSM6426534_Methylation_EPIC_1381_Grn.idat.gz"
[1] "Data downloaded successfuly"
[1] "https://ftp.ncbi.nlm.nih.gov/geo/samples/GSM6426nnn/GSM6426534/suppl/GSM6426534_Methylation_EPIC_1381_Red.idat.gz"
[1] "Data downloaded successfuly"
[1] "https://ftp.ncbi.nlm.nih.gov/geo/samples/GSM6426nnn/GSM6426535/suppl/GSM6426535_Methylation_EPIC_1382_Grn.idat.gz"
[1] "Data downloaded successfuly"
[1] "https://ftp.ncbi.nlm.nih.gov/geo/samples/GSM6426nnn/GSM6426535/suppl/GSM6426535_Methylation_EPIC_1382_Red.idat.gz"
[1] "Data downloaded successfuly"
[1] "https://ftp.ncbi.nlm.nih.gov/geo/samples/GSM6426nnn/GSM6426536/suppl/GSM6426536_Methylation_EPIC_1383_Grn.idat.gz"
[1] "Data downloaded successfuly"
[1] "https://ftp.ncbi.nlm.nih.gov/geo/samples/GSM6426nnn/GSM6426536/suppl/GSM6426536_Methylation_EPIC_1383_Red.idat.gz"
[1] "Data downloaded successfuly"
[1] "https://ftp.ncbi.nlm.nih.gov/geo/samples/GSM6426nnn/GSM6426537/suppl/GSM6426537_Methylation_EPIC_1384_Grn.idat.gz"
[1] "Data downloaded successfuly"
[1] "https://ftp.ncbi.nlm.nih.gov/geo/samples/GSM6426nnn/GSM6426537/suppl/GSM6426537_Methylation_EPIC_1384_Red.idat.gz"
[1] "Data downloaded successfuly"
[1] "https://ftp.ncbi.nlm.nih.gov/geo/samples/GSM6426nnn/GSM6426538/suppl/GSM6426538_Methylation_EPIC_1385_Grn.idat.gz"
[1] "Data downloaded successfuly"
[1] "https://ftp.ncbi.nlm.nih.gov/geo/samples/GSM6426nnn/GSM6426538/suppl/GSM6426538_Methylation_EPIC_1385_Red.idat.gz"
[1] "Data downloaded successfuly"
[1] "https://ftp.ncbi.nlm.nih.gov/geo/samples/GSM6426nnn/GSM6426539/suppl/GSM6426539_Methylation_EPIC_1386_Grn.idat.gz"
[1] "Data downloaded successfuly"
[1] "https://ftp.ncbi.nlm.nih.gov/geo/samples/GSM6426nnn/GSM6426539/suppl/GSM6426539_Methylation_EPIC_1386_Red.idat.gz"
[1] "Data downloaded successfuly"
[1] "https://ftp.ncbi.nlm.nih.gov/geo/samples/GSM6426nnn/GSM6426540/suppl/GSM6426540_Methylation_EPIC_1387_Grn.idat.gz"
[1] "Data downloaded successfuly"
[1] "https://ftp.ncbi.nlm.nih.gov/geo/samples/GSM6426nnn/GSM6426540/suppl/GSM6426540_Methylation_EPIC_1387_Red.idat.gz"
[1] "Data downloaded successfuly"
[1] "https://ftp.ncbi.nlm.nih.gov/geo/samples/GSM6426nnn/GSM6426541/suppl/GSM6426541_Methylation_EPIC_1388_Grn.idat.gz"
[1] "Data downloaded successfuly"
[1] "https://ftp.ncbi.nlm.nih.gov/geo/samples/GSM6426nnn/GSM6426541/suppl/GSM6426541_Methylation_EPIC_1388_Red.idat.gz"
[1] "Data downloaded successfuly"
[1] "https://ftp.ncbi.nlm.nih.gov/geo/samples/GSM6426nnn/GSM6426542/suppl/GSM6426542_Methylation_EPIC_1389_Grn.idat.gz"
[1] "Data downloaded successfuly"
[1] "https://ftp.ncbi.nlm.nih.gov/geo/samples/GSM6426nnn/GSM6426542/suppl/GSM6426542_Methylation_EPIC_1389_Red.idat.gz"
[1] "Data downloaded successfuly"
[1] "https://ftp.ncbi.nlm.nih.gov/geo/samples/GSM6426nnn/GSM6426543/suppl/GSM6426543_Methylation_EPIC_1390_Grn.idat.gz"
[1] "Data downloaded successfuly"
[1] "https://ftp.ncbi.nlm.nih.gov/geo/samples/GSM6426nnn/GSM6426543/suppl/GSM6426543_Methylation_EPIC_1390_Red.idat.gz"
[1] "Data downloaded successfuly"
[1] "https://ftp.ncbi.nlm.nih.gov/geo/samples/GSM6426nnn/GSM6426544/suppl/GSM6426544_Methylation_EPIC_1391_Grn.idat.gz"
[1] "Data downloaded successfuly"
[1] "https://ftp.ncbi.nlm.nih.gov/geo/samples/GSM6426nnn/GSM6426544/suppl/GSM6426544_Methylation_EPIC_1391_Red.idat.gz"
[1] "Data downloaded successfuly"
[1] "https://ftp.ncbi.nlm.nih.gov/geo/samples/GSM6426nnn/GSM6426545/suppl/GSM6426545_Methylation_EPIC_1392_Grn.idat.gz"
[1] "Data downloaded successfuly"
[1] "https://ftp.ncbi.nlm.nih.gov/geo/samples/GSM6426nnn/GSM6426545/suppl/GSM6426545_Methylation_EPIC_1392_Red.idat.gz"
[1] "Data downloaded successfuly"
[1] "https://ftp.ncbi.nlm.nih.gov/geo/samples/GSM6426nnn/GSM6426546/suppl/GSM6426546_Methylation_EPIC_1393_Grn.idat.gz"
[1] "Data downloaded successfuly"
[1] "https://ftp.ncbi.nlm.nih.gov/geo/samples/GSM6426nnn/GSM6426546/suppl/GSM6426546_Methylation_EPIC_1393_Red.idat.gz"
[1] "Data downloaded successfuly"
[1] "https://ftp.ncbi.nlm.nih.gov/geo/samples/GSM6426nnn/GSM6426547/suppl/GSM6426547_Methylation_EPIC_1394_Grn.idat.gz"
[1] "Data downloaded successfuly"
[1] "https://ftp.ncbi.nlm.nih.gov/geo/samples/GSM6426nnn/GSM6426547/suppl/GSM6426547_Methylation_EPIC_1394_Red.idat.gz"
[1] "Data downloaded successfuly"
